[2025-01-22T04:53:48.305+0000] {processor.py:161} INFO - Started process (PID=74) to work on /home/airflow/.local/lib/python3.8/site-packages/airflow/example_dags/example_subdag_operator.py
[2025-01-22T04:53:48.306+0000] {processor.py:830} INFO - Processing file /home/airflow/.local/lib/python3.8/site-packages/airflow/example_dags/example_subdag_operator.py for tasks to queue
[2025-01-22T04:53:48.308+0000] {logging_mixin.py:188} INFO - [2025-01-22T04:53:48.308+0000] {dagbag.py:538} INFO - Filling up the DagBag from /home/airflow/.local/lib/python3.8/site-packages/airflow/example_dags/example_subdag_operator.py
[2025-01-22T04:53:48.332+0000] {processor.py:840} INFO - DAG(s) 'example_subdag_operator.section-1', 'example_subdag_operator.section-2', 'example_subdag_operator' retrieved from /home/airflow/.local/lib/python3.8/site-packages/airflow/example_dags/example_subdag_operator.py
[2025-01-22T04:53:48.335+0000] {logging_mixin.py:188} INFO - [2025-01-22T04:53:48.334+0000] {dag.py:3036} INFO - Sync 3 DAGs
[2025-01-22T04:53:48.350+0000] {logging_mixin.py:188} INFO - [2025-01-22T04:53:48.350+0000] {dag.py:3823} INFO - Setting next_dagrun for example_subdag_operator to 2022-01-01 00:00:00+00:00, run_after=2022-01-01 00:00:00+00:00
[2025-01-22T04:53:48.353+0000] {logging_mixin.py:188} INFO - [2025-01-22T04:53:48.353+0000] {dag.py:3823} INFO - Setting next_dagrun for example_subdag_operator.section-1 to None, run_after=None
[2025-01-22T04:53:48.354+0000] {logging_mixin.py:188} INFO - [2025-01-22T04:53:48.354+0000] {dag.py:3823} INFO - Setting next_dagrun for example_subdag_operator.section-2 to None, run_after=None
[2025-01-22T04:53:48.361+0000] {logging_mixin.py:188} INFO - [2025-01-22T04:53:48.361+0000] {dag.py:3036} INFO - Sync 2 DAGs
[2025-01-22T04:53:48.367+0000] {logging_mixin.py:188} INFO - [2025-01-22T04:53:48.367+0000] {dag.py:3823} INFO - Setting next_dagrun for example_subdag_operator.section-1 to None, run_after=None
[2025-01-22T04:53:48.368+0000] {logging_mixin.py:188} INFO - [2025-01-22T04:53:48.368+0000] {dag.py:3823} INFO - Setting next_dagrun for example_subdag_operator.section-2 to None, run_after=None
[2025-01-22T04:53:48.377+0000] {processor.py:183} INFO - Processing /home/airflow/.local/lib/python3.8/site-packages/airflow/example_dags/example_subdag_operator.py took 0.076 seconds
[2025-01-22T04:54:18.799+0000] {processor.py:161} INFO - Started process (PID=129) to work on /home/airflow/.local/lib/python3.8/site-packages/airflow/example_dags/example_subdag_operator.py
[2025-01-22T04:54:18.800+0000] {processor.py:830} INFO - Processing file /home/airflow/.local/lib/python3.8/site-packages/airflow/example_dags/example_subdag_operator.py for tasks to queue
[2025-01-22T04:54:18.802+0000] {logging_mixin.py:188} INFO - [2025-01-22T04:54:18.801+0000] {dagbag.py:538} INFO - Filling up the DagBag from /home/airflow/.local/lib/python3.8/site-packages/airflow/example_dags/example_subdag_operator.py
[2025-01-22T04:54:18.818+0000] {processor.py:840} INFO - DAG(s) 'example_subdag_operator.section-1', 'example_subdag_operator.section-2', 'example_subdag_operator' retrieved from /home/airflow/.local/lib/python3.8/site-packages/airflow/example_dags/example_subdag_operator.py
[2025-01-22T04:54:18.863+0000] {logging_mixin.py:188} INFO - [2025-01-22T04:54:18.862+0000] {dag.py:3036} INFO - Sync 3 DAGs
[2025-01-22T04:54:18.872+0000] {logging_mixin.py:188} INFO - [2025-01-22T04:54:18.871+0000] {dag.py:3823} INFO - Setting next_dagrun for example_subdag_operator to 2022-01-01 00:00:00+00:00, run_after=2022-01-01 00:00:00+00:00
[2025-01-22T04:54:18.873+0000] {logging_mixin.py:188} INFO - [2025-01-22T04:54:18.873+0000] {dag.py:3823} INFO - Setting next_dagrun for example_subdag_operator.section-1 to None, run_after=None
[2025-01-22T04:54:18.875+0000] {logging_mixin.py:188} INFO - [2025-01-22T04:54:18.875+0000] {dag.py:3823} INFO - Setting next_dagrun for example_subdag_operator.section-2 to None, run_after=None
[2025-01-22T04:54:18.879+0000] {logging_mixin.py:188} INFO - [2025-01-22T04:54:18.879+0000] {dag.py:3036} INFO - Sync 2 DAGs
[2025-01-22T04:54:18.884+0000] {logging_mixin.py:188} INFO - [2025-01-22T04:54:18.883+0000] {dag.py:3823} INFO - Setting next_dagrun for example_subdag_operator.section-1 to None, run_after=None
[2025-01-22T04:54:18.884+0000] {logging_mixin.py:188} INFO - [2025-01-22T04:54:18.884+0000] {dag.py:3823} INFO - Setting next_dagrun for example_subdag_operator.section-2 to None, run_after=None
[2025-01-22T04:54:18.893+0000] {processor.py:183} INFO - Processing /home/airflow/.local/lib/python3.8/site-packages/airflow/example_dags/example_subdag_operator.py took 0.096 seconds
