[2025-01-24T05:37:31.438+0000] {processor.py:157} INFO - Started process (PID=77) to work on /home/airflow/.local/lib/python3.8/site-packages/airflow/example_dags/example_short_circuit_operator.py
[2025-01-24T05:37:31.441+0000] {processor.py:829} INFO - Processing file /home/airflow/.local/lib/python3.8/site-packages/airflow/example_dags/example_short_circuit_operator.py for tasks to queue
[2025-01-24T05:37:31.449+0000] {logging_mixin.py:151} INFO - [2025-01-24T05:37:31.448+0000] {dagbag.py:539} INFO - Filling up the DagBag from /home/airflow/.local/lib/python3.8/site-packages/airflow/example_dags/example_short_circuit_operator.py
[2025-01-24T05:37:31.457+0000] {processor.py:839} INFO - DAG(s) dict_keys(['example_short_circuit_operator']) retrieved from /home/airflow/.local/lib/python3.8/site-packages/airflow/example_dags/example_short_circuit_operator.py
[2025-01-24T05:37:31.488+0000] {logging_mixin.py:151} INFO - [2025-01-24T05:37:31.488+0000] {dag.py:2915} INFO - Sync 1 DAGs
[2025-01-24T05:37:31.507+0000] {logging_mixin.py:151} INFO - [2025-01-24T05:37:31.507+0000] {dag.py:3696} INFO - Setting next_dagrun for example_short_circuit_operator to 2025-01-23T05:37:31.506829+00:00, run_after=2025-01-24T05:37:31.506829+00:00
[2025-01-24T05:37:31.524+0000] {processor.py:179} INFO - Processing /home/airflow/.local/lib/python3.8/site-packages/airflow/example_dags/example_short_circuit_operator.py took 0.089 seconds
[2025-01-24T05:38:02.383+0000] {processor.py:157} INFO - Started process (PID=131) to work on /home/airflow/.local/lib/python3.8/site-packages/airflow/example_dags/example_short_circuit_operator.py
[2025-01-24T05:38:02.384+0000] {processor.py:829} INFO - Processing file /home/airflow/.local/lib/python3.8/site-packages/airflow/example_dags/example_short_circuit_operator.py for tasks to queue
[2025-01-24T05:38:02.385+0000] {logging_mixin.py:151} INFO - [2025-01-24T05:38:02.385+0000] {dagbag.py:539} INFO - Filling up the DagBag from /home/airflow/.local/lib/python3.8/site-packages/airflow/example_dags/example_short_circuit_operator.py
[2025-01-24T05:38:02.390+0000] {processor.py:839} INFO - DAG(s) dict_keys(['example_short_circuit_operator']) retrieved from /home/airflow/.local/lib/python3.8/site-packages/airflow/example_dags/example_short_circuit_operator.py
[2025-01-24T05:38:02.403+0000] {logging_mixin.py:151} INFO - [2025-01-24T05:38:02.402+0000] {dag.py:2915} INFO - Sync 1 DAGs
[2025-01-24T05:38:02.414+0000] {logging_mixin.py:151} INFO - [2025-01-24T05:38:02.414+0000] {dag.py:3696} INFO - Setting next_dagrun for example_short_circuit_operator to 2025-01-23T05:38:02.414181+00:00, run_after=2025-01-24T05:38:02.414181+00:00
[2025-01-24T05:38:02.423+0000] {processor.py:179} INFO - Processing /home/airflow/.local/lib/python3.8/site-packages/airflow/example_dags/example_short_circuit_operator.py took 0.041 seconds
[2025-01-24T05:38:33.131+0000] {processor.py:157} INFO - Started process (PID=185) to work on /home/airflow/.local/lib/python3.8/site-packages/airflow/example_dags/example_short_circuit_operator.py
[2025-01-24T05:38:33.135+0000] {processor.py:829} INFO - Processing file /home/airflow/.local/lib/python3.8/site-packages/airflow/example_dags/example_short_circuit_operator.py for tasks to queue
[2025-01-24T05:38:33.137+0000] {logging_mixin.py:151} INFO - [2025-01-24T05:38:33.137+0000] {dagbag.py:539} INFO - Filling up the DagBag from /home/airflow/.local/lib/python3.8/site-packages/airflow/example_dags/example_short_circuit_operator.py
[2025-01-24T05:38:33.141+0000] {processor.py:839} INFO - DAG(s) dict_keys(['example_short_circuit_operator']) retrieved from /home/airflow/.local/lib/python3.8/site-packages/airflow/example_dags/example_short_circuit_operator.py
[2025-01-24T05:38:33.155+0000] {logging_mixin.py:151} INFO - [2025-01-24T05:38:33.155+0000] {dag.py:2915} INFO - Sync 1 DAGs
[2025-01-24T05:38:33.165+0000] {logging_mixin.py:151} INFO - [2025-01-24T05:38:33.165+0000] {dag.py:3696} INFO - Setting next_dagrun for example_short_circuit_operator to 2025-01-23T05:38:33.165706+00:00, run_after=2025-01-24T05:38:33.165706+00:00
[2025-01-24T05:38:33.174+0000] {processor.py:179} INFO - Processing /home/airflow/.local/lib/python3.8/site-packages/airflow/example_dags/example_short_circuit_operator.py took 0.045 seconds
[2025-01-24T05:39:04.118+0000] {processor.py:157} INFO - Started process (PID=245) to work on /home/airflow/.local/lib/python3.8/site-packages/airflow/example_dags/example_short_circuit_operator.py
[2025-01-24T05:39:04.119+0000] {processor.py:829} INFO - Processing file /home/airflow/.local/lib/python3.8/site-packages/airflow/example_dags/example_short_circuit_operator.py for tasks to queue
[2025-01-24T05:39:04.121+0000] {logging_mixin.py:151} INFO - [2025-01-24T05:39:04.121+0000] {dagbag.py:539} INFO - Filling up the DagBag from /home/airflow/.local/lib/python3.8/site-packages/airflow/example_dags/example_short_circuit_operator.py
[2025-01-24T05:39:04.125+0000] {processor.py:839} INFO - DAG(s) dict_keys(['example_short_circuit_operator']) retrieved from /home/airflow/.local/lib/python3.8/site-packages/airflow/example_dags/example_short_circuit_operator.py
[2025-01-24T05:39:04.141+0000] {logging_mixin.py:151} INFO - [2025-01-24T05:39:04.141+0000] {dag.py:2915} INFO - Sync 1 DAGs
[2025-01-24T05:39:04.155+0000] {logging_mixin.py:151} INFO - [2025-01-24T05:39:04.155+0000] {dag.py:3696} INFO - Setting next_dagrun for example_short_circuit_operator to 2025-01-23T05:39:04.155347+00:00, run_after=2025-01-24T05:39:04.155347+00:00
[2025-01-24T05:39:04.166+0000] {processor.py:179} INFO - Processing /home/airflow/.local/lib/python3.8/site-packages/airflow/example_dags/example_short_circuit_operator.py took 0.050 seconds
[2025-01-24T05:39:34.253+0000] {processor.py:157} INFO - Started process (PID=299) to work on /home/airflow/.local/lib/python3.8/site-packages/airflow/example_dags/example_short_circuit_operator.py
[2025-01-24T05:39:34.254+0000] {processor.py:829} INFO - Processing file /home/airflow/.local/lib/python3.8/site-packages/airflow/example_dags/example_short_circuit_operator.py for tasks to queue
[2025-01-24T05:39:34.255+0000] {logging_mixin.py:151} INFO - [2025-01-24T05:39:34.255+0000] {dagbag.py:539} INFO - Filling up the DagBag from /home/airflow/.local/lib/python3.8/site-packages/airflow/example_dags/example_short_circuit_operator.py
[2025-01-24T05:39:34.259+0000] {processor.py:839} INFO - DAG(s) dict_keys(['example_short_circuit_operator']) retrieved from /home/airflow/.local/lib/python3.8/site-packages/airflow/example_dags/example_short_circuit_operator.py
[2025-01-24T05:39:34.271+0000] {logging_mixin.py:151} INFO - [2025-01-24T05:39:34.271+0000] {dag.py:2915} INFO - Sync 1 DAGs
[2025-01-24T05:39:34.282+0000] {logging_mixin.py:151} INFO - [2025-01-24T05:39:34.282+0000] {dag.py:3696} INFO - Setting next_dagrun for example_short_circuit_operator to 2025-01-23T05:39:34.282196+00:00, run_after=2025-01-24T05:39:34.282196+00:00
[2025-01-24T05:39:34.291+0000] {processor.py:179} INFO - Processing /home/airflow/.local/lib/python3.8/site-packages/airflow/example_dags/example_short_circuit_operator.py took 0.040 seconds
[2025-01-24T05:40:05.181+0000] {processor.py:157} INFO - Started process (PID=353) to work on /home/airflow/.local/lib/python3.8/site-packages/airflow/example_dags/example_short_circuit_operator.py
[2025-01-24T05:40:05.181+0000] {processor.py:829} INFO - Processing file /home/airflow/.local/lib/python3.8/site-packages/airflow/example_dags/example_short_circuit_operator.py for tasks to queue
[2025-01-24T05:40:05.183+0000] {logging_mixin.py:151} INFO - [2025-01-24T05:40:05.183+0000] {dagbag.py:539} INFO - Filling up the DagBag from /home/airflow/.local/lib/python3.8/site-packages/airflow/example_dags/example_short_circuit_operator.py
[2025-01-24T05:40:05.187+0000] {processor.py:839} INFO - DAG(s) dict_keys(['example_short_circuit_operator']) retrieved from /home/airflow/.local/lib/python3.8/site-packages/airflow/example_dags/example_short_circuit_operator.py
[2025-01-24T05:40:05.199+0000] {logging_mixin.py:151} INFO - [2025-01-24T05:40:05.199+0000] {dag.py:2915} INFO - Sync 1 DAGs
[2025-01-24T05:40:05.209+0000] {logging_mixin.py:151} INFO - [2025-01-24T05:40:05.209+0000] {dag.py:3696} INFO - Setting next_dagrun for example_short_circuit_operator to 2025-01-23T05:40:05.209552+00:00, run_after=2025-01-24T05:40:05.209552+00:00
[2025-01-24T05:40:05.221+0000] {processor.py:179} INFO - Processing /home/airflow/.local/lib/python3.8/site-packages/airflow/example_dags/example_short_circuit_operator.py took 0.042 seconds
[2025-01-24T05:40:35.934+0000] {processor.py:157} INFO - Started process (PID=407) to work on /home/airflow/.local/lib/python3.8/site-packages/airflow/example_dags/example_short_circuit_operator.py
[2025-01-24T05:40:35.940+0000] {processor.py:829} INFO - Processing file /home/airflow/.local/lib/python3.8/site-packages/airflow/example_dags/example_short_circuit_operator.py for tasks to queue
[2025-01-24T05:40:35.942+0000] {logging_mixin.py:151} INFO - [2025-01-24T05:40:35.941+0000] {dagbag.py:539} INFO - Filling up the DagBag from /home/airflow/.local/lib/python3.8/site-packages/airflow/example_dags/example_short_circuit_operator.py
[2025-01-24T05:40:35.947+0000] {processor.py:839} INFO - DAG(s) dict_keys(['example_short_circuit_operator']) retrieved from /home/airflow/.local/lib/python3.8/site-packages/airflow/example_dags/example_short_circuit_operator.py
[2025-01-24T05:40:35.963+0000] {logging_mixin.py:151} INFO - [2025-01-24T05:40:35.963+0000] {dag.py:2915} INFO - Sync 1 DAGs
[2025-01-24T05:40:35.975+0000] {logging_mixin.py:151} INFO - [2025-01-24T05:40:35.975+0000] {dag.py:3696} INFO - Setting next_dagrun for example_short_circuit_operator to 2025-01-23T05:40:35.975700+00:00, run_after=2025-01-24T05:40:35.975700+00:00
[2025-01-24T05:40:35.988+0000] {processor.py:179} INFO - Processing /home/airflow/.local/lib/python3.8/site-packages/airflow/example_dags/example_short_circuit_operator.py took 0.057 seconds
[2025-01-24T05:41:06.626+0000] {processor.py:157} INFO - Started process (PID=461) to work on /home/airflow/.local/lib/python3.8/site-packages/airflow/example_dags/example_short_circuit_operator.py
[2025-01-24T05:41:06.629+0000] {processor.py:829} INFO - Processing file /home/airflow/.local/lib/python3.8/site-packages/airflow/example_dags/example_short_circuit_operator.py for tasks to queue
[2025-01-24T05:41:06.631+0000] {logging_mixin.py:151} INFO - [2025-01-24T05:41:06.630+0000] {dagbag.py:539} INFO - Filling up the DagBag from /home/airflow/.local/lib/python3.8/site-packages/airflow/example_dags/example_short_circuit_operator.py
[2025-01-24T05:41:06.635+0000] {processor.py:839} INFO - DAG(s) dict_keys(['example_short_circuit_operator']) retrieved from /home/airflow/.local/lib/python3.8/site-packages/airflow/example_dags/example_short_circuit_operator.py
[2025-01-24T05:41:06.647+0000] {logging_mixin.py:151} INFO - [2025-01-24T05:41:06.647+0000] {dag.py:2915} INFO - Sync 1 DAGs
[2025-01-24T05:41:06.657+0000] {logging_mixin.py:151} INFO - [2025-01-24T05:41:06.657+0000] {dag.py:3696} INFO - Setting next_dagrun for example_short_circuit_operator to 2025-01-23T05:41:06.657753+00:00, run_after=2025-01-24T05:41:06.657753+00:00
[2025-01-24T05:41:06.667+0000] {processor.py:179} INFO - Processing /home/airflow/.local/lib/python3.8/site-packages/airflow/example_dags/example_short_circuit_operator.py took 0.043 seconds
[2025-01-24T05:41:37.395+0000] {processor.py:157} INFO - Started process (PID=515) to work on /home/airflow/.local/lib/python3.8/site-packages/airflow/example_dags/example_short_circuit_operator.py
[2025-01-24T05:41:37.396+0000] {processor.py:829} INFO - Processing file /home/airflow/.local/lib/python3.8/site-packages/airflow/example_dags/example_short_circuit_operator.py for tasks to queue
[2025-01-24T05:41:37.397+0000] {logging_mixin.py:151} INFO - [2025-01-24T05:41:37.397+0000] {dagbag.py:539} INFO - Filling up the DagBag from /home/airflow/.local/lib/python3.8/site-packages/airflow/example_dags/example_short_circuit_operator.py
[2025-01-24T05:41:37.401+0000] {processor.py:839} INFO - DAG(s) dict_keys(['example_short_circuit_operator']) retrieved from /home/airflow/.local/lib/python3.8/site-packages/airflow/example_dags/example_short_circuit_operator.py
[2025-01-24T05:41:37.413+0000] {logging_mixin.py:151} INFO - [2025-01-24T05:41:37.413+0000] {dag.py:2915} INFO - Sync 1 DAGs
[2025-01-24T05:41:37.423+0000] {logging_mixin.py:151} INFO - [2025-01-24T05:41:37.423+0000] {dag.py:3696} INFO - Setting next_dagrun for example_short_circuit_operator to 2025-01-23T05:41:37.423497+00:00, run_after=2025-01-24T05:41:37.423497+00:00
[2025-01-24T05:41:37.433+0000] {processor.py:179} INFO - Processing /home/airflow/.local/lib/python3.8/site-packages/airflow/example_dags/example_short_circuit_operator.py took 0.040 seconds
[2025-01-24T05:42:08.149+0000] {processor.py:157} INFO - Started process (PID=568) to work on /home/airflow/.local/lib/python3.8/site-packages/airflow/example_dags/example_short_circuit_operator.py
[2025-01-24T05:42:08.153+0000] {processor.py:829} INFO - Processing file /home/airflow/.local/lib/python3.8/site-packages/airflow/example_dags/example_short_circuit_operator.py for tasks to queue
[2025-01-24T05:42:08.155+0000] {logging_mixin.py:151} INFO - [2025-01-24T05:42:08.155+0000] {dagbag.py:539} INFO - Filling up the DagBag from /home/airflow/.local/lib/python3.8/site-packages/airflow/example_dags/example_short_circuit_operator.py
[2025-01-24T05:42:08.159+0000] {processor.py:839} INFO - DAG(s) dict_keys(['example_short_circuit_operator']) retrieved from /home/airflow/.local/lib/python3.8/site-packages/airflow/example_dags/example_short_circuit_operator.py
[2025-01-24T05:42:08.173+0000] {logging_mixin.py:151} INFO - [2025-01-24T05:42:08.173+0000] {dag.py:2915} INFO - Sync 1 DAGs
[2025-01-24T05:42:08.183+0000] {logging_mixin.py:151} INFO - [2025-01-24T05:42:08.183+0000] {dag.py:3696} INFO - Setting next_dagrun for example_short_circuit_operator to 2025-01-23T05:42:08.183166+00:00, run_after=2025-01-24T05:42:08.183166+00:00
[2025-01-24T05:42:08.192+0000] {processor.py:179} INFO - Processing /home/airflow/.local/lib/python3.8/site-packages/airflow/example_dags/example_short_circuit_operator.py took 0.044 seconds
[2025-01-24T05:42:38.778+0000] {processor.py:157} INFO - Started process (PID=622) to work on /home/airflow/.local/lib/python3.8/site-packages/airflow/example_dags/example_short_circuit_operator.py
[2025-01-24T05:42:38.779+0000] {processor.py:829} INFO - Processing file /home/airflow/.local/lib/python3.8/site-packages/airflow/example_dags/example_short_circuit_operator.py for tasks to queue
[2025-01-24T05:42:38.780+0000] {logging_mixin.py:151} INFO - [2025-01-24T05:42:38.780+0000] {dagbag.py:539} INFO - Filling up the DagBag from /home/airflow/.local/lib/python3.8/site-packages/airflow/example_dags/example_short_circuit_operator.py
[2025-01-24T05:42:38.784+0000] {processor.py:839} INFO - DAG(s) dict_keys(['example_short_circuit_operator']) retrieved from /home/airflow/.local/lib/python3.8/site-packages/airflow/example_dags/example_short_circuit_operator.py
[2025-01-24T05:42:38.795+0000] {logging_mixin.py:151} INFO - [2025-01-24T05:42:38.795+0000] {dag.py:2915} INFO - Sync 1 DAGs
[2025-01-24T05:42:38.806+0000] {logging_mixin.py:151} INFO - [2025-01-24T05:42:38.806+0000] {dag.py:3696} INFO - Setting next_dagrun for example_short_circuit_operator to 2025-01-23T05:42:38.806167+00:00, run_after=2025-01-24T05:42:38.806167+00:00
[2025-01-24T05:42:38.815+0000] {processor.py:179} INFO - Processing /home/airflow/.local/lib/python3.8/site-packages/airflow/example_dags/example_short_circuit_operator.py took 0.039 seconds
[2025-01-24T05:43:09.523+0000] {processor.py:157} INFO - Started process (PID=676) to work on /home/airflow/.local/lib/python3.8/site-packages/airflow/example_dags/example_short_circuit_operator.py
[2025-01-24T05:43:09.524+0000] {processor.py:829} INFO - Processing file /home/airflow/.local/lib/python3.8/site-packages/airflow/example_dags/example_short_circuit_operator.py for tasks to queue
[2025-01-24T05:43:09.527+0000] {logging_mixin.py:151} INFO - [2025-01-24T05:43:09.527+0000] {dagbag.py:539} INFO - Filling up the DagBag from /home/airflow/.local/lib/python3.8/site-packages/airflow/example_dags/example_short_circuit_operator.py
[2025-01-24T05:43:09.532+0000] {processor.py:839} INFO - DAG(s) dict_keys(['example_short_circuit_operator']) retrieved from /home/airflow/.local/lib/python3.8/site-packages/airflow/example_dags/example_short_circuit_operator.py
[2025-01-24T05:43:09.545+0000] {logging_mixin.py:151} INFO - [2025-01-24T05:43:09.545+0000] {dag.py:2915} INFO - Sync 1 DAGs
[2025-01-24T05:43:09.558+0000] {logging_mixin.py:151} INFO - [2025-01-24T05:43:09.558+0000] {dag.py:3696} INFO - Setting next_dagrun for example_short_circuit_operator to 2025-01-23T05:43:09.558217+00:00, run_after=2025-01-24T05:43:09.558217+00:00
[2025-01-24T05:43:09.569+0000] {processor.py:179} INFO - Processing /home/airflow/.local/lib/python3.8/site-packages/airflow/example_dags/example_short_circuit_operator.py took 0.049 seconds
[2025-01-24T05:43:40.298+0000] {processor.py:157} INFO - Started process (PID=729) to work on /home/airflow/.local/lib/python3.8/site-packages/airflow/example_dags/example_short_circuit_operator.py
[2025-01-24T05:43:40.301+0000] {processor.py:829} INFO - Processing file /home/airflow/.local/lib/python3.8/site-packages/airflow/example_dags/example_short_circuit_operator.py for tasks to queue
[2025-01-24T05:43:40.304+0000] {logging_mixin.py:151} INFO - [2025-01-24T05:43:40.304+0000] {dagbag.py:539} INFO - Filling up the DagBag from /home/airflow/.local/lib/python3.8/site-packages/airflow/example_dags/example_short_circuit_operator.py
[2025-01-24T05:43:40.308+0000] {processor.py:839} INFO - DAG(s) dict_keys(['example_short_circuit_operator']) retrieved from /home/airflow/.local/lib/python3.8/site-packages/airflow/example_dags/example_short_circuit_operator.py
[2025-01-24T05:43:40.319+0000] {logging_mixin.py:151} INFO - [2025-01-24T05:43:40.319+0000] {dag.py:2915} INFO - Sync 1 DAGs
[2025-01-24T05:43:40.329+0000] {logging_mixin.py:151} INFO - [2025-01-24T05:43:40.329+0000] {dag.py:3696} INFO - Setting next_dagrun for example_short_circuit_operator to 2025-01-23T05:43:40.328946+00:00, run_after=2025-01-24T05:43:40.328946+00:00
[2025-01-24T05:43:40.337+0000] {processor.py:179} INFO - Processing /home/airflow/.local/lib/python3.8/site-packages/airflow/example_dags/example_short_circuit_operator.py took 0.041 seconds
[2025-01-24T05:44:11.022+0000] {processor.py:157} INFO - Started process (PID=783) to work on /home/airflow/.local/lib/python3.8/site-packages/airflow/example_dags/example_short_circuit_operator.py
[2025-01-24T05:44:11.031+0000] {processor.py:829} INFO - Processing file /home/airflow/.local/lib/python3.8/site-packages/airflow/example_dags/example_short_circuit_operator.py for tasks to queue
[2025-01-24T05:44:11.038+0000] {logging_mixin.py:151} INFO - [2025-01-24T05:44:11.038+0000] {dagbag.py:539} INFO - Filling up the DagBag from /home/airflow/.local/lib/python3.8/site-packages/airflow/example_dags/example_short_circuit_operator.py
[2025-01-24T05:44:11.043+0000] {processor.py:839} INFO - DAG(s) dict_keys(['example_short_circuit_operator']) retrieved from /home/airflow/.local/lib/python3.8/site-packages/airflow/example_dags/example_short_circuit_operator.py
[2025-01-24T05:44:11.057+0000] {logging_mixin.py:151} INFO - [2025-01-24T05:44:11.057+0000] {dag.py:2915} INFO - Sync 1 DAGs
[2025-01-24T05:44:11.071+0000] {logging_mixin.py:151} INFO - [2025-01-24T05:44:11.071+0000] {dag.py:3696} INFO - Setting next_dagrun for example_short_circuit_operator to 2025-01-23T05:44:11.071524+00:00, run_after=2025-01-24T05:44:11.071524+00:00
[2025-01-24T05:44:11.099+0000] {processor.py:179} INFO - Processing /home/airflow/.local/lib/python3.8/site-packages/airflow/example_dags/example_short_circuit_operator.py took 0.079 seconds
[2025-01-24T05:44:41.146+0000] {processor.py:157} INFO - Started process (PID=836) to work on /home/airflow/.local/lib/python3.8/site-packages/airflow/example_dags/example_short_circuit_operator.py
[2025-01-24T05:44:41.147+0000] {processor.py:829} INFO - Processing file /home/airflow/.local/lib/python3.8/site-packages/airflow/example_dags/example_short_circuit_operator.py for tasks to queue
[2025-01-24T05:44:41.148+0000] {logging_mixin.py:151} INFO - [2025-01-24T05:44:41.148+0000] {dagbag.py:539} INFO - Filling up the DagBag from /home/airflow/.local/lib/python3.8/site-packages/airflow/example_dags/example_short_circuit_operator.py
[2025-01-24T05:44:41.152+0000] {processor.py:839} INFO - DAG(s) dict_keys(['example_short_circuit_operator']) retrieved from /home/airflow/.local/lib/python3.8/site-packages/airflow/example_dags/example_short_circuit_operator.py
[2025-01-24T05:44:41.164+0000] {logging_mixin.py:151} INFO - [2025-01-24T05:44:41.164+0000] {dag.py:2915} INFO - Sync 1 DAGs
[2025-01-24T05:44:41.174+0000] {logging_mixin.py:151} INFO - [2025-01-24T05:44:41.174+0000] {dag.py:3696} INFO - Setting next_dagrun for example_short_circuit_operator to 2025-01-23T05:44:41.174499+00:00, run_after=2025-01-24T05:44:41.174499+00:00
[2025-01-24T05:44:41.183+0000] {processor.py:179} INFO - Processing /home/airflow/.local/lib/python3.8/site-packages/airflow/example_dags/example_short_circuit_operator.py took 0.038 seconds
[2025-01-24T05:45:11.874+0000] {processor.py:157} INFO - Started process (PID=890) to work on /home/airflow/.local/lib/python3.8/site-packages/airflow/example_dags/example_short_circuit_operator.py
[2025-01-24T05:45:11.875+0000] {processor.py:829} INFO - Processing file /home/airflow/.local/lib/python3.8/site-packages/airflow/example_dags/example_short_circuit_operator.py for tasks to queue
[2025-01-24T05:45:11.876+0000] {logging_mixin.py:151} INFO - [2025-01-24T05:45:11.876+0000] {dagbag.py:539} INFO - Filling up the DagBag from /home/airflow/.local/lib/python3.8/site-packages/airflow/example_dags/example_short_circuit_operator.py
[2025-01-24T05:45:11.880+0000] {processor.py:839} INFO - DAG(s) dict_keys(['example_short_circuit_operator']) retrieved from /home/airflow/.local/lib/python3.8/site-packages/airflow/example_dags/example_short_circuit_operator.py
[2025-01-24T05:45:11.893+0000] {logging_mixin.py:151} INFO - [2025-01-24T05:45:11.893+0000] {dag.py:2915} INFO - Sync 1 DAGs
[2025-01-24T05:45:11.903+0000] {logging_mixin.py:151} INFO - [2025-01-24T05:45:11.903+0000] {dag.py:3696} INFO - Setting next_dagrun for example_short_circuit_operator to 2025-01-23T05:45:11.903645+00:00, run_after=2025-01-24T05:45:11.903645+00:00
[2025-01-24T05:45:11.913+0000] {processor.py:179} INFO - Processing /home/airflow/.local/lib/python3.8/site-packages/airflow/example_dags/example_short_circuit_operator.py took 0.041 seconds
[2025-01-24T05:45:52.483+0000] {processor.py:157} INFO - Started process (PID=75) to work on /home/airflow/.local/lib/python3.8/site-packages/airflow/example_dags/example_short_circuit_operator.py
[2025-01-24T05:45:52.484+0000] {processor.py:829} INFO - Processing file /home/airflow/.local/lib/python3.8/site-packages/airflow/example_dags/example_short_circuit_operator.py for tasks to queue
[2025-01-24T05:45:52.485+0000] {logging_mixin.py:151} INFO - [2025-01-24T05:45:52.485+0000] {dagbag.py:539} INFO - Filling up the DagBag from /home/airflow/.local/lib/python3.8/site-packages/airflow/example_dags/example_short_circuit_operator.py
[2025-01-24T05:45:52.489+0000] {processor.py:839} INFO - DAG(s) dict_keys(['example_short_circuit_operator']) retrieved from /home/airflow/.local/lib/python3.8/site-packages/airflow/example_dags/example_short_circuit_operator.py
[2025-01-24T05:45:52.496+0000] {logging_mixin.py:151} INFO - [2025-01-24T05:45:52.496+0000] {dag.py:2915} INFO - Sync 1 DAGs
[2025-01-24T05:45:52.508+0000] {logging_mixin.py:151} INFO - [2025-01-24T05:45:52.508+0000] {dag.py:3696} INFO - Setting next_dagrun for example_short_circuit_operator to 2025-01-23T05:45:52.508182+00:00, run_after=2025-01-24T05:45:52.508182+00:00
[2025-01-24T05:45:52.520+0000] {processor.py:179} INFO - Processing /home/airflow/.local/lib/python3.8/site-packages/airflow/example_dags/example_short_circuit_operator.py took 0.039 seconds
[2025-01-24T05:46:22.861+0000] {processor.py:157} INFO - Started process (PID=129) to work on /home/airflow/.local/lib/python3.8/site-packages/airflow/example_dags/example_short_circuit_operator.py
[2025-01-24T05:46:22.862+0000] {processor.py:829} INFO - Processing file /home/airflow/.local/lib/python3.8/site-packages/airflow/example_dags/example_short_circuit_operator.py for tasks to queue
[2025-01-24T05:46:22.864+0000] {logging_mixin.py:151} INFO - [2025-01-24T05:46:22.864+0000] {dagbag.py:539} INFO - Filling up the DagBag from /home/airflow/.local/lib/python3.8/site-packages/airflow/example_dags/example_short_circuit_operator.py
[2025-01-24T05:46:22.867+0000] {processor.py:839} INFO - DAG(s) dict_keys(['example_short_circuit_operator']) retrieved from /home/airflow/.local/lib/python3.8/site-packages/airflow/example_dags/example_short_circuit_operator.py
[2025-01-24T05:46:22.881+0000] {logging_mixin.py:151} INFO - [2025-01-24T05:46:22.881+0000] {dag.py:2915} INFO - Sync 1 DAGs
[2025-01-24T05:46:22.891+0000] {logging_mixin.py:151} INFO - [2025-01-24T05:46:22.891+0000] {dag.py:3696} INFO - Setting next_dagrun for example_short_circuit_operator to 2025-01-23T05:46:22.891745+00:00, run_after=2025-01-24T05:46:22.891745+00:00
[2025-01-24T05:46:22.900+0000] {processor.py:179} INFO - Processing /home/airflow/.local/lib/python3.8/site-packages/airflow/example_dags/example_short_circuit_operator.py took 0.041 seconds
[2025-01-24T05:46:53.513+0000] {processor.py:157} INFO - Started process (PID=183) to work on /home/airflow/.local/lib/python3.8/site-packages/airflow/example_dags/example_short_circuit_operator.py
[2025-01-24T05:46:53.515+0000] {processor.py:829} INFO - Processing file /home/airflow/.local/lib/python3.8/site-packages/airflow/example_dags/example_short_circuit_operator.py for tasks to queue
[2025-01-24T05:46:53.516+0000] {logging_mixin.py:151} INFO - [2025-01-24T05:46:53.516+0000] {dagbag.py:539} INFO - Filling up the DagBag from /home/airflow/.local/lib/python3.8/site-packages/airflow/example_dags/example_short_circuit_operator.py
[2025-01-24T05:46:53.520+0000] {processor.py:839} INFO - DAG(s) dict_keys(['example_short_circuit_operator']) retrieved from /home/airflow/.local/lib/python3.8/site-packages/airflow/example_dags/example_short_circuit_operator.py
[2025-01-24T05:46:53.534+0000] {logging_mixin.py:151} INFO - [2025-01-24T05:46:53.533+0000] {dag.py:2915} INFO - Sync 1 DAGs
[2025-01-24T05:46:53.543+0000] {logging_mixin.py:151} INFO - [2025-01-24T05:46:53.543+0000] {dag.py:3696} INFO - Setting next_dagrun for example_short_circuit_operator to 2025-01-23T05:46:53.543438+00:00, run_after=2025-01-24T05:46:53.543438+00:00
[2025-01-24T05:46:53.552+0000] {processor.py:179} INFO - Processing /home/airflow/.local/lib/python3.8/site-packages/airflow/example_dags/example_short_circuit_operator.py took 0.040 seconds
[2025-01-24T05:47:24.174+0000] {processor.py:157} INFO - Started process (PID=237) to work on /home/airflow/.local/lib/python3.8/site-packages/airflow/example_dags/example_short_circuit_operator.py
[2025-01-24T05:47:24.174+0000] {processor.py:829} INFO - Processing file /home/airflow/.local/lib/python3.8/site-packages/airflow/example_dags/example_short_circuit_operator.py for tasks to queue
[2025-01-24T05:47:24.175+0000] {logging_mixin.py:151} INFO - [2025-01-24T05:47:24.175+0000] {dagbag.py:539} INFO - Filling up the DagBag from /home/airflow/.local/lib/python3.8/site-packages/airflow/example_dags/example_short_circuit_operator.py
[2025-01-24T05:47:24.179+0000] {processor.py:839} INFO - DAG(s) dict_keys(['example_short_circuit_operator']) retrieved from /home/airflow/.local/lib/python3.8/site-packages/airflow/example_dags/example_short_circuit_operator.py
[2025-01-24T05:47:24.192+0000] {logging_mixin.py:151} INFO - [2025-01-24T05:47:24.191+0000] {dag.py:2915} INFO - Sync 1 DAGs
[2025-01-24T05:47:24.202+0000] {logging_mixin.py:151} INFO - [2025-01-24T05:47:24.202+0000] {dag.py:3696} INFO - Setting next_dagrun for example_short_circuit_operator to 2025-01-23T05:47:24.202198+00:00, run_after=2025-01-24T05:47:24.202198+00:00
[2025-01-24T05:47:24.213+0000] {processor.py:179} INFO - Processing /home/airflow/.local/lib/python3.8/site-packages/airflow/example_dags/example_short_circuit_operator.py took 0.041 seconds
[2025-01-24T05:47:54.919+0000] {processor.py:157} INFO - Started process (PID=291) to work on /home/airflow/.local/lib/python3.8/site-packages/airflow/example_dags/example_short_circuit_operator.py
[2025-01-24T05:47:54.919+0000] {processor.py:829} INFO - Processing file /home/airflow/.local/lib/python3.8/site-packages/airflow/example_dags/example_short_circuit_operator.py for tasks to queue
[2025-01-24T05:47:54.921+0000] {logging_mixin.py:151} INFO - [2025-01-24T05:47:54.921+0000] {dagbag.py:539} INFO - Filling up the DagBag from /home/airflow/.local/lib/python3.8/site-packages/airflow/example_dags/example_short_circuit_operator.py
[2025-01-24T05:47:54.925+0000] {processor.py:839} INFO - DAG(s) dict_keys(['example_short_circuit_operator']) retrieved from /home/airflow/.local/lib/python3.8/site-packages/airflow/example_dags/example_short_circuit_operator.py
[2025-01-24T05:47:54.938+0000] {logging_mixin.py:151} INFO - [2025-01-24T05:47:54.938+0000] {dag.py:2915} INFO - Sync 1 DAGs
[2025-01-24T05:47:54.949+0000] {logging_mixin.py:151} INFO - [2025-01-24T05:47:54.948+0000] {dag.py:3696} INFO - Setting next_dagrun for example_short_circuit_operator to 2025-01-23T05:47:54.948795+00:00, run_after=2025-01-24T05:47:54.948795+00:00
[2025-01-24T05:47:54.958+0000] {processor.py:179} INFO - Processing /home/airflow/.local/lib/python3.8/site-packages/airflow/example_dags/example_short_circuit_operator.py took 0.041 seconds
