[2025-01-24T05:37:31.275+0000] {processor.py:157} INFO - Started process (PID=74) to work on /home/airflow/.local/lib/python3.8/site-packages/airflow/example_dags/example_trigger_target_dag.py
[2025-01-24T05:37:31.277+0000] {processor.py:829} INFO - Processing file /home/airflow/.local/lib/python3.8/site-packages/airflow/example_dags/example_trigger_target_dag.py for tasks to queue
[2025-01-24T05:37:31.280+0000] {logging_mixin.py:151} INFO - [2025-01-24T05:37:31.280+0000] {dagbag.py:539} INFO - Filling up the DagBag from /home/airflow/.local/lib/python3.8/site-packages/airflow/example_dags/example_trigger_target_dag.py
[2025-01-24T05:37:31.285+0000] {processor.py:839} INFO - DAG(s) dict_keys(['example_trigger_target_dag']) retrieved from /home/airflow/.local/lib/python3.8/site-packages/airflow/example_dags/example_trigger_target_dag.py
[2025-01-24T05:37:31.300+0000] {logging_mixin.py:151} INFO - [2025-01-24T05:37:31.300+0000] {dag.py:2915} INFO - Sync 1 DAGs
[2025-01-24T05:37:31.308+0000] {logging_mixin.py:151} INFO - [2025-01-24T05:37:31.308+0000] {dag.py:3696} INFO - Setting next_dagrun for example_trigger_target_dag to None, run_after=None
[2025-01-24T05:37:31.326+0000] {processor.py:179} INFO - Processing /home/airflow/.local/lib/python3.8/site-packages/airflow/example_dags/example_trigger_target_dag.py took 0.053 seconds
[2025-01-24T05:38:02.275+0000] {processor.py:157} INFO - Started process (PID=128) to work on /home/airflow/.local/lib/python3.8/site-packages/airflow/example_dags/example_trigger_target_dag.py
[2025-01-24T05:38:02.276+0000] {processor.py:829} INFO - Processing file /home/airflow/.local/lib/python3.8/site-packages/airflow/example_dags/example_trigger_target_dag.py for tasks to queue
[2025-01-24T05:38:02.277+0000] {logging_mixin.py:151} INFO - [2025-01-24T05:38:02.277+0000] {dagbag.py:539} INFO - Filling up the DagBag from /home/airflow/.local/lib/python3.8/site-packages/airflow/example_dags/example_trigger_target_dag.py
[2025-01-24T05:38:02.280+0000] {processor.py:839} INFO - DAG(s) dict_keys(['example_trigger_target_dag']) retrieved from /home/airflow/.local/lib/python3.8/site-packages/airflow/example_dags/example_trigger_target_dag.py
[2025-01-24T05:38:02.296+0000] {logging_mixin.py:151} INFO - [2025-01-24T05:38:02.296+0000] {dag.py:2915} INFO - Sync 1 DAGs
[2025-01-24T05:38:02.303+0000] {logging_mixin.py:151} INFO - [2025-01-24T05:38:02.303+0000] {dag.py:3696} INFO - Setting next_dagrun for example_trigger_target_dag to None, run_after=None
[2025-01-24T05:38:02.315+0000] {processor.py:179} INFO - Processing /home/airflow/.local/lib/python3.8/site-packages/airflow/example_dags/example_trigger_target_dag.py took 0.041 seconds
[2025-01-24T05:38:33.041+0000] {processor.py:157} INFO - Started process (PID=182) to work on /home/airflow/.local/lib/python3.8/site-packages/airflow/example_dags/example_trigger_target_dag.py
[2025-01-24T05:38:33.042+0000] {processor.py:829} INFO - Processing file /home/airflow/.local/lib/python3.8/site-packages/airflow/example_dags/example_trigger_target_dag.py for tasks to queue
[2025-01-24T05:38:33.043+0000] {logging_mixin.py:151} INFO - [2025-01-24T05:38:33.043+0000] {dagbag.py:539} INFO - Filling up the DagBag from /home/airflow/.local/lib/python3.8/site-packages/airflow/example_dags/example_trigger_target_dag.py
[2025-01-24T05:38:33.050+0000] {processor.py:839} INFO - DAG(s) dict_keys(['example_trigger_target_dag']) retrieved from /home/airflow/.local/lib/python3.8/site-packages/airflow/example_dags/example_trigger_target_dag.py
[2025-01-24T05:38:33.062+0000] {logging_mixin.py:151} INFO - [2025-01-24T05:38:33.062+0000] {dag.py:2915} INFO - Sync 1 DAGs
[2025-01-24T05:38:33.069+0000] {logging_mixin.py:151} INFO - [2025-01-24T05:38:33.069+0000] {dag.py:3696} INFO - Setting next_dagrun for example_trigger_target_dag to None, run_after=None
[2025-01-24T05:38:33.080+0000] {processor.py:179} INFO - Processing /home/airflow/.local/lib/python3.8/site-packages/airflow/example_dags/example_trigger_target_dag.py took 0.040 seconds
[2025-01-24T05:39:03.993+0000] {processor.py:157} INFO - Started process (PID=242) to work on /home/airflow/.local/lib/python3.8/site-packages/airflow/example_dags/example_trigger_target_dag.py
[2025-01-24T05:39:03.994+0000] {processor.py:829} INFO - Processing file /home/airflow/.local/lib/python3.8/site-packages/airflow/example_dags/example_trigger_target_dag.py for tasks to queue
[2025-01-24T05:39:03.996+0000] {logging_mixin.py:151} INFO - [2025-01-24T05:39:03.996+0000] {dagbag.py:539} INFO - Filling up the DagBag from /home/airflow/.local/lib/python3.8/site-packages/airflow/example_dags/example_trigger_target_dag.py
[2025-01-24T05:39:04.001+0000] {processor.py:839} INFO - DAG(s) dict_keys(['example_trigger_target_dag']) retrieved from /home/airflow/.local/lib/python3.8/site-packages/airflow/example_dags/example_trigger_target_dag.py
[2025-01-24T05:39:04.029+0000] {logging_mixin.py:151} INFO - [2025-01-24T05:39:04.029+0000] {dag.py:2915} INFO - Sync 1 DAGs
[2025-01-24T05:39:04.037+0000] {logging_mixin.py:151} INFO - [2025-01-24T05:39:04.037+0000] {dag.py:3696} INFO - Setting next_dagrun for example_trigger_target_dag to None, run_after=None
[2025-01-24T05:39:04.049+0000] {processor.py:179} INFO - Processing /home/airflow/.local/lib/python3.8/site-packages/airflow/example_dags/example_trigger_target_dag.py took 0.059 seconds
[2025-01-24T05:39:34.195+0000] {processor.py:157} INFO - Started process (PID=296) to work on /home/airflow/.local/lib/python3.8/site-packages/airflow/example_dags/example_trigger_target_dag.py
[2025-01-24T05:39:34.196+0000] {processor.py:829} INFO - Processing file /home/airflow/.local/lib/python3.8/site-packages/airflow/example_dags/example_trigger_target_dag.py for tasks to queue
[2025-01-24T05:39:34.197+0000] {logging_mixin.py:151} INFO - [2025-01-24T05:39:34.197+0000] {dagbag.py:539} INFO - Filling up the DagBag from /home/airflow/.local/lib/python3.8/site-packages/airflow/example_dags/example_trigger_target_dag.py
[2025-01-24T05:39:34.200+0000] {processor.py:839} INFO - DAG(s) dict_keys(['example_trigger_target_dag']) retrieved from /home/airflow/.local/lib/python3.8/site-packages/airflow/example_dags/example_trigger_target_dag.py
[2025-01-24T05:39:34.211+0000] {logging_mixin.py:151} INFO - [2025-01-24T05:39:34.211+0000] {dag.py:2915} INFO - Sync 1 DAGs
[2025-01-24T05:39:34.217+0000] {logging_mixin.py:151} INFO - [2025-01-24T05:39:34.217+0000] {dag.py:3696} INFO - Setting next_dagrun for example_trigger_target_dag to None, run_after=None
[2025-01-24T05:39:34.227+0000] {processor.py:179} INFO - Processing /home/airflow/.local/lib/python3.8/site-packages/airflow/example_dags/example_trigger_target_dag.py took 0.034 seconds
[2025-01-24T05:40:05.090+0000] {processor.py:157} INFO - Started process (PID=350) to work on /home/airflow/.local/lib/python3.8/site-packages/airflow/example_dags/example_trigger_target_dag.py
[2025-01-24T05:40:05.091+0000] {processor.py:829} INFO - Processing file /home/airflow/.local/lib/python3.8/site-packages/airflow/example_dags/example_trigger_target_dag.py for tasks to queue
[2025-01-24T05:40:05.092+0000] {logging_mixin.py:151} INFO - [2025-01-24T05:40:05.092+0000] {dagbag.py:539} INFO - Filling up the DagBag from /home/airflow/.local/lib/python3.8/site-packages/airflow/example_dags/example_trigger_target_dag.py
[2025-01-24T05:40:05.096+0000] {processor.py:839} INFO - DAG(s) dict_keys(['example_trigger_target_dag']) retrieved from /home/airflow/.local/lib/python3.8/site-packages/airflow/example_dags/example_trigger_target_dag.py
[2025-01-24T05:40:05.107+0000] {logging_mixin.py:151} INFO - [2025-01-24T05:40:05.107+0000] {dag.py:2915} INFO - Sync 1 DAGs
[2025-01-24T05:40:05.113+0000] {logging_mixin.py:151} INFO - [2025-01-24T05:40:05.113+0000] {dag.py:3696} INFO - Setting next_dagrun for example_trigger_target_dag to None, run_after=None
[2025-01-24T05:40:05.122+0000] {processor.py:179} INFO - Processing /home/airflow/.local/lib/python3.8/site-packages/airflow/example_dags/example_trigger_target_dag.py took 0.034 seconds
[2025-01-24T05:40:35.829+0000] {processor.py:157} INFO - Started process (PID=404) to work on /home/airflow/.local/lib/python3.8/site-packages/airflow/example_dags/example_trigger_target_dag.py
[2025-01-24T05:40:35.831+0000] {processor.py:829} INFO - Processing file /home/airflow/.local/lib/python3.8/site-packages/airflow/example_dags/example_trigger_target_dag.py for tasks to queue
[2025-01-24T05:40:35.833+0000] {logging_mixin.py:151} INFO - [2025-01-24T05:40:35.832+0000] {dagbag.py:539} INFO - Filling up the DagBag from /home/airflow/.local/lib/python3.8/site-packages/airflow/example_dags/example_trigger_target_dag.py
[2025-01-24T05:40:35.836+0000] {processor.py:839} INFO - DAG(s) dict_keys(['example_trigger_target_dag']) retrieved from /home/airflow/.local/lib/python3.8/site-packages/airflow/example_dags/example_trigger_target_dag.py
[2025-01-24T05:40:35.847+0000] {logging_mixin.py:151} INFO - [2025-01-24T05:40:35.847+0000] {dag.py:2915} INFO - Sync 1 DAGs
[2025-01-24T05:40:35.854+0000] {logging_mixin.py:151} INFO - [2025-01-24T05:40:35.854+0000] {dag.py:3696} INFO - Setting next_dagrun for example_trigger_target_dag to None, run_after=None
[2025-01-24T05:40:35.866+0000] {processor.py:179} INFO - Processing /home/airflow/.local/lib/python3.8/site-packages/airflow/example_dags/example_trigger_target_dag.py took 0.039 seconds
[2025-01-24T05:41:06.533+0000] {processor.py:157} INFO - Started process (PID=458) to work on /home/airflow/.local/lib/python3.8/site-packages/airflow/example_dags/example_trigger_target_dag.py
[2025-01-24T05:41:06.534+0000] {processor.py:829} INFO - Processing file /home/airflow/.local/lib/python3.8/site-packages/airflow/example_dags/example_trigger_target_dag.py for tasks to queue
[2025-01-24T05:41:06.535+0000] {logging_mixin.py:151} INFO - [2025-01-24T05:41:06.535+0000] {dagbag.py:539} INFO - Filling up the DagBag from /home/airflow/.local/lib/python3.8/site-packages/airflow/example_dags/example_trigger_target_dag.py
[2025-01-24T05:41:06.538+0000] {processor.py:839} INFO - DAG(s) dict_keys(['example_trigger_target_dag']) retrieved from /home/airflow/.local/lib/python3.8/site-packages/airflow/example_dags/example_trigger_target_dag.py
[2025-01-24T05:41:06.549+0000] {logging_mixin.py:151} INFO - [2025-01-24T05:41:06.548+0000] {dag.py:2915} INFO - Sync 1 DAGs
[2025-01-24T05:41:06.554+0000] {logging_mixin.py:151} INFO - [2025-01-24T05:41:06.554+0000] {dag.py:3696} INFO - Setting next_dagrun for example_trigger_target_dag to None, run_after=None
[2025-01-24T05:41:06.567+0000] {processor.py:179} INFO - Processing /home/airflow/.local/lib/python3.8/site-packages/airflow/example_dags/example_trigger_target_dag.py took 0.036 seconds
[2025-01-24T05:41:37.292+0000] {processor.py:157} INFO - Started process (PID=512) to work on /home/airflow/.local/lib/python3.8/site-packages/airflow/example_dags/example_trigger_target_dag.py
[2025-01-24T05:41:37.293+0000] {processor.py:829} INFO - Processing file /home/airflow/.local/lib/python3.8/site-packages/airflow/example_dags/example_trigger_target_dag.py for tasks to queue
[2025-01-24T05:41:37.294+0000] {logging_mixin.py:151} INFO - [2025-01-24T05:41:37.294+0000] {dagbag.py:539} INFO - Filling up the DagBag from /home/airflow/.local/lib/python3.8/site-packages/airflow/example_dags/example_trigger_target_dag.py
[2025-01-24T05:41:37.297+0000] {processor.py:839} INFO - DAG(s) dict_keys(['example_trigger_target_dag']) retrieved from /home/airflow/.local/lib/python3.8/site-packages/airflow/example_dags/example_trigger_target_dag.py
[2025-01-24T05:41:37.310+0000] {logging_mixin.py:151} INFO - [2025-01-24T05:41:37.310+0000] {dag.py:2915} INFO - Sync 1 DAGs
[2025-01-24T05:41:37.316+0000] {logging_mixin.py:151} INFO - [2025-01-24T05:41:37.316+0000] {dag.py:3696} INFO - Setting next_dagrun for example_trigger_target_dag to None, run_after=None
[2025-01-24T05:41:37.330+0000] {processor.py:179} INFO - Processing /home/airflow/.local/lib/python3.8/site-packages/airflow/example_dags/example_trigger_target_dag.py took 0.040 seconds
[2025-01-24T05:42:08.052+0000] {processor.py:157} INFO - Started process (PID=565) to work on /home/airflow/.local/lib/python3.8/site-packages/airflow/example_dags/example_trigger_target_dag.py
[2025-01-24T05:42:08.053+0000] {processor.py:829} INFO - Processing file /home/airflow/.local/lib/python3.8/site-packages/airflow/example_dags/example_trigger_target_dag.py for tasks to queue
[2025-01-24T05:42:08.054+0000] {logging_mixin.py:151} INFO - [2025-01-24T05:42:08.054+0000] {dagbag.py:539} INFO - Filling up the DagBag from /home/airflow/.local/lib/python3.8/site-packages/airflow/example_dags/example_trigger_target_dag.py
[2025-01-24T05:42:08.058+0000] {processor.py:839} INFO - DAG(s) dict_keys(['example_trigger_target_dag']) retrieved from /home/airflow/.local/lib/python3.8/site-packages/airflow/example_dags/example_trigger_target_dag.py
[2025-01-24T05:42:08.070+0000] {logging_mixin.py:151} INFO - [2025-01-24T05:42:08.070+0000] {dag.py:2915} INFO - Sync 1 DAGs
[2025-01-24T05:42:08.076+0000] {logging_mixin.py:151} INFO - [2025-01-24T05:42:08.076+0000] {dag.py:3696} INFO - Setting next_dagrun for example_trigger_target_dag to None, run_after=None
[2025-01-24T05:42:08.089+0000] {processor.py:179} INFO - Processing /home/airflow/.local/lib/python3.8/site-packages/airflow/example_dags/example_trigger_target_dag.py took 0.039 seconds
[2025-01-24T05:42:38.682+0000] {processor.py:157} INFO - Started process (PID=619) to work on /home/airflow/.local/lib/python3.8/site-packages/airflow/example_dags/example_trigger_target_dag.py
[2025-01-24T05:42:38.684+0000] {processor.py:829} INFO - Processing file /home/airflow/.local/lib/python3.8/site-packages/airflow/example_dags/example_trigger_target_dag.py for tasks to queue
[2025-01-24T05:42:38.685+0000] {logging_mixin.py:151} INFO - [2025-01-24T05:42:38.685+0000] {dagbag.py:539} INFO - Filling up the DagBag from /home/airflow/.local/lib/python3.8/site-packages/airflow/example_dags/example_trigger_target_dag.py
[2025-01-24T05:42:38.688+0000] {processor.py:839} INFO - DAG(s) dict_keys(['example_trigger_target_dag']) retrieved from /home/airflow/.local/lib/python3.8/site-packages/airflow/example_dags/example_trigger_target_dag.py
[2025-01-24T05:42:38.699+0000] {logging_mixin.py:151} INFO - [2025-01-24T05:42:38.698+0000] {dag.py:2915} INFO - Sync 1 DAGs
[2025-01-24T05:42:38.705+0000] {logging_mixin.py:151} INFO - [2025-01-24T05:42:38.705+0000] {dag.py:3696} INFO - Setting next_dagrun for example_trigger_target_dag to None, run_after=None
[2025-01-24T05:42:38.718+0000] {processor.py:179} INFO - Processing /home/airflow/.local/lib/python3.8/site-packages/airflow/example_dags/example_trigger_target_dag.py took 0.038 seconds
[2025-01-24T05:43:09.421+0000] {processor.py:157} INFO - Started process (PID=673) to work on /home/airflow/.local/lib/python3.8/site-packages/airflow/example_dags/example_trigger_target_dag.py
[2025-01-24T05:43:09.422+0000] {processor.py:829} INFO - Processing file /home/airflow/.local/lib/python3.8/site-packages/airflow/example_dags/example_trigger_target_dag.py for tasks to queue
[2025-01-24T05:43:09.423+0000] {logging_mixin.py:151} INFO - [2025-01-24T05:43:09.423+0000] {dagbag.py:539} INFO - Filling up the DagBag from /home/airflow/.local/lib/python3.8/site-packages/airflow/example_dags/example_trigger_target_dag.py
[2025-01-24T05:43:09.426+0000] {processor.py:839} INFO - DAG(s) dict_keys(['example_trigger_target_dag']) retrieved from /home/airflow/.local/lib/python3.8/site-packages/airflow/example_dags/example_trigger_target_dag.py
[2025-01-24T05:43:09.438+0000] {logging_mixin.py:151} INFO - [2025-01-24T05:43:09.438+0000] {dag.py:2915} INFO - Sync 1 DAGs
[2025-01-24T05:43:09.444+0000] {logging_mixin.py:151} INFO - [2025-01-24T05:43:09.444+0000] {dag.py:3696} INFO - Setting next_dagrun for example_trigger_target_dag to None, run_after=None
[2025-01-24T05:43:09.457+0000] {processor.py:179} INFO - Processing /home/airflow/.local/lib/python3.8/site-packages/airflow/example_dags/example_trigger_target_dag.py took 0.038 seconds
[2025-01-24T05:43:40.200+0000] {processor.py:157} INFO - Started process (PID=726) to work on /home/airflow/.local/lib/python3.8/site-packages/airflow/example_dags/example_trigger_target_dag.py
[2025-01-24T05:43:40.200+0000] {processor.py:829} INFO - Processing file /home/airflow/.local/lib/python3.8/site-packages/airflow/example_dags/example_trigger_target_dag.py for tasks to queue
[2025-01-24T05:43:40.202+0000] {logging_mixin.py:151} INFO - [2025-01-24T05:43:40.201+0000] {dagbag.py:539} INFO - Filling up the DagBag from /home/airflow/.local/lib/python3.8/site-packages/airflow/example_dags/example_trigger_target_dag.py
[2025-01-24T05:43:40.205+0000] {processor.py:839} INFO - DAG(s) dict_keys(['example_trigger_target_dag']) retrieved from /home/airflow/.local/lib/python3.8/site-packages/airflow/example_dags/example_trigger_target_dag.py
[2025-01-24T05:43:40.219+0000] {logging_mixin.py:151} INFO - [2025-01-24T05:43:40.218+0000] {dag.py:2915} INFO - Sync 1 DAGs
[2025-01-24T05:43:40.226+0000] {logging_mixin.py:151} INFO - [2025-01-24T05:43:40.226+0000] {dag.py:3696} INFO - Setting next_dagrun for example_trigger_target_dag to None, run_after=None
[2025-01-24T05:43:40.237+0000] {processor.py:179} INFO - Processing /home/airflow/.local/lib/python3.8/site-packages/airflow/example_dags/example_trigger_target_dag.py took 0.039 seconds
[2025-01-24T05:44:10.890+0000] {processor.py:157} INFO - Started process (PID=780) to work on /home/airflow/.local/lib/python3.8/site-packages/airflow/example_dags/example_trigger_target_dag.py
[2025-01-24T05:44:10.892+0000] {processor.py:829} INFO - Processing file /home/airflow/.local/lib/python3.8/site-packages/airflow/example_dags/example_trigger_target_dag.py for tasks to queue
[2025-01-24T05:44:10.896+0000] {logging_mixin.py:151} INFO - [2025-01-24T05:44:10.894+0000] {dagbag.py:539} INFO - Filling up the DagBag from /home/airflow/.local/lib/python3.8/site-packages/airflow/example_dags/example_trigger_target_dag.py
[2025-01-24T05:44:10.900+0000] {processor.py:839} INFO - DAG(s) dict_keys(['example_trigger_target_dag']) retrieved from /home/airflow/.local/lib/python3.8/site-packages/airflow/example_dags/example_trigger_target_dag.py
[2025-01-24T05:44:10.919+0000] {logging_mixin.py:151} INFO - [2025-01-24T05:44:10.919+0000] {dag.py:2915} INFO - Sync 1 DAGs
[2025-01-24T05:44:10.926+0000] {logging_mixin.py:151} INFO - [2025-01-24T05:44:10.926+0000] {dag.py:3696} INFO - Setting next_dagrun for example_trigger_target_dag to None, run_after=None
[2025-01-24T05:44:10.938+0000] {processor.py:179} INFO - Processing /home/airflow/.local/lib/python3.8/site-packages/airflow/example_dags/example_trigger_target_dag.py took 0.050 seconds
[2025-01-24T05:44:41.013+0000] {processor.py:157} INFO - Started process (PID=834) to work on /home/airflow/.local/lib/python3.8/site-packages/airflow/example_dags/example_trigger_target_dag.py
[2025-01-24T05:44:41.014+0000] {processor.py:829} INFO - Processing file /home/airflow/.local/lib/python3.8/site-packages/airflow/example_dags/example_trigger_target_dag.py for tasks to queue
[2025-01-24T05:44:41.016+0000] {logging_mixin.py:151} INFO - [2025-01-24T05:44:41.016+0000] {dagbag.py:539} INFO - Filling up the DagBag from /home/airflow/.local/lib/python3.8/site-packages/airflow/example_dags/example_trigger_target_dag.py
[2025-01-24T05:44:41.021+0000] {processor.py:839} INFO - DAG(s) dict_keys(['example_trigger_target_dag']) retrieved from /home/airflow/.local/lib/python3.8/site-packages/airflow/example_dags/example_trigger_target_dag.py
[2025-01-24T05:44:41.032+0000] {logging_mixin.py:151} INFO - [2025-01-24T05:44:41.032+0000] {dag.py:2915} INFO - Sync 1 DAGs
[2025-01-24T05:44:41.038+0000] {logging_mixin.py:151} INFO - [2025-01-24T05:44:41.038+0000] {dag.py:3696} INFO - Setting next_dagrun for example_trigger_target_dag to None, run_after=None
[2025-01-24T05:44:41.047+0000] {processor.py:179} INFO - Processing /home/airflow/.local/lib/python3.8/site-packages/airflow/example_dags/example_trigger_target_dag.py took 0.036 seconds
[2025-01-24T05:45:11.819+0000] {processor.py:157} INFO - Started process (PID=888) to work on /home/airflow/.local/lib/python3.8/site-packages/airflow/example_dags/example_trigger_target_dag.py
[2025-01-24T05:45:11.820+0000] {processor.py:829} INFO - Processing file /home/airflow/.local/lib/python3.8/site-packages/airflow/example_dags/example_trigger_target_dag.py for tasks to queue
[2025-01-24T05:45:11.821+0000] {logging_mixin.py:151} INFO - [2025-01-24T05:45:11.821+0000] {dagbag.py:539} INFO - Filling up the DagBag from /home/airflow/.local/lib/python3.8/site-packages/airflow/example_dags/example_trigger_target_dag.py
[2025-01-24T05:45:11.824+0000] {processor.py:839} INFO - DAG(s) dict_keys(['example_trigger_target_dag']) retrieved from /home/airflow/.local/lib/python3.8/site-packages/airflow/example_dags/example_trigger_target_dag.py
[2025-01-24T05:45:11.836+0000] {logging_mixin.py:151} INFO - [2025-01-24T05:45:11.836+0000] {dag.py:2915} INFO - Sync 1 DAGs
[2025-01-24T05:45:11.842+0000] {logging_mixin.py:151} INFO - [2025-01-24T05:45:11.842+0000] {dag.py:3696} INFO - Setting next_dagrun for example_trigger_target_dag to None, run_after=None
[2025-01-24T05:45:11.856+0000] {processor.py:179} INFO - Processing /home/airflow/.local/lib/python3.8/site-packages/airflow/example_dags/example_trigger_target_dag.py took 0.038 seconds
[2025-01-24T05:45:52.341+0000] {processor.py:157} INFO - Started process (PID=72) to work on /home/airflow/.local/lib/python3.8/site-packages/airflow/example_dags/example_trigger_target_dag.py
[2025-01-24T05:45:52.342+0000] {processor.py:829} INFO - Processing file /home/airflow/.local/lib/python3.8/site-packages/airflow/example_dags/example_trigger_target_dag.py for tasks to queue
[2025-01-24T05:45:52.343+0000] {logging_mixin.py:151} INFO - [2025-01-24T05:45:52.343+0000] {dagbag.py:539} INFO - Filling up the DagBag from /home/airflow/.local/lib/python3.8/site-packages/airflow/example_dags/example_trigger_target_dag.py
[2025-01-24T05:45:52.347+0000] {processor.py:839} INFO - DAG(s) dict_keys(['example_trigger_target_dag']) retrieved from /home/airflow/.local/lib/python3.8/site-packages/airflow/example_dags/example_trigger_target_dag.py
[2025-01-24T05:45:52.355+0000] {logging_mixin.py:151} INFO - [2025-01-24T05:45:52.355+0000] {dag.py:2915} INFO - Sync 1 DAGs
[2025-01-24T05:45:52.362+0000] {logging_mixin.py:151} INFO - [2025-01-24T05:45:52.362+0000] {dag.py:3696} INFO - Setting next_dagrun for example_trigger_target_dag to None, run_after=None
[2025-01-24T05:45:52.373+0000] {processor.py:179} INFO - Processing /home/airflow/.local/lib/python3.8/site-packages/airflow/example_dags/example_trigger_target_dag.py took 0.034 seconds
[2025-01-24T05:46:22.675+0000] {processor.py:157} INFO - Started process (PID=125) to work on /home/airflow/.local/lib/python3.8/site-packages/airflow/example_dags/example_trigger_target_dag.py
[2025-01-24T05:46:22.676+0000] {processor.py:829} INFO - Processing file /home/airflow/.local/lib/python3.8/site-packages/airflow/example_dags/example_trigger_target_dag.py for tasks to queue
[2025-01-24T05:46:22.678+0000] {logging_mixin.py:151} INFO - [2025-01-24T05:46:22.677+0000] {dagbag.py:539} INFO - Filling up the DagBag from /home/airflow/.local/lib/python3.8/site-packages/airflow/example_dags/example_trigger_target_dag.py
[2025-01-24T05:46:22.681+0000] {processor.py:839} INFO - DAG(s) dict_keys(['example_trigger_target_dag']) retrieved from /home/airflow/.local/lib/python3.8/site-packages/airflow/example_dags/example_trigger_target_dag.py
[2025-01-24T05:46:22.691+0000] {logging_mixin.py:151} INFO - [2025-01-24T05:46:22.691+0000] {dag.py:2915} INFO - Sync 1 DAGs
[2025-01-24T05:46:22.697+0000] {logging_mixin.py:151} INFO - [2025-01-24T05:46:22.697+0000] {dag.py:3696} INFO - Setting next_dagrun for example_trigger_target_dag to None, run_after=None
[2025-01-24T05:46:22.706+0000] {processor.py:179} INFO - Processing /home/airflow/.local/lib/python3.8/site-packages/airflow/example_dags/example_trigger_target_dag.py took 0.033 seconds
[2025-01-24T05:46:53.419+0000] {processor.py:157} INFO - Started process (PID=180) to work on /home/airflow/.local/lib/python3.8/site-packages/airflow/example_dags/example_trigger_target_dag.py
[2025-01-24T05:46:53.420+0000] {processor.py:829} INFO - Processing file /home/airflow/.local/lib/python3.8/site-packages/airflow/example_dags/example_trigger_target_dag.py for tasks to queue
[2025-01-24T05:46:53.425+0000] {logging_mixin.py:151} INFO - [2025-01-24T05:46:53.424+0000] {dagbag.py:539} INFO - Filling up the DagBag from /home/airflow/.local/lib/python3.8/site-packages/airflow/example_dags/example_trigger_target_dag.py
[2025-01-24T05:46:53.430+0000] {processor.py:839} INFO - DAG(s) dict_keys(['example_trigger_target_dag']) retrieved from /home/airflow/.local/lib/python3.8/site-packages/airflow/example_dags/example_trigger_target_dag.py
[2025-01-24T05:46:53.442+0000] {logging_mixin.py:151} INFO - [2025-01-24T05:46:53.442+0000] {dag.py:2915} INFO - Sync 1 DAGs
[2025-01-24T05:46:53.449+0000] {logging_mixin.py:151} INFO - [2025-01-24T05:46:53.449+0000] {dag.py:3696} INFO - Setting next_dagrun for example_trigger_target_dag to None, run_after=None
[2025-01-24T05:46:53.463+0000] {processor.py:179} INFO - Processing /home/airflow/.local/lib/python3.8/site-packages/airflow/example_dags/example_trigger_target_dag.py took 0.046 seconds
[2025-01-24T05:47:24.090+0000] {processor.py:157} INFO - Started process (PID=234) to work on /home/airflow/.local/lib/python3.8/site-packages/airflow/example_dags/example_trigger_target_dag.py
[2025-01-24T05:47:24.091+0000] {processor.py:829} INFO - Processing file /home/airflow/.local/lib/python3.8/site-packages/airflow/example_dags/example_trigger_target_dag.py for tasks to queue
[2025-01-24T05:47:24.092+0000] {logging_mixin.py:151} INFO - [2025-01-24T05:47:24.092+0000] {dagbag.py:539} INFO - Filling up the DagBag from /home/airflow/.local/lib/python3.8/site-packages/airflow/example_dags/example_trigger_target_dag.py
[2025-01-24T05:47:24.095+0000] {processor.py:839} INFO - DAG(s) dict_keys(['example_trigger_target_dag']) retrieved from /home/airflow/.local/lib/python3.8/site-packages/airflow/example_dags/example_trigger_target_dag.py
[2025-01-24T05:47:24.106+0000] {logging_mixin.py:151} INFO - [2025-01-24T05:47:24.106+0000] {dag.py:2915} INFO - Sync 1 DAGs
[2025-01-24T05:47:24.113+0000] {logging_mixin.py:151} INFO - [2025-01-24T05:47:24.113+0000] {dag.py:3696} INFO - Setting next_dagrun for example_trigger_target_dag to None, run_after=None
[2025-01-24T05:47:24.126+0000] {processor.py:179} INFO - Processing /home/airflow/.local/lib/python3.8/site-packages/airflow/example_dags/example_trigger_target_dag.py took 0.038 seconds
[2025-01-24T05:47:54.836+0000] {processor.py:157} INFO - Started process (PID=288) to work on /home/airflow/.local/lib/python3.8/site-packages/airflow/example_dags/example_trigger_target_dag.py
[2025-01-24T05:47:54.837+0000] {processor.py:829} INFO - Processing file /home/airflow/.local/lib/python3.8/site-packages/airflow/example_dags/example_trigger_target_dag.py for tasks to queue
[2025-01-24T05:47:54.839+0000] {logging_mixin.py:151} INFO - [2025-01-24T05:47:54.839+0000] {dagbag.py:539} INFO - Filling up the DagBag from /home/airflow/.local/lib/python3.8/site-packages/airflow/example_dags/example_trigger_target_dag.py
[2025-01-24T05:47:54.843+0000] {processor.py:839} INFO - DAG(s) dict_keys(['example_trigger_target_dag']) retrieved from /home/airflow/.local/lib/python3.8/site-packages/airflow/example_dags/example_trigger_target_dag.py
[2025-01-24T05:47:54.855+0000] {logging_mixin.py:151} INFO - [2025-01-24T05:47:54.854+0000] {dag.py:2915} INFO - Sync 1 DAGs
[2025-01-24T05:47:54.864+0000] {logging_mixin.py:151} INFO - [2025-01-24T05:47:54.863+0000] {dag.py:3696} INFO - Setting next_dagrun for example_trigger_target_dag to None, run_after=None
[2025-01-24T05:47:54.873+0000] {processor.py:179} INFO - Processing /home/airflow/.local/lib/python3.8/site-packages/airflow/example_dags/example_trigger_target_dag.py took 0.038 seconds
