[2025-01-24T05:37:30.287+0000] {processor.py:157} INFO - Started process (PID=54) to work on /home/airflow/.local/lib/python3.8/site-packages/airflow/example_dags/example_branch_day_of_week_operator.py
[2025-01-24T05:37:30.288+0000] {processor.py:829} INFO - Processing file /home/airflow/.local/lib/python3.8/site-packages/airflow/example_dags/example_branch_day_of_week_operator.py for tasks to queue
[2025-01-24T05:37:30.291+0000] {logging_mixin.py:151} INFO - [2025-01-24T05:37:30.291+0000] {dagbag.py:539} INFO - Filling up the DagBag from /home/airflow/.local/lib/python3.8/site-packages/airflow/example_dags/example_branch_day_of_week_operator.py
[2025-01-24T05:37:30.296+0000] {processor.py:839} INFO - DAG(s) dict_keys(['example_weekday_branch_operator']) retrieved from /home/airflow/.local/lib/python3.8/site-packages/airflow/example_dags/example_branch_day_of_week_operator.py
[2025-01-24T05:37:30.304+0000] {logging_mixin.py:151} INFO - [2025-01-24T05:37:30.304+0000] {dag.py:2915} INFO - Sync 1 DAGs
[2025-01-24T05:37:30.317+0000] {logging_mixin.py:151} INFO - [2025-01-24T05:37:30.317+0000] {dag.py:3696} INFO - Setting next_dagrun for example_weekday_branch_operator to 2025-01-23T00:00:00+00:00, run_after=2025-01-24T00:00:00+00:00
[2025-01-24T05:37:30.326+0000] {processor.py:179} INFO - Processing /home/airflow/.local/lib/python3.8/site-packages/airflow/example_dags/example_branch_day_of_week_operator.py took 0.041 seconds
[2025-01-24T05:38:00.614+0000] {processor.py:157} INFO - Started process (PID=108) to work on /home/airflow/.local/lib/python3.8/site-packages/airflow/example_dags/example_branch_day_of_week_operator.py
[2025-01-24T05:38:00.614+0000] {processor.py:829} INFO - Processing file /home/airflow/.local/lib/python3.8/site-packages/airflow/example_dags/example_branch_day_of_week_operator.py for tasks to queue
[2025-01-24T05:38:00.615+0000] {logging_mixin.py:151} INFO - [2025-01-24T05:38:00.615+0000] {dagbag.py:539} INFO - Filling up the DagBag from /home/airflow/.local/lib/python3.8/site-packages/airflow/example_dags/example_branch_day_of_week_operator.py
[2025-01-24T05:38:00.619+0000] {processor.py:839} INFO - DAG(s) dict_keys(['example_weekday_branch_operator']) retrieved from /home/airflow/.local/lib/python3.8/site-packages/airflow/example_dags/example_branch_day_of_week_operator.py
[2025-01-24T05:38:00.631+0000] {logging_mixin.py:151} INFO - [2025-01-24T05:38:00.630+0000] {dag.py:2915} INFO - Sync 1 DAGs
[2025-01-24T05:38:00.643+0000] {logging_mixin.py:151} INFO - [2025-01-24T05:38:00.643+0000] {dag.py:3696} INFO - Setting next_dagrun for example_weekday_branch_operator to 2025-01-23T00:00:00+00:00, run_after=2025-01-24T00:00:00+00:00
[2025-01-24T05:38:00.654+0000] {processor.py:179} INFO - Processing /home/airflow/.local/lib/python3.8/site-packages/airflow/example_dags/example_branch_day_of_week_operator.py took 0.042 seconds
[2025-01-24T05:38:31.388+0000] {processor.py:157} INFO - Started process (PID=162) to work on /home/airflow/.local/lib/python3.8/site-packages/airflow/example_dags/example_branch_day_of_week_operator.py
[2025-01-24T05:38:31.389+0000] {processor.py:829} INFO - Processing file /home/airflow/.local/lib/python3.8/site-packages/airflow/example_dags/example_branch_day_of_week_operator.py for tasks to queue
[2025-01-24T05:38:31.390+0000] {logging_mixin.py:151} INFO - [2025-01-24T05:38:31.390+0000] {dagbag.py:539} INFO - Filling up the DagBag from /home/airflow/.local/lib/python3.8/site-packages/airflow/example_dags/example_branch_day_of_week_operator.py
[2025-01-24T05:38:31.394+0000] {processor.py:839} INFO - DAG(s) dict_keys(['example_weekday_branch_operator']) retrieved from /home/airflow/.local/lib/python3.8/site-packages/airflow/example_dags/example_branch_day_of_week_operator.py
[2025-01-24T05:38:31.410+0000] {logging_mixin.py:151} INFO - [2025-01-24T05:38:31.410+0000] {dag.py:2915} INFO - Sync 1 DAGs
[2025-01-24T05:38:31.424+0000] {logging_mixin.py:151} INFO - [2025-01-24T05:38:31.424+0000] {dag.py:3696} INFO - Setting next_dagrun for example_weekday_branch_operator to 2025-01-23T00:00:00+00:00, run_after=2025-01-24T00:00:00+00:00
[2025-01-24T05:38:31.433+0000] {processor.py:179} INFO - Processing /home/airflow/.local/lib/python3.8/site-packages/airflow/example_dags/example_branch_day_of_week_operator.py took 0.047 seconds
[2025-01-24T05:39:02.228+0000] {processor.py:157} INFO - Started process (PID=215) to work on /home/airflow/.local/lib/python3.8/site-packages/airflow/example_dags/example_branch_day_of_week_operator.py
[2025-01-24T05:39:02.229+0000] {processor.py:829} INFO - Processing file /home/airflow/.local/lib/python3.8/site-packages/airflow/example_dags/example_branch_day_of_week_operator.py for tasks to queue
[2025-01-24T05:39:02.231+0000] {logging_mixin.py:151} INFO - [2025-01-24T05:39:02.231+0000] {dagbag.py:539} INFO - Filling up the DagBag from /home/airflow/.local/lib/python3.8/site-packages/airflow/example_dags/example_branch_day_of_week_operator.py
[2025-01-24T05:39:02.236+0000] {processor.py:839} INFO - DAG(s) dict_keys(['example_weekday_branch_operator']) retrieved from /home/airflow/.local/lib/python3.8/site-packages/airflow/example_dags/example_branch_day_of_week_operator.py
[2025-01-24T05:39:02.248+0000] {logging_mixin.py:151} INFO - [2025-01-24T05:39:02.248+0000] {dag.py:2915} INFO - Sync 1 DAGs
[2025-01-24T05:39:02.261+0000] {logging_mixin.py:151} INFO - [2025-01-24T05:39:02.260+0000] {dag.py:3696} INFO - Setting next_dagrun for example_weekday_branch_operator to 2025-01-23T00:00:00+00:00, run_after=2025-01-24T00:00:00+00:00
[2025-01-24T05:39:02.275+0000] {processor.py:179} INFO - Processing /home/airflow/.local/lib/python3.8/site-packages/airflow/example_dags/example_branch_day_of_week_operator.py took 0.049 seconds
[2025-01-24T05:39:32.376+0000] {processor.py:157} INFO - Started process (PID=269) to work on /home/airflow/.local/lib/python3.8/site-packages/airflow/example_dags/example_branch_day_of_week_operator.py
[2025-01-24T05:39:32.378+0000] {processor.py:829} INFO - Processing file /home/airflow/.local/lib/python3.8/site-packages/airflow/example_dags/example_branch_day_of_week_operator.py for tasks to queue
[2025-01-24T05:39:32.379+0000] {logging_mixin.py:151} INFO - [2025-01-24T05:39:32.379+0000] {dagbag.py:539} INFO - Filling up the DagBag from /home/airflow/.local/lib/python3.8/site-packages/airflow/example_dags/example_branch_day_of_week_operator.py
[2025-01-24T05:39:32.384+0000] {processor.py:839} INFO - DAG(s) dict_keys(['example_weekday_branch_operator']) retrieved from /home/airflow/.local/lib/python3.8/site-packages/airflow/example_dags/example_branch_day_of_week_operator.py
[2025-01-24T05:39:32.400+0000] {logging_mixin.py:151} INFO - [2025-01-24T05:39:32.399+0000] {dag.py:2915} INFO - Sync 1 DAGs
[2025-01-24T05:39:32.416+0000] {logging_mixin.py:151} INFO - [2025-01-24T05:39:32.416+0000] {dag.py:3696} INFO - Setting next_dagrun for example_weekday_branch_operator to 2025-01-23T00:00:00+00:00, run_after=2025-01-24T00:00:00+00:00
[2025-01-24T05:39:32.427+0000] {processor.py:179} INFO - Processing /home/airflow/.local/lib/python3.8/site-packages/airflow/example_dags/example_branch_day_of_week_operator.py took 0.053 seconds
[2025-01-24T05:40:03.473+0000] {processor.py:157} INFO - Started process (PID=323) to work on /home/airflow/.local/lib/python3.8/site-packages/airflow/example_dags/example_branch_day_of_week_operator.py
[2025-01-24T05:40:03.473+0000] {processor.py:829} INFO - Processing file /home/airflow/.local/lib/python3.8/site-packages/airflow/example_dags/example_branch_day_of_week_operator.py for tasks to queue
[2025-01-24T05:40:03.474+0000] {logging_mixin.py:151} INFO - [2025-01-24T05:40:03.474+0000] {dagbag.py:539} INFO - Filling up the DagBag from /home/airflow/.local/lib/python3.8/site-packages/airflow/example_dags/example_branch_day_of_week_operator.py
[2025-01-24T05:40:03.478+0000] {processor.py:839} INFO - DAG(s) dict_keys(['example_weekday_branch_operator']) retrieved from /home/airflow/.local/lib/python3.8/site-packages/airflow/example_dags/example_branch_day_of_week_operator.py
[2025-01-24T05:40:03.490+0000] {logging_mixin.py:151} INFO - [2025-01-24T05:40:03.490+0000] {dag.py:2915} INFO - Sync 1 DAGs
[2025-01-24T05:40:03.502+0000] {logging_mixin.py:151} INFO - [2025-01-24T05:40:03.502+0000] {dag.py:3696} INFO - Setting next_dagrun for example_weekday_branch_operator to 2025-01-23T00:00:00+00:00, run_after=2025-01-24T00:00:00+00:00
[2025-01-24T05:40:03.515+0000] {processor.py:179} INFO - Processing /home/airflow/.local/lib/python3.8/site-packages/airflow/example_dags/example_branch_day_of_week_operator.py took 0.044 seconds
[2025-01-24T05:40:34.206+0000] {processor.py:157} INFO - Started process (PID=384) to work on /home/airflow/.local/lib/python3.8/site-packages/airflow/example_dags/example_branch_day_of_week_operator.py
[2025-01-24T05:40:34.207+0000] {processor.py:829} INFO - Processing file /home/airflow/.local/lib/python3.8/site-packages/airflow/example_dags/example_branch_day_of_week_operator.py for tasks to queue
[2025-01-24T05:40:34.208+0000] {logging_mixin.py:151} INFO - [2025-01-24T05:40:34.208+0000] {dagbag.py:539} INFO - Filling up the DagBag from /home/airflow/.local/lib/python3.8/site-packages/airflow/example_dags/example_branch_day_of_week_operator.py
[2025-01-24T05:40:34.213+0000] {processor.py:839} INFO - DAG(s) dict_keys(['example_weekday_branch_operator']) retrieved from /home/airflow/.local/lib/python3.8/site-packages/airflow/example_dags/example_branch_day_of_week_operator.py
[2025-01-24T05:40:34.224+0000] {logging_mixin.py:151} INFO - [2025-01-24T05:40:34.224+0000] {dag.py:2915} INFO - Sync 1 DAGs
[2025-01-24T05:40:34.235+0000] {logging_mixin.py:151} INFO - [2025-01-24T05:40:34.235+0000] {dag.py:3696} INFO - Setting next_dagrun for example_weekday_branch_operator to 2025-01-23T00:00:00+00:00, run_after=2025-01-24T00:00:00+00:00
[2025-01-24T05:40:34.244+0000] {processor.py:179} INFO - Processing /home/airflow/.local/lib/python3.8/site-packages/airflow/example_dags/example_branch_day_of_week_operator.py took 0.039 seconds
[2025-01-24T05:41:04.960+0000] {processor.py:157} INFO - Started process (PID=438) to work on /home/airflow/.local/lib/python3.8/site-packages/airflow/example_dags/example_branch_day_of_week_operator.py
[2025-01-24T05:41:04.961+0000] {processor.py:829} INFO - Processing file /home/airflow/.local/lib/python3.8/site-packages/airflow/example_dags/example_branch_day_of_week_operator.py for tasks to queue
[2025-01-24T05:41:04.962+0000] {logging_mixin.py:151} INFO - [2025-01-24T05:41:04.961+0000] {dagbag.py:539} INFO - Filling up the DagBag from /home/airflow/.local/lib/python3.8/site-packages/airflow/example_dags/example_branch_day_of_week_operator.py
[2025-01-24T05:41:04.965+0000] {processor.py:839} INFO - DAG(s) dict_keys(['example_weekday_branch_operator']) retrieved from /home/airflow/.local/lib/python3.8/site-packages/airflow/example_dags/example_branch_day_of_week_operator.py
[2025-01-24T05:41:04.978+0000] {logging_mixin.py:151} INFO - [2025-01-24T05:41:04.978+0000] {dag.py:2915} INFO - Sync 1 DAGs
[2025-01-24T05:41:04.989+0000] {logging_mixin.py:151} INFO - [2025-01-24T05:41:04.988+0000] {dag.py:3696} INFO - Setting next_dagrun for example_weekday_branch_operator to 2025-01-23T00:00:00+00:00, run_after=2025-01-24T00:00:00+00:00
[2025-01-24T05:41:04.998+0000] {processor.py:179} INFO - Processing /home/airflow/.local/lib/python3.8/site-packages/airflow/example_dags/example_branch_day_of_week_operator.py took 0.040 seconds
[2025-01-24T05:41:35.699+0000] {processor.py:157} INFO - Started process (PID=492) to work on /home/airflow/.local/lib/python3.8/site-packages/airflow/example_dags/example_branch_day_of_week_operator.py
[2025-01-24T05:41:35.700+0000] {processor.py:829} INFO - Processing file /home/airflow/.local/lib/python3.8/site-packages/airflow/example_dags/example_branch_day_of_week_operator.py for tasks to queue
[2025-01-24T05:41:35.703+0000] {logging_mixin.py:151} INFO - [2025-01-24T05:41:35.702+0000] {dagbag.py:539} INFO - Filling up the DagBag from /home/airflow/.local/lib/python3.8/site-packages/airflow/example_dags/example_branch_day_of_week_operator.py
[2025-01-24T05:41:35.707+0000] {processor.py:839} INFO - DAG(s) dict_keys(['example_weekday_branch_operator']) retrieved from /home/airflow/.local/lib/python3.8/site-packages/airflow/example_dags/example_branch_day_of_week_operator.py
[2025-01-24T05:41:35.718+0000] {logging_mixin.py:151} INFO - [2025-01-24T05:41:35.718+0000] {dag.py:2915} INFO - Sync 1 DAGs
[2025-01-24T05:41:35.729+0000] {logging_mixin.py:151} INFO - [2025-01-24T05:41:35.728+0000] {dag.py:3696} INFO - Setting next_dagrun for example_weekday_branch_operator to 2025-01-23T00:00:00+00:00, run_after=2025-01-24T00:00:00+00:00
[2025-01-24T05:41:35.738+0000] {processor.py:179} INFO - Processing /home/airflow/.local/lib/python3.8/site-packages/airflow/example_dags/example_branch_day_of_week_operator.py took 0.041 seconds
[2025-01-24T05:42:06.363+0000] {processor.py:157} INFO - Started process (PID=545) to work on /home/airflow/.local/lib/python3.8/site-packages/airflow/example_dags/example_branch_day_of_week_operator.py
[2025-01-24T05:42:06.363+0000] {processor.py:829} INFO - Processing file /home/airflow/.local/lib/python3.8/site-packages/airflow/example_dags/example_branch_day_of_week_operator.py for tasks to queue
[2025-01-24T05:42:06.364+0000] {logging_mixin.py:151} INFO - [2025-01-24T05:42:06.364+0000] {dagbag.py:539} INFO - Filling up the DagBag from /home/airflow/.local/lib/python3.8/site-packages/airflow/example_dags/example_branch_day_of_week_operator.py
[2025-01-24T05:42:06.368+0000] {processor.py:839} INFO - DAG(s) dict_keys(['example_weekday_branch_operator']) retrieved from /home/airflow/.local/lib/python3.8/site-packages/airflow/example_dags/example_branch_day_of_week_operator.py
[2025-01-24T05:42:06.378+0000] {logging_mixin.py:151} INFO - [2025-01-24T05:42:06.378+0000] {dag.py:2915} INFO - Sync 1 DAGs
[2025-01-24T05:42:06.388+0000] {logging_mixin.py:151} INFO - [2025-01-24T05:42:06.388+0000] {dag.py:3696} INFO - Setting next_dagrun for example_weekday_branch_operator to 2025-01-23T00:00:00+00:00, run_after=2025-01-24T00:00:00+00:00
[2025-01-24T05:42:06.396+0000] {processor.py:179} INFO - Processing /home/airflow/.local/lib/python3.8/site-packages/airflow/example_dags/example_branch_day_of_week_operator.py took 0.035 seconds
[2025-01-24T05:42:37.132+0000] {processor.py:157} INFO - Started process (PID=599) to work on /home/airflow/.local/lib/python3.8/site-packages/airflow/example_dags/example_branch_day_of_week_operator.py
[2025-01-24T05:42:37.132+0000] {processor.py:829} INFO - Processing file /home/airflow/.local/lib/python3.8/site-packages/airflow/example_dags/example_branch_day_of_week_operator.py for tasks to queue
[2025-01-24T05:42:37.133+0000] {logging_mixin.py:151} INFO - [2025-01-24T05:42:37.133+0000] {dagbag.py:539} INFO - Filling up the DagBag from /home/airflow/.local/lib/python3.8/site-packages/airflow/example_dags/example_branch_day_of_week_operator.py
[2025-01-24T05:42:37.138+0000] {processor.py:839} INFO - DAG(s) dict_keys(['example_weekday_branch_operator']) retrieved from /home/airflow/.local/lib/python3.8/site-packages/airflow/example_dags/example_branch_day_of_week_operator.py
[2025-01-24T05:42:37.150+0000] {logging_mixin.py:151} INFO - [2025-01-24T05:42:37.150+0000] {dag.py:2915} INFO - Sync 1 DAGs
[2025-01-24T05:42:37.162+0000] {logging_mixin.py:151} INFO - [2025-01-24T05:42:37.162+0000] {dag.py:3696} INFO - Setting next_dagrun for example_weekday_branch_operator to 2025-01-23T00:00:00+00:00, run_after=2025-01-24T00:00:00+00:00
[2025-01-24T05:42:37.173+0000] {processor.py:179} INFO - Processing /home/airflow/.local/lib/python3.8/site-packages/airflow/example_dags/example_branch_day_of_week_operator.py took 0.043 seconds
[2025-01-24T05:43:07.756+0000] {processor.py:157} INFO - Started process (PID=653) to work on /home/airflow/.local/lib/python3.8/site-packages/airflow/example_dags/example_branch_day_of_week_operator.py
[2025-01-24T05:43:07.757+0000] {processor.py:829} INFO - Processing file /home/airflow/.local/lib/python3.8/site-packages/airflow/example_dags/example_branch_day_of_week_operator.py for tasks to queue
[2025-01-24T05:43:07.758+0000] {logging_mixin.py:151} INFO - [2025-01-24T05:43:07.758+0000] {dagbag.py:539} INFO - Filling up the DagBag from /home/airflow/.local/lib/python3.8/site-packages/airflow/example_dags/example_branch_day_of_week_operator.py
[2025-01-24T05:43:07.762+0000] {processor.py:839} INFO - DAG(s) dict_keys(['example_weekday_branch_operator']) retrieved from /home/airflow/.local/lib/python3.8/site-packages/airflow/example_dags/example_branch_day_of_week_operator.py
[2025-01-24T05:43:07.775+0000] {logging_mixin.py:151} INFO - [2025-01-24T05:43:07.774+0000] {dag.py:2915} INFO - Sync 1 DAGs
[2025-01-24T05:43:07.787+0000] {logging_mixin.py:151} INFO - [2025-01-24T05:43:07.787+0000] {dag.py:3696} INFO - Setting next_dagrun for example_weekday_branch_operator to 2025-01-23T00:00:00+00:00, run_after=2025-01-24T00:00:00+00:00
[2025-01-24T05:43:07.800+0000] {processor.py:179} INFO - Processing /home/airflow/.local/lib/python3.8/site-packages/airflow/example_dags/example_branch_day_of_week_operator.py took 0.045 seconds
[2025-01-24T05:43:38.585+0000] {processor.py:157} INFO - Started process (PID=706) to work on /home/airflow/.local/lib/python3.8/site-packages/airflow/example_dags/example_branch_day_of_week_operator.py
[2025-01-24T05:43:38.588+0000] {processor.py:829} INFO - Processing file /home/airflow/.local/lib/python3.8/site-packages/airflow/example_dags/example_branch_day_of_week_operator.py for tasks to queue
[2025-01-24T05:43:38.589+0000] {logging_mixin.py:151} INFO - [2025-01-24T05:43:38.589+0000] {dagbag.py:539} INFO - Filling up the DagBag from /home/airflow/.local/lib/python3.8/site-packages/airflow/example_dags/example_branch_day_of_week_operator.py
[2025-01-24T05:43:38.594+0000] {processor.py:839} INFO - DAG(s) dict_keys(['example_weekday_branch_operator']) retrieved from /home/airflow/.local/lib/python3.8/site-packages/airflow/example_dags/example_branch_day_of_week_operator.py
[2025-01-24T05:43:38.605+0000] {logging_mixin.py:151} INFO - [2025-01-24T05:43:38.604+0000] {dag.py:2915} INFO - Sync 1 DAGs
[2025-01-24T05:43:38.615+0000] {logging_mixin.py:151} INFO - [2025-01-24T05:43:38.615+0000] {dag.py:3696} INFO - Setting next_dagrun for example_weekday_branch_operator to 2025-01-23T00:00:00+00:00, run_after=2025-01-24T00:00:00+00:00
[2025-01-24T05:43:38.624+0000] {processor.py:179} INFO - Processing /home/airflow/.local/lib/python3.8/site-packages/airflow/example_dags/example_branch_day_of_week_operator.py took 0.041 seconds
[2025-01-24T05:44:09.275+0000] {processor.py:157} INFO - Started process (PID=760) to work on /home/airflow/.local/lib/python3.8/site-packages/airflow/example_dags/example_branch_day_of_week_operator.py
[2025-01-24T05:44:09.276+0000] {processor.py:829} INFO - Processing file /home/airflow/.local/lib/python3.8/site-packages/airflow/example_dags/example_branch_day_of_week_operator.py for tasks to queue
[2025-01-24T05:44:09.277+0000] {logging_mixin.py:151} INFO - [2025-01-24T05:44:09.277+0000] {dagbag.py:539} INFO - Filling up the DagBag from /home/airflow/.local/lib/python3.8/site-packages/airflow/example_dags/example_branch_day_of_week_operator.py
[2025-01-24T05:44:09.281+0000] {processor.py:839} INFO - DAG(s) dict_keys(['example_weekday_branch_operator']) retrieved from /home/airflow/.local/lib/python3.8/site-packages/airflow/example_dags/example_branch_day_of_week_operator.py
[2025-01-24T05:44:09.293+0000] {logging_mixin.py:151} INFO - [2025-01-24T05:44:09.293+0000] {dag.py:2915} INFO - Sync 1 DAGs
[2025-01-24T05:44:09.303+0000] {logging_mixin.py:151} INFO - [2025-01-24T05:44:09.303+0000] {dag.py:3696} INFO - Setting next_dagrun for example_weekday_branch_operator to 2025-01-23T00:00:00+00:00, run_after=2025-01-24T00:00:00+00:00
[2025-01-24T05:44:09.317+0000] {processor.py:179} INFO - Processing /home/airflow/.local/lib/python3.8/site-packages/airflow/example_dags/example_branch_day_of_week_operator.py took 0.043 seconds
[2025-01-24T05:44:39.455+0000] {processor.py:157} INFO - Started process (PID=814) to work on /home/airflow/.local/lib/python3.8/site-packages/airflow/example_dags/example_branch_day_of_week_operator.py
[2025-01-24T05:44:39.457+0000] {processor.py:829} INFO - Processing file /home/airflow/.local/lib/python3.8/site-packages/airflow/example_dags/example_branch_day_of_week_operator.py for tasks to queue
[2025-01-24T05:44:39.459+0000] {logging_mixin.py:151} INFO - [2025-01-24T05:44:39.459+0000] {dagbag.py:539} INFO - Filling up the DagBag from /home/airflow/.local/lib/python3.8/site-packages/airflow/example_dags/example_branch_day_of_week_operator.py
[2025-01-24T05:44:39.464+0000] {processor.py:839} INFO - DAG(s) dict_keys(['example_weekday_branch_operator']) retrieved from /home/airflow/.local/lib/python3.8/site-packages/airflow/example_dags/example_branch_day_of_week_operator.py
[2025-01-24T05:44:39.477+0000] {logging_mixin.py:151} INFO - [2025-01-24T05:44:39.477+0000] {dag.py:2915} INFO - Sync 1 DAGs
[2025-01-24T05:44:39.490+0000] {logging_mixin.py:151} INFO - [2025-01-24T05:44:39.490+0000] {dag.py:3696} INFO - Setting next_dagrun for example_weekday_branch_operator to 2025-01-23T00:00:00+00:00, run_after=2025-01-24T00:00:00+00:00
[2025-01-24T05:44:39.503+0000] {processor.py:179} INFO - Processing /home/airflow/.local/lib/python3.8/site-packages/airflow/example_dags/example_branch_day_of_week_operator.py took 0.050 seconds
[2025-01-24T05:45:10.167+0000] {processor.py:157} INFO - Started process (PID=868) to work on /home/airflow/.local/lib/python3.8/site-packages/airflow/example_dags/example_branch_day_of_week_operator.py
[2025-01-24T05:45:10.171+0000] {processor.py:829} INFO - Processing file /home/airflow/.local/lib/python3.8/site-packages/airflow/example_dags/example_branch_day_of_week_operator.py for tasks to queue
[2025-01-24T05:45:10.172+0000] {logging_mixin.py:151} INFO - [2025-01-24T05:45:10.172+0000] {dagbag.py:539} INFO - Filling up the DagBag from /home/airflow/.local/lib/python3.8/site-packages/airflow/example_dags/example_branch_day_of_week_operator.py
[2025-01-24T05:45:10.176+0000] {processor.py:839} INFO - DAG(s) dict_keys(['example_weekday_branch_operator']) retrieved from /home/airflow/.local/lib/python3.8/site-packages/airflow/example_dags/example_branch_day_of_week_operator.py
[2025-01-24T05:45:10.192+0000] {logging_mixin.py:151} INFO - [2025-01-24T05:45:10.192+0000] {dag.py:2915} INFO - Sync 1 DAGs
[2025-01-24T05:45:10.205+0000] {logging_mixin.py:151} INFO - [2025-01-24T05:45:10.204+0000] {dag.py:3696} INFO - Setting next_dagrun for example_weekday_branch_operator to 2025-01-23T00:00:00+00:00, run_after=2025-01-24T00:00:00+00:00
[2025-01-24T05:45:10.217+0000] {processor.py:179} INFO - Processing /home/airflow/.local/lib/python3.8/site-packages/airflow/example_dags/example_branch_day_of_week_operator.py took 0.051 seconds
[2025-01-24T05:45:51.559+0000] {processor.py:157} INFO - Started process (PID=52) to work on /home/airflow/.local/lib/python3.8/site-packages/airflow/example_dags/example_branch_day_of_week_operator.py
[2025-01-24T05:45:51.560+0000] {processor.py:829} INFO - Processing file /home/airflow/.local/lib/python3.8/site-packages/airflow/example_dags/example_branch_day_of_week_operator.py for tasks to queue
[2025-01-24T05:45:51.561+0000] {logging_mixin.py:151} INFO - [2025-01-24T05:45:51.561+0000] {dagbag.py:539} INFO - Filling up the DagBag from /home/airflow/.local/lib/python3.8/site-packages/airflow/example_dags/example_branch_day_of_week_operator.py
[2025-01-24T05:45:51.565+0000] {processor.py:839} INFO - DAG(s) dict_keys(['example_weekday_branch_operator']) retrieved from /home/airflow/.local/lib/python3.8/site-packages/airflow/example_dags/example_branch_day_of_week_operator.py
[2025-01-24T05:45:51.575+0000] {logging_mixin.py:151} INFO - [2025-01-24T05:45:51.575+0000] {dag.py:2915} INFO - Sync 1 DAGs
[2025-01-24T05:45:51.591+0000] {logging_mixin.py:151} INFO - [2025-01-24T05:45:51.591+0000] {dag.py:3696} INFO - Setting next_dagrun for example_weekday_branch_operator to 2025-01-23T00:00:00+00:00, run_after=2025-01-24T00:00:00+00:00
[2025-01-24T05:45:51.606+0000] {processor.py:179} INFO - Processing /home/airflow/.local/lib/python3.8/site-packages/airflow/example_dags/example_branch_day_of_week_operator.py took 0.048 seconds
[2025-01-24T05:46:22.158+0000] {processor.py:157} INFO - Started process (PID=106) to work on /home/airflow/.local/lib/python3.8/site-packages/airflow/example_dags/example_branch_day_of_week_operator.py
[2025-01-24T05:46:22.159+0000] {processor.py:829} INFO - Processing file /home/airflow/.local/lib/python3.8/site-packages/airflow/example_dags/example_branch_day_of_week_operator.py for tasks to queue
[2025-01-24T05:46:22.160+0000] {logging_mixin.py:151} INFO - [2025-01-24T05:46:22.160+0000] {dagbag.py:539} INFO - Filling up the DagBag from /home/airflow/.local/lib/python3.8/site-packages/airflow/example_dags/example_branch_day_of_week_operator.py
[2025-01-24T05:46:22.164+0000] {processor.py:839} INFO - DAG(s) dict_keys(['example_weekday_branch_operator']) retrieved from /home/airflow/.local/lib/python3.8/site-packages/airflow/example_dags/example_branch_day_of_week_operator.py
[2025-01-24T05:46:22.178+0000] {logging_mixin.py:151} INFO - [2025-01-24T05:46:22.178+0000] {dag.py:2915} INFO - Sync 1 DAGs
[2025-01-24T05:46:22.193+0000] {logging_mixin.py:151} INFO - [2025-01-24T05:46:22.192+0000] {dag.py:3696} INFO - Setting next_dagrun for example_weekday_branch_operator to 2025-01-23T00:00:00+00:00, run_after=2025-01-24T00:00:00+00:00
[2025-01-24T05:46:22.202+0000] {processor.py:179} INFO - Processing /home/airflow/.local/lib/python3.8/site-packages/airflow/example_dags/example_branch_day_of_week_operator.py took 0.046 seconds
[2025-01-24T05:46:52.801+0000] {processor.py:157} INFO - Started process (PID=160) to work on /home/airflow/.local/lib/python3.8/site-packages/airflow/example_dags/example_branch_day_of_week_operator.py
[2025-01-24T05:46:52.805+0000] {processor.py:829} INFO - Processing file /home/airflow/.local/lib/python3.8/site-packages/airflow/example_dags/example_branch_day_of_week_operator.py for tasks to queue
[2025-01-24T05:46:52.806+0000] {logging_mixin.py:151} INFO - [2025-01-24T05:46:52.806+0000] {dagbag.py:539} INFO - Filling up the DagBag from /home/airflow/.local/lib/python3.8/site-packages/airflow/example_dags/example_branch_day_of_week_operator.py
[2025-01-24T05:46:52.811+0000] {processor.py:839} INFO - DAG(s) dict_keys(['example_weekday_branch_operator']) retrieved from /home/airflow/.local/lib/python3.8/site-packages/airflow/example_dags/example_branch_day_of_week_operator.py
[2025-01-24T05:46:52.822+0000] {logging_mixin.py:151} INFO - [2025-01-24T05:46:52.822+0000] {dag.py:2915} INFO - Sync 1 DAGs
[2025-01-24T05:46:52.837+0000] {logging_mixin.py:151} INFO - [2025-01-24T05:46:52.837+0000] {dag.py:3696} INFO - Setting next_dagrun for example_weekday_branch_operator to 2025-01-23T00:00:00+00:00, run_after=2025-01-24T00:00:00+00:00
[2025-01-24T05:46:52.846+0000] {processor.py:179} INFO - Processing /home/airflow/.local/lib/python3.8/site-packages/airflow/example_dags/example_branch_day_of_week_operator.py took 0.047 seconds
[2025-01-24T05:47:23.473+0000] {processor.py:157} INFO - Started process (PID=214) to work on /home/airflow/.local/lib/python3.8/site-packages/airflow/example_dags/example_branch_day_of_week_operator.py
[2025-01-24T05:47:23.474+0000] {processor.py:829} INFO - Processing file /home/airflow/.local/lib/python3.8/site-packages/airflow/example_dags/example_branch_day_of_week_operator.py for tasks to queue
[2025-01-24T05:47:23.476+0000] {logging_mixin.py:151} INFO - [2025-01-24T05:47:23.475+0000] {dagbag.py:539} INFO - Filling up the DagBag from /home/airflow/.local/lib/python3.8/site-packages/airflow/example_dags/example_branch_day_of_week_operator.py
[2025-01-24T05:47:23.484+0000] {processor.py:839} INFO - DAG(s) dict_keys(['example_weekday_branch_operator']) retrieved from /home/airflow/.local/lib/python3.8/site-packages/airflow/example_dags/example_branch_day_of_week_operator.py
[2025-01-24T05:47:23.496+0000] {logging_mixin.py:151} INFO - [2025-01-24T05:47:23.496+0000] {dag.py:2915} INFO - Sync 1 DAGs
[2025-01-24T05:47:23.508+0000] {logging_mixin.py:151} INFO - [2025-01-24T05:47:23.508+0000] {dag.py:3696} INFO - Setting next_dagrun for example_weekday_branch_operator to 2025-01-23T00:00:00+00:00, run_after=2025-01-24T00:00:00+00:00
[2025-01-24T05:47:23.519+0000] {processor.py:179} INFO - Processing /home/airflow/.local/lib/python3.8/site-packages/airflow/example_dags/example_branch_day_of_week_operator.py took 0.047 seconds
[2025-01-24T05:47:54.237+0000] {processor.py:157} INFO - Started process (PID=268) to work on /home/airflow/.local/lib/python3.8/site-packages/airflow/example_dags/example_branch_day_of_week_operator.py
[2025-01-24T05:47:54.238+0000] {processor.py:829} INFO - Processing file /home/airflow/.local/lib/python3.8/site-packages/airflow/example_dags/example_branch_day_of_week_operator.py for tasks to queue
[2025-01-24T05:47:54.242+0000] {logging_mixin.py:151} INFO - [2025-01-24T05:47:54.242+0000] {dagbag.py:539} INFO - Filling up the DagBag from /home/airflow/.local/lib/python3.8/site-packages/airflow/example_dags/example_branch_day_of_week_operator.py
[2025-01-24T05:47:54.247+0000] {processor.py:839} INFO - DAG(s) dict_keys(['example_weekday_branch_operator']) retrieved from /home/airflow/.local/lib/python3.8/site-packages/airflow/example_dags/example_branch_day_of_week_operator.py
[2025-01-24T05:47:54.258+0000] {logging_mixin.py:151} INFO - [2025-01-24T05:47:54.258+0000] {dag.py:2915} INFO - Sync 1 DAGs
[2025-01-24T05:47:54.269+0000] {logging_mixin.py:151} INFO - [2025-01-24T05:47:54.269+0000] {dag.py:3696} INFO - Setting next_dagrun for example_weekday_branch_operator to 2025-01-23T00:00:00+00:00, run_after=2025-01-24T00:00:00+00:00
[2025-01-24T05:47:54.279+0000] {processor.py:179} INFO - Processing /home/airflow/.local/lib/python3.8/site-packages/airflow/example_dags/example_branch_day_of_week_operator.py took 0.043 seconds
