[2025-01-24T05:37:30.081+0000] {processor.py:157} INFO - Started process (PID=47) to work on /home/airflow/.local/lib/python3.8/site-packages/airflow/example_dags/example_branch_python_dop_operator_3.py
[2025-01-24T05:37:30.081+0000] {processor.py:829} INFO - Processing file /home/airflow/.local/lib/python3.8/site-packages/airflow/example_dags/example_branch_python_dop_operator_3.py for tasks to queue
[2025-01-24T05:37:30.082+0000] {logging_mixin.py:151} INFO - [2025-01-24T05:37:30.082+0000] {dagbag.py:539} INFO - Filling up the DagBag from /home/airflow/.local/lib/python3.8/site-packages/airflow/example_dags/example_branch_python_dop_operator_3.py
[2025-01-24T05:37:30.089+0000] {processor.py:839} INFO - DAG(s) dict_keys(['example_branch_dop_operator_v3']) retrieved from /home/airflow/.local/lib/python3.8/site-packages/airflow/example_dags/example_branch_python_dop_operator_3.py
[2025-01-24T05:37:30.099+0000] {logging_mixin.py:151} INFO - [2025-01-24T05:37:30.099+0000] {dag.py:2915} INFO - Sync 1 DAGs
[2025-01-24T05:37:30.118+0000] {logging_mixin.py:151} INFO - [2025-01-24T05:37:30.118+0000] {dag.py:3696} INFO - Setting next_dagrun for example_branch_dop_operator_v3 to 2025-01-24T05:36:00+00:00, run_after=2025-01-24T05:37:00+00:00
[2025-01-24T05:37:30.135+0000] {processor.py:179} INFO - Processing /home/airflow/.local/lib/python3.8/site-packages/airflow/example_dags/example_branch_python_dop_operator_3.py took 0.056 seconds
[2025-01-24T05:38:00.379+0000] {processor.py:157} INFO - Started process (PID=101) to work on /home/airflow/.local/lib/python3.8/site-packages/airflow/example_dags/example_branch_python_dop_operator_3.py
[2025-01-24T05:38:00.380+0000] {processor.py:829} INFO - Processing file /home/airflow/.local/lib/python3.8/site-packages/airflow/example_dags/example_branch_python_dop_operator_3.py for tasks to queue
[2025-01-24T05:38:00.381+0000] {logging_mixin.py:151} INFO - [2025-01-24T05:38:00.381+0000] {dagbag.py:539} INFO - Filling up the DagBag from /home/airflow/.local/lib/python3.8/site-packages/airflow/example_dags/example_branch_python_dop_operator_3.py
[2025-01-24T05:38:00.386+0000] {processor.py:839} INFO - DAG(s) dict_keys(['example_branch_dop_operator_v3']) retrieved from /home/airflow/.local/lib/python3.8/site-packages/airflow/example_dags/example_branch_python_dop_operator_3.py
[2025-01-24T05:38:00.401+0000] {logging_mixin.py:151} INFO - [2025-01-24T05:38:00.401+0000] {dag.py:2915} INFO - Sync 1 DAGs
[2025-01-24T05:38:00.414+0000] {logging_mixin.py:151} INFO - [2025-01-24T05:38:00.414+0000] {dag.py:3696} INFO - Setting next_dagrun for example_branch_dop_operator_v3 to 2025-01-24T05:37:00+00:00, run_after=2025-01-24T05:38:00+00:00
[2025-01-24T05:38:00.429+0000] {processor.py:179} INFO - Processing /home/airflow/.local/lib/python3.8/site-packages/airflow/example_dags/example_branch_python_dop_operator_3.py took 0.051 seconds
[2025-01-24T05:38:31.144+0000] {processor.py:157} INFO - Started process (PID=155) to work on /home/airflow/.local/lib/python3.8/site-packages/airflow/example_dags/example_branch_python_dop_operator_3.py
[2025-01-24T05:38:31.145+0000] {processor.py:829} INFO - Processing file /home/airflow/.local/lib/python3.8/site-packages/airflow/example_dags/example_branch_python_dop_operator_3.py for tasks to queue
[2025-01-24T05:38:31.147+0000] {logging_mixin.py:151} INFO - [2025-01-24T05:38:31.146+0000] {dagbag.py:539} INFO - Filling up the DagBag from /home/airflow/.local/lib/python3.8/site-packages/airflow/example_dags/example_branch_python_dop_operator_3.py
[2025-01-24T05:38:31.152+0000] {processor.py:839} INFO - DAG(s) dict_keys(['example_branch_dop_operator_v3']) retrieved from /home/airflow/.local/lib/python3.8/site-packages/airflow/example_dags/example_branch_python_dop_operator_3.py
[2025-01-24T05:38:31.163+0000] {logging_mixin.py:151} INFO - [2025-01-24T05:38:31.163+0000] {dag.py:2915} INFO - Sync 1 DAGs
[2025-01-24T05:38:31.178+0000] {logging_mixin.py:151} INFO - [2025-01-24T05:38:31.178+0000] {dag.py:3696} INFO - Setting next_dagrun for example_branch_dop_operator_v3 to 2025-01-24T05:37:00+00:00, run_after=2025-01-24T05:38:00+00:00
[2025-01-24T05:38:31.192+0000] {processor.py:179} INFO - Processing /home/airflow/.local/lib/python3.8/site-packages/airflow/example_dags/example_branch_python_dop_operator_3.py took 0.049 seconds
[2025-01-24T05:39:01.957+0000] {processor.py:157} INFO - Started process (PID=208) to work on /home/airflow/.local/lib/python3.8/site-packages/airflow/example_dags/example_branch_python_dop_operator_3.py
[2025-01-24T05:39:01.957+0000] {processor.py:829} INFO - Processing file /home/airflow/.local/lib/python3.8/site-packages/airflow/example_dags/example_branch_python_dop_operator_3.py for tasks to queue
[2025-01-24T05:39:01.959+0000] {logging_mixin.py:151} INFO - [2025-01-24T05:39:01.959+0000] {dagbag.py:539} INFO - Filling up the DagBag from /home/airflow/.local/lib/python3.8/site-packages/airflow/example_dags/example_branch_python_dop_operator_3.py
[2025-01-24T05:39:01.964+0000] {processor.py:839} INFO - DAG(s) dict_keys(['example_branch_dop_operator_v3']) retrieved from /home/airflow/.local/lib/python3.8/site-packages/airflow/example_dags/example_branch_python_dop_operator_3.py
[2025-01-24T05:39:01.979+0000] {logging_mixin.py:151} INFO - [2025-01-24T05:39:01.979+0000] {dag.py:2915} INFO - Sync 1 DAGs
[2025-01-24T05:39:01.994+0000] {logging_mixin.py:151} INFO - [2025-01-24T05:39:01.994+0000] {dag.py:3696} INFO - Setting next_dagrun for example_branch_dop_operator_v3 to 2025-01-24T05:38:00+00:00, run_after=2025-01-24T05:39:00+00:00
[2025-01-24T05:39:02.006+0000] {processor.py:179} INFO - Processing /home/airflow/.local/lib/python3.8/site-packages/airflow/example_dags/example_branch_python_dop_operator_3.py took 0.051 seconds
[2025-01-24T05:39:32.119+0000] {processor.py:157} INFO - Started process (PID=262) to work on /home/airflow/.local/lib/python3.8/site-packages/airflow/example_dags/example_branch_python_dop_operator_3.py
[2025-01-24T05:39:32.119+0000] {processor.py:829} INFO - Processing file /home/airflow/.local/lib/python3.8/site-packages/airflow/example_dags/example_branch_python_dop_operator_3.py for tasks to queue
[2025-01-24T05:39:32.120+0000] {logging_mixin.py:151} INFO - [2025-01-24T05:39:32.120+0000] {dagbag.py:539} INFO - Filling up the DagBag from /home/airflow/.local/lib/python3.8/site-packages/airflow/example_dags/example_branch_python_dop_operator_3.py
[2025-01-24T05:39:32.125+0000] {processor.py:839} INFO - DAG(s) dict_keys(['example_branch_dop_operator_v3']) retrieved from /home/airflow/.local/lib/python3.8/site-packages/airflow/example_dags/example_branch_python_dop_operator_3.py
[2025-01-24T05:39:32.137+0000] {logging_mixin.py:151} INFO - [2025-01-24T05:39:32.136+0000] {dag.py:2915} INFO - Sync 1 DAGs
[2025-01-24T05:39:32.148+0000] {logging_mixin.py:151} INFO - [2025-01-24T05:39:32.148+0000] {dag.py:3696} INFO - Setting next_dagrun for example_branch_dop_operator_v3 to 2025-01-24T05:38:00+00:00, run_after=2025-01-24T05:39:00+00:00
[2025-01-24T05:39:32.157+0000] {processor.py:179} INFO - Processing /home/airflow/.local/lib/python3.8/site-packages/airflow/example_dags/example_branch_python_dop_operator_3.py took 0.040 seconds
[2025-01-24T05:40:02.171+0000] {processor.py:157} INFO - Started process (PID=316) to work on /home/airflow/.local/lib/python3.8/site-packages/airflow/example_dags/example_branch_python_dop_operator_3.py
[2025-01-24T05:40:02.173+0000] {processor.py:829} INFO - Processing file /home/airflow/.local/lib/python3.8/site-packages/airflow/example_dags/example_branch_python_dop_operator_3.py for tasks to queue
[2025-01-24T05:40:02.174+0000] {logging_mixin.py:151} INFO - [2025-01-24T05:40:02.174+0000] {dagbag.py:539} INFO - Filling up the DagBag from /home/airflow/.local/lib/python3.8/site-packages/airflow/example_dags/example_branch_python_dop_operator_3.py
[2025-01-24T05:40:02.179+0000] {processor.py:839} INFO - DAG(s) dict_keys(['example_branch_dop_operator_v3']) retrieved from /home/airflow/.local/lib/python3.8/site-packages/airflow/example_dags/example_branch_python_dop_operator_3.py
[2025-01-24T05:40:02.191+0000] {logging_mixin.py:151} INFO - [2025-01-24T05:40:02.191+0000] {dag.py:2915} INFO - Sync 1 DAGs
[2025-01-24T05:40:02.203+0000] {logging_mixin.py:151} INFO - [2025-01-24T05:40:02.203+0000] {dag.py:3696} INFO - Setting next_dagrun for example_branch_dop_operator_v3 to 2025-01-24T05:39:00+00:00, run_after=2025-01-24T05:40:00+00:00
[2025-01-24T05:40:02.216+0000] {processor.py:179} INFO - Processing /home/airflow/.local/lib/python3.8/site-packages/airflow/example_dags/example_branch_python_dop_operator_3.py took 0.046 seconds
[2025-01-24T05:40:32.937+0000] {processor.py:157} INFO - Started process (PID=370) to work on /home/airflow/.local/lib/python3.8/site-packages/airflow/example_dags/example_branch_python_dop_operator_3.py
[2025-01-24T05:40:32.938+0000] {processor.py:829} INFO - Processing file /home/airflow/.local/lib/python3.8/site-packages/airflow/example_dags/example_branch_python_dop_operator_3.py for tasks to queue
[2025-01-24T05:40:32.939+0000] {logging_mixin.py:151} INFO - [2025-01-24T05:40:32.939+0000] {dagbag.py:539} INFO - Filling up the DagBag from /home/airflow/.local/lib/python3.8/site-packages/airflow/example_dags/example_branch_python_dop_operator_3.py
[2025-01-24T05:40:32.944+0000] {processor.py:839} INFO - DAG(s) dict_keys(['example_branch_dop_operator_v3']) retrieved from /home/airflow/.local/lib/python3.8/site-packages/airflow/example_dags/example_branch_python_dop_operator_3.py
[2025-01-24T05:40:32.954+0000] {logging_mixin.py:151} INFO - [2025-01-24T05:40:32.954+0000] {dag.py:2915} INFO - Sync 1 DAGs
[2025-01-24T05:40:32.971+0000] {logging_mixin.py:151} INFO - [2025-01-24T05:40:32.971+0000] {dag.py:3696} INFO - Setting next_dagrun for example_branch_dop_operator_v3 to 2025-01-24T05:39:00+00:00, run_after=2025-01-24T05:40:00+00:00
[2025-01-24T05:40:32.981+0000] {processor.py:179} INFO - Processing /home/airflow/.local/lib/python3.8/site-packages/airflow/example_dags/example_branch_python_dop_operator_3.py took 0.045 seconds
[2025-01-24T05:41:03.668+0000] {processor.py:157} INFO - Started process (PID=424) to work on /home/airflow/.local/lib/python3.8/site-packages/airflow/example_dags/example_branch_python_dop_operator_3.py
[2025-01-24T05:41:03.668+0000] {processor.py:829} INFO - Processing file /home/airflow/.local/lib/python3.8/site-packages/airflow/example_dags/example_branch_python_dop_operator_3.py for tasks to queue
[2025-01-24T05:41:03.670+0000] {logging_mixin.py:151} INFO - [2025-01-24T05:41:03.670+0000] {dagbag.py:539} INFO - Filling up the DagBag from /home/airflow/.local/lib/python3.8/site-packages/airflow/example_dags/example_branch_python_dop_operator_3.py
[2025-01-24T05:41:03.674+0000] {processor.py:839} INFO - DAG(s) dict_keys(['example_branch_dop_operator_v3']) retrieved from /home/airflow/.local/lib/python3.8/site-packages/airflow/example_dags/example_branch_python_dop_operator_3.py
[2025-01-24T05:41:03.684+0000] {logging_mixin.py:151} INFO - [2025-01-24T05:41:03.684+0000] {dag.py:2915} INFO - Sync 1 DAGs
[2025-01-24T05:41:03.696+0000] {logging_mixin.py:151} INFO - [2025-01-24T05:41:03.696+0000] {dag.py:3696} INFO - Setting next_dagrun for example_branch_dop_operator_v3 to 2025-01-24T05:40:00+00:00, run_after=2025-01-24T05:41:00+00:00
[2025-01-24T05:41:03.706+0000] {processor.py:179} INFO - Processing /home/airflow/.local/lib/python3.8/site-packages/airflow/example_dags/example_branch_python_dop_operator_3.py took 0.040 seconds
[2025-01-24T05:41:34.487+0000] {processor.py:157} INFO - Started process (PID=485) to work on /home/airflow/.local/lib/python3.8/site-packages/airflow/example_dags/example_branch_python_dop_operator_3.py
[2025-01-24T05:41:34.488+0000] {processor.py:829} INFO - Processing file /home/airflow/.local/lib/python3.8/site-packages/airflow/example_dags/example_branch_python_dop_operator_3.py for tasks to queue
[2025-01-24T05:41:34.489+0000] {logging_mixin.py:151} INFO - [2025-01-24T05:41:34.489+0000] {dagbag.py:539} INFO - Filling up the DagBag from /home/airflow/.local/lib/python3.8/site-packages/airflow/example_dags/example_branch_python_dop_operator_3.py
[2025-01-24T05:41:34.493+0000] {processor.py:839} INFO - DAG(s) dict_keys(['example_branch_dop_operator_v3']) retrieved from /home/airflow/.local/lib/python3.8/site-packages/airflow/example_dags/example_branch_python_dop_operator_3.py
[2025-01-24T05:41:34.503+0000] {logging_mixin.py:151} INFO - [2025-01-24T05:41:34.503+0000] {dag.py:2915} INFO - Sync 1 DAGs
[2025-01-24T05:41:34.514+0000] {logging_mixin.py:151} INFO - [2025-01-24T05:41:34.514+0000] {dag.py:3696} INFO - Setting next_dagrun for example_branch_dop_operator_v3 to 2025-01-24T05:40:00+00:00, run_after=2025-01-24T05:41:00+00:00
[2025-01-24T05:41:34.521+0000] {processor.py:179} INFO - Processing /home/airflow/.local/lib/python3.8/site-packages/airflow/example_dags/example_branch_python_dop_operator_3.py took 0.036 seconds
[2025-01-24T05:42:05.166+0000] {processor.py:157} INFO - Started process (PID=538) to work on /home/airflow/.local/lib/python3.8/site-packages/airflow/example_dags/example_branch_python_dop_operator_3.py
[2025-01-24T05:42:05.166+0000] {processor.py:829} INFO - Processing file /home/airflow/.local/lib/python3.8/site-packages/airflow/example_dags/example_branch_python_dop_operator_3.py for tasks to queue
[2025-01-24T05:42:05.167+0000] {logging_mixin.py:151} INFO - [2025-01-24T05:42:05.167+0000] {dagbag.py:539} INFO - Filling up the DagBag from /home/airflow/.local/lib/python3.8/site-packages/airflow/example_dags/example_branch_python_dop_operator_3.py
[2025-01-24T05:42:05.171+0000] {processor.py:839} INFO - DAG(s) dict_keys(['example_branch_dop_operator_v3']) retrieved from /home/airflow/.local/lib/python3.8/site-packages/airflow/example_dags/example_branch_python_dop_operator_3.py
[2025-01-24T05:42:05.181+0000] {logging_mixin.py:151} INFO - [2025-01-24T05:42:05.181+0000] {dag.py:2915} INFO - Sync 1 DAGs
[2025-01-24T05:42:05.192+0000] {logging_mixin.py:151} INFO - [2025-01-24T05:42:05.192+0000] {dag.py:3696} INFO - Setting next_dagrun for example_branch_dop_operator_v3 to 2025-01-24T05:41:00+00:00, run_after=2025-01-24T05:42:00+00:00
[2025-01-24T05:42:05.200+0000] {processor.py:179} INFO - Processing /home/airflow/.local/lib/python3.8/site-packages/airflow/example_dags/example_branch_python_dop_operator_3.py took 0.035 seconds
[2025-01-24T05:42:35.920+0000] {processor.py:157} INFO - Started process (PID=592) to work on /home/airflow/.local/lib/python3.8/site-packages/airflow/example_dags/example_branch_python_dop_operator_3.py
[2025-01-24T05:42:35.921+0000] {processor.py:829} INFO - Processing file /home/airflow/.local/lib/python3.8/site-packages/airflow/example_dags/example_branch_python_dop_operator_3.py for tasks to queue
[2025-01-24T05:42:35.922+0000] {logging_mixin.py:151} INFO - [2025-01-24T05:42:35.922+0000] {dagbag.py:539} INFO - Filling up the DagBag from /home/airflow/.local/lib/python3.8/site-packages/airflow/example_dags/example_branch_python_dop_operator_3.py
[2025-01-24T05:42:35.926+0000] {processor.py:839} INFO - DAG(s) dict_keys(['example_branch_dop_operator_v3']) retrieved from /home/airflow/.local/lib/python3.8/site-packages/airflow/example_dags/example_branch_python_dop_operator_3.py
[2025-01-24T05:42:35.936+0000] {logging_mixin.py:151} INFO - [2025-01-24T05:42:35.935+0000] {dag.py:2915} INFO - Sync 1 DAGs
[2025-01-24T05:42:35.946+0000] {logging_mixin.py:151} INFO - [2025-01-24T05:42:35.946+0000] {dag.py:3696} INFO - Setting next_dagrun for example_branch_dop_operator_v3 to 2025-01-24T05:41:00+00:00, run_after=2025-01-24T05:42:00+00:00
[2025-01-24T05:42:35.954+0000] {processor.py:179} INFO - Processing /home/airflow/.local/lib/python3.8/site-packages/airflow/example_dags/example_branch_python_dop_operator_3.py took 0.035 seconds
[2025-01-24T05:43:06.545+0000] {processor.py:157} INFO - Started process (PID=646) to work on /home/airflow/.local/lib/python3.8/site-packages/airflow/example_dags/example_branch_python_dop_operator_3.py
[2025-01-24T05:43:06.545+0000] {processor.py:829} INFO - Processing file /home/airflow/.local/lib/python3.8/site-packages/airflow/example_dags/example_branch_python_dop_operator_3.py for tasks to queue
[2025-01-24T05:43:06.546+0000] {logging_mixin.py:151} INFO - [2025-01-24T05:43:06.546+0000] {dagbag.py:539} INFO - Filling up the DagBag from /home/airflow/.local/lib/python3.8/site-packages/airflow/example_dags/example_branch_python_dop_operator_3.py
[2025-01-24T05:43:06.551+0000] {processor.py:839} INFO - DAG(s) dict_keys(['example_branch_dop_operator_v3']) retrieved from /home/airflow/.local/lib/python3.8/site-packages/airflow/example_dags/example_branch_python_dop_operator_3.py
[2025-01-24T05:43:06.562+0000] {logging_mixin.py:151} INFO - [2025-01-24T05:43:06.561+0000] {dag.py:2915} INFO - Sync 1 DAGs
[2025-01-24T05:43:06.573+0000] {logging_mixin.py:151} INFO - [2025-01-24T05:43:06.573+0000] {dag.py:3696} INFO - Setting next_dagrun for example_branch_dop_operator_v3 to 2025-01-24T05:42:00+00:00, run_after=2025-01-24T05:43:00+00:00
[2025-01-24T05:43:06.581+0000] {processor.py:179} INFO - Processing /home/airflow/.local/lib/python3.8/site-packages/airflow/example_dags/example_branch_python_dop_operator_3.py took 0.038 seconds
[2025-01-24T05:43:37.336+0000] {processor.py:157} INFO - Started process (PID=699) to work on /home/airflow/.local/lib/python3.8/site-packages/airflow/example_dags/example_branch_python_dop_operator_3.py
[2025-01-24T05:43:37.336+0000] {processor.py:829} INFO - Processing file /home/airflow/.local/lib/python3.8/site-packages/airflow/example_dags/example_branch_python_dop_operator_3.py for tasks to queue
[2025-01-24T05:43:37.338+0000] {logging_mixin.py:151} INFO - [2025-01-24T05:43:37.338+0000] {dagbag.py:539} INFO - Filling up the DagBag from /home/airflow/.local/lib/python3.8/site-packages/airflow/example_dags/example_branch_python_dop_operator_3.py
[2025-01-24T05:43:37.342+0000] {processor.py:839} INFO - DAG(s) dict_keys(['example_branch_dop_operator_v3']) retrieved from /home/airflow/.local/lib/python3.8/site-packages/airflow/example_dags/example_branch_python_dop_operator_3.py
[2025-01-24T05:43:37.355+0000] {logging_mixin.py:151} INFO - [2025-01-24T05:43:37.355+0000] {dag.py:2915} INFO - Sync 1 DAGs
[2025-01-24T05:43:37.368+0000] {logging_mixin.py:151} INFO - [2025-01-24T05:43:37.368+0000] {dag.py:3696} INFO - Setting next_dagrun for example_branch_dop_operator_v3 to 2025-01-24T05:42:00+00:00, run_after=2025-01-24T05:43:00+00:00
[2025-01-24T05:43:37.380+0000] {processor.py:179} INFO - Processing /home/airflow/.local/lib/python3.8/site-packages/airflow/example_dags/example_branch_python_dop_operator_3.py took 0.046 seconds
[2025-01-24T05:44:08.041+0000] {processor.py:157} INFO - Started process (PID=753) to work on /home/airflow/.local/lib/python3.8/site-packages/airflow/example_dags/example_branch_python_dop_operator_3.py
[2025-01-24T05:44:08.043+0000] {processor.py:829} INFO - Processing file /home/airflow/.local/lib/python3.8/site-packages/airflow/example_dags/example_branch_python_dop_operator_3.py for tasks to queue
[2025-01-24T05:44:08.044+0000] {logging_mixin.py:151} INFO - [2025-01-24T05:44:08.044+0000] {dagbag.py:539} INFO - Filling up the DagBag from /home/airflow/.local/lib/python3.8/site-packages/airflow/example_dags/example_branch_python_dop_operator_3.py
[2025-01-24T05:44:08.049+0000] {processor.py:839} INFO - DAG(s) dict_keys(['example_branch_dop_operator_v3']) retrieved from /home/airflow/.local/lib/python3.8/site-packages/airflow/example_dags/example_branch_python_dop_operator_3.py
[2025-01-24T05:44:08.060+0000] {logging_mixin.py:151} INFO - [2025-01-24T05:44:08.060+0000] {dag.py:2915} INFO - Sync 1 DAGs
[2025-01-24T05:44:08.072+0000] {logging_mixin.py:151} INFO - [2025-01-24T05:44:08.072+0000] {dag.py:3696} INFO - Setting next_dagrun for example_branch_dop_operator_v3 to 2025-01-24T05:43:00+00:00, run_after=2025-01-24T05:44:00+00:00
[2025-01-24T05:44:08.082+0000] {processor.py:179} INFO - Processing /home/airflow/.local/lib/python3.8/site-packages/airflow/example_dags/example_branch_python_dop_operator_3.py took 0.043 seconds
[2025-01-24T05:44:38.216+0000] {processor.py:157} INFO - Started process (PID=807) to work on /home/airflow/.local/lib/python3.8/site-packages/airflow/example_dags/example_branch_python_dop_operator_3.py
[2025-01-24T05:44:38.217+0000] {processor.py:829} INFO - Processing file /home/airflow/.local/lib/python3.8/site-packages/airflow/example_dags/example_branch_python_dop_operator_3.py for tasks to queue
[2025-01-24T05:44:38.218+0000] {logging_mixin.py:151} INFO - [2025-01-24T05:44:38.218+0000] {dagbag.py:539} INFO - Filling up the DagBag from /home/airflow/.local/lib/python3.8/site-packages/airflow/example_dags/example_branch_python_dop_operator_3.py
[2025-01-24T05:44:38.223+0000] {processor.py:839} INFO - DAG(s) dict_keys(['example_branch_dop_operator_v3']) retrieved from /home/airflow/.local/lib/python3.8/site-packages/airflow/example_dags/example_branch_python_dop_operator_3.py
[2025-01-24T05:44:38.233+0000] {logging_mixin.py:151} INFO - [2025-01-24T05:44:38.233+0000] {dag.py:2915} INFO - Sync 1 DAGs
[2025-01-24T05:44:38.245+0000] {logging_mixin.py:151} INFO - [2025-01-24T05:44:38.245+0000] {dag.py:3696} INFO - Setting next_dagrun for example_branch_dop_operator_v3 to 2025-01-24T05:43:00+00:00, run_after=2025-01-24T05:44:00+00:00
[2025-01-24T05:44:38.254+0000] {processor.py:179} INFO - Processing /home/airflow/.local/lib/python3.8/site-packages/airflow/example_dags/example_branch_python_dop_operator_3.py took 0.039 seconds
[2025-01-24T05:45:08.945+0000] {processor.py:157} INFO - Started process (PID=861) to work on /home/airflow/.local/lib/python3.8/site-packages/airflow/example_dags/example_branch_python_dop_operator_3.py
[2025-01-24T05:45:08.946+0000] {processor.py:829} INFO - Processing file /home/airflow/.local/lib/python3.8/site-packages/airflow/example_dags/example_branch_python_dop_operator_3.py for tasks to queue
[2025-01-24T05:45:08.947+0000] {logging_mixin.py:151} INFO - [2025-01-24T05:45:08.947+0000] {dagbag.py:539} INFO - Filling up the DagBag from /home/airflow/.local/lib/python3.8/site-packages/airflow/example_dags/example_branch_python_dop_operator_3.py
[2025-01-24T05:45:08.951+0000] {processor.py:839} INFO - DAG(s) dict_keys(['example_branch_dop_operator_v3']) retrieved from /home/airflow/.local/lib/python3.8/site-packages/airflow/example_dags/example_branch_python_dop_operator_3.py
[2025-01-24T05:45:08.961+0000] {logging_mixin.py:151} INFO - [2025-01-24T05:45:08.961+0000] {dag.py:2915} INFO - Sync 1 DAGs
[2025-01-24T05:45:08.972+0000] {logging_mixin.py:151} INFO - [2025-01-24T05:45:08.972+0000] {dag.py:3696} INFO - Setting next_dagrun for example_branch_dop_operator_v3 to 2025-01-24T05:44:00+00:00, run_after=2025-01-24T05:45:00+00:00
[2025-01-24T05:45:08.980+0000] {processor.py:179} INFO - Processing /home/airflow/.local/lib/python3.8/site-packages/airflow/example_dags/example_branch_python_dop_operator_3.py took 0.036 seconds
[2025-01-24T05:45:51.283+0000] {processor.py:157} INFO - Started process (PID=45) to work on /home/airflow/.local/lib/python3.8/site-packages/airflow/example_dags/example_branch_python_dop_operator_3.py
[2025-01-24T05:45:51.283+0000] {processor.py:829} INFO - Processing file /home/airflow/.local/lib/python3.8/site-packages/airflow/example_dags/example_branch_python_dop_operator_3.py for tasks to queue
[2025-01-24T05:45:51.285+0000] {logging_mixin.py:151} INFO - [2025-01-24T05:45:51.285+0000] {dagbag.py:539} INFO - Filling up the DagBag from /home/airflow/.local/lib/python3.8/site-packages/airflow/example_dags/example_branch_python_dop_operator_3.py
[2025-01-24T05:45:51.292+0000] {processor.py:839} INFO - DAG(s) dict_keys(['example_branch_dop_operator_v3']) retrieved from /home/airflow/.local/lib/python3.8/site-packages/airflow/example_dags/example_branch_python_dop_operator_3.py
[2025-01-24T05:45:51.300+0000] {logging_mixin.py:151} INFO - [2025-01-24T05:45:51.300+0000] {dag.py:2915} INFO - Sync 1 DAGs
[2025-01-24T05:45:51.317+0000] {logging_mixin.py:151} INFO - [2025-01-24T05:45:51.317+0000] {dag.py:3696} INFO - Setting next_dagrun for example_branch_dop_operator_v3 to 2025-01-24T05:44:00+00:00, run_after=2025-01-24T05:45:00+00:00
[2025-01-24T05:45:51.350+0000] {processor.py:179} INFO - Processing /home/airflow/.local/lib/python3.8/site-packages/airflow/example_dags/example_branch_python_dop_operator_3.py took 0.069 seconds
[2025-01-24T05:46:21.918+0000] {processor.py:157} INFO - Started process (PID=99) to work on /home/airflow/.local/lib/python3.8/site-packages/airflow/example_dags/example_branch_python_dop_operator_3.py
[2025-01-24T05:46:21.919+0000] {processor.py:829} INFO - Processing file /home/airflow/.local/lib/python3.8/site-packages/airflow/example_dags/example_branch_python_dop_operator_3.py for tasks to queue
[2025-01-24T05:46:21.920+0000] {logging_mixin.py:151} INFO - [2025-01-24T05:46:21.920+0000] {dagbag.py:539} INFO - Filling up the DagBag from /home/airflow/.local/lib/python3.8/site-packages/airflow/example_dags/example_branch_python_dop_operator_3.py
[2025-01-24T05:46:21.925+0000] {processor.py:839} INFO - DAG(s) dict_keys(['example_branch_dop_operator_v3']) retrieved from /home/airflow/.local/lib/python3.8/site-packages/airflow/example_dags/example_branch_python_dop_operator_3.py
[2025-01-24T05:46:21.935+0000] {logging_mixin.py:151} INFO - [2025-01-24T05:46:21.935+0000] {dag.py:2915} INFO - Sync 1 DAGs
[2025-01-24T05:46:21.947+0000] {logging_mixin.py:151} INFO - [2025-01-24T05:46:21.947+0000] {dag.py:3696} INFO - Setting next_dagrun for example_branch_dop_operator_v3 to 2025-01-24T05:45:00+00:00, run_after=2025-01-24T05:46:00+00:00
[2025-01-24T05:46:21.956+0000] {processor.py:179} INFO - Processing /home/airflow/.local/lib/python3.8/site-packages/airflow/example_dags/example_branch_python_dop_operator_3.py took 0.040 seconds
[2025-01-24T05:46:52.612+0000] {processor.py:157} INFO - Started process (PID=153) to work on /home/airflow/.local/lib/python3.8/site-packages/airflow/example_dags/example_branch_python_dop_operator_3.py
[2025-01-24T05:46:52.613+0000] {processor.py:829} INFO - Processing file /home/airflow/.local/lib/python3.8/site-packages/airflow/example_dags/example_branch_python_dop_operator_3.py for tasks to queue
[2025-01-24T05:46:52.614+0000] {logging_mixin.py:151} INFO - [2025-01-24T05:46:52.614+0000] {dagbag.py:539} INFO - Filling up the DagBag from /home/airflow/.local/lib/python3.8/site-packages/airflow/example_dags/example_branch_python_dop_operator_3.py
[2025-01-24T05:46:52.619+0000] {processor.py:839} INFO - DAG(s) dict_keys(['example_branch_dop_operator_v3']) retrieved from /home/airflow/.local/lib/python3.8/site-packages/airflow/example_dags/example_branch_python_dop_operator_3.py
[2025-01-24T05:46:52.630+0000] {logging_mixin.py:151} INFO - [2025-01-24T05:46:52.630+0000] {dag.py:2915} INFO - Sync 1 DAGs
[2025-01-24T05:46:52.643+0000] {logging_mixin.py:151} INFO - [2025-01-24T05:46:52.642+0000] {dag.py:3696} INFO - Setting next_dagrun for example_branch_dop_operator_v3 to 2025-01-24T05:45:00+00:00, run_after=2025-01-24T05:46:00+00:00
[2025-01-24T05:46:52.653+0000] {processor.py:179} INFO - Processing /home/airflow/.local/lib/python3.8/site-packages/airflow/example_dags/example_branch_python_dop_operator_3.py took 0.043 seconds
[2025-01-24T05:47:23.302+0000] {processor.py:157} INFO - Started process (PID=207) to work on /home/airflow/.local/lib/python3.8/site-packages/airflow/example_dags/example_branch_python_dop_operator_3.py
[2025-01-24T05:47:23.303+0000] {processor.py:829} INFO - Processing file /home/airflow/.local/lib/python3.8/site-packages/airflow/example_dags/example_branch_python_dop_operator_3.py for tasks to queue
[2025-01-24T05:47:23.304+0000] {logging_mixin.py:151} INFO - [2025-01-24T05:47:23.304+0000] {dagbag.py:539} INFO - Filling up the DagBag from /home/airflow/.local/lib/python3.8/site-packages/airflow/example_dags/example_branch_python_dop_operator_3.py
[2025-01-24T05:47:23.309+0000] {processor.py:839} INFO - DAG(s) dict_keys(['example_branch_dop_operator_v3']) retrieved from /home/airflow/.local/lib/python3.8/site-packages/airflow/example_dags/example_branch_python_dop_operator_3.py
[2025-01-24T05:47:23.319+0000] {logging_mixin.py:151} INFO - [2025-01-24T05:47:23.319+0000] {dag.py:2915} INFO - Sync 1 DAGs
[2025-01-24T05:47:23.332+0000] {logging_mixin.py:151} INFO - [2025-01-24T05:47:23.332+0000] {dag.py:3696} INFO - Setting next_dagrun for example_branch_dop_operator_v3 to 2025-01-24T05:46:00+00:00, run_after=2025-01-24T05:47:00+00:00
[2025-01-24T05:47:23.342+0000] {processor.py:179} INFO - Processing /home/airflow/.local/lib/python3.8/site-packages/airflow/example_dags/example_branch_python_dop_operator_3.py took 0.042 seconds
[2025-01-24T05:47:54.049+0000] {processor.py:157} INFO - Started process (PID=261) to work on /home/airflow/.local/lib/python3.8/site-packages/airflow/example_dags/example_branch_python_dop_operator_3.py
[2025-01-24T05:47:54.049+0000] {processor.py:829} INFO - Processing file /home/airflow/.local/lib/python3.8/site-packages/airflow/example_dags/example_branch_python_dop_operator_3.py for tasks to queue
[2025-01-24T05:47:54.050+0000] {logging_mixin.py:151} INFO - [2025-01-24T05:47:54.050+0000] {dagbag.py:539} INFO - Filling up the DagBag from /home/airflow/.local/lib/python3.8/site-packages/airflow/example_dags/example_branch_python_dop_operator_3.py
[2025-01-24T05:47:54.055+0000] {processor.py:839} INFO - DAG(s) dict_keys(['example_branch_dop_operator_v3']) retrieved from /home/airflow/.local/lib/python3.8/site-packages/airflow/example_dags/example_branch_python_dop_operator_3.py
[2025-01-24T05:47:54.065+0000] {logging_mixin.py:151} INFO - [2025-01-24T05:47:54.065+0000] {dag.py:2915} INFO - Sync 1 DAGs
[2025-01-24T05:47:54.078+0000] {logging_mixin.py:151} INFO - [2025-01-24T05:47:54.077+0000] {dag.py:3696} INFO - Setting next_dagrun for example_branch_dop_operator_v3 to 2025-01-24T05:46:00+00:00, run_after=2025-01-24T05:47:00+00:00
[2025-01-24T05:47:54.086+0000] {processor.py:179} INFO - Processing /home/airflow/.local/lib/python3.8/site-packages/airflow/example_dags/example_branch_python_dop_operator_3.py took 0.039 seconds
