[2025-01-24T05:37:30.398+0000] {processor.py:157} INFO - Started process (PID=58) to work on /home/airflow/.local/lib/python3.8/site-packages/airflow/example_dags/example_branch_operator.py
[2025-01-24T05:37:30.401+0000] {processor.py:829} INFO - Processing file /home/airflow/.local/lib/python3.8/site-packages/airflow/example_dags/example_branch_operator.py for tasks to queue
[2025-01-24T05:37:30.402+0000] {logging_mixin.py:151} INFO - [2025-01-24T05:37:30.402+0000] {dagbag.py:539} INFO - Filling up the DagBag from /home/airflow/.local/lib/python3.8/site-packages/airflow/example_dags/example_branch_operator.py
[2025-01-24T05:37:30.408+0000] {processor.py:839} INFO - DAG(s) dict_keys(['example_branch_operator']) retrieved from /home/airflow/.local/lib/python3.8/site-packages/airflow/example_dags/example_branch_operator.py
[2025-01-24T05:37:30.421+0000] {logging_mixin.py:151} INFO - [2025-01-24T05:37:30.421+0000] {dag.py:2915} INFO - Sync 1 DAGs
[2025-01-24T05:37:30.439+0000] {logging_mixin.py:151} INFO - [2025-01-24T05:37:30.439+0000] {dag.py:3696} INFO - Setting next_dagrun for example_branch_operator to 2025-01-23T00:00:00+00:00, run_after=2025-01-24T00:00:00+00:00
[2025-01-24T05:37:30.455+0000] {processor.py:179} INFO - Processing /home/airflow/.local/lib/python3.8/site-packages/airflow/example_dags/example_branch_operator.py took 0.058 seconds
[2025-01-24T05:38:00.782+0000] {processor.py:157} INFO - Started process (PID=112) to work on /home/airflow/.local/lib/python3.8/site-packages/airflow/example_dags/example_branch_operator.py
[2025-01-24T05:38:00.783+0000] {processor.py:829} INFO - Processing file /home/airflow/.local/lib/python3.8/site-packages/airflow/example_dags/example_branch_operator.py for tasks to queue
[2025-01-24T05:38:00.784+0000] {logging_mixin.py:151} INFO - [2025-01-24T05:38:00.784+0000] {dagbag.py:539} INFO - Filling up the DagBag from /home/airflow/.local/lib/python3.8/site-packages/airflow/example_dags/example_branch_operator.py
[2025-01-24T05:38:00.789+0000] {processor.py:839} INFO - DAG(s) dict_keys(['example_branch_operator']) retrieved from /home/airflow/.local/lib/python3.8/site-packages/airflow/example_dags/example_branch_operator.py
[2025-01-24T05:38:00.803+0000] {logging_mixin.py:151} INFO - [2025-01-24T05:38:00.803+0000] {dag.py:2915} INFO - Sync 1 DAGs
[2025-01-24T05:38:00.816+0000] {logging_mixin.py:151} INFO - [2025-01-24T05:38:00.816+0000] {dag.py:3696} INFO - Setting next_dagrun for example_branch_operator to 2025-01-23T00:00:00+00:00, run_after=2025-01-24T00:00:00+00:00
[2025-01-24T05:38:00.829+0000] {processor.py:179} INFO - Processing /home/airflow/.local/lib/python3.8/site-packages/airflow/example_dags/example_branch_operator.py took 0.048 seconds
[2025-01-24T05:38:31.513+0000] {processor.py:157} INFO - Started process (PID=166) to work on /home/airflow/.local/lib/python3.8/site-packages/airflow/example_dags/example_branch_operator.py
[2025-01-24T05:38:31.515+0000] {processor.py:829} INFO - Processing file /home/airflow/.local/lib/python3.8/site-packages/airflow/example_dags/example_branch_operator.py for tasks to queue
[2025-01-24T05:38:31.517+0000] {logging_mixin.py:151} INFO - [2025-01-24T05:38:31.516+0000] {dagbag.py:539} INFO - Filling up the DagBag from /home/airflow/.local/lib/python3.8/site-packages/airflow/example_dags/example_branch_operator.py
[2025-01-24T05:38:31.522+0000] {processor.py:839} INFO - DAG(s) dict_keys(['example_branch_operator']) retrieved from /home/airflow/.local/lib/python3.8/site-packages/airflow/example_dags/example_branch_operator.py
[2025-01-24T05:38:31.536+0000] {logging_mixin.py:151} INFO - [2025-01-24T05:38:31.536+0000] {dag.py:2915} INFO - Sync 1 DAGs
[2025-01-24T05:38:31.551+0000] {logging_mixin.py:151} INFO - [2025-01-24T05:38:31.551+0000] {dag.py:3696} INFO - Setting next_dagrun for example_branch_operator to 2025-01-23T00:00:00+00:00, run_after=2025-01-24T00:00:00+00:00
[2025-01-24T05:38:31.564+0000] {processor.py:179} INFO - Processing /home/airflow/.local/lib/python3.8/site-packages/airflow/example_dags/example_branch_operator.py took 0.053 seconds
[2025-01-24T05:39:02.370+0000] {processor.py:157} INFO - Started process (PID=219) to work on /home/airflow/.local/lib/python3.8/site-packages/airflow/example_dags/example_branch_operator.py
[2025-01-24T05:39:02.371+0000] {processor.py:829} INFO - Processing file /home/airflow/.local/lib/python3.8/site-packages/airflow/example_dags/example_branch_operator.py for tasks to queue
[2025-01-24T05:39:02.373+0000] {logging_mixin.py:151} INFO - [2025-01-24T05:39:02.373+0000] {dagbag.py:539} INFO - Filling up the DagBag from /home/airflow/.local/lib/python3.8/site-packages/airflow/example_dags/example_branch_operator.py
[2025-01-24T05:39:02.378+0000] {processor.py:839} INFO - DAG(s) dict_keys(['example_branch_operator']) retrieved from /home/airflow/.local/lib/python3.8/site-packages/airflow/example_dags/example_branch_operator.py
[2025-01-24T05:39:02.395+0000] {logging_mixin.py:151} INFO - [2025-01-24T05:39:02.395+0000] {dag.py:2915} INFO - Sync 1 DAGs
[2025-01-24T05:39:02.407+0000] {logging_mixin.py:151} INFO - [2025-01-24T05:39:02.407+0000] {dag.py:3696} INFO - Setting next_dagrun for example_branch_operator to 2025-01-23T00:00:00+00:00, run_after=2025-01-24T00:00:00+00:00
[2025-01-24T05:39:02.421+0000] {processor.py:179} INFO - Processing /home/airflow/.local/lib/python3.8/site-packages/airflow/example_dags/example_branch_operator.py took 0.053 seconds
[2025-01-24T05:39:32.505+0000] {processor.py:157} INFO - Started process (PID=273) to work on /home/airflow/.local/lib/python3.8/site-packages/airflow/example_dags/example_branch_operator.py
[2025-01-24T05:39:32.506+0000] {processor.py:829} INFO - Processing file /home/airflow/.local/lib/python3.8/site-packages/airflow/example_dags/example_branch_operator.py for tasks to queue
[2025-01-24T05:39:32.507+0000] {logging_mixin.py:151} INFO - [2025-01-24T05:39:32.507+0000] {dagbag.py:539} INFO - Filling up the DagBag from /home/airflow/.local/lib/python3.8/site-packages/airflow/example_dags/example_branch_operator.py
[2025-01-24T05:39:32.512+0000] {processor.py:839} INFO - DAG(s) dict_keys(['example_branch_operator']) retrieved from /home/airflow/.local/lib/python3.8/site-packages/airflow/example_dags/example_branch_operator.py
[2025-01-24T05:39:32.523+0000] {logging_mixin.py:151} INFO - [2025-01-24T05:39:32.523+0000] {dag.py:2915} INFO - Sync 1 DAGs
[2025-01-24T05:39:32.535+0000] {logging_mixin.py:151} INFO - [2025-01-24T05:39:32.535+0000] {dag.py:3696} INFO - Setting next_dagrun for example_branch_operator to 2025-01-23T00:00:00+00:00, run_after=2025-01-24T00:00:00+00:00
[2025-01-24T05:39:32.544+0000] {processor.py:179} INFO - Processing /home/airflow/.local/lib/python3.8/site-packages/airflow/example_dags/example_branch_operator.py took 0.041 seconds
[2025-01-24T05:40:03.591+0000] {processor.py:157} INFO - Started process (PID=327) to work on /home/airflow/.local/lib/python3.8/site-packages/airflow/example_dags/example_branch_operator.py
[2025-01-24T05:40:03.592+0000] {processor.py:829} INFO - Processing file /home/airflow/.local/lib/python3.8/site-packages/airflow/example_dags/example_branch_operator.py for tasks to queue
[2025-01-24T05:40:03.594+0000] {logging_mixin.py:151} INFO - [2025-01-24T05:40:03.593+0000] {dagbag.py:539} INFO - Filling up the DagBag from /home/airflow/.local/lib/python3.8/site-packages/airflow/example_dags/example_branch_operator.py
[2025-01-24T05:40:03.598+0000] {processor.py:839} INFO - DAG(s) dict_keys(['example_branch_operator']) retrieved from /home/airflow/.local/lib/python3.8/site-packages/airflow/example_dags/example_branch_operator.py
[2025-01-24T05:40:03.612+0000] {logging_mixin.py:151} INFO - [2025-01-24T05:40:03.612+0000] {dag.py:2915} INFO - Sync 1 DAGs
[2025-01-24T05:40:03.623+0000] {logging_mixin.py:151} INFO - [2025-01-24T05:40:03.623+0000] {dag.py:3696} INFO - Setting next_dagrun for example_branch_operator to 2025-01-23T00:00:00+00:00, run_after=2025-01-24T00:00:00+00:00
[2025-01-24T05:40:03.633+0000] {processor.py:179} INFO - Processing /home/airflow/.local/lib/python3.8/site-packages/airflow/example_dags/example_branch_operator.py took 0.044 seconds
[2025-01-24T05:40:34.321+0000] {processor.py:157} INFO - Started process (PID=388) to work on /home/airflow/.local/lib/python3.8/site-packages/airflow/example_dags/example_branch_operator.py
[2025-01-24T05:40:34.323+0000] {processor.py:829} INFO - Processing file /home/airflow/.local/lib/python3.8/site-packages/airflow/example_dags/example_branch_operator.py for tasks to queue
[2025-01-24T05:40:34.324+0000] {logging_mixin.py:151} INFO - [2025-01-24T05:40:34.324+0000] {dagbag.py:539} INFO - Filling up the DagBag from /home/airflow/.local/lib/python3.8/site-packages/airflow/example_dags/example_branch_operator.py
[2025-01-24T05:40:34.330+0000] {processor.py:839} INFO - DAG(s) dict_keys(['example_branch_operator']) retrieved from /home/airflow/.local/lib/python3.8/site-packages/airflow/example_dags/example_branch_operator.py
[2025-01-24T05:40:34.344+0000] {logging_mixin.py:151} INFO - [2025-01-24T05:40:34.343+0000] {dag.py:2915} INFO - Sync 1 DAGs
[2025-01-24T05:40:34.356+0000] {logging_mixin.py:151} INFO - [2025-01-24T05:40:34.356+0000] {dag.py:3696} INFO - Setting next_dagrun for example_branch_operator to 2025-01-23T00:00:00+00:00, run_after=2025-01-24T00:00:00+00:00
[2025-01-24T05:40:34.369+0000] {processor.py:179} INFO - Processing /home/airflow/.local/lib/python3.8/site-packages/airflow/example_dags/example_branch_operator.py took 0.049 seconds
[2025-01-24T05:41:05.071+0000] {processor.py:157} INFO - Started process (PID=442) to work on /home/airflow/.local/lib/python3.8/site-packages/airflow/example_dags/example_branch_operator.py
[2025-01-24T05:41:05.072+0000] {processor.py:829} INFO - Processing file /home/airflow/.local/lib/python3.8/site-packages/airflow/example_dags/example_branch_operator.py for tasks to queue
[2025-01-24T05:41:05.074+0000] {logging_mixin.py:151} INFO - [2025-01-24T05:41:05.073+0000] {dagbag.py:539} INFO - Filling up the DagBag from /home/airflow/.local/lib/python3.8/site-packages/airflow/example_dags/example_branch_operator.py
[2025-01-24T05:41:05.078+0000] {processor.py:839} INFO - DAG(s) dict_keys(['example_branch_operator']) retrieved from /home/airflow/.local/lib/python3.8/site-packages/airflow/example_dags/example_branch_operator.py
[2025-01-24T05:41:05.091+0000] {logging_mixin.py:151} INFO - [2025-01-24T05:41:05.091+0000] {dag.py:2915} INFO - Sync 1 DAGs
[2025-01-24T05:41:05.103+0000] {logging_mixin.py:151} INFO - [2025-01-24T05:41:05.103+0000] {dag.py:3696} INFO - Setting next_dagrun for example_branch_operator to 2025-01-23T00:00:00+00:00, run_after=2025-01-24T00:00:00+00:00
[2025-01-24T05:41:05.113+0000] {processor.py:179} INFO - Processing /home/airflow/.local/lib/python3.8/site-packages/airflow/example_dags/example_branch_operator.py took 0.043 seconds
[2025-01-24T05:41:35.820+0000] {processor.py:157} INFO - Started process (PID=496) to work on /home/airflow/.local/lib/python3.8/site-packages/airflow/example_dags/example_branch_operator.py
[2025-01-24T05:41:35.820+0000] {processor.py:829} INFO - Processing file /home/airflow/.local/lib/python3.8/site-packages/airflow/example_dags/example_branch_operator.py for tasks to queue
[2025-01-24T05:41:35.822+0000] {logging_mixin.py:151} INFO - [2025-01-24T05:41:35.822+0000] {dagbag.py:539} INFO - Filling up the DagBag from /home/airflow/.local/lib/python3.8/site-packages/airflow/example_dags/example_branch_operator.py
[2025-01-24T05:41:35.826+0000] {processor.py:839} INFO - DAG(s) dict_keys(['example_branch_operator']) retrieved from /home/airflow/.local/lib/python3.8/site-packages/airflow/example_dags/example_branch_operator.py
[2025-01-24T05:41:35.842+0000] {logging_mixin.py:151} INFO - [2025-01-24T05:41:35.842+0000] {dag.py:2915} INFO - Sync 1 DAGs
[2025-01-24T05:41:35.852+0000] {logging_mixin.py:151} INFO - [2025-01-24T05:41:35.852+0000] {dag.py:3696} INFO - Setting next_dagrun for example_branch_operator to 2025-01-23T00:00:00+00:00, run_after=2025-01-24T00:00:00+00:00
[2025-01-24T05:41:35.861+0000] {processor.py:179} INFO - Processing /home/airflow/.local/lib/python3.8/site-packages/airflow/example_dags/example_branch_operator.py took 0.043 seconds
[2025-01-24T05:42:06.472+0000] {processor.py:157} INFO - Started process (PID=549) to work on /home/airflow/.local/lib/python3.8/site-packages/airflow/example_dags/example_branch_operator.py
[2025-01-24T05:42:06.473+0000] {processor.py:829} INFO - Processing file /home/airflow/.local/lib/python3.8/site-packages/airflow/example_dags/example_branch_operator.py for tasks to queue
[2025-01-24T05:42:06.475+0000] {logging_mixin.py:151} INFO - [2025-01-24T05:42:06.475+0000] {dagbag.py:539} INFO - Filling up the DagBag from /home/airflow/.local/lib/python3.8/site-packages/airflow/example_dags/example_branch_operator.py
[2025-01-24T05:42:06.480+0000] {processor.py:839} INFO - DAG(s) dict_keys(['example_branch_operator']) retrieved from /home/airflow/.local/lib/python3.8/site-packages/airflow/example_dags/example_branch_operator.py
[2025-01-24T05:42:06.492+0000] {logging_mixin.py:151} INFO - [2025-01-24T05:42:06.491+0000] {dag.py:2915} INFO - Sync 1 DAGs
[2025-01-24T05:42:06.504+0000] {logging_mixin.py:151} INFO - [2025-01-24T05:42:06.504+0000] {dag.py:3696} INFO - Setting next_dagrun for example_branch_operator to 2025-01-23T00:00:00+00:00, run_after=2025-01-24T00:00:00+00:00
[2025-01-24T05:42:06.514+0000] {processor.py:179} INFO - Processing /home/airflow/.local/lib/python3.8/site-packages/airflow/example_dags/example_branch_operator.py took 0.044 seconds
[2025-01-24T05:42:37.245+0000] {processor.py:157} INFO - Started process (PID=603) to work on /home/airflow/.local/lib/python3.8/site-packages/airflow/example_dags/example_branch_operator.py
[2025-01-24T05:42:37.246+0000] {processor.py:829} INFO - Processing file /home/airflow/.local/lib/python3.8/site-packages/airflow/example_dags/example_branch_operator.py for tasks to queue
[2025-01-24T05:42:37.247+0000] {logging_mixin.py:151} INFO - [2025-01-24T05:42:37.247+0000] {dagbag.py:539} INFO - Filling up the DagBag from /home/airflow/.local/lib/python3.8/site-packages/airflow/example_dags/example_branch_operator.py
[2025-01-24T05:42:37.252+0000] {processor.py:839} INFO - DAG(s) dict_keys(['example_branch_operator']) retrieved from /home/airflow/.local/lib/python3.8/site-packages/airflow/example_dags/example_branch_operator.py
[2025-01-24T05:42:37.264+0000] {logging_mixin.py:151} INFO - [2025-01-24T05:42:37.264+0000] {dag.py:2915} INFO - Sync 1 DAGs
[2025-01-24T05:42:37.276+0000] {logging_mixin.py:151} INFO - [2025-01-24T05:42:37.276+0000] {dag.py:3696} INFO - Setting next_dagrun for example_branch_operator to 2025-01-23T00:00:00+00:00, run_after=2025-01-24T00:00:00+00:00
[2025-01-24T05:42:37.287+0000] {processor.py:179} INFO - Processing /home/airflow/.local/lib/python3.8/site-packages/airflow/example_dags/example_branch_operator.py took 0.044 seconds
[2025-01-24T05:43:07.886+0000] {processor.py:157} INFO - Started process (PID=657) to work on /home/airflow/.local/lib/python3.8/site-packages/airflow/example_dags/example_branch_operator.py
[2025-01-24T05:43:07.887+0000] {processor.py:829} INFO - Processing file /home/airflow/.local/lib/python3.8/site-packages/airflow/example_dags/example_branch_operator.py for tasks to queue
[2025-01-24T05:43:07.889+0000] {logging_mixin.py:151} INFO - [2025-01-24T05:43:07.888+0000] {dagbag.py:539} INFO - Filling up the DagBag from /home/airflow/.local/lib/python3.8/site-packages/airflow/example_dags/example_branch_operator.py
[2025-01-24T05:43:07.894+0000] {processor.py:839} INFO - DAG(s) dict_keys(['example_branch_operator']) retrieved from /home/airflow/.local/lib/python3.8/site-packages/airflow/example_dags/example_branch_operator.py
[2025-01-24T05:43:07.907+0000] {logging_mixin.py:151} INFO - [2025-01-24T05:43:07.907+0000] {dag.py:2915} INFO - Sync 1 DAGs
[2025-01-24T05:43:07.918+0000] {logging_mixin.py:151} INFO - [2025-01-24T05:43:07.918+0000] {dag.py:3696} INFO - Setting next_dagrun for example_branch_operator to 2025-01-23T00:00:00+00:00, run_after=2025-01-24T00:00:00+00:00
[2025-01-24T05:43:07.929+0000] {processor.py:179} INFO - Processing /home/airflow/.local/lib/python3.8/site-packages/airflow/example_dags/example_branch_operator.py took 0.045 seconds
[2025-01-24T05:43:38.705+0000] {processor.py:157} INFO - Started process (PID=710) to work on /home/airflow/.local/lib/python3.8/site-packages/airflow/example_dags/example_branch_operator.py
[2025-01-24T05:43:38.708+0000] {processor.py:829} INFO - Processing file /home/airflow/.local/lib/python3.8/site-packages/airflow/example_dags/example_branch_operator.py for tasks to queue
[2025-01-24T05:43:38.709+0000] {logging_mixin.py:151} INFO - [2025-01-24T05:43:38.709+0000] {dagbag.py:539} INFO - Filling up the DagBag from /home/airflow/.local/lib/python3.8/site-packages/airflow/example_dags/example_branch_operator.py
[2025-01-24T05:43:38.713+0000] {processor.py:839} INFO - DAG(s) dict_keys(['example_branch_operator']) retrieved from /home/airflow/.local/lib/python3.8/site-packages/airflow/example_dags/example_branch_operator.py
[2025-01-24T05:43:38.727+0000] {logging_mixin.py:151} INFO - [2025-01-24T05:43:38.727+0000] {dag.py:2915} INFO - Sync 1 DAGs
[2025-01-24T05:43:38.748+0000] {logging_mixin.py:151} INFO - [2025-01-24T05:43:38.748+0000] {dag.py:3696} INFO - Setting next_dagrun for example_branch_operator to 2025-01-23T00:00:00+00:00, run_after=2025-01-24T00:00:00+00:00
[2025-01-24T05:43:38.758+0000] {processor.py:179} INFO - Processing /home/airflow/.local/lib/python3.8/site-packages/airflow/example_dags/example_branch_operator.py took 0.054 seconds
[2025-01-24T05:44:09.392+0000] {processor.py:157} INFO - Started process (PID=764) to work on /home/airflow/.local/lib/python3.8/site-packages/airflow/example_dags/example_branch_operator.py
[2025-01-24T05:44:09.393+0000] {processor.py:829} INFO - Processing file /home/airflow/.local/lib/python3.8/site-packages/airflow/example_dags/example_branch_operator.py for tasks to queue
[2025-01-24T05:44:09.395+0000] {logging_mixin.py:151} INFO - [2025-01-24T05:44:09.394+0000] {dagbag.py:539} INFO - Filling up the DagBag from /home/airflow/.local/lib/python3.8/site-packages/airflow/example_dags/example_branch_operator.py
[2025-01-24T05:44:09.401+0000] {processor.py:839} INFO - DAG(s) dict_keys(['example_branch_operator']) retrieved from /home/airflow/.local/lib/python3.8/site-packages/airflow/example_dags/example_branch_operator.py
[2025-01-24T05:44:09.413+0000] {logging_mixin.py:151} INFO - [2025-01-24T05:44:09.413+0000] {dag.py:2915} INFO - Sync 1 DAGs
[2025-01-24T05:44:09.426+0000] {logging_mixin.py:151} INFO - [2025-01-24T05:44:09.426+0000] {dag.py:3696} INFO - Setting next_dagrun for example_branch_operator to 2025-01-23T00:00:00+00:00, run_after=2025-01-24T00:00:00+00:00
[2025-01-24T05:44:09.440+0000] {processor.py:179} INFO - Processing /home/airflow/.local/lib/python3.8/site-packages/airflow/example_dags/example_branch_operator.py took 0.050 seconds
[2025-01-24T05:44:39.580+0000] {processor.py:157} INFO - Started process (PID=818) to work on /home/airflow/.local/lib/python3.8/site-packages/airflow/example_dags/example_branch_operator.py
[2025-01-24T05:44:39.581+0000] {processor.py:829} INFO - Processing file /home/airflow/.local/lib/python3.8/site-packages/airflow/example_dags/example_branch_operator.py for tasks to queue
[2025-01-24T05:44:39.582+0000] {logging_mixin.py:151} INFO - [2025-01-24T05:44:39.582+0000] {dagbag.py:539} INFO - Filling up the DagBag from /home/airflow/.local/lib/python3.8/site-packages/airflow/example_dags/example_branch_operator.py
[2025-01-24T05:44:39.586+0000] {processor.py:839} INFO - DAG(s) dict_keys(['example_branch_operator']) retrieved from /home/airflow/.local/lib/python3.8/site-packages/airflow/example_dags/example_branch_operator.py
[2025-01-24T05:44:39.598+0000] {logging_mixin.py:151} INFO - [2025-01-24T05:44:39.598+0000] {dag.py:2915} INFO - Sync 1 DAGs
[2025-01-24T05:44:39.610+0000] {logging_mixin.py:151} INFO - [2025-01-24T05:44:39.610+0000] {dag.py:3696} INFO - Setting next_dagrun for example_branch_operator to 2025-01-23T00:00:00+00:00, run_after=2025-01-24T00:00:00+00:00
[2025-01-24T05:44:39.626+0000] {processor.py:179} INFO - Processing /home/airflow/.local/lib/python3.8/site-packages/airflow/example_dags/example_branch_operator.py took 0.048 seconds
[2025-01-24T05:45:10.310+0000] {processor.py:157} INFO - Started process (PID=872) to work on /home/airflow/.local/lib/python3.8/site-packages/airflow/example_dags/example_branch_operator.py
[2025-01-24T05:45:10.311+0000] {processor.py:829} INFO - Processing file /home/airflow/.local/lib/python3.8/site-packages/airflow/example_dags/example_branch_operator.py for tasks to queue
[2025-01-24T05:45:10.313+0000] {logging_mixin.py:151} INFO - [2025-01-24T05:45:10.313+0000] {dagbag.py:539} INFO - Filling up the DagBag from /home/airflow/.local/lib/python3.8/site-packages/airflow/example_dags/example_branch_operator.py
[2025-01-24T05:45:10.318+0000] {processor.py:839} INFO - DAG(s) dict_keys(['example_branch_operator']) retrieved from /home/airflow/.local/lib/python3.8/site-packages/airflow/example_dags/example_branch_operator.py
[2025-01-24T05:45:10.332+0000] {logging_mixin.py:151} INFO - [2025-01-24T05:45:10.332+0000] {dag.py:2915} INFO - Sync 1 DAGs
[2025-01-24T05:45:10.343+0000] {logging_mixin.py:151} INFO - [2025-01-24T05:45:10.343+0000] {dag.py:3696} INFO - Setting next_dagrun for example_branch_operator to 2025-01-23T00:00:00+00:00, run_after=2025-01-24T00:00:00+00:00
[2025-01-24T05:45:10.356+0000] {processor.py:179} INFO - Processing /home/airflow/.local/lib/python3.8/site-packages/airflow/example_dags/example_branch_operator.py took 0.048 seconds
[2025-01-24T05:45:51.664+0000] {processor.py:157} INFO - Started process (PID=56) to work on /home/airflow/.local/lib/python3.8/site-packages/airflow/example_dags/example_branch_operator.py
[2025-01-24T05:45:51.664+0000] {processor.py:829} INFO - Processing file /home/airflow/.local/lib/python3.8/site-packages/airflow/example_dags/example_branch_operator.py for tasks to queue
[2025-01-24T05:45:51.666+0000] {logging_mixin.py:151} INFO - [2025-01-24T05:45:51.665+0000] {dagbag.py:539} INFO - Filling up the DagBag from /home/airflow/.local/lib/python3.8/site-packages/airflow/example_dags/example_branch_operator.py
[2025-01-24T05:45:51.671+0000] {processor.py:839} INFO - DAG(s) dict_keys(['example_branch_operator']) retrieved from /home/airflow/.local/lib/python3.8/site-packages/airflow/example_dags/example_branch_operator.py
[2025-01-24T05:45:51.678+0000] {logging_mixin.py:151} INFO - [2025-01-24T05:45:51.678+0000] {dag.py:2915} INFO - Sync 1 DAGs
[2025-01-24T05:45:51.691+0000] {logging_mixin.py:151} INFO - [2025-01-24T05:45:51.691+0000] {dag.py:3696} INFO - Setting next_dagrun for example_branch_operator to 2025-01-23T00:00:00+00:00, run_after=2025-01-24T00:00:00+00:00
[2025-01-24T05:45:51.700+0000] {processor.py:179} INFO - Processing /home/airflow/.local/lib/python3.8/site-packages/airflow/example_dags/example_branch_operator.py took 0.039 seconds
[2025-01-24T05:46:22.275+0000] {processor.py:157} INFO - Started process (PID=110) to work on /home/airflow/.local/lib/python3.8/site-packages/airflow/example_dags/example_branch_operator.py
[2025-01-24T05:46:22.276+0000] {processor.py:829} INFO - Processing file /home/airflow/.local/lib/python3.8/site-packages/airflow/example_dags/example_branch_operator.py for tasks to queue
[2025-01-24T05:46:22.277+0000] {logging_mixin.py:151} INFO - [2025-01-24T05:46:22.277+0000] {dagbag.py:539} INFO - Filling up the DagBag from /home/airflow/.local/lib/python3.8/site-packages/airflow/example_dags/example_branch_operator.py
[2025-01-24T05:46:22.282+0000] {processor.py:839} INFO - DAG(s) dict_keys(['example_branch_operator']) retrieved from /home/airflow/.local/lib/python3.8/site-packages/airflow/example_dags/example_branch_operator.py
[2025-01-24T05:46:22.294+0000] {logging_mixin.py:151} INFO - [2025-01-24T05:46:22.294+0000] {dag.py:2915} INFO - Sync 1 DAGs
[2025-01-24T05:46:22.307+0000] {logging_mixin.py:151} INFO - [2025-01-24T05:46:22.307+0000] {dag.py:3696} INFO - Setting next_dagrun for example_branch_operator to 2025-01-23T00:00:00+00:00, run_after=2025-01-24T00:00:00+00:00
[2025-01-24T05:46:22.317+0000] {processor.py:179} INFO - Processing /home/airflow/.local/lib/python3.8/site-packages/airflow/example_dags/example_branch_operator.py took 0.044 seconds
[2025-01-24T05:46:52.931+0000] {processor.py:157} INFO - Started process (PID=164) to work on /home/airflow/.local/lib/python3.8/site-packages/airflow/example_dags/example_branch_operator.py
[2025-01-24T05:46:52.931+0000] {processor.py:829} INFO - Processing file /home/airflow/.local/lib/python3.8/site-packages/airflow/example_dags/example_branch_operator.py for tasks to queue
[2025-01-24T05:46:52.932+0000] {logging_mixin.py:151} INFO - [2025-01-24T05:46:52.932+0000] {dagbag.py:539} INFO - Filling up the DagBag from /home/airflow/.local/lib/python3.8/site-packages/airflow/example_dags/example_branch_operator.py
[2025-01-24T05:46:52.937+0000] {processor.py:839} INFO - DAG(s) dict_keys(['example_branch_operator']) retrieved from /home/airflow/.local/lib/python3.8/site-packages/airflow/example_dags/example_branch_operator.py
[2025-01-24T05:46:52.949+0000] {logging_mixin.py:151} INFO - [2025-01-24T05:46:52.949+0000] {dag.py:2915} INFO - Sync 1 DAGs
[2025-01-24T05:46:52.962+0000] {logging_mixin.py:151} INFO - [2025-01-24T05:46:52.962+0000] {dag.py:3696} INFO - Setting next_dagrun for example_branch_operator to 2025-01-23T00:00:00+00:00, run_after=2025-01-24T00:00:00+00:00
[2025-01-24T05:46:52.973+0000] {processor.py:179} INFO - Processing /home/airflow/.local/lib/python3.8/site-packages/airflow/example_dags/example_branch_operator.py took 0.044 seconds
[2025-01-24T05:47:23.591+0000] {processor.py:157} INFO - Started process (PID=218) to work on /home/airflow/.local/lib/python3.8/site-packages/airflow/example_dags/example_branch_operator.py
[2025-01-24T05:47:23.592+0000] {processor.py:829} INFO - Processing file /home/airflow/.local/lib/python3.8/site-packages/airflow/example_dags/example_branch_operator.py for tasks to queue
[2025-01-24T05:47:23.593+0000] {logging_mixin.py:151} INFO - [2025-01-24T05:47:23.593+0000] {dagbag.py:539} INFO - Filling up the DagBag from /home/airflow/.local/lib/python3.8/site-packages/airflow/example_dags/example_branch_operator.py
[2025-01-24T05:47:23.598+0000] {processor.py:839} INFO - DAG(s) dict_keys(['example_branch_operator']) retrieved from /home/airflow/.local/lib/python3.8/site-packages/airflow/example_dags/example_branch_operator.py
[2025-01-24T05:47:23.609+0000] {logging_mixin.py:151} INFO - [2025-01-24T05:47:23.609+0000] {dag.py:2915} INFO - Sync 1 DAGs
[2025-01-24T05:47:23.620+0000] {logging_mixin.py:151} INFO - [2025-01-24T05:47:23.620+0000] {dag.py:3696} INFO - Setting next_dagrun for example_branch_operator to 2025-01-23T00:00:00+00:00, run_after=2025-01-24T00:00:00+00:00
[2025-01-24T05:47:23.628+0000] {processor.py:179} INFO - Processing /home/airflow/.local/lib/python3.8/site-packages/airflow/example_dags/example_branch_operator.py took 0.039 seconds
[2025-01-24T05:47:54.357+0000] {processor.py:157} INFO - Started process (PID=272) to work on /home/airflow/.local/lib/python3.8/site-packages/airflow/example_dags/example_branch_operator.py
[2025-01-24T05:47:54.359+0000] {processor.py:829} INFO - Processing file /home/airflow/.local/lib/python3.8/site-packages/airflow/example_dags/example_branch_operator.py for tasks to queue
[2025-01-24T05:47:54.360+0000] {logging_mixin.py:151} INFO - [2025-01-24T05:47:54.360+0000] {dagbag.py:539} INFO - Filling up the DagBag from /home/airflow/.local/lib/python3.8/site-packages/airflow/example_dags/example_branch_operator.py
[2025-01-24T05:47:54.365+0000] {processor.py:839} INFO - DAG(s) dict_keys(['example_branch_operator']) retrieved from /home/airflow/.local/lib/python3.8/site-packages/airflow/example_dags/example_branch_operator.py
[2025-01-24T05:47:54.376+0000] {logging_mixin.py:151} INFO - [2025-01-24T05:47:54.376+0000] {dag.py:2915} INFO - Sync 1 DAGs
[2025-01-24T05:47:54.387+0000] {logging_mixin.py:151} INFO - [2025-01-24T05:47:54.387+0000] {dag.py:3696} INFO - Setting next_dagrun for example_branch_operator to 2025-01-23T00:00:00+00:00, run_after=2025-01-24T00:00:00+00:00
[2025-01-24T05:47:54.398+0000] {processor.py:179} INFO - Processing /home/airflow/.local/lib/python3.8/site-packages/airflow/example_dags/example_branch_operator.py took 0.043 seconds
