[2025-01-24T05:37:29.971+0000] {processor.py:157} INFO - Started process (PID=45) to work on /home/airflow/.local/lib/python3.8/site-packages/airflow/example_dags/example_short_circuit_decorator.py
[2025-01-24T05:37:29.975+0000] {processor.py:829} INFO - Processing file /home/airflow/.local/lib/python3.8/site-packages/airflow/example_dags/example_short_circuit_decorator.py for tasks to queue
[2025-01-24T05:37:29.979+0000] {logging_mixin.py:151} INFO - [2025-01-24T05:37:29.979+0000] {dagbag.py:539} INFO - Filling up the DagBag from /home/airflow/.local/lib/python3.8/site-packages/airflow/example_dags/example_short_circuit_decorator.py
[2025-01-24T05:37:29.987+0000] {processor.py:839} INFO - DAG(s) dict_keys(['example_short_circuit_decorator']) retrieved from /home/airflow/.local/lib/python3.8/site-packages/airflow/example_dags/example_short_circuit_decorator.py
[2025-01-24T05:37:30.005+0000] {logging_mixin.py:151} INFO - [2025-01-24T05:37:30.005+0000] {dag.py:2915} INFO - Sync 1 DAGs
[2025-01-24T05:37:30.017+0000] {logging_mixin.py:151} INFO - [2025-01-24T05:37:30.017+0000] {dag.py:3696} INFO - Setting next_dagrun for example_short_circuit_decorator to 2025-01-23T05:37:30.016856+00:00, run_after=2025-01-24T05:37:30.016856+00:00
[2025-01-24T05:37:30.029+0000] {processor.py:179} INFO - Processing /home/airflow/.local/lib/python3.8/site-packages/airflow/example_dags/example_short_circuit_decorator.py took 0.060 seconds
[2025-01-24T05:38:00.269+0000] {processor.py:157} INFO - Started process (PID=99) to work on /home/airflow/.local/lib/python3.8/site-packages/airflow/example_dags/example_short_circuit_decorator.py
[2025-01-24T05:38:00.270+0000] {processor.py:829} INFO - Processing file /home/airflow/.local/lib/python3.8/site-packages/airflow/example_dags/example_short_circuit_decorator.py for tasks to queue
[2025-01-24T05:38:00.272+0000] {logging_mixin.py:151} INFO - [2025-01-24T05:38:00.271+0000] {dagbag.py:539} INFO - Filling up the DagBag from /home/airflow/.local/lib/python3.8/site-packages/airflow/example_dags/example_short_circuit_decorator.py
[2025-01-24T05:38:00.279+0000] {processor.py:839} INFO - DAG(s) dict_keys(['example_short_circuit_decorator']) retrieved from /home/airflow/.local/lib/python3.8/site-packages/airflow/example_dags/example_short_circuit_decorator.py
[2025-01-24T05:38:00.294+0000] {logging_mixin.py:151} INFO - [2025-01-24T05:38:00.293+0000] {dag.py:2915} INFO - Sync 1 DAGs
[2025-01-24T05:38:00.309+0000] {logging_mixin.py:151} INFO - [2025-01-24T05:38:00.309+0000] {dag.py:3696} INFO - Setting next_dagrun for example_short_circuit_decorator to 2025-01-23T05:38:00.309420+00:00, run_after=2025-01-24T05:38:00.309420+00:00
[2025-01-24T05:38:00.322+0000] {processor.py:179} INFO - Processing /home/airflow/.local/lib/python3.8/site-packages/airflow/example_dags/example_short_circuit_decorator.py took 0.055 seconds
[2025-01-24T05:38:31.079+0000] {processor.py:157} INFO - Started process (PID=153) to work on /home/airflow/.local/lib/python3.8/site-packages/airflow/example_dags/example_short_circuit_decorator.py
[2025-01-24T05:38:31.083+0000] {processor.py:829} INFO - Processing file /home/airflow/.local/lib/python3.8/site-packages/airflow/example_dags/example_short_circuit_decorator.py for tasks to queue
[2025-01-24T05:38:31.085+0000] {logging_mixin.py:151} INFO - [2025-01-24T05:38:31.085+0000] {dagbag.py:539} INFO - Filling up the DagBag from /home/airflow/.local/lib/python3.8/site-packages/airflow/example_dags/example_short_circuit_decorator.py
[2025-01-24T05:38:31.090+0000] {processor.py:839} INFO - DAG(s) dict_keys(['example_short_circuit_decorator']) retrieved from /home/airflow/.local/lib/python3.8/site-packages/airflow/example_dags/example_short_circuit_decorator.py
[2025-01-24T05:38:31.105+0000] {logging_mixin.py:151} INFO - [2025-01-24T05:38:31.105+0000] {dag.py:2915} INFO - Sync 1 DAGs
[2025-01-24T05:38:31.116+0000] {logging_mixin.py:151} INFO - [2025-01-24T05:38:31.116+0000] {dag.py:3696} INFO - Setting next_dagrun for example_short_circuit_decorator to 2025-01-23T05:38:31.116561+00:00, run_after=2025-01-24T05:38:31.116561+00:00
[2025-01-24T05:38:31.130+0000] {processor.py:179} INFO - Processing /home/airflow/.local/lib/python3.8/site-packages/airflow/example_dags/example_short_circuit_decorator.py took 0.052 seconds
[2025-01-24T05:39:01.886+0000] {processor.py:157} INFO - Started process (PID=206) to work on /home/airflow/.local/lib/python3.8/site-packages/airflow/example_dags/example_short_circuit_decorator.py
[2025-01-24T05:39:01.888+0000] {processor.py:829} INFO - Processing file /home/airflow/.local/lib/python3.8/site-packages/airflow/example_dags/example_short_circuit_decorator.py for tasks to queue
[2025-01-24T05:39:01.890+0000] {logging_mixin.py:151} INFO - [2025-01-24T05:39:01.890+0000] {dagbag.py:539} INFO - Filling up the DagBag from /home/airflow/.local/lib/python3.8/site-packages/airflow/example_dags/example_short_circuit_decorator.py
[2025-01-24T05:39:01.895+0000] {processor.py:839} INFO - DAG(s) dict_keys(['example_short_circuit_decorator']) retrieved from /home/airflow/.local/lib/python3.8/site-packages/airflow/example_dags/example_short_circuit_decorator.py
[2025-01-24T05:39:01.911+0000] {logging_mixin.py:151} INFO - [2025-01-24T05:39:01.911+0000] {dag.py:2915} INFO - Sync 1 DAGs
[2025-01-24T05:39:01.926+0000] {logging_mixin.py:151} INFO - [2025-01-24T05:39:01.926+0000] {dag.py:3696} INFO - Setting next_dagrun for example_short_circuit_decorator to 2025-01-23T05:39:01.926448+00:00, run_after=2025-01-24T05:39:01.926448+00:00
[2025-01-24T05:39:01.941+0000] {processor.py:179} INFO - Processing /home/airflow/.local/lib/python3.8/site-packages/airflow/example_dags/example_short_circuit_decorator.py took 0.057 seconds
[2025-01-24T05:39:32.008+0000] {processor.py:157} INFO - Started process (PID=260) to work on /home/airflow/.local/lib/python3.8/site-packages/airflow/example_dags/example_short_circuit_decorator.py
[2025-01-24T05:39:32.010+0000] {processor.py:829} INFO - Processing file /home/airflow/.local/lib/python3.8/site-packages/airflow/example_dags/example_short_circuit_decorator.py for tasks to queue
[2025-01-24T05:39:32.013+0000] {logging_mixin.py:151} INFO - [2025-01-24T05:39:32.013+0000] {dagbag.py:539} INFO - Filling up the DagBag from /home/airflow/.local/lib/python3.8/site-packages/airflow/example_dags/example_short_circuit_decorator.py
[2025-01-24T05:39:32.021+0000] {processor.py:839} INFO - DAG(s) dict_keys(['example_short_circuit_decorator']) retrieved from /home/airflow/.local/lib/python3.8/site-packages/airflow/example_dags/example_short_circuit_decorator.py
[2025-01-24T05:39:32.037+0000] {logging_mixin.py:151} INFO - [2025-01-24T05:39:32.037+0000] {dag.py:2915} INFO - Sync 1 DAGs
[2025-01-24T05:39:32.048+0000] {logging_mixin.py:151} INFO - [2025-01-24T05:39:32.048+0000] {dag.py:3696} INFO - Setting next_dagrun for example_short_circuit_decorator to 2025-01-23T05:39:32.048704+00:00, run_after=2025-01-24T05:39:32.048704+00:00
[2025-01-24T05:39:32.060+0000] {processor.py:179} INFO - Processing /home/airflow/.local/lib/python3.8/site-packages/airflow/example_dags/example_short_circuit_decorator.py took 0.055 seconds
[2025-01-24T05:40:02.102+0000] {processor.py:157} INFO - Started process (PID=314) to work on /home/airflow/.local/lib/python3.8/site-packages/airflow/example_dags/example_short_circuit_decorator.py
[2025-01-24T05:40:02.106+0000] {processor.py:829} INFO - Processing file /home/airflow/.local/lib/python3.8/site-packages/airflow/example_dags/example_short_circuit_decorator.py for tasks to queue
[2025-01-24T05:40:02.107+0000] {logging_mixin.py:151} INFO - [2025-01-24T05:40:02.107+0000] {dagbag.py:539} INFO - Filling up the DagBag from /home/airflow/.local/lib/python3.8/site-packages/airflow/example_dags/example_short_circuit_decorator.py
[2025-01-24T05:40:02.115+0000] {processor.py:839} INFO - DAG(s) dict_keys(['example_short_circuit_decorator']) retrieved from /home/airflow/.local/lib/python3.8/site-packages/airflow/example_dags/example_short_circuit_decorator.py
[2025-01-24T05:40:02.130+0000] {logging_mixin.py:151} INFO - [2025-01-24T05:40:02.130+0000] {dag.py:2915} INFO - Sync 1 DAGs
[2025-01-24T05:40:02.146+0000] {logging_mixin.py:151} INFO - [2025-01-24T05:40:02.145+0000] {dag.py:3696} INFO - Setting next_dagrun for example_short_circuit_decorator to 2025-01-23T05:40:02.145771+00:00, run_after=2025-01-24T05:40:02.145771+00:00
[2025-01-24T05:40:02.157+0000] {processor.py:179} INFO - Processing /home/airflow/.local/lib/python3.8/site-packages/airflow/example_dags/example_short_circuit_decorator.py took 0.058 seconds
[2025-01-24T05:40:32.872+0000] {processor.py:157} INFO - Started process (PID=368) to work on /home/airflow/.local/lib/python3.8/site-packages/airflow/example_dags/example_short_circuit_decorator.py
[2025-01-24T05:40:32.875+0000] {processor.py:829} INFO - Processing file /home/airflow/.local/lib/python3.8/site-packages/airflow/example_dags/example_short_circuit_decorator.py for tasks to queue
[2025-01-24T05:40:32.877+0000] {logging_mixin.py:151} INFO - [2025-01-24T05:40:32.877+0000] {dagbag.py:539} INFO - Filling up the DagBag from /home/airflow/.local/lib/python3.8/site-packages/airflow/example_dags/example_short_circuit_decorator.py
[2025-01-24T05:40:32.885+0000] {processor.py:839} INFO - DAG(s) dict_keys(['example_short_circuit_decorator']) retrieved from /home/airflow/.local/lib/python3.8/site-packages/airflow/example_dags/example_short_circuit_decorator.py
[2025-01-24T05:40:32.900+0000] {logging_mixin.py:151} INFO - [2025-01-24T05:40:32.900+0000] {dag.py:2915} INFO - Sync 1 DAGs
[2025-01-24T05:40:32.912+0000] {logging_mixin.py:151} INFO - [2025-01-24T05:40:32.912+0000] {dag.py:3696} INFO - Setting next_dagrun for example_short_circuit_decorator to 2025-01-23T05:40:32.912160+00:00, run_after=2025-01-24T05:40:32.912160+00:00
[2025-01-24T05:40:32.923+0000] {processor.py:179} INFO - Processing /home/airflow/.local/lib/python3.8/site-packages/airflow/example_dags/example_short_circuit_decorator.py took 0.054 seconds
[2025-01-24T05:41:03.601+0000] {processor.py:157} INFO - Started process (PID=422) to work on /home/airflow/.local/lib/python3.8/site-packages/airflow/example_dags/example_short_circuit_decorator.py
[2025-01-24T05:41:03.604+0000] {processor.py:829} INFO - Processing file /home/airflow/.local/lib/python3.8/site-packages/airflow/example_dags/example_short_circuit_decorator.py for tasks to queue
[2025-01-24T05:41:03.607+0000] {logging_mixin.py:151} INFO - [2025-01-24T05:41:03.606+0000] {dagbag.py:539} INFO - Filling up the DagBag from /home/airflow/.local/lib/python3.8/site-packages/airflow/example_dags/example_short_circuit_decorator.py
[2025-01-24T05:41:03.612+0000] {processor.py:839} INFO - DAG(s) dict_keys(['example_short_circuit_decorator']) retrieved from /home/airflow/.local/lib/python3.8/site-packages/airflow/example_dags/example_short_circuit_decorator.py
[2025-01-24T05:41:03.631+0000] {logging_mixin.py:151} INFO - [2025-01-24T05:41:03.630+0000] {dag.py:2915} INFO - Sync 1 DAGs
[2025-01-24T05:41:03.643+0000] {logging_mixin.py:151} INFO - [2025-01-24T05:41:03.643+0000] {dag.py:3696} INFO - Setting next_dagrun for example_short_circuit_decorator to 2025-01-23T05:41:03.642909+00:00, run_after=2025-01-24T05:41:03.642909+00:00
[2025-01-24T05:41:03.655+0000] {processor.py:179} INFO - Processing /home/airflow/.local/lib/python3.8/site-packages/airflow/example_dags/example_short_circuit_decorator.py took 0.056 seconds
[2025-01-24T05:41:34.389+0000] {processor.py:157} INFO - Started process (PID=483) to work on /home/airflow/.local/lib/python3.8/site-packages/airflow/example_dags/example_short_circuit_decorator.py
[2025-01-24T05:41:34.393+0000] {processor.py:829} INFO - Processing file /home/airflow/.local/lib/python3.8/site-packages/airflow/example_dags/example_short_circuit_decorator.py for tasks to queue
[2025-01-24T05:41:34.394+0000] {logging_mixin.py:151} INFO - [2025-01-24T05:41:34.394+0000] {dagbag.py:539} INFO - Filling up the DagBag from /home/airflow/.local/lib/python3.8/site-packages/airflow/example_dags/example_short_circuit_decorator.py
[2025-01-24T05:41:34.400+0000] {processor.py:839} INFO - DAG(s) dict_keys(['example_short_circuit_decorator']) retrieved from /home/airflow/.local/lib/python3.8/site-packages/airflow/example_dags/example_short_circuit_decorator.py
[2025-01-24T05:41:34.414+0000] {logging_mixin.py:151} INFO - [2025-01-24T05:41:34.414+0000] {dag.py:2915} INFO - Sync 1 DAGs
[2025-01-24T05:41:34.425+0000] {logging_mixin.py:151} INFO - [2025-01-24T05:41:34.425+0000] {dag.py:3696} INFO - Setting next_dagrun for example_short_circuit_decorator to 2025-01-23T05:41:34.425208+00:00, run_after=2025-01-24T05:41:34.425208+00:00
[2025-01-24T05:41:34.437+0000] {processor.py:179} INFO - Processing /home/airflow/.local/lib/python3.8/site-packages/airflow/example_dags/example_short_circuit_decorator.py took 0.050 seconds
[2025-01-24T05:42:05.061+0000] {processor.py:157} INFO - Started process (PID=536) to work on /home/airflow/.local/lib/python3.8/site-packages/airflow/example_dags/example_short_circuit_decorator.py
[2025-01-24T05:42:05.062+0000] {processor.py:829} INFO - Processing file /home/airflow/.local/lib/python3.8/site-packages/airflow/example_dags/example_short_circuit_decorator.py for tasks to queue
[2025-01-24T05:42:05.067+0000] {logging_mixin.py:151} INFO - [2025-01-24T05:42:05.067+0000] {dagbag.py:539} INFO - Filling up the DagBag from /home/airflow/.local/lib/python3.8/site-packages/airflow/example_dags/example_short_circuit_decorator.py
[2025-01-24T05:42:05.074+0000] {processor.py:839} INFO - DAG(s) dict_keys(['example_short_circuit_decorator']) retrieved from /home/airflow/.local/lib/python3.8/site-packages/airflow/example_dags/example_short_circuit_decorator.py
[2025-01-24T05:42:05.089+0000] {logging_mixin.py:151} INFO - [2025-01-24T05:42:05.089+0000] {dag.py:2915} INFO - Sync 1 DAGs
[2025-01-24T05:42:05.101+0000] {logging_mixin.py:151} INFO - [2025-01-24T05:42:05.101+0000] {dag.py:3696} INFO - Setting next_dagrun for example_short_circuit_decorator to 2025-01-23T05:42:05.101081+00:00, run_after=2025-01-24T05:42:05.101081+00:00
[2025-01-24T05:42:05.111+0000] {processor.py:179} INFO - Processing /home/airflow/.local/lib/python3.8/site-packages/airflow/example_dags/example_short_circuit_decorator.py took 0.054 seconds
[2025-01-24T05:42:35.814+0000] {processor.py:157} INFO - Started process (PID=590) to work on /home/airflow/.local/lib/python3.8/site-packages/airflow/example_dags/example_short_circuit_decorator.py
[2025-01-24T05:42:35.816+0000] {processor.py:829} INFO - Processing file /home/airflow/.local/lib/python3.8/site-packages/airflow/example_dags/example_short_circuit_decorator.py for tasks to queue
[2025-01-24T05:42:35.818+0000] {logging_mixin.py:151} INFO - [2025-01-24T05:42:35.818+0000] {dagbag.py:539} INFO - Filling up the DagBag from /home/airflow/.local/lib/python3.8/site-packages/airflow/example_dags/example_short_circuit_decorator.py
[2025-01-24T05:42:35.824+0000] {processor.py:839} INFO - DAG(s) dict_keys(['example_short_circuit_decorator']) retrieved from /home/airflow/.local/lib/python3.8/site-packages/airflow/example_dags/example_short_circuit_decorator.py
[2025-01-24T05:42:35.840+0000] {logging_mixin.py:151} INFO - [2025-01-24T05:42:35.839+0000] {dag.py:2915} INFO - Sync 1 DAGs
[2025-01-24T05:42:35.853+0000] {logging_mixin.py:151} INFO - [2025-01-24T05:42:35.853+0000] {dag.py:3696} INFO - Setting next_dagrun for example_short_circuit_decorator to 2025-01-23T05:42:35.852879+00:00, run_after=2025-01-24T05:42:35.852879+00:00
[2025-01-24T05:42:35.866+0000] {processor.py:179} INFO - Processing /home/airflow/.local/lib/python3.8/site-packages/airflow/example_dags/example_short_circuit_decorator.py took 0.055 seconds
[2025-01-24T05:43:06.440+0000] {processor.py:157} INFO - Started process (PID=644) to work on /home/airflow/.local/lib/python3.8/site-packages/airflow/example_dags/example_short_circuit_decorator.py
[2025-01-24T05:43:06.443+0000] {processor.py:829} INFO - Processing file /home/airflow/.local/lib/python3.8/site-packages/airflow/example_dags/example_short_circuit_decorator.py for tasks to queue
[2025-01-24T05:43:06.446+0000] {logging_mixin.py:151} INFO - [2025-01-24T05:43:06.445+0000] {dagbag.py:539} INFO - Filling up the DagBag from /home/airflow/.local/lib/python3.8/site-packages/airflow/example_dags/example_short_circuit_decorator.py
[2025-01-24T05:43:06.453+0000] {processor.py:839} INFO - DAG(s) dict_keys(['example_short_circuit_decorator']) retrieved from /home/airflow/.local/lib/python3.8/site-packages/airflow/example_dags/example_short_circuit_decorator.py
[2025-01-24T05:43:06.468+0000] {logging_mixin.py:151} INFO - [2025-01-24T05:43:06.468+0000] {dag.py:2915} INFO - Sync 1 DAGs
[2025-01-24T05:43:06.481+0000] {logging_mixin.py:151} INFO - [2025-01-24T05:43:06.481+0000] {dag.py:3696} INFO - Setting next_dagrun for example_short_circuit_decorator to 2025-01-23T05:43:06.481542+00:00, run_after=2025-01-24T05:43:06.481542+00:00
[2025-01-24T05:43:06.493+0000] {processor.py:179} INFO - Processing /home/airflow/.local/lib/python3.8/site-packages/airflow/example_dags/example_short_circuit_decorator.py took 0.056 seconds
[2025-01-24T05:43:37.271+0000] {processor.py:157} INFO - Started process (PID=697) to work on /home/airflow/.local/lib/python3.8/site-packages/airflow/example_dags/example_short_circuit_decorator.py
[2025-01-24T05:43:37.273+0000] {processor.py:829} INFO - Processing file /home/airflow/.local/lib/python3.8/site-packages/airflow/example_dags/example_short_circuit_decorator.py for tasks to queue
[2025-01-24T05:43:37.275+0000] {logging_mixin.py:151} INFO - [2025-01-24T05:43:37.275+0000] {dagbag.py:539} INFO - Filling up the DagBag from /home/airflow/.local/lib/python3.8/site-packages/airflow/example_dags/example_short_circuit_decorator.py
[2025-01-24T05:43:37.281+0000] {processor.py:839} INFO - DAG(s) dict_keys(['example_short_circuit_decorator']) retrieved from /home/airflow/.local/lib/python3.8/site-packages/airflow/example_dags/example_short_circuit_decorator.py
[2025-01-24T05:43:37.296+0000] {logging_mixin.py:151} INFO - [2025-01-24T05:43:37.295+0000] {dag.py:2915} INFO - Sync 1 DAGs
[2025-01-24T05:43:37.310+0000] {logging_mixin.py:151} INFO - [2025-01-24T05:43:37.310+0000] {dag.py:3696} INFO - Setting next_dagrun for example_short_circuit_decorator to 2025-01-23T05:43:37.309967+00:00, run_after=2025-01-24T05:43:37.309967+00:00
[2025-01-24T05:43:37.321+0000] {processor.py:179} INFO - Processing /home/airflow/.local/lib/python3.8/site-packages/airflow/example_dags/example_short_circuit_decorator.py took 0.053 seconds
[2025-01-24T05:44:07.979+0000] {processor.py:157} INFO - Started process (PID=751) to work on /home/airflow/.local/lib/python3.8/site-packages/airflow/example_dags/example_short_circuit_decorator.py
[2025-01-24T05:44:07.983+0000] {processor.py:829} INFO - Processing file /home/airflow/.local/lib/python3.8/site-packages/airflow/example_dags/example_short_circuit_decorator.py for tasks to queue
[2025-01-24T05:44:07.986+0000] {logging_mixin.py:151} INFO - [2025-01-24T05:44:07.986+0000] {dagbag.py:539} INFO - Filling up the DagBag from /home/airflow/.local/lib/python3.8/site-packages/airflow/example_dags/example_short_circuit_decorator.py
[2025-01-24T05:44:07.992+0000] {processor.py:839} INFO - DAG(s) dict_keys(['example_short_circuit_decorator']) retrieved from /home/airflow/.local/lib/python3.8/site-packages/airflow/example_dags/example_short_circuit_decorator.py
[2025-01-24T05:44:08.007+0000] {logging_mixin.py:151} INFO - [2025-01-24T05:44:08.007+0000] {dag.py:2915} INFO - Sync 1 DAGs
[2025-01-24T05:44:08.017+0000] {logging_mixin.py:151} INFO - [2025-01-24T05:44:08.017+0000] {dag.py:3696} INFO - Setting next_dagrun for example_short_circuit_decorator to 2025-01-23T05:44:08.017742+00:00, run_after=2025-01-24T05:44:08.017742+00:00
[2025-01-24T05:44:08.028+0000] {processor.py:179} INFO - Processing /home/airflow/.local/lib/python3.8/site-packages/airflow/example_dags/example_short_circuit_decorator.py took 0.050 seconds
[2025-01-24T05:44:38.103+0000] {processor.py:157} INFO - Started process (PID=805) to work on /home/airflow/.local/lib/python3.8/site-packages/airflow/example_dags/example_short_circuit_decorator.py
[2025-01-24T05:44:38.107+0000] {processor.py:829} INFO - Processing file /home/airflow/.local/lib/python3.8/site-packages/airflow/example_dags/example_short_circuit_decorator.py for tasks to queue
[2025-01-24T05:44:38.111+0000] {logging_mixin.py:151} INFO - [2025-01-24T05:44:38.110+0000] {dagbag.py:539} INFO - Filling up the DagBag from /home/airflow/.local/lib/python3.8/site-packages/airflow/example_dags/example_short_circuit_decorator.py
[2025-01-24T05:44:38.118+0000] {processor.py:839} INFO - DAG(s) dict_keys(['example_short_circuit_decorator']) retrieved from /home/airflow/.local/lib/python3.8/site-packages/airflow/example_dags/example_short_circuit_decorator.py
[2025-01-24T05:44:38.135+0000] {logging_mixin.py:151} INFO - [2025-01-24T05:44:38.135+0000] {dag.py:2915} INFO - Sync 1 DAGs
[2025-01-24T05:44:38.147+0000] {logging_mixin.py:151} INFO - [2025-01-24T05:44:38.147+0000] {dag.py:3696} INFO - Setting next_dagrun for example_short_circuit_decorator to 2025-01-23T05:44:38.146988+00:00, run_after=2025-01-24T05:44:38.146988+00:00
[2025-01-24T05:44:38.160+0000] {processor.py:179} INFO - Processing /home/airflow/.local/lib/python3.8/site-packages/airflow/example_dags/example_short_circuit_decorator.py took 0.059 seconds
[2025-01-24T05:45:08.841+0000] {processor.py:157} INFO - Started process (PID=859) to work on /home/airflow/.local/lib/python3.8/site-packages/airflow/example_dags/example_short_circuit_decorator.py
[2025-01-24T05:45:08.845+0000] {processor.py:829} INFO - Processing file /home/airflow/.local/lib/python3.8/site-packages/airflow/example_dags/example_short_circuit_decorator.py for tasks to queue
[2025-01-24T05:45:08.846+0000] {logging_mixin.py:151} INFO - [2025-01-24T05:45:08.846+0000] {dagbag.py:539} INFO - Filling up the DagBag from /home/airflow/.local/lib/python3.8/site-packages/airflow/example_dags/example_short_circuit_decorator.py
[2025-01-24T05:45:08.854+0000] {processor.py:839} INFO - DAG(s) dict_keys(['example_short_circuit_decorator']) retrieved from /home/airflow/.local/lib/python3.8/site-packages/airflow/example_dags/example_short_circuit_decorator.py
[2025-01-24T05:45:08.870+0000] {logging_mixin.py:151} INFO - [2025-01-24T05:45:08.869+0000] {dag.py:2915} INFO - Sync 1 DAGs
[2025-01-24T05:45:08.881+0000] {logging_mixin.py:151} INFO - [2025-01-24T05:45:08.881+0000] {dag.py:3696} INFO - Setting next_dagrun for example_short_circuit_decorator to 2025-01-23T05:45:08.881091+00:00, run_after=2025-01-24T05:45:08.881091+00:00
[2025-01-24T05:45:08.892+0000] {processor.py:179} INFO - Processing /home/airflow/.local/lib/python3.8/site-packages/airflow/example_dags/example_short_circuit_decorator.py took 0.053 seconds
[2025-01-24T05:45:51.224+0000] {processor.py:157} INFO - Started process (PID=43) to work on /home/airflow/.local/lib/python3.8/site-packages/airflow/example_dags/example_short_circuit_decorator.py
[2025-01-24T05:45:51.225+0000] {processor.py:829} INFO - Processing file /home/airflow/.local/lib/python3.8/site-packages/airflow/example_dags/example_short_circuit_decorator.py for tasks to queue
[2025-01-24T05:45:51.226+0000] {logging_mixin.py:151} INFO - [2025-01-24T05:45:51.226+0000] {dagbag.py:539} INFO - Filling up the DagBag from /home/airflow/.local/lib/python3.8/site-packages/airflow/example_dags/example_short_circuit_decorator.py
[2025-01-24T05:45:51.234+0000] {processor.py:839} INFO - DAG(s) dict_keys(['example_short_circuit_decorator']) retrieved from /home/airflow/.local/lib/python3.8/site-packages/airflow/example_dags/example_short_circuit_decorator.py
[2025-01-24T05:45:51.247+0000] {logging_mixin.py:151} INFO - [2025-01-24T05:45:51.247+0000] {dag.py:2915} INFO - Sync 1 DAGs
[2025-01-24T05:45:51.258+0000] {logging_mixin.py:151} INFO - [2025-01-24T05:45:51.258+0000] {dag.py:3696} INFO - Setting next_dagrun for example_short_circuit_decorator to 2025-01-23T05:45:51.258344+00:00, run_after=2025-01-24T05:45:51.258344+00:00
[2025-01-24T05:45:51.270+0000] {processor.py:179} INFO - Processing /home/airflow/.local/lib/python3.8/site-packages/airflow/example_dags/example_short_circuit_decorator.py took 0.048 seconds
[2025-01-24T05:46:21.817+0000] {processor.py:157} INFO - Started process (PID=97) to work on /home/airflow/.local/lib/python3.8/site-packages/airflow/example_dags/example_short_circuit_decorator.py
[2025-01-24T05:46:21.819+0000] {processor.py:829} INFO - Processing file /home/airflow/.local/lib/python3.8/site-packages/airflow/example_dags/example_short_circuit_decorator.py for tasks to queue
[2025-01-24T05:46:21.820+0000] {logging_mixin.py:151} INFO - [2025-01-24T05:46:21.820+0000] {dagbag.py:539} INFO - Filling up the DagBag from /home/airflow/.local/lib/python3.8/site-packages/airflow/example_dags/example_short_circuit_decorator.py
[2025-01-24T05:46:21.825+0000] {processor.py:839} INFO - DAG(s) dict_keys(['example_short_circuit_decorator']) retrieved from /home/airflow/.local/lib/python3.8/site-packages/airflow/example_dags/example_short_circuit_decorator.py
[2025-01-24T05:46:21.836+0000] {logging_mixin.py:151} INFO - [2025-01-24T05:46:21.835+0000] {dag.py:2915} INFO - Sync 1 DAGs
[2025-01-24T05:46:21.850+0000] {logging_mixin.py:151} INFO - [2025-01-24T05:46:21.849+0000] {dag.py:3696} INFO - Setting next_dagrun for example_short_circuit_decorator to 2025-01-23T05:46:21.849835+00:00, run_after=2025-01-24T05:46:21.849835+00:00
[2025-01-24T05:46:21.859+0000] {processor.py:179} INFO - Processing /home/airflow/.local/lib/python3.8/site-packages/airflow/example_dags/example_short_circuit_decorator.py took 0.044 seconds
[2025-01-24T05:46:52.518+0000] {processor.py:157} INFO - Started process (PID=151) to work on /home/airflow/.local/lib/python3.8/site-packages/airflow/example_dags/example_short_circuit_decorator.py
[2025-01-24T05:46:52.518+0000] {processor.py:829} INFO - Processing file /home/airflow/.local/lib/python3.8/site-packages/airflow/example_dags/example_short_circuit_decorator.py for tasks to queue
[2025-01-24T05:46:52.519+0000] {logging_mixin.py:151} INFO - [2025-01-24T05:46:52.519+0000] {dagbag.py:539} INFO - Filling up the DagBag from /home/airflow/.local/lib/python3.8/site-packages/airflow/example_dags/example_short_circuit_decorator.py
[2025-01-24T05:46:52.523+0000] {processor.py:839} INFO - DAG(s) dict_keys(['example_short_circuit_decorator']) retrieved from /home/airflow/.local/lib/python3.8/site-packages/airflow/example_dags/example_short_circuit_decorator.py
[2025-01-24T05:46:52.535+0000] {logging_mixin.py:151} INFO - [2025-01-24T05:46:52.534+0000] {dag.py:2915} INFO - Sync 1 DAGs
[2025-01-24T05:46:52.544+0000] {logging_mixin.py:151} INFO - [2025-01-24T05:46:52.544+0000] {dag.py:3696} INFO - Setting next_dagrun for example_short_circuit_decorator to 2025-01-23T05:46:52.544559+00:00, run_after=2025-01-24T05:46:52.544559+00:00
[2025-01-24T05:46:52.554+0000] {processor.py:179} INFO - Processing /home/airflow/.local/lib/python3.8/site-packages/airflow/example_dags/example_short_circuit_decorator.py took 0.038 seconds
[2025-01-24T05:47:23.194+0000] {processor.py:157} INFO - Started process (PID=205) to work on /home/airflow/.local/lib/python3.8/site-packages/airflow/example_dags/example_short_circuit_decorator.py
[2025-01-24T05:47:23.195+0000] {processor.py:829} INFO - Processing file /home/airflow/.local/lib/python3.8/site-packages/airflow/example_dags/example_short_circuit_decorator.py for tasks to queue
[2025-01-24T05:47:23.197+0000] {logging_mixin.py:151} INFO - [2025-01-24T05:47:23.197+0000] {dagbag.py:539} INFO - Filling up the DagBag from /home/airflow/.local/lib/python3.8/site-packages/airflow/example_dags/example_short_circuit_decorator.py
[2025-01-24T05:47:23.203+0000] {processor.py:839} INFO - DAG(s) dict_keys(['example_short_circuit_decorator']) retrieved from /home/airflow/.local/lib/python3.8/site-packages/airflow/example_dags/example_short_circuit_decorator.py
[2025-01-24T05:47:23.218+0000] {logging_mixin.py:151} INFO - [2025-01-24T05:47:23.218+0000] {dag.py:2915} INFO - Sync 1 DAGs
[2025-01-24T05:47:23.229+0000] {logging_mixin.py:151} INFO - [2025-01-24T05:47:23.229+0000] {dag.py:3696} INFO - Setting next_dagrun for example_short_circuit_decorator to 2025-01-23T05:47:23.229420+00:00, run_after=2025-01-24T05:47:23.229420+00:00
[2025-01-24T05:47:23.240+0000] {processor.py:179} INFO - Processing /home/airflow/.local/lib/python3.8/site-packages/airflow/example_dags/example_short_circuit_decorator.py took 0.048 seconds
[2025-01-24T05:47:53.948+0000] {processor.py:157} INFO - Started process (PID=259) to work on /home/airflow/.local/lib/python3.8/site-packages/airflow/example_dags/example_short_circuit_decorator.py
[2025-01-24T05:47:53.948+0000] {processor.py:829} INFO - Processing file /home/airflow/.local/lib/python3.8/site-packages/airflow/example_dags/example_short_circuit_decorator.py for tasks to queue
[2025-01-24T05:47:53.951+0000] {logging_mixin.py:151} INFO - [2025-01-24T05:47:53.951+0000] {dagbag.py:539} INFO - Filling up the DagBag from /home/airflow/.local/lib/python3.8/site-packages/airflow/example_dags/example_short_circuit_decorator.py
[2025-01-24T05:47:53.957+0000] {processor.py:839} INFO - DAG(s) dict_keys(['example_short_circuit_decorator']) retrieved from /home/airflow/.local/lib/python3.8/site-packages/airflow/example_dags/example_short_circuit_decorator.py
[2025-01-24T05:47:53.972+0000] {logging_mixin.py:151} INFO - [2025-01-24T05:47:53.972+0000] {dag.py:2915} INFO - Sync 1 DAGs
[2025-01-24T05:47:53.984+0000] {logging_mixin.py:151} INFO - [2025-01-24T05:47:53.984+0000] {dag.py:3696} INFO - Setting next_dagrun for example_short_circuit_decorator to 2025-01-23T05:47:53.984655+00:00, run_after=2025-01-24T05:47:53.984655+00:00
[2025-01-24T05:47:53.995+0000] {processor.py:179} INFO - Processing /home/airflow/.local/lib/python3.8/site-packages/airflow/example_dags/example_short_circuit_decorator.py took 0.049 seconds
