[2025-01-24T05:37:31.926+0000] {processor.py:157} INFO - Started process (PID=84) to work on /home/airflow/.local/lib/python3.8/site-packages/airflow/example_dags/example_dynamic_task_mapping_with_no_taskflow_operators.py
[2025-01-24T05:37:31.927+0000] {processor.py:829} INFO - Processing file /home/airflow/.local/lib/python3.8/site-packages/airflow/example_dags/example_dynamic_task_mapping_with_no_taskflow_operators.py for tasks to queue
[2025-01-24T05:37:31.928+0000] {logging_mixin.py:151} INFO - [2025-01-24T05:37:31.928+0000] {dagbag.py:539} INFO - Filling up the DagBag from /home/airflow/.local/lib/python3.8/site-packages/airflow/example_dags/example_dynamic_task_mapping_with_no_taskflow_operators.py
[2025-01-24T05:37:31.933+0000] {processor.py:839} INFO - DAG(s) dict_keys(['example_dynamic_task_mapping_with_no_taskflow_operators']) retrieved from /home/airflow/.local/lib/python3.8/site-packages/airflow/example_dags/example_dynamic_task_mapping_with_no_taskflow_operators.py
[2025-01-24T05:37:31.946+0000] {logging_mixin.py:151} INFO - [2025-01-24T05:37:31.946+0000] {dag.py:2915} INFO - Sync 1 DAGs
[2025-01-24T05:37:31.962+0000] {logging_mixin.py:151} INFO - [2025-01-24T05:37:31.962+0000] {dag.py:3696} INFO - Setting next_dagrun for example_dynamic_task_mapping_with_no_taskflow_operators to 2025-01-23T05:37:31.962664+00:00, run_after=2025-01-24T05:37:31.962664+00:00
[2025-01-24T05:37:31.980+0000] {processor.py:179} INFO - Processing /home/airflow/.local/lib/python3.8/site-packages/airflow/example_dags/example_dynamic_task_mapping_with_no_taskflow_operators.py took 0.057 seconds
[2025-01-24T05:38:02.599+0000] {processor.py:157} INFO - Started process (PID=138) to work on /home/airflow/.local/lib/python3.8/site-packages/airflow/example_dags/example_dynamic_task_mapping_with_no_taskflow_operators.py
[2025-01-24T05:38:02.600+0000] {processor.py:829} INFO - Processing file /home/airflow/.local/lib/python3.8/site-packages/airflow/example_dags/example_dynamic_task_mapping_with_no_taskflow_operators.py for tasks to queue
[2025-01-24T05:38:02.601+0000] {logging_mixin.py:151} INFO - [2025-01-24T05:38:02.601+0000] {dagbag.py:539} INFO - Filling up the DagBag from /home/airflow/.local/lib/python3.8/site-packages/airflow/example_dags/example_dynamic_task_mapping_with_no_taskflow_operators.py
[2025-01-24T05:38:02.604+0000] {processor.py:839} INFO - DAG(s) dict_keys(['example_dynamic_task_mapping_with_no_taskflow_operators']) retrieved from /home/airflow/.local/lib/python3.8/site-packages/airflow/example_dags/example_dynamic_task_mapping_with_no_taskflow_operators.py
[2025-01-24T05:38:02.615+0000] {logging_mixin.py:151} INFO - [2025-01-24T05:38:02.615+0000] {dag.py:2915} INFO - Sync 1 DAGs
[2025-01-24T05:38:02.625+0000] {logging_mixin.py:151} INFO - [2025-01-24T05:38:02.625+0000] {dag.py:3696} INFO - Setting next_dagrun for example_dynamic_task_mapping_with_no_taskflow_operators to 2025-01-23T05:38:02.625022+00:00, run_after=2025-01-24T05:38:02.625022+00:00
[2025-01-24T05:38:02.633+0000] {processor.py:179} INFO - Processing /home/airflow/.local/lib/python3.8/site-packages/airflow/example_dags/example_dynamic_task_mapping_with_no_taskflow_operators.py took 0.035 seconds
[2025-01-24T05:38:33.377+0000] {processor.py:157} INFO - Started process (PID=192) to work on /home/airflow/.local/lib/python3.8/site-packages/airflow/example_dags/example_dynamic_task_mapping_with_no_taskflow_operators.py
[2025-01-24T05:38:33.381+0000] {processor.py:829} INFO - Processing file /home/airflow/.local/lib/python3.8/site-packages/airflow/example_dags/example_dynamic_task_mapping_with_no_taskflow_operators.py for tasks to queue
[2025-01-24T05:38:33.382+0000] {logging_mixin.py:151} INFO - [2025-01-24T05:38:33.382+0000] {dagbag.py:539} INFO - Filling up the DagBag from /home/airflow/.local/lib/python3.8/site-packages/airflow/example_dags/example_dynamic_task_mapping_with_no_taskflow_operators.py
[2025-01-24T05:38:33.386+0000] {processor.py:839} INFO - DAG(s) dict_keys(['example_dynamic_task_mapping_with_no_taskflow_operators']) retrieved from /home/airflow/.local/lib/python3.8/site-packages/airflow/example_dags/example_dynamic_task_mapping_with_no_taskflow_operators.py
[2025-01-24T05:38:33.403+0000] {logging_mixin.py:151} INFO - [2025-01-24T05:38:33.403+0000] {dag.py:2915} INFO - Sync 1 DAGs
[2025-01-24T05:38:33.413+0000] {logging_mixin.py:151} INFO - [2025-01-24T05:38:33.413+0000] {dag.py:3696} INFO - Setting next_dagrun for example_dynamic_task_mapping_with_no_taskflow_operators to 2025-01-23T05:38:33.413138+00:00, run_after=2025-01-24T05:38:33.413138+00:00
[2025-01-24T05:38:33.425+0000] {processor.py:179} INFO - Processing /home/airflow/.local/lib/python3.8/site-packages/airflow/example_dags/example_dynamic_task_mapping_with_no_taskflow_operators.py took 0.050 seconds
[2025-01-24T05:39:04.365+0000] {processor.py:157} INFO - Started process (PID=252) to work on /home/airflow/.local/lib/python3.8/site-packages/airflow/example_dags/example_dynamic_task_mapping_with_no_taskflow_operators.py
[2025-01-24T05:39:04.366+0000] {processor.py:829} INFO - Processing file /home/airflow/.local/lib/python3.8/site-packages/airflow/example_dags/example_dynamic_task_mapping_with_no_taskflow_operators.py for tasks to queue
[2025-01-24T05:39:04.368+0000] {logging_mixin.py:151} INFO - [2025-01-24T05:39:04.368+0000] {dagbag.py:539} INFO - Filling up the DagBag from /home/airflow/.local/lib/python3.8/site-packages/airflow/example_dags/example_dynamic_task_mapping_with_no_taskflow_operators.py
[2025-01-24T05:39:04.372+0000] {processor.py:839} INFO - DAG(s) dict_keys(['example_dynamic_task_mapping_with_no_taskflow_operators']) retrieved from /home/airflow/.local/lib/python3.8/site-packages/airflow/example_dags/example_dynamic_task_mapping_with_no_taskflow_operators.py
[2025-01-24T05:39:04.385+0000] {logging_mixin.py:151} INFO - [2025-01-24T05:39:04.385+0000] {dag.py:2915} INFO - Sync 1 DAGs
[2025-01-24T05:39:04.400+0000] {logging_mixin.py:151} INFO - [2025-01-24T05:39:04.399+0000] {dag.py:3696} INFO - Setting next_dagrun for example_dynamic_task_mapping_with_no_taskflow_operators to 2025-01-23T05:39:04.399691+00:00, run_after=2025-01-24T05:39:04.399691+00:00
[2025-01-24T05:39:04.409+0000] {processor.py:179} INFO - Processing /home/airflow/.local/lib/python3.8/site-packages/airflow/example_dags/example_dynamic_task_mapping_with_no_taskflow_operators.py took 0.047 seconds
[2025-01-24T05:39:34.502+0000] {processor.py:157} INFO - Started process (PID=305) to work on /home/airflow/.local/lib/python3.8/site-packages/airflow/example_dags/example_dynamic_task_mapping_with_no_taskflow_operators.py
[2025-01-24T05:39:34.503+0000] {processor.py:829} INFO - Processing file /home/airflow/.local/lib/python3.8/site-packages/airflow/example_dags/example_dynamic_task_mapping_with_no_taskflow_operators.py for tasks to queue
[2025-01-24T05:39:34.504+0000] {logging_mixin.py:151} INFO - [2025-01-24T05:39:34.504+0000] {dagbag.py:539} INFO - Filling up the DagBag from /home/airflow/.local/lib/python3.8/site-packages/airflow/example_dags/example_dynamic_task_mapping_with_no_taskflow_operators.py
[2025-01-24T05:39:34.508+0000] {processor.py:839} INFO - DAG(s) dict_keys(['example_dynamic_task_mapping_with_no_taskflow_operators']) retrieved from /home/airflow/.local/lib/python3.8/site-packages/airflow/example_dags/example_dynamic_task_mapping_with_no_taskflow_operators.py
[2025-01-24T05:39:34.518+0000] {logging_mixin.py:151} INFO - [2025-01-24T05:39:34.518+0000] {dag.py:2915} INFO - Sync 1 DAGs
[2025-01-24T05:39:34.528+0000] {logging_mixin.py:151} INFO - [2025-01-24T05:39:34.528+0000] {dag.py:3696} INFO - Setting next_dagrun for example_dynamic_task_mapping_with_no_taskflow_operators to 2025-01-23T05:39:34.528489+00:00, run_after=2025-01-24T05:39:34.528489+00:00
[2025-01-24T05:39:34.536+0000] {processor.py:179} INFO - Processing /home/airflow/.local/lib/python3.8/site-packages/airflow/example_dags/example_dynamic_task_mapping_with_no_taskflow_operators.py took 0.035 seconds
[2025-01-24T05:40:05.434+0000] {processor.py:157} INFO - Started process (PID=360) to work on /home/airflow/.local/lib/python3.8/site-packages/airflow/example_dags/example_dynamic_task_mapping_with_no_taskflow_operators.py
[2025-01-24T05:40:05.434+0000] {processor.py:829} INFO - Processing file /home/airflow/.local/lib/python3.8/site-packages/airflow/example_dags/example_dynamic_task_mapping_with_no_taskflow_operators.py for tasks to queue
[2025-01-24T05:40:05.436+0000] {logging_mixin.py:151} INFO - [2025-01-24T05:40:05.435+0000] {dagbag.py:539} INFO - Filling up the DagBag from /home/airflow/.local/lib/python3.8/site-packages/airflow/example_dags/example_dynamic_task_mapping_with_no_taskflow_operators.py
[2025-01-24T05:40:05.439+0000] {processor.py:839} INFO - DAG(s) dict_keys(['example_dynamic_task_mapping_with_no_taskflow_operators']) retrieved from /home/airflow/.local/lib/python3.8/site-packages/airflow/example_dags/example_dynamic_task_mapping_with_no_taskflow_operators.py
[2025-01-24T05:40:05.450+0000] {logging_mixin.py:151} INFO - [2025-01-24T05:40:05.450+0000] {dag.py:2915} INFO - Sync 1 DAGs
[2025-01-24T05:40:05.459+0000] {logging_mixin.py:151} INFO - [2025-01-24T05:40:05.459+0000] {dag.py:3696} INFO - Setting next_dagrun for example_dynamic_task_mapping_with_no_taskflow_operators to 2025-01-23T05:40:05.459136+00:00, run_after=2025-01-24T05:40:05.459136+00:00
[2025-01-24T05:40:05.467+0000] {processor.py:179} INFO - Processing /home/airflow/.local/lib/python3.8/site-packages/airflow/example_dags/example_dynamic_task_mapping_with_no_taskflow_operators.py took 0.035 seconds
[2025-01-24T05:40:36.162+0000] {processor.py:157} INFO - Started process (PID=414) to work on /home/airflow/.local/lib/python3.8/site-packages/airflow/example_dags/example_dynamic_task_mapping_with_no_taskflow_operators.py
[2025-01-24T05:40:36.163+0000] {processor.py:829} INFO - Processing file /home/airflow/.local/lib/python3.8/site-packages/airflow/example_dags/example_dynamic_task_mapping_with_no_taskflow_operators.py for tasks to queue
[2025-01-24T05:40:36.165+0000] {logging_mixin.py:151} INFO - [2025-01-24T05:40:36.165+0000] {dagbag.py:539} INFO - Filling up the DagBag from /home/airflow/.local/lib/python3.8/site-packages/airflow/example_dags/example_dynamic_task_mapping_with_no_taskflow_operators.py
[2025-01-24T05:40:36.169+0000] {processor.py:839} INFO - DAG(s) dict_keys(['example_dynamic_task_mapping_with_no_taskflow_operators']) retrieved from /home/airflow/.local/lib/python3.8/site-packages/airflow/example_dags/example_dynamic_task_mapping_with_no_taskflow_operators.py
[2025-01-24T05:40:36.179+0000] {logging_mixin.py:151} INFO - [2025-01-24T05:40:36.179+0000] {dag.py:2915} INFO - Sync 1 DAGs
[2025-01-24T05:40:36.189+0000] {logging_mixin.py:151} INFO - [2025-01-24T05:40:36.189+0000] {dag.py:3696} INFO - Setting next_dagrun for example_dynamic_task_mapping_with_no_taskflow_operators to 2025-01-23T05:40:36.189628+00:00, run_after=2025-01-24T05:40:36.189628+00:00
[2025-01-24T05:40:36.198+0000] {processor.py:179} INFO - Processing /home/airflow/.local/lib/python3.8/site-packages/airflow/example_dags/example_dynamic_task_mapping_with_no_taskflow_operators.py took 0.037 seconds
[2025-01-24T05:41:06.984+0000] {processor.py:157} INFO - Started process (PID=468) to work on /home/airflow/.local/lib/python3.8/site-packages/airflow/example_dags/example_dynamic_task_mapping_with_no_taskflow_operators.py
[2025-01-24T05:41:06.985+0000] {processor.py:829} INFO - Processing file /home/airflow/.local/lib/python3.8/site-packages/airflow/example_dags/example_dynamic_task_mapping_with_no_taskflow_operators.py for tasks to queue
[2025-01-24T05:41:06.987+0000] {logging_mixin.py:151} INFO - [2025-01-24T05:41:06.987+0000] {dagbag.py:539} INFO - Filling up the DagBag from /home/airflow/.local/lib/python3.8/site-packages/airflow/example_dags/example_dynamic_task_mapping_with_no_taskflow_operators.py
[2025-01-24T05:41:06.991+0000] {processor.py:839} INFO - DAG(s) dict_keys(['example_dynamic_task_mapping_with_no_taskflow_operators']) retrieved from /home/airflow/.local/lib/python3.8/site-packages/airflow/example_dags/example_dynamic_task_mapping_with_no_taskflow_operators.py
[2025-01-24T05:41:07.004+0000] {logging_mixin.py:151} INFO - [2025-01-24T05:41:07.004+0000] {dag.py:2915} INFO - Sync 1 DAGs
[2025-01-24T05:41:07.016+0000] {logging_mixin.py:151} INFO - [2025-01-24T05:41:07.016+0000] {dag.py:3696} INFO - Setting next_dagrun for example_dynamic_task_mapping_with_no_taskflow_operators to 2025-01-23T05:41:07.016575+00:00, run_after=2025-01-24T05:41:07.016575+00:00
[2025-01-24T05:41:07.029+0000] {processor.py:179} INFO - Processing /home/airflow/.local/lib/python3.8/site-packages/airflow/example_dags/example_dynamic_task_mapping_with_no_taskflow_operators.py took 0.047 seconds
[2025-01-24T05:41:37.607+0000] {processor.py:157} INFO - Started process (PID=522) to work on /home/airflow/.local/lib/python3.8/site-packages/airflow/example_dags/example_dynamic_task_mapping_with_no_taskflow_operators.py
[2025-01-24T05:41:37.608+0000] {processor.py:829} INFO - Processing file /home/airflow/.local/lib/python3.8/site-packages/airflow/example_dags/example_dynamic_task_mapping_with_no_taskflow_operators.py for tasks to queue
[2025-01-24T05:41:37.609+0000] {logging_mixin.py:151} INFO - [2025-01-24T05:41:37.608+0000] {dagbag.py:539} INFO - Filling up the DagBag from /home/airflow/.local/lib/python3.8/site-packages/airflow/example_dags/example_dynamic_task_mapping_with_no_taskflow_operators.py
[2025-01-24T05:41:37.612+0000] {processor.py:839} INFO - DAG(s) dict_keys(['example_dynamic_task_mapping_with_no_taskflow_operators']) retrieved from /home/airflow/.local/lib/python3.8/site-packages/airflow/example_dags/example_dynamic_task_mapping_with_no_taskflow_operators.py
[2025-01-24T05:41:37.623+0000] {logging_mixin.py:151} INFO - [2025-01-24T05:41:37.622+0000] {dag.py:2915} INFO - Sync 1 DAGs
[2025-01-24T05:41:37.632+0000] {logging_mixin.py:151} INFO - [2025-01-24T05:41:37.632+0000] {dag.py:3696} INFO - Setting next_dagrun for example_dynamic_task_mapping_with_no_taskflow_operators to 2025-01-23T05:41:37.632594+00:00, run_after=2025-01-24T05:41:37.632594+00:00
[2025-01-24T05:41:37.644+0000] {processor.py:179} INFO - Processing /home/airflow/.local/lib/python3.8/site-packages/airflow/example_dags/example_dynamic_task_mapping_with_no_taskflow_operators.py took 0.038 seconds
[2025-01-24T05:42:08.370+0000] {processor.py:157} INFO - Started process (PID=575) to work on /home/airflow/.local/lib/python3.8/site-packages/airflow/example_dags/example_dynamic_task_mapping_with_no_taskflow_operators.py
[2025-01-24T05:42:08.371+0000] {processor.py:829} INFO - Processing file /home/airflow/.local/lib/python3.8/site-packages/airflow/example_dags/example_dynamic_task_mapping_with_no_taskflow_operators.py for tasks to queue
[2025-01-24T05:42:08.372+0000] {logging_mixin.py:151} INFO - [2025-01-24T05:42:08.372+0000] {dagbag.py:539} INFO - Filling up the DagBag from /home/airflow/.local/lib/python3.8/site-packages/airflow/example_dags/example_dynamic_task_mapping_with_no_taskflow_operators.py
[2025-01-24T05:42:08.376+0000] {processor.py:839} INFO - DAG(s) dict_keys(['example_dynamic_task_mapping_with_no_taskflow_operators']) retrieved from /home/airflow/.local/lib/python3.8/site-packages/airflow/example_dags/example_dynamic_task_mapping_with_no_taskflow_operators.py
[2025-01-24T05:42:08.388+0000] {logging_mixin.py:151} INFO - [2025-01-24T05:42:08.388+0000] {dag.py:2915} INFO - Sync 1 DAGs
[2025-01-24T05:42:08.403+0000] {logging_mixin.py:151} INFO - [2025-01-24T05:42:08.403+0000] {dag.py:3696} INFO - Setting next_dagrun for example_dynamic_task_mapping_with_no_taskflow_operators to 2025-01-23T05:42:08.403697+00:00, run_after=2025-01-24T05:42:08.403697+00:00
[2025-01-24T05:42:08.414+0000] {processor.py:179} INFO - Processing /home/airflow/.local/lib/python3.8/site-packages/airflow/example_dags/example_dynamic_task_mapping_with_no_taskflow_operators.py took 0.046 seconds
[2025-01-24T05:42:38.980+0000] {processor.py:157} INFO - Started process (PID=629) to work on /home/airflow/.local/lib/python3.8/site-packages/airflow/example_dags/example_dynamic_task_mapping_with_no_taskflow_operators.py
[2025-01-24T05:42:38.981+0000] {processor.py:829} INFO - Processing file /home/airflow/.local/lib/python3.8/site-packages/airflow/example_dags/example_dynamic_task_mapping_with_no_taskflow_operators.py for tasks to queue
[2025-01-24T05:42:38.982+0000] {logging_mixin.py:151} INFO - [2025-01-24T05:42:38.981+0000] {dagbag.py:539} INFO - Filling up the DagBag from /home/airflow/.local/lib/python3.8/site-packages/airflow/example_dags/example_dynamic_task_mapping_with_no_taskflow_operators.py
[2025-01-24T05:42:38.985+0000] {processor.py:839} INFO - DAG(s) dict_keys(['example_dynamic_task_mapping_with_no_taskflow_operators']) retrieved from /home/airflow/.local/lib/python3.8/site-packages/airflow/example_dags/example_dynamic_task_mapping_with_no_taskflow_operators.py
[2025-01-24T05:42:38.995+0000] {logging_mixin.py:151} INFO - [2025-01-24T05:42:38.995+0000] {dag.py:2915} INFO - Sync 1 DAGs
[2025-01-24T05:42:39.005+0000] {logging_mixin.py:151} INFO - [2025-01-24T05:42:39.005+0000] {dag.py:3696} INFO - Setting next_dagrun for example_dynamic_task_mapping_with_no_taskflow_operators to 2025-01-23T05:42:39.005245+00:00, run_after=2025-01-24T05:42:39.005245+00:00
[2025-01-24T05:42:39.014+0000] {processor.py:179} INFO - Processing /home/airflow/.local/lib/python3.8/site-packages/airflow/example_dags/example_dynamic_task_mapping_with_no_taskflow_operators.py took 0.036 seconds
[2025-01-24T05:43:09.763+0000] {processor.py:157} INFO - Started process (PID=683) to work on /home/airflow/.local/lib/python3.8/site-packages/airflow/example_dags/example_dynamic_task_mapping_with_no_taskflow_operators.py
[2025-01-24T05:43:09.765+0000] {processor.py:829} INFO - Processing file /home/airflow/.local/lib/python3.8/site-packages/airflow/example_dags/example_dynamic_task_mapping_with_no_taskflow_operators.py for tasks to queue
[2025-01-24T05:43:09.767+0000] {logging_mixin.py:151} INFO - [2025-01-24T05:43:09.767+0000] {dagbag.py:539} INFO - Filling up the DagBag from /home/airflow/.local/lib/python3.8/site-packages/airflow/example_dags/example_dynamic_task_mapping_with_no_taskflow_operators.py
[2025-01-24T05:43:09.770+0000] {processor.py:839} INFO - DAG(s) dict_keys(['example_dynamic_task_mapping_with_no_taskflow_operators']) retrieved from /home/airflow/.local/lib/python3.8/site-packages/airflow/example_dags/example_dynamic_task_mapping_with_no_taskflow_operators.py
[2025-01-24T05:43:09.781+0000] {logging_mixin.py:151} INFO - [2025-01-24T05:43:09.781+0000] {dag.py:2915} INFO - Sync 1 DAGs
[2025-01-24T05:43:09.792+0000] {logging_mixin.py:151} INFO - [2025-01-24T05:43:09.792+0000] {dag.py:3696} INFO - Setting next_dagrun for example_dynamic_task_mapping_with_no_taskflow_operators to 2025-01-23T05:43:09.792386+00:00, run_after=2025-01-24T05:43:09.792386+00:00
[2025-01-24T05:43:09.801+0000] {processor.py:179} INFO - Processing /home/airflow/.local/lib/python3.8/site-packages/airflow/example_dags/example_dynamic_task_mapping_with_no_taskflow_operators.py took 0.040 seconds
[2025-01-24T05:43:40.500+0000] {processor.py:157} INFO - Started process (PID=736) to work on /home/airflow/.local/lib/python3.8/site-packages/airflow/example_dags/example_dynamic_task_mapping_with_no_taskflow_operators.py
[2025-01-24T05:43:40.502+0000] {processor.py:829} INFO - Processing file /home/airflow/.local/lib/python3.8/site-packages/airflow/example_dags/example_dynamic_task_mapping_with_no_taskflow_operators.py for tasks to queue
[2025-01-24T05:43:40.503+0000] {logging_mixin.py:151} INFO - [2025-01-24T05:43:40.503+0000] {dagbag.py:539} INFO - Filling up the DagBag from /home/airflow/.local/lib/python3.8/site-packages/airflow/example_dags/example_dynamic_task_mapping_with_no_taskflow_operators.py
[2025-01-24T05:43:40.507+0000] {processor.py:839} INFO - DAG(s) dict_keys(['example_dynamic_task_mapping_with_no_taskflow_operators']) retrieved from /home/airflow/.local/lib/python3.8/site-packages/airflow/example_dags/example_dynamic_task_mapping_with_no_taskflow_operators.py
[2025-01-24T05:43:40.518+0000] {logging_mixin.py:151} INFO - [2025-01-24T05:43:40.518+0000] {dag.py:2915} INFO - Sync 1 DAGs
[2025-01-24T05:43:40.529+0000] {logging_mixin.py:151} INFO - [2025-01-24T05:43:40.528+0000] {dag.py:3696} INFO - Setting next_dagrun for example_dynamic_task_mapping_with_no_taskflow_operators to 2025-01-23T05:43:40.528829+00:00, run_after=2025-01-24T05:43:40.528829+00:00
[2025-01-24T05:43:40.540+0000] {processor.py:179} INFO - Processing /home/airflow/.local/lib/python3.8/site-packages/airflow/example_dags/example_dynamic_task_mapping_with_no_taskflow_operators.py took 0.042 seconds
[2025-01-24T05:44:11.484+0000] {processor.py:157} INFO - Started process (PID=790) to work on /home/airflow/.local/lib/python3.8/site-packages/airflow/example_dags/example_dynamic_task_mapping_with_no_taskflow_operators.py
[2025-01-24T05:44:11.492+0000] {processor.py:829} INFO - Processing file /home/airflow/.local/lib/python3.8/site-packages/airflow/example_dags/example_dynamic_task_mapping_with_no_taskflow_operators.py for tasks to queue
[2025-01-24T05:44:11.500+0000] {logging_mixin.py:151} INFO - [2025-01-24T05:44:11.499+0000] {dagbag.py:539} INFO - Filling up the DagBag from /home/airflow/.local/lib/python3.8/site-packages/airflow/example_dags/example_dynamic_task_mapping_with_no_taskflow_operators.py
[2025-01-24T05:44:11.504+0000] {processor.py:839} INFO - DAG(s) dict_keys(['example_dynamic_task_mapping_with_no_taskflow_operators']) retrieved from /home/airflow/.local/lib/python3.8/site-packages/airflow/example_dags/example_dynamic_task_mapping_with_no_taskflow_operators.py
[2025-01-24T05:44:11.521+0000] {logging_mixin.py:151} INFO - [2025-01-24T05:44:11.520+0000] {dag.py:2915} INFO - Sync 1 DAGs
[2025-01-24T05:44:11.532+0000] {logging_mixin.py:151} INFO - [2025-01-24T05:44:11.532+0000] {dag.py:3696} INFO - Setting next_dagrun for example_dynamic_task_mapping_with_no_taskflow_operators to 2025-01-23T05:44:11.532056+00:00, run_after=2025-01-24T05:44:11.532056+00:00
[2025-01-24T05:44:11.543+0000] {processor.py:179} INFO - Processing /home/airflow/.local/lib/python3.8/site-packages/airflow/example_dags/example_dynamic_task_mapping_with_no_taskflow_operators.py took 0.073 seconds
[2025-01-24T05:44:42.393+0000] {processor.py:157} INFO - Started process (PID=844) to work on /home/airflow/.local/lib/python3.8/site-packages/airflow/example_dags/example_dynamic_task_mapping_with_no_taskflow_operators.py
[2025-01-24T05:44:42.393+0000] {processor.py:829} INFO - Processing file /home/airflow/.local/lib/python3.8/site-packages/airflow/example_dags/example_dynamic_task_mapping_with_no_taskflow_operators.py for tasks to queue
[2025-01-24T05:44:42.394+0000] {logging_mixin.py:151} INFO - [2025-01-24T05:44:42.394+0000] {dagbag.py:539} INFO - Filling up the DagBag from /home/airflow/.local/lib/python3.8/site-packages/airflow/example_dags/example_dynamic_task_mapping_with_no_taskflow_operators.py
[2025-01-24T05:44:42.398+0000] {processor.py:839} INFO - DAG(s) dict_keys(['example_dynamic_task_mapping_with_no_taskflow_operators']) retrieved from /home/airflow/.local/lib/python3.8/site-packages/airflow/example_dags/example_dynamic_task_mapping_with_no_taskflow_operators.py
[2025-01-24T05:44:42.408+0000] {logging_mixin.py:151} INFO - [2025-01-24T05:44:42.408+0000] {dag.py:2915} INFO - Sync 1 DAGs
[2025-01-24T05:44:42.419+0000] {logging_mixin.py:151} INFO - [2025-01-24T05:44:42.418+0000] {dag.py:3696} INFO - Setting next_dagrun for example_dynamic_task_mapping_with_no_taskflow_operators to 2025-01-23T05:44:42.418805+00:00, run_after=2025-01-24T05:44:42.418805+00:00
[2025-01-24T05:44:42.427+0000] {processor.py:179} INFO - Processing /home/airflow/.local/lib/python3.8/site-packages/airflow/example_dags/example_dynamic_task_mapping_with_no_taskflow_operators.py took 0.036 seconds
[2025-01-24T05:45:52.745+0000] {processor.py:157} INFO - Started process (PID=82) to work on /home/airflow/.local/lib/python3.8/site-packages/airflow/example_dags/example_dynamic_task_mapping_with_no_taskflow_operators.py
[2025-01-24T05:45:52.745+0000] {processor.py:829} INFO - Processing file /home/airflow/.local/lib/python3.8/site-packages/airflow/example_dags/example_dynamic_task_mapping_with_no_taskflow_operators.py for tasks to queue
[2025-01-24T05:45:52.747+0000] {logging_mixin.py:151} INFO - [2025-01-24T05:45:52.747+0000] {dagbag.py:539} INFO - Filling up the DagBag from /home/airflow/.local/lib/python3.8/site-packages/airflow/example_dags/example_dynamic_task_mapping_with_no_taskflow_operators.py
[2025-01-24T05:45:52.751+0000] {processor.py:839} INFO - DAG(s) dict_keys(['example_dynamic_task_mapping_with_no_taskflow_operators']) retrieved from /home/airflow/.local/lib/python3.8/site-packages/airflow/example_dags/example_dynamic_task_mapping_with_no_taskflow_operators.py
[2025-01-24T05:45:52.759+0000] {logging_mixin.py:151} INFO - [2025-01-24T05:45:52.759+0000] {dag.py:2915} INFO - Sync 1 DAGs
[2025-01-24T05:45:52.773+0000] {logging_mixin.py:151} INFO - [2025-01-24T05:45:52.772+0000] {dag.py:3696} INFO - Setting next_dagrun for example_dynamic_task_mapping_with_no_taskflow_operators to 2025-01-23T05:45:52.772765+00:00, run_after=2025-01-24T05:45:52.772765+00:00
[2025-01-24T05:45:52.783+0000] {processor.py:179} INFO - Processing /home/airflow/.local/lib/python3.8/site-packages/airflow/example_dags/example_dynamic_task_mapping_with_no_taskflow_operators.py took 0.041 seconds
[2025-01-24T05:46:23.034+0000] {processor.py:157} INFO - Started process (PID=136) to work on /home/airflow/.local/lib/python3.8/site-packages/airflow/example_dags/example_dynamic_task_mapping_with_no_taskflow_operators.py
[2025-01-24T05:46:23.034+0000] {processor.py:829} INFO - Processing file /home/airflow/.local/lib/python3.8/site-packages/airflow/example_dags/example_dynamic_task_mapping_with_no_taskflow_operators.py for tasks to queue
[2025-01-24T05:46:23.036+0000] {logging_mixin.py:151} INFO - [2025-01-24T05:46:23.036+0000] {dagbag.py:539} INFO - Filling up the DagBag from /home/airflow/.local/lib/python3.8/site-packages/airflow/example_dags/example_dynamic_task_mapping_with_no_taskflow_operators.py
[2025-01-24T05:46:23.039+0000] {processor.py:839} INFO - DAG(s) dict_keys(['example_dynamic_task_mapping_with_no_taskflow_operators']) retrieved from /home/airflow/.local/lib/python3.8/site-packages/airflow/example_dags/example_dynamic_task_mapping_with_no_taskflow_operators.py
[2025-01-24T05:46:23.050+0000] {logging_mixin.py:151} INFO - [2025-01-24T05:46:23.050+0000] {dag.py:2915} INFO - Sync 1 DAGs
[2025-01-24T05:46:23.061+0000] {logging_mixin.py:151} INFO - [2025-01-24T05:46:23.061+0000] {dag.py:3696} INFO - Setting next_dagrun for example_dynamic_task_mapping_with_no_taskflow_operators to 2025-01-23T05:46:23.061608+00:00, run_after=2025-01-24T05:46:23.061608+00:00
[2025-01-24T05:46:23.070+0000] {processor.py:179} INFO - Processing /home/airflow/.local/lib/python3.8/site-packages/airflow/example_dags/example_dynamic_task_mapping_with_no_taskflow_operators.py took 0.038 seconds
[2025-01-24T05:46:53.687+0000] {processor.py:157} INFO - Started process (PID=189) to work on /home/airflow/.local/lib/python3.8/site-packages/airflow/example_dags/example_dynamic_task_mapping_with_no_taskflow_operators.py
[2025-01-24T05:46:53.690+0000] {processor.py:829} INFO - Processing file /home/airflow/.local/lib/python3.8/site-packages/airflow/example_dags/example_dynamic_task_mapping_with_no_taskflow_operators.py for tasks to queue
[2025-01-24T05:46:53.692+0000] {logging_mixin.py:151} INFO - [2025-01-24T05:46:53.691+0000] {dagbag.py:539} INFO - Filling up the DagBag from /home/airflow/.local/lib/python3.8/site-packages/airflow/example_dags/example_dynamic_task_mapping_with_no_taskflow_operators.py
[2025-01-24T05:46:53.695+0000] {processor.py:839} INFO - DAG(s) dict_keys(['example_dynamic_task_mapping_with_no_taskflow_operators']) retrieved from /home/airflow/.local/lib/python3.8/site-packages/airflow/example_dags/example_dynamic_task_mapping_with_no_taskflow_operators.py
[2025-01-24T05:46:53.706+0000] {logging_mixin.py:151} INFO - [2025-01-24T05:46:53.706+0000] {dag.py:2915} INFO - Sync 1 DAGs
[2025-01-24T05:46:53.717+0000] {logging_mixin.py:151} INFO - [2025-01-24T05:46:53.717+0000] {dag.py:3696} INFO - Setting next_dagrun for example_dynamic_task_mapping_with_no_taskflow_operators to 2025-01-23T05:46:53.717581+00:00, run_after=2025-01-24T05:46:53.717581+00:00
[2025-01-24T05:46:53.726+0000] {processor.py:179} INFO - Processing /home/airflow/.local/lib/python3.8/site-packages/airflow/example_dags/example_dynamic_task_mapping_with_no_taskflow_operators.py took 0.041 seconds
[2025-01-24T05:47:24.357+0000] {processor.py:157} INFO - Started process (PID=243) to work on /home/airflow/.local/lib/python3.8/site-packages/airflow/example_dags/example_dynamic_task_mapping_with_no_taskflow_operators.py
[2025-01-24T05:47:24.359+0000] {processor.py:829} INFO - Processing file /home/airflow/.local/lib/python3.8/site-packages/airflow/example_dags/example_dynamic_task_mapping_with_no_taskflow_operators.py for tasks to queue
[2025-01-24T05:47:24.360+0000] {logging_mixin.py:151} INFO - [2025-01-24T05:47:24.360+0000] {dagbag.py:539} INFO - Filling up the DagBag from /home/airflow/.local/lib/python3.8/site-packages/airflow/example_dags/example_dynamic_task_mapping_with_no_taskflow_operators.py
[2025-01-24T05:47:24.364+0000] {processor.py:839} INFO - DAG(s) dict_keys(['example_dynamic_task_mapping_with_no_taskflow_operators']) retrieved from /home/airflow/.local/lib/python3.8/site-packages/airflow/example_dags/example_dynamic_task_mapping_with_no_taskflow_operators.py
[2025-01-24T05:47:24.374+0000] {logging_mixin.py:151} INFO - [2025-01-24T05:47:24.374+0000] {dag.py:2915} INFO - Sync 1 DAGs
[2025-01-24T05:47:24.390+0000] {logging_mixin.py:151} INFO - [2025-01-24T05:47:24.390+0000] {dag.py:3696} INFO - Setting next_dagrun for example_dynamic_task_mapping_with_no_taskflow_operators to 2025-01-23T05:47:24.390027+00:00, run_after=2025-01-24T05:47:24.390027+00:00
[2025-01-24T05:47:24.399+0000] {processor.py:179} INFO - Processing /home/airflow/.local/lib/python3.8/site-packages/airflow/example_dags/example_dynamic_task_mapping_with_no_taskflow_operators.py took 0.043 seconds
[2025-01-24T05:47:55.141+0000] {processor.py:157} INFO - Started process (PID=298) to work on /home/airflow/.local/lib/python3.8/site-packages/airflow/example_dags/example_dynamic_task_mapping_with_no_taskflow_operators.py
[2025-01-24T05:47:55.141+0000] {processor.py:829} INFO - Processing file /home/airflow/.local/lib/python3.8/site-packages/airflow/example_dags/example_dynamic_task_mapping_with_no_taskflow_operators.py for tasks to queue
[2025-01-24T05:47:55.142+0000] {logging_mixin.py:151} INFO - [2025-01-24T05:47:55.142+0000] {dagbag.py:539} INFO - Filling up the DagBag from /home/airflow/.local/lib/python3.8/site-packages/airflow/example_dags/example_dynamic_task_mapping_with_no_taskflow_operators.py
[2025-01-24T05:47:55.146+0000] {processor.py:839} INFO - DAG(s) dict_keys(['example_dynamic_task_mapping_with_no_taskflow_operators']) retrieved from /home/airflow/.local/lib/python3.8/site-packages/airflow/example_dags/example_dynamic_task_mapping_with_no_taskflow_operators.py
[2025-01-24T05:47:55.158+0000] {logging_mixin.py:151} INFO - [2025-01-24T05:47:55.157+0000] {dag.py:2915} INFO - Sync 1 DAGs
[2025-01-24T05:47:55.169+0000] {logging_mixin.py:151} INFO - [2025-01-24T05:47:55.169+0000] {dag.py:3696} INFO - Setting next_dagrun for example_dynamic_task_mapping_with_no_taskflow_operators to 2025-01-23T05:47:55.169270+00:00, run_after=2025-01-24T05:47:55.169270+00:00
[2025-01-24T05:47:55.179+0000] {processor.py:179} INFO - Processing /home/airflow/.local/lib/python3.8/site-packages/airflow/example_dags/example_dynamic_task_mapping_with_no_taskflow_operators.py took 0.041 seconds
