[2025-01-24T05:37:30.273+0000] {processor.py:157} INFO - Started process (PID=53) to work on /home/airflow/.local/lib/python3.8/site-packages/airflow/example_dags/example_setup_teardown_taskflow.py
[2025-01-24T05:37:30.276+0000] {processor.py:829} INFO - Processing file /home/airflow/.local/lib/python3.8/site-packages/airflow/example_dags/example_setup_teardown_taskflow.py for tasks to queue
[2025-01-24T05:37:30.277+0000] {logging_mixin.py:151} INFO - [2025-01-24T05:37:30.277+0000] {dagbag.py:539} INFO - Filling up the DagBag from /home/airflow/.local/lib/python3.8/site-packages/airflow/example_dags/example_setup_teardown_taskflow.py
[2025-01-24T05:37:30.282+0000] {processor.py:839} INFO - DAG(s) dict_keys(['example_setup_teardown_taskflow']) retrieved from /home/airflow/.local/lib/python3.8/site-packages/airflow/example_dags/example_setup_teardown_taskflow.py
[2025-01-24T05:37:30.289+0000] {logging_mixin.py:151} INFO - [2025-01-24T05:37:30.289+0000] {dag.py:2915} INFO - Sync 1 DAGs
[2025-01-24T05:37:30.301+0000] {logging_mixin.py:151} INFO - [2025-01-24T05:37:30.301+0000] {dag.py:3696} INFO - Setting next_dagrun for example_setup_teardown_taskflow to 2025-01-23T05:37:30.301708+00:00, run_after=2025-01-24T05:37:30.301708+00:00
[2025-01-24T05:37:30.312+0000] {processor.py:179} INFO - Processing /home/airflow/.local/lib/python3.8/site-packages/airflow/example_dags/example_setup_teardown_taskflow.py took 0.040 seconds
[2025-01-24T05:38:00.567+0000] {processor.py:157} INFO - Started process (PID=107) to work on /home/airflow/.local/lib/python3.8/site-packages/airflow/example_dags/example_setup_teardown_taskflow.py
[2025-01-24T05:38:00.567+0000] {processor.py:829} INFO - Processing file /home/airflow/.local/lib/python3.8/site-packages/airflow/example_dags/example_setup_teardown_taskflow.py for tasks to queue
[2025-01-24T05:38:00.568+0000] {logging_mixin.py:151} INFO - [2025-01-24T05:38:00.568+0000] {dagbag.py:539} INFO - Filling up the DagBag from /home/airflow/.local/lib/python3.8/site-packages/airflow/example_dags/example_setup_teardown_taskflow.py
[2025-01-24T05:38:00.573+0000] {processor.py:839} INFO - DAG(s) dict_keys(['example_setup_teardown_taskflow']) retrieved from /home/airflow/.local/lib/python3.8/site-packages/airflow/example_dags/example_setup_teardown_taskflow.py
[2025-01-24T05:38:00.584+0000] {logging_mixin.py:151} INFO - [2025-01-24T05:38:00.584+0000] {dag.py:2915} INFO - Sync 1 DAGs
[2025-01-24T05:38:00.594+0000] {logging_mixin.py:151} INFO - [2025-01-24T05:38:00.594+0000] {dag.py:3696} INFO - Setting next_dagrun for example_setup_teardown_taskflow to 2025-01-23T05:38:00.594644+00:00, run_after=2025-01-24T05:38:00.594644+00:00
[2025-01-24T05:38:00.603+0000] {processor.py:179} INFO - Processing /home/airflow/.local/lib/python3.8/site-packages/airflow/example_dags/example_setup_teardown_taskflow.py took 0.038 seconds
[2025-01-24T05:38:31.380+0000] {processor.py:157} INFO - Started process (PID=161) to work on /home/airflow/.local/lib/python3.8/site-packages/airflow/example_dags/example_setup_teardown_taskflow.py
[2025-01-24T05:38:31.380+0000] {processor.py:829} INFO - Processing file /home/airflow/.local/lib/python3.8/site-packages/airflow/example_dags/example_setup_teardown_taskflow.py for tasks to queue
[2025-01-24T05:38:31.382+0000] {logging_mixin.py:151} INFO - [2025-01-24T05:38:31.382+0000] {dagbag.py:539} INFO - Filling up the DagBag from /home/airflow/.local/lib/python3.8/site-packages/airflow/example_dags/example_setup_teardown_taskflow.py
[2025-01-24T05:38:31.387+0000] {processor.py:839} INFO - DAG(s) dict_keys(['example_setup_teardown_taskflow']) retrieved from /home/airflow/.local/lib/python3.8/site-packages/airflow/example_dags/example_setup_teardown_taskflow.py
[2025-01-24T05:38:31.399+0000] {logging_mixin.py:151} INFO - [2025-01-24T05:38:31.399+0000] {dag.py:2915} INFO - Sync 1 DAGs
[2025-01-24T05:38:31.414+0000] {logging_mixin.py:151} INFO - [2025-01-24T05:38:31.414+0000] {dag.py:3696} INFO - Setting next_dagrun for example_setup_teardown_taskflow to 2025-01-23T05:38:31.414064+00:00, run_after=2025-01-24T05:38:31.414064+00:00
[2025-01-24T05:38:31.426+0000] {processor.py:179} INFO - Processing /home/airflow/.local/lib/python3.8/site-packages/airflow/example_dags/example_setup_teardown_taskflow.py took 0.048 seconds
[2025-01-24T05:39:02.219+0000] {processor.py:157} INFO - Started process (PID=214) to work on /home/airflow/.local/lib/python3.8/site-packages/airflow/example_dags/example_setup_teardown_taskflow.py
[2025-01-24T05:39:02.220+0000] {processor.py:829} INFO - Processing file /home/airflow/.local/lib/python3.8/site-packages/airflow/example_dags/example_setup_teardown_taskflow.py for tasks to queue
[2025-01-24T05:39:02.222+0000] {logging_mixin.py:151} INFO - [2025-01-24T05:39:02.221+0000] {dagbag.py:539} INFO - Filling up the DagBag from /home/airflow/.local/lib/python3.8/site-packages/airflow/example_dags/example_setup_teardown_taskflow.py
[2025-01-24T05:39:02.227+0000] {processor.py:839} INFO - DAG(s) dict_keys(['example_setup_teardown_taskflow']) retrieved from /home/airflow/.local/lib/python3.8/site-packages/airflow/example_dags/example_setup_teardown_taskflow.py
[2025-01-24T05:39:02.242+0000] {logging_mixin.py:151} INFO - [2025-01-24T05:39:02.242+0000] {dag.py:2915} INFO - Sync 1 DAGs
[2025-01-24T05:39:02.255+0000] {logging_mixin.py:151} INFO - [2025-01-24T05:39:02.255+0000] {dag.py:3696} INFO - Setting next_dagrun for example_setup_teardown_taskflow to 2025-01-23T05:39:02.254872+00:00, run_after=2025-01-24T05:39:02.254872+00:00
[2025-01-24T05:39:02.268+0000] {processor.py:179} INFO - Processing /home/airflow/.local/lib/python3.8/site-packages/airflow/example_dags/example_setup_teardown_taskflow.py took 0.051 seconds
[2025-01-24T05:39:32.365+0000] {processor.py:157} INFO - Started process (PID=268) to work on /home/airflow/.local/lib/python3.8/site-packages/airflow/example_dags/example_setup_teardown_taskflow.py
[2025-01-24T05:39:32.365+0000] {processor.py:829} INFO - Processing file /home/airflow/.local/lib/python3.8/site-packages/airflow/example_dags/example_setup_teardown_taskflow.py for tasks to queue
[2025-01-24T05:39:32.366+0000] {logging_mixin.py:151} INFO - [2025-01-24T05:39:32.366+0000] {dagbag.py:539} INFO - Filling up the DagBag from /home/airflow/.local/lib/python3.8/site-packages/airflow/example_dags/example_setup_teardown_taskflow.py
[2025-01-24T05:39:32.372+0000] {processor.py:839} INFO - DAG(s) dict_keys(['example_setup_teardown_taskflow']) retrieved from /home/airflow/.local/lib/python3.8/site-packages/airflow/example_dags/example_setup_teardown_taskflow.py
[2025-01-24T05:39:32.383+0000] {logging_mixin.py:151} INFO - [2025-01-24T05:39:32.383+0000] {dag.py:2915} INFO - Sync 1 DAGs
[2025-01-24T05:39:32.394+0000] {logging_mixin.py:151} INFO - [2025-01-24T05:39:32.393+0000] {dag.py:3696} INFO - Setting next_dagrun for example_setup_teardown_taskflow to 2025-01-23T05:39:32.393787+00:00, run_after=2025-01-24T05:39:32.393787+00:00
[2025-01-24T05:39:32.407+0000] {processor.py:179} INFO - Processing /home/airflow/.local/lib/python3.8/site-packages/airflow/example_dags/example_setup_teardown_taskflow.py took 0.045 seconds
[2025-01-24T05:40:03.426+0000] {processor.py:157} INFO - Started process (PID=322) to work on /home/airflow/.local/lib/python3.8/site-packages/airflow/example_dags/example_setup_teardown_taskflow.py
[2025-01-24T05:40:03.427+0000] {processor.py:829} INFO - Processing file /home/airflow/.local/lib/python3.8/site-packages/airflow/example_dags/example_setup_teardown_taskflow.py for tasks to queue
[2025-01-24T05:40:03.428+0000] {logging_mixin.py:151} INFO - [2025-01-24T05:40:03.428+0000] {dagbag.py:539} INFO - Filling up the DagBag from /home/airflow/.local/lib/python3.8/site-packages/airflow/example_dags/example_setup_teardown_taskflow.py
[2025-01-24T05:40:03.433+0000] {processor.py:839} INFO - DAG(s) dict_keys(['example_setup_teardown_taskflow']) retrieved from /home/airflow/.local/lib/python3.8/site-packages/airflow/example_dags/example_setup_teardown_taskflow.py
[2025-01-24T05:40:03.444+0000] {logging_mixin.py:151} INFO - [2025-01-24T05:40:03.444+0000] {dag.py:2915} INFO - Sync 1 DAGs
[2025-01-24T05:40:03.454+0000] {logging_mixin.py:151} INFO - [2025-01-24T05:40:03.454+0000] {dag.py:3696} INFO - Setting next_dagrun for example_setup_teardown_taskflow to 2025-01-23T05:40:03.454550+00:00, run_after=2025-01-24T05:40:03.454550+00:00
[2025-01-24T05:40:03.462+0000] {processor.py:179} INFO - Processing /home/airflow/.local/lib/python3.8/site-packages/airflow/example_dags/example_setup_teardown_taskflow.py took 0.038 seconds
[2025-01-24T05:40:34.159+0000] {processor.py:157} INFO - Started process (PID=383) to work on /home/airflow/.local/lib/python3.8/site-packages/airflow/example_dags/example_setup_teardown_taskflow.py
[2025-01-24T05:40:34.160+0000] {processor.py:829} INFO - Processing file /home/airflow/.local/lib/python3.8/site-packages/airflow/example_dags/example_setup_teardown_taskflow.py for tasks to queue
[2025-01-24T05:40:34.161+0000] {logging_mixin.py:151} INFO - [2025-01-24T05:40:34.161+0000] {dagbag.py:539} INFO - Filling up the DagBag from /home/airflow/.local/lib/python3.8/site-packages/airflow/example_dags/example_setup_teardown_taskflow.py
[2025-01-24T05:40:34.167+0000] {processor.py:839} INFO - DAG(s) dict_keys(['example_setup_teardown_taskflow']) retrieved from /home/airflow/.local/lib/python3.8/site-packages/airflow/example_dags/example_setup_teardown_taskflow.py
[2025-01-24T05:40:34.179+0000] {logging_mixin.py:151} INFO - [2025-01-24T05:40:34.179+0000] {dag.py:2915} INFO - Sync 1 DAGs
[2025-01-24T05:40:34.189+0000] {logging_mixin.py:151} INFO - [2025-01-24T05:40:34.189+0000] {dag.py:3696} INFO - Setting next_dagrun for example_setup_teardown_taskflow to 2025-01-23T05:40:34.189538+00:00, run_after=2025-01-24T05:40:34.189538+00:00
[2025-01-24T05:40:34.201+0000] {processor.py:179} INFO - Processing /home/airflow/.local/lib/python3.8/site-packages/airflow/example_dags/example_setup_teardown_taskflow.py took 0.043 seconds
[2025-01-24T05:41:04.918+0000] {processor.py:157} INFO - Started process (PID=437) to work on /home/airflow/.local/lib/python3.8/site-packages/airflow/example_dags/example_setup_teardown_taskflow.py
[2025-01-24T05:41:04.918+0000] {processor.py:829} INFO - Processing file /home/airflow/.local/lib/python3.8/site-packages/airflow/example_dags/example_setup_teardown_taskflow.py for tasks to queue
[2025-01-24T05:41:04.919+0000] {logging_mixin.py:151} INFO - [2025-01-24T05:41:04.919+0000] {dagbag.py:539} INFO - Filling up the DagBag from /home/airflow/.local/lib/python3.8/site-packages/airflow/example_dags/example_setup_teardown_taskflow.py
[2025-01-24T05:41:04.923+0000] {processor.py:839} INFO - DAG(s) dict_keys(['example_setup_teardown_taskflow']) retrieved from /home/airflow/.local/lib/python3.8/site-packages/airflow/example_dags/example_setup_teardown_taskflow.py
[2025-01-24T05:41:04.934+0000] {logging_mixin.py:151} INFO - [2025-01-24T05:41:04.934+0000] {dag.py:2915} INFO - Sync 1 DAGs
[2025-01-24T05:41:04.943+0000] {logging_mixin.py:151} INFO - [2025-01-24T05:41:04.943+0000] {dag.py:3696} INFO - Setting next_dagrun for example_setup_teardown_taskflow to 2025-01-23T05:41:04.943165+00:00, run_after=2025-01-24T05:41:04.943165+00:00
[2025-01-24T05:41:04.950+0000] {processor.py:179} INFO - Processing /home/airflow/.local/lib/python3.8/site-packages/airflow/example_dags/example_setup_teardown_taskflow.py took 0.035 seconds
[2025-01-24T05:41:35.659+0000] {processor.py:157} INFO - Started process (PID=491) to work on /home/airflow/.local/lib/python3.8/site-packages/airflow/example_dags/example_setup_teardown_taskflow.py
[2025-01-24T05:41:35.660+0000] {processor.py:829} INFO - Processing file /home/airflow/.local/lib/python3.8/site-packages/airflow/example_dags/example_setup_teardown_taskflow.py for tasks to queue
[2025-01-24T05:41:35.661+0000] {logging_mixin.py:151} INFO - [2025-01-24T05:41:35.661+0000] {dagbag.py:539} INFO - Filling up the DagBag from /home/airflow/.local/lib/python3.8/site-packages/airflow/example_dags/example_setup_teardown_taskflow.py
[2025-01-24T05:41:35.666+0000] {processor.py:839} INFO - DAG(s) dict_keys(['example_setup_teardown_taskflow']) retrieved from /home/airflow/.local/lib/python3.8/site-packages/airflow/example_dags/example_setup_teardown_taskflow.py
[2025-01-24T05:41:35.679+0000] {logging_mixin.py:151} INFO - [2025-01-24T05:41:35.678+0000] {dag.py:2915} INFO - Sync 1 DAGs
[2025-01-24T05:41:35.691+0000] {logging_mixin.py:151} INFO - [2025-01-24T05:41:35.690+0000] {dag.py:3696} INFO - Setting next_dagrun for example_setup_teardown_taskflow to 2025-01-23T05:41:35.690761+00:00, run_after=2025-01-24T05:41:35.690761+00:00
[2025-01-24T05:41:35.702+0000] {processor.py:179} INFO - Processing /home/airflow/.local/lib/python3.8/site-packages/airflow/example_dags/example_setup_teardown_taskflow.py took 0.044 seconds
[2025-01-24T05:42:06.318+0000] {processor.py:157} INFO - Started process (PID=544) to work on /home/airflow/.local/lib/python3.8/site-packages/airflow/example_dags/example_setup_teardown_taskflow.py
[2025-01-24T05:42:06.319+0000] {processor.py:829} INFO - Processing file /home/airflow/.local/lib/python3.8/site-packages/airflow/example_dags/example_setup_teardown_taskflow.py for tasks to queue
[2025-01-24T05:42:06.320+0000] {logging_mixin.py:151} INFO - [2025-01-24T05:42:06.320+0000] {dagbag.py:539} INFO - Filling up the DagBag from /home/airflow/.local/lib/python3.8/site-packages/airflow/example_dags/example_setup_teardown_taskflow.py
[2025-01-24T05:42:06.326+0000] {processor.py:839} INFO - DAG(s) dict_keys(['example_setup_teardown_taskflow']) retrieved from /home/airflow/.local/lib/python3.8/site-packages/airflow/example_dags/example_setup_teardown_taskflow.py
[2025-01-24T05:42:06.336+0000] {logging_mixin.py:151} INFO - [2025-01-24T05:42:06.336+0000] {dag.py:2915} INFO - Sync 1 DAGs
[2025-01-24T05:42:06.346+0000] {logging_mixin.py:151} INFO - [2025-01-24T05:42:06.346+0000] {dag.py:3696} INFO - Setting next_dagrun for example_setup_teardown_taskflow to 2025-01-23T05:42:06.346427+00:00, run_after=2025-01-24T05:42:06.346427+00:00
[2025-01-24T05:42:06.356+0000] {processor.py:179} INFO - Processing /home/airflow/.local/lib/python3.8/site-packages/airflow/example_dags/example_setup_teardown_taskflow.py took 0.040 seconds
[2025-01-24T05:42:37.086+0000] {processor.py:157} INFO - Started process (PID=598) to work on /home/airflow/.local/lib/python3.8/site-packages/airflow/example_dags/example_setup_teardown_taskflow.py
[2025-01-24T05:42:37.086+0000] {processor.py:829} INFO - Processing file /home/airflow/.local/lib/python3.8/site-packages/airflow/example_dags/example_setup_teardown_taskflow.py for tasks to queue
[2025-01-24T05:42:37.088+0000] {logging_mixin.py:151} INFO - [2025-01-24T05:42:37.088+0000] {dagbag.py:539} INFO - Filling up the DagBag from /home/airflow/.local/lib/python3.8/site-packages/airflow/example_dags/example_setup_teardown_taskflow.py
[2025-01-24T05:42:37.093+0000] {processor.py:839} INFO - DAG(s) dict_keys(['example_setup_teardown_taskflow']) retrieved from /home/airflow/.local/lib/python3.8/site-packages/airflow/example_dags/example_setup_teardown_taskflow.py
[2025-01-24T05:42:37.104+0000] {logging_mixin.py:151} INFO - [2025-01-24T05:42:37.104+0000] {dag.py:2915} INFO - Sync 1 DAGs
[2025-01-24T05:42:37.116+0000] {logging_mixin.py:151} INFO - [2025-01-24T05:42:37.115+0000] {dag.py:3696} INFO - Setting next_dagrun for example_setup_teardown_taskflow to 2025-01-23T05:42:37.115171+00:00, run_after=2025-01-24T05:42:37.115171+00:00
[2025-01-24T05:42:37.126+0000] {processor.py:179} INFO - Processing /home/airflow/.local/lib/python3.8/site-packages/airflow/example_dags/example_setup_teardown_taskflow.py took 0.042 seconds
[2025-01-24T05:43:07.724+0000] {processor.py:157} INFO - Started process (PID=652) to work on /home/airflow/.local/lib/python3.8/site-packages/airflow/example_dags/example_setup_teardown_taskflow.py
[2025-01-24T05:43:07.725+0000] {processor.py:829} INFO - Processing file /home/airflow/.local/lib/python3.8/site-packages/airflow/example_dags/example_setup_teardown_taskflow.py for tasks to queue
[2025-01-24T05:43:07.727+0000] {logging_mixin.py:151} INFO - [2025-01-24T05:43:07.727+0000] {dagbag.py:539} INFO - Filling up the DagBag from /home/airflow/.local/lib/python3.8/site-packages/airflow/example_dags/example_setup_teardown_taskflow.py
[2025-01-24T05:43:07.732+0000] {processor.py:839} INFO - DAG(s) dict_keys(['example_setup_teardown_taskflow']) retrieved from /home/airflow/.local/lib/python3.8/site-packages/airflow/example_dags/example_setup_teardown_taskflow.py
[2025-01-24T05:43:07.745+0000] {logging_mixin.py:151} INFO - [2025-01-24T05:43:07.745+0000] {dag.py:2915} INFO - Sync 1 DAGs
[2025-01-24T05:43:07.758+0000] {logging_mixin.py:151} INFO - [2025-01-24T05:43:07.758+0000] {dag.py:3696} INFO - Setting next_dagrun for example_setup_teardown_taskflow to 2025-01-23T05:43:07.758682+00:00, run_after=2025-01-24T05:43:07.758682+00:00
[2025-01-24T05:43:07.774+0000] {processor.py:179} INFO - Processing /home/airflow/.local/lib/python3.8/site-packages/airflow/example_dags/example_setup_teardown_taskflow.py took 0.053 seconds
[2025-01-24T05:43:38.545+0000] {processor.py:157} INFO - Started process (PID=705) to work on /home/airflow/.local/lib/python3.8/site-packages/airflow/example_dags/example_setup_teardown_taskflow.py
[2025-01-24T05:43:38.545+0000] {processor.py:829} INFO - Processing file /home/airflow/.local/lib/python3.8/site-packages/airflow/example_dags/example_setup_teardown_taskflow.py for tasks to queue
[2025-01-24T05:43:38.547+0000] {logging_mixin.py:151} INFO - [2025-01-24T05:43:38.546+0000] {dagbag.py:539} INFO - Filling up the DagBag from /home/airflow/.local/lib/python3.8/site-packages/airflow/example_dags/example_setup_teardown_taskflow.py
[2025-01-24T05:43:38.551+0000] {processor.py:839} INFO - DAG(s) dict_keys(['example_setup_teardown_taskflow']) retrieved from /home/airflow/.local/lib/python3.8/site-packages/airflow/example_dags/example_setup_teardown_taskflow.py
[2025-01-24T05:43:38.564+0000] {logging_mixin.py:151} INFO - [2025-01-24T05:43:38.564+0000] {dag.py:2915} INFO - Sync 1 DAGs
[2025-01-24T05:43:38.575+0000] {logging_mixin.py:151} INFO - [2025-01-24T05:43:38.575+0000] {dag.py:3696} INFO - Setting next_dagrun for example_setup_teardown_taskflow to 2025-01-23T05:43:38.575617+00:00, run_after=2025-01-24T05:43:38.575617+00:00
[2025-01-24T05:43:38.585+0000] {processor.py:179} INFO - Processing /home/airflow/.local/lib/python3.8/site-packages/airflow/example_dags/example_setup_teardown_taskflow.py took 0.042 seconds
[2025-01-24T05:44:09.228+0000] {processor.py:157} INFO - Started process (PID=759) to work on /home/airflow/.local/lib/python3.8/site-packages/airflow/example_dags/example_setup_teardown_taskflow.py
[2025-01-24T05:44:09.229+0000] {processor.py:829} INFO - Processing file /home/airflow/.local/lib/python3.8/site-packages/airflow/example_dags/example_setup_teardown_taskflow.py for tasks to queue
[2025-01-24T05:44:09.230+0000] {logging_mixin.py:151} INFO - [2025-01-24T05:44:09.230+0000] {dagbag.py:539} INFO - Filling up the DagBag from /home/airflow/.local/lib/python3.8/site-packages/airflow/example_dags/example_setup_teardown_taskflow.py
[2025-01-24T05:44:09.234+0000] {processor.py:839} INFO - DAG(s) dict_keys(['example_setup_teardown_taskflow']) retrieved from /home/airflow/.local/lib/python3.8/site-packages/airflow/example_dags/example_setup_teardown_taskflow.py
[2025-01-24T05:44:09.245+0000] {logging_mixin.py:151} INFO - [2025-01-24T05:44:09.245+0000] {dag.py:2915} INFO - Sync 1 DAGs
[2025-01-24T05:44:09.258+0000] {logging_mixin.py:151} INFO - [2025-01-24T05:44:09.258+0000] {dag.py:3696} INFO - Setting next_dagrun for example_setup_teardown_taskflow to 2025-01-23T05:44:09.258123+00:00, run_after=2025-01-24T05:44:09.258123+00:00
[2025-01-24T05:44:09.270+0000] {processor.py:179} INFO - Processing /home/airflow/.local/lib/python3.8/site-packages/airflow/example_dags/example_setup_teardown_taskflow.py took 0.044 seconds
[2025-01-24T05:44:39.412+0000] {processor.py:157} INFO - Started process (PID=813) to work on /home/airflow/.local/lib/python3.8/site-packages/airflow/example_dags/example_setup_teardown_taskflow.py
[2025-01-24T05:44:39.412+0000] {processor.py:829} INFO - Processing file /home/airflow/.local/lib/python3.8/site-packages/airflow/example_dags/example_setup_teardown_taskflow.py for tasks to queue
[2025-01-24T05:44:39.413+0000] {logging_mixin.py:151} INFO - [2025-01-24T05:44:39.413+0000] {dagbag.py:539} INFO - Filling up the DagBag from /home/airflow/.local/lib/python3.8/site-packages/airflow/example_dags/example_setup_teardown_taskflow.py
[2025-01-24T05:44:39.418+0000] {processor.py:839} INFO - DAG(s) dict_keys(['example_setup_teardown_taskflow']) retrieved from /home/airflow/.local/lib/python3.8/site-packages/airflow/example_dags/example_setup_teardown_taskflow.py
[2025-01-24T05:44:39.428+0000] {logging_mixin.py:151} INFO - [2025-01-24T05:44:39.428+0000] {dag.py:2915} INFO - Sync 1 DAGs
[2025-01-24T05:44:39.437+0000] {logging_mixin.py:151} INFO - [2025-01-24T05:44:39.437+0000] {dag.py:3696} INFO - Setting next_dagrun for example_setup_teardown_taskflow to 2025-01-23T05:44:39.437685+00:00, run_after=2025-01-24T05:44:39.437685+00:00
[2025-01-24T05:44:39.445+0000] {processor.py:179} INFO - Processing /home/airflow/.local/lib/python3.8/site-packages/airflow/example_dags/example_setup_teardown_taskflow.py took 0.035 seconds
[2025-01-24T05:45:10.166+0000] {processor.py:157} INFO - Started process (PID=867) to work on /home/airflow/.local/lib/python3.8/site-packages/airflow/example_dags/example_setup_teardown_taskflow.py
[2025-01-24T05:45:10.166+0000] {processor.py:829} INFO - Processing file /home/airflow/.local/lib/python3.8/site-packages/airflow/example_dags/example_setup_teardown_taskflow.py for tasks to queue
[2025-01-24T05:45:10.167+0000] {logging_mixin.py:151} INFO - [2025-01-24T05:45:10.167+0000] {dagbag.py:539} INFO - Filling up the DagBag from /home/airflow/.local/lib/python3.8/site-packages/airflow/example_dags/example_setup_teardown_taskflow.py
[2025-01-24T05:45:10.172+0000] {processor.py:839} INFO - DAG(s) dict_keys(['example_setup_teardown_taskflow']) retrieved from /home/airflow/.local/lib/python3.8/site-packages/airflow/example_dags/example_setup_teardown_taskflow.py
[2025-01-24T05:45:10.188+0000] {logging_mixin.py:151} INFO - [2025-01-24T05:45:10.187+0000] {dag.py:2915} INFO - Sync 1 DAGs
[2025-01-24T05:45:10.200+0000] {logging_mixin.py:151} INFO - [2025-01-24T05:45:10.200+0000] {dag.py:3696} INFO - Setting next_dagrun for example_setup_teardown_taskflow to 2025-01-23T05:45:10.200286+00:00, run_after=2025-01-24T05:45:10.200286+00:00
[2025-01-24T05:45:10.211+0000] {processor.py:179} INFO - Processing /home/airflow/.local/lib/python3.8/site-packages/airflow/example_dags/example_setup_teardown_taskflow.py took 0.047 seconds
[2025-01-24T05:45:51.528+0000] {processor.py:157} INFO - Started process (PID=51) to work on /home/airflow/.local/lib/python3.8/site-packages/airflow/example_dags/example_setup_teardown_taskflow.py
[2025-01-24T05:45:51.530+0000] {processor.py:829} INFO - Processing file /home/airflow/.local/lib/python3.8/site-packages/airflow/example_dags/example_setup_teardown_taskflow.py for tasks to queue
[2025-01-24T05:45:51.531+0000] {logging_mixin.py:151} INFO - [2025-01-24T05:45:51.531+0000] {dagbag.py:539} INFO - Filling up the DagBag from /home/airflow/.local/lib/python3.8/site-packages/airflow/example_dags/example_setup_teardown_taskflow.py
[2025-01-24T05:45:51.536+0000] {processor.py:839} INFO - DAG(s) dict_keys(['example_setup_teardown_taskflow']) retrieved from /home/airflow/.local/lib/python3.8/site-packages/airflow/example_dags/example_setup_teardown_taskflow.py
[2025-01-24T05:45:51.542+0000] {logging_mixin.py:151} INFO - [2025-01-24T05:45:51.542+0000] {dag.py:2915} INFO - Sync 1 DAGs
[2025-01-24T05:45:51.554+0000] {logging_mixin.py:151} INFO - [2025-01-24T05:45:51.554+0000] {dag.py:3696} INFO - Setting next_dagrun for example_setup_teardown_taskflow to 2025-01-23T05:45:51.554624+00:00, run_after=2025-01-24T05:45:51.554624+00:00
[2025-01-24T05:45:51.564+0000] {processor.py:179} INFO - Processing /home/airflow/.local/lib/python3.8/site-packages/airflow/example_dags/example_setup_teardown_taskflow.py took 0.038 seconds
[2025-01-24T05:46:22.102+0000] {processor.py:157} INFO - Started process (PID=105) to work on /home/airflow/.local/lib/python3.8/site-packages/airflow/example_dags/example_setup_teardown_taskflow.py
[2025-01-24T05:46:22.104+0000] {processor.py:829} INFO - Processing file /home/airflow/.local/lib/python3.8/site-packages/airflow/example_dags/example_setup_teardown_taskflow.py for tasks to queue
[2025-01-24T05:46:22.108+0000] {logging_mixin.py:151} INFO - [2025-01-24T05:46:22.108+0000] {dagbag.py:539} INFO - Filling up the DagBag from /home/airflow/.local/lib/python3.8/site-packages/airflow/example_dags/example_setup_teardown_taskflow.py
[2025-01-24T05:46:22.113+0000] {processor.py:839} INFO - DAG(s) dict_keys(['example_setup_teardown_taskflow']) retrieved from /home/airflow/.local/lib/python3.8/site-packages/airflow/example_dags/example_setup_teardown_taskflow.py
[2025-01-24T05:46:22.124+0000] {logging_mixin.py:151} INFO - [2025-01-24T05:46:22.124+0000] {dag.py:2915} INFO - Sync 1 DAGs
[2025-01-24T05:46:22.135+0000] {logging_mixin.py:151} INFO - [2025-01-24T05:46:22.135+0000] {dag.py:3696} INFO - Setting next_dagrun for example_setup_teardown_taskflow to 2025-01-23T05:46:22.135006+00:00, run_after=2025-01-24T05:46:22.135006+00:00
[2025-01-24T05:46:22.143+0000] {processor.py:179} INFO - Processing /home/airflow/.local/lib/python3.8/site-packages/airflow/example_dags/example_setup_teardown_taskflow.py took 0.042 seconds
[2025-01-24T05:46:52.782+0000] {processor.py:157} INFO - Started process (PID=159) to work on /home/airflow/.local/lib/python3.8/site-packages/airflow/example_dags/example_setup_teardown_taskflow.py
[2025-01-24T05:46:52.784+0000] {processor.py:829} INFO - Processing file /home/airflow/.local/lib/python3.8/site-packages/airflow/example_dags/example_setup_teardown_taskflow.py for tasks to queue
[2025-01-24T05:46:52.786+0000] {logging_mixin.py:151} INFO - [2025-01-24T05:46:52.785+0000] {dagbag.py:539} INFO - Filling up the DagBag from /home/airflow/.local/lib/python3.8/site-packages/airflow/example_dags/example_setup_teardown_taskflow.py
[2025-01-24T05:46:52.790+0000] {processor.py:839} INFO - DAG(s) dict_keys(['example_setup_teardown_taskflow']) retrieved from /home/airflow/.local/lib/python3.8/site-packages/airflow/example_dags/example_setup_teardown_taskflow.py
[2025-01-24T05:46:52.801+0000] {logging_mixin.py:151} INFO - [2025-01-24T05:46:52.801+0000] {dag.py:2915} INFO - Sync 1 DAGs
[2025-01-24T05:46:52.813+0000] {logging_mixin.py:151} INFO - [2025-01-24T05:46:52.813+0000] {dag.py:3696} INFO - Setting next_dagrun for example_setup_teardown_taskflow to 2025-01-23T05:46:52.813668+00:00, run_after=2025-01-24T05:46:52.813668+00:00
[2025-01-24T05:46:52.823+0000] {processor.py:179} INFO - Processing /home/airflow/.local/lib/python3.8/site-packages/airflow/example_dags/example_setup_teardown_taskflow.py took 0.042 seconds
[2025-01-24T05:47:23.460+0000] {processor.py:157} INFO - Started process (PID=213) to work on /home/airflow/.local/lib/python3.8/site-packages/airflow/example_dags/example_setup_teardown_taskflow.py
[2025-01-24T05:47:23.461+0000] {processor.py:829} INFO - Processing file /home/airflow/.local/lib/python3.8/site-packages/airflow/example_dags/example_setup_teardown_taskflow.py for tasks to queue
[2025-01-24T05:47:23.463+0000] {logging_mixin.py:151} INFO - [2025-01-24T05:47:23.463+0000] {dagbag.py:539} INFO - Filling up the DagBag from /home/airflow/.local/lib/python3.8/site-packages/airflow/example_dags/example_setup_teardown_taskflow.py
[2025-01-24T05:47:23.469+0000] {processor.py:839} INFO - DAG(s) dict_keys(['example_setup_teardown_taskflow']) retrieved from /home/airflow/.local/lib/python3.8/site-packages/airflow/example_dags/example_setup_teardown_taskflow.py
[2025-01-24T05:47:23.481+0000] {logging_mixin.py:151} INFO - [2025-01-24T05:47:23.481+0000] {dag.py:2915} INFO - Sync 1 DAGs
[2025-01-24T05:47:23.493+0000] {logging_mixin.py:151} INFO - [2025-01-24T05:47:23.493+0000] {dag.py:3696} INFO - Setting next_dagrun for example_setup_teardown_taskflow to 2025-01-23T05:47:23.493628+00:00, run_after=2025-01-24T05:47:23.493628+00:00
[2025-01-24T05:47:23.503+0000] {processor.py:179} INFO - Processing /home/airflow/.local/lib/python3.8/site-packages/airflow/example_dags/example_setup_teardown_taskflow.py took 0.045 seconds
[2025-01-24T05:47:54.218+0000] {processor.py:157} INFO - Started process (PID=267) to work on /home/airflow/.local/lib/python3.8/site-packages/airflow/example_dags/example_setup_teardown_taskflow.py
[2025-01-24T05:47:54.219+0000] {processor.py:829} INFO - Processing file /home/airflow/.local/lib/python3.8/site-packages/airflow/example_dags/example_setup_teardown_taskflow.py for tasks to queue
[2025-01-24T05:47:54.220+0000] {logging_mixin.py:151} INFO - [2025-01-24T05:47:54.220+0000] {dagbag.py:539} INFO - Filling up the DagBag from /home/airflow/.local/lib/python3.8/site-packages/airflow/example_dags/example_setup_teardown_taskflow.py
[2025-01-24T05:47:54.225+0000] {processor.py:839} INFO - DAG(s) dict_keys(['example_setup_teardown_taskflow']) retrieved from /home/airflow/.local/lib/python3.8/site-packages/airflow/example_dags/example_setup_teardown_taskflow.py
[2025-01-24T05:47:54.238+0000] {logging_mixin.py:151} INFO - [2025-01-24T05:47:54.238+0000] {dag.py:2915} INFO - Sync 1 DAGs
[2025-01-24T05:47:54.250+0000] {logging_mixin.py:151} INFO - [2025-01-24T05:47:54.250+0000] {dag.py:3696} INFO - Setting next_dagrun for example_setup_teardown_taskflow to 2025-01-23T05:47:54.249878+00:00, run_after=2025-01-24T05:47:54.249878+00:00
[2025-01-24T05:47:54.259+0000] {processor.py:179} INFO - Processing /home/airflow/.local/lib/python3.8/site-packages/airflow/example_dags/example_setup_teardown_taskflow.py took 0.043 seconds
