[2025-01-24T05:37:30.463+0000] {processor.py:157} INFO - Started process (PID=59) to work on /home/airflow/.local/lib/python3.8/site-packages/airflow/example_dags/example_latest_only_with_trigger.py
[2025-01-24T05:37:30.463+0000] {processor.py:829} INFO - Processing file /home/airflow/.local/lib/python3.8/site-packages/airflow/example_dags/example_latest_only_with_trigger.py for tasks to queue
[2025-01-24T05:37:30.464+0000] {logging_mixin.py:151} INFO - [2025-01-24T05:37:30.464+0000] {dagbag.py:539} INFO - Filling up the DagBag from /home/airflow/.local/lib/python3.8/site-packages/airflow/example_dags/example_latest_only_with_trigger.py
[2025-01-24T05:37:30.468+0000] {processor.py:839} INFO - DAG(s) dict_keys(['latest_only_with_trigger']) retrieved from /home/airflow/.local/lib/python3.8/site-packages/airflow/example_dags/example_latest_only_with_trigger.py
[2025-01-24T05:37:30.474+0000] {logging_mixin.py:151} INFO - [2025-01-24T05:37:30.474+0000] {dag.py:2915} INFO - Sync 1 DAGs
[2025-01-24T05:37:30.487+0000] {logging_mixin.py:151} INFO - [2025-01-24T05:37:30.486+0000] {dag.py:3696} INFO - Setting next_dagrun for latest_only_with_trigger to 2025-01-24T01:37:30.486781+00:00, run_after=2025-01-24T05:37:30.486781+00:00
[2025-01-24T05:37:30.496+0000] {processor.py:179} INFO - Processing /home/airflow/.local/lib/python3.8/site-packages/airflow/example_dags/example_latest_only_with_trigger.py took 0.035 seconds
[2025-01-24T05:38:00.805+0000] {processor.py:157} INFO - Started process (PID=113) to work on /home/airflow/.local/lib/python3.8/site-packages/airflow/example_dags/example_latest_only_with_trigger.py
[2025-01-24T05:38:00.807+0000] {processor.py:829} INFO - Processing file /home/airflow/.local/lib/python3.8/site-packages/airflow/example_dags/example_latest_only_with_trigger.py for tasks to queue
[2025-01-24T05:38:00.808+0000] {logging_mixin.py:151} INFO - [2025-01-24T05:38:00.808+0000] {dagbag.py:539} INFO - Filling up the DagBag from /home/airflow/.local/lib/python3.8/site-packages/airflow/example_dags/example_latest_only_with_trigger.py
[2025-01-24T05:38:00.812+0000] {processor.py:839} INFO - DAG(s) dict_keys(['latest_only_with_trigger']) retrieved from /home/airflow/.local/lib/python3.8/site-packages/airflow/example_dags/example_latest_only_with_trigger.py
[2025-01-24T05:38:00.827+0000] {logging_mixin.py:151} INFO - [2025-01-24T05:38:00.827+0000] {dag.py:2915} INFO - Sync 1 DAGs
[2025-01-24T05:38:00.837+0000] {logging_mixin.py:151} INFO - [2025-01-24T05:38:00.837+0000] {dag.py:3696} INFO - Setting next_dagrun for latest_only_with_trigger to 2025-01-24T01:38:00.837693+00:00, run_after=2025-01-24T05:38:00.837693+00:00
[2025-01-24T05:38:00.847+0000] {processor.py:179} INFO - Processing /home/airflow/.local/lib/python3.8/site-packages/airflow/example_dags/example_latest_only_with_trigger.py took 0.044 seconds
[2025-01-24T05:38:31.576+0000] {processor.py:157} INFO - Started process (PID=167) to work on /home/airflow/.local/lib/python3.8/site-packages/airflow/example_dags/example_latest_only_with_trigger.py
[2025-01-24T05:38:31.577+0000] {processor.py:829} INFO - Processing file /home/airflow/.local/lib/python3.8/site-packages/airflow/example_dags/example_latest_only_with_trigger.py for tasks to queue
[2025-01-24T05:38:31.578+0000] {logging_mixin.py:151} INFO - [2025-01-24T05:38:31.578+0000] {dagbag.py:539} INFO - Filling up the DagBag from /home/airflow/.local/lib/python3.8/site-packages/airflow/example_dags/example_latest_only_with_trigger.py
[2025-01-24T05:38:31.581+0000] {processor.py:839} INFO - DAG(s) dict_keys(['latest_only_with_trigger']) retrieved from /home/airflow/.local/lib/python3.8/site-packages/airflow/example_dags/example_latest_only_with_trigger.py
[2025-01-24T05:38:31.593+0000] {logging_mixin.py:151} INFO - [2025-01-24T05:38:31.593+0000] {dag.py:2915} INFO - Sync 1 DAGs
[2025-01-24T05:38:31.604+0000] {logging_mixin.py:151} INFO - [2025-01-24T05:38:31.604+0000] {dag.py:3696} INFO - Setting next_dagrun for latest_only_with_trigger to 2025-01-24T01:38:31.604347+00:00, run_after=2025-01-24T05:38:31.604347+00:00
[2025-01-24T05:38:31.617+0000] {processor.py:179} INFO - Processing /home/airflow/.local/lib/python3.8/site-packages/airflow/example_dags/example_latest_only_with_trigger.py took 0.043 seconds
[2025-01-24T05:39:02.434+0000] {processor.py:157} INFO - Started process (PID=220) to work on /home/airflow/.local/lib/python3.8/site-packages/airflow/example_dags/example_latest_only_with_trigger.py
[2025-01-24T05:39:02.435+0000] {processor.py:829} INFO - Processing file /home/airflow/.local/lib/python3.8/site-packages/airflow/example_dags/example_latest_only_with_trigger.py for tasks to queue
[2025-01-24T05:39:02.436+0000] {logging_mixin.py:151} INFO - [2025-01-24T05:39:02.436+0000] {dagbag.py:539} INFO - Filling up the DagBag from /home/airflow/.local/lib/python3.8/site-packages/airflow/example_dags/example_latest_only_with_trigger.py
[2025-01-24T05:39:02.440+0000] {processor.py:839} INFO - DAG(s) dict_keys(['latest_only_with_trigger']) retrieved from /home/airflow/.local/lib/python3.8/site-packages/airflow/example_dags/example_latest_only_with_trigger.py
[2025-01-24T05:39:02.454+0000] {logging_mixin.py:151} INFO - [2025-01-24T05:39:02.454+0000] {dag.py:2915} INFO - Sync 1 DAGs
[2025-01-24T05:39:02.467+0000] {logging_mixin.py:151} INFO - [2025-01-24T05:39:02.467+0000] {dag.py:3696} INFO - Setting next_dagrun for latest_only_with_trigger to 2025-01-24T01:39:02.467150+00:00, run_after=2025-01-24T05:39:02.467150+00:00
[2025-01-24T05:39:02.483+0000] {processor.py:179} INFO - Processing /home/airflow/.local/lib/python3.8/site-packages/airflow/example_dags/example_latest_only_with_trigger.py took 0.051 seconds
[2025-01-24T05:39:32.554+0000] {processor.py:157} INFO - Started process (PID=274) to work on /home/airflow/.local/lib/python3.8/site-packages/airflow/example_dags/example_latest_only_with_trigger.py
[2025-01-24T05:39:32.555+0000] {processor.py:829} INFO - Processing file /home/airflow/.local/lib/python3.8/site-packages/airflow/example_dags/example_latest_only_with_trigger.py for tasks to queue
[2025-01-24T05:39:32.556+0000] {logging_mixin.py:151} INFO - [2025-01-24T05:39:32.556+0000] {dagbag.py:539} INFO - Filling up the DagBag from /home/airflow/.local/lib/python3.8/site-packages/airflow/example_dags/example_latest_only_with_trigger.py
[2025-01-24T05:39:32.559+0000] {processor.py:839} INFO - DAG(s) dict_keys(['latest_only_with_trigger']) retrieved from /home/airflow/.local/lib/python3.8/site-packages/airflow/example_dags/example_latest_only_with_trigger.py
[2025-01-24T05:39:32.569+0000] {logging_mixin.py:151} INFO - [2025-01-24T05:39:32.569+0000] {dag.py:2915} INFO - Sync 1 DAGs
[2025-01-24T05:39:32.579+0000] {logging_mixin.py:151} INFO - [2025-01-24T05:39:32.579+0000] {dag.py:3696} INFO - Setting next_dagrun for latest_only_with_trigger to 2025-01-24T01:39:32.579020+00:00, run_after=2025-01-24T05:39:32.579020+00:00
[2025-01-24T05:39:32.588+0000] {processor.py:179} INFO - Processing /home/airflow/.local/lib/python3.8/site-packages/airflow/example_dags/example_latest_only_with_trigger.py took 0.036 seconds
[2025-01-24T05:40:03.631+0000] {processor.py:157} INFO - Started process (PID=328) to work on /home/airflow/.local/lib/python3.8/site-packages/airflow/example_dags/example_latest_only_with_trigger.py
[2025-01-24T05:40:03.631+0000] {processor.py:829} INFO - Processing file /home/airflow/.local/lib/python3.8/site-packages/airflow/example_dags/example_latest_only_with_trigger.py for tasks to queue
[2025-01-24T05:40:03.632+0000] {logging_mixin.py:151} INFO - [2025-01-24T05:40:03.632+0000] {dagbag.py:539} INFO - Filling up the DagBag from /home/airflow/.local/lib/python3.8/site-packages/airflow/example_dags/example_latest_only_with_trigger.py
[2025-01-24T05:40:03.635+0000] {processor.py:839} INFO - DAG(s) dict_keys(['latest_only_with_trigger']) retrieved from /home/airflow/.local/lib/python3.8/site-packages/airflow/example_dags/example_latest_only_with_trigger.py
[2025-01-24T05:40:03.646+0000] {logging_mixin.py:151} INFO - [2025-01-24T05:40:03.646+0000] {dag.py:2915} INFO - Sync 1 DAGs
[2025-01-24T05:40:03.657+0000] {logging_mixin.py:151} INFO - [2025-01-24T05:40:03.657+0000] {dag.py:3696} INFO - Setting next_dagrun for latest_only_with_trigger to 2025-01-24T01:40:03.657186+00:00, run_after=2025-01-24T05:40:03.657186+00:00
[2025-01-24T05:40:03.668+0000] {processor.py:179} INFO - Processing /home/airflow/.local/lib/python3.8/site-packages/airflow/example_dags/example_latest_only_with_trigger.py took 0.040 seconds
[2025-01-24T05:40:34.364+0000] {processor.py:157} INFO - Started process (PID=389) to work on /home/airflow/.local/lib/python3.8/site-packages/airflow/example_dags/example_latest_only_with_trigger.py
[2025-01-24T05:40:34.365+0000] {processor.py:829} INFO - Processing file /home/airflow/.local/lib/python3.8/site-packages/airflow/example_dags/example_latest_only_with_trigger.py for tasks to queue
[2025-01-24T05:40:34.366+0000] {logging_mixin.py:151} INFO - [2025-01-24T05:40:34.366+0000] {dagbag.py:539} INFO - Filling up the DagBag from /home/airflow/.local/lib/python3.8/site-packages/airflow/example_dags/example_latest_only_with_trigger.py
[2025-01-24T05:40:34.370+0000] {processor.py:839} INFO - DAG(s) dict_keys(['latest_only_with_trigger']) retrieved from /home/airflow/.local/lib/python3.8/site-packages/airflow/example_dags/example_latest_only_with_trigger.py
[2025-01-24T05:40:34.383+0000] {logging_mixin.py:151} INFO - [2025-01-24T05:40:34.382+0000] {dag.py:2915} INFO - Sync 1 DAGs
[2025-01-24T05:40:34.394+0000] {logging_mixin.py:151} INFO - [2025-01-24T05:40:34.394+0000] {dag.py:3696} INFO - Setting next_dagrun for latest_only_with_trigger to 2025-01-24T01:40:34.394509+00:00, run_after=2025-01-24T05:40:34.394509+00:00
[2025-01-24T05:40:34.412+0000] {processor.py:179} INFO - Processing /home/airflow/.local/lib/python3.8/site-packages/airflow/example_dags/example_latest_only_with_trigger.py took 0.050 seconds
[2025-01-24T05:41:05.094+0000] {processor.py:157} INFO - Started process (PID=443) to work on /home/airflow/.local/lib/python3.8/site-packages/airflow/example_dags/example_latest_only_with_trigger.py
[2025-01-24T05:41:05.094+0000] {processor.py:829} INFO - Processing file /home/airflow/.local/lib/python3.8/site-packages/airflow/example_dags/example_latest_only_with_trigger.py for tasks to queue
[2025-01-24T05:41:05.097+0000] {logging_mixin.py:151} INFO - [2025-01-24T05:41:05.096+0000] {dagbag.py:539} INFO - Filling up the DagBag from /home/airflow/.local/lib/python3.8/site-packages/airflow/example_dags/example_latest_only_with_trigger.py
[2025-01-24T05:41:05.100+0000] {processor.py:839} INFO - DAG(s) dict_keys(['latest_only_with_trigger']) retrieved from /home/airflow/.local/lib/python3.8/site-packages/airflow/example_dags/example_latest_only_with_trigger.py
[2025-01-24T05:41:05.111+0000] {logging_mixin.py:151} INFO - [2025-01-24T05:41:05.110+0000] {dag.py:2915} INFO - Sync 1 DAGs
[2025-01-24T05:41:05.121+0000] {logging_mixin.py:151} INFO - [2025-01-24T05:41:05.121+0000] {dag.py:3696} INFO - Setting next_dagrun for latest_only_with_trigger to 2025-01-24T01:41:05.121553+00:00, run_after=2025-01-24T05:41:05.121553+00:00
[2025-01-24T05:41:05.132+0000] {processor.py:179} INFO - Processing /home/airflow/.local/lib/python3.8/site-packages/airflow/example_dags/example_latest_only_with_trigger.py took 0.040 seconds
[2025-01-24T05:41:35.858+0000] {processor.py:157} INFO - Started process (PID=497) to work on /home/airflow/.local/lib/python3.8/site-packages/airflow/example_dags/example_latest_only_with_trigger.py
[2025-01-24T05:41:35.858+0000] {processor.py:829} INFO - Processing file /home/airflow/.local/lib/python3.8/site-packages/airflow/example_dags/example_latest_only_with_trigger.py for tasks to queue
[2025-01-24T05:41:35.859+0000] {logging_mixin.py:151} INFO - [2025-01-24T05:41:35.859+0000] {dagbag.py:539} INFO - Filling up the DagBag from /home/airflow/.local/lib/python3.8/site-packages/airflow/example_dags/example_latest_only_with_trigger.py
[2025-01-24T05:41:35.862+0000] {processor.py:839} INFO - DAG(s) dict_keys(['latest_only_with_trigger']) retrieved from /home/airflow/.local/lib/python3.8/site-packages/airflow/example_dags/example_latest_only_with_trigger.py
[2025-01-24T05:41:35.874+0000] {logging_mixin.py:151} INFO - [2025-01-24T05:41:35.874+0000] {dag.py:2915} INFO - Sync 1 DAGs
[2025-01-24T05:41:35.885+0000] {logging_mixin.py:151} INFO - [2025-01-24T05:41:35.885+0000] {dag.py:3696} INFO - Setting next_dagrun for latest_only_with_trigger to 2025-01-24T01:41:35.885157+00:00, run_after=2025-01-24T05:41:35.885157+00:00
[2025-01-24T05:41:35.896+0000] {processor.py:179} INFO - Processing /home/airflow/.local/lib/python3.8/site-packages/airflow/example_dags/example_latest_only_with_trigger.py took 0.040 seconds
[2025-01-24T05:42:06.527+0000] {processor.py:157} INFO - Started process (PID=550) to work on /home/airflow/.local/lib/python3.8/site-packages/airflow/example_dags/example_latest_only_with_trigger.py
[2025-01-24T05:42:06.527+0000] {processor.py:829} INFO - Processing file /home/airflow/.local/lib/python3.8/site-packages/airflow/example_dags/example_latest_only_with_trigger.py for tasks to queue
[2025-01-24T05:42:06.528+0000] {logging_mixin.py:151} INFO - [2025-01-24T05:42:06.528+0000] {dagbag.py:539} INFO - Filling up the DagBag from /home/airflow/.local/lib/python3.8/site-packages/airflow/example_dags/example_latest_only_with_trigger.py
[2025-01-24T05:42:06.532+0000] {processor.py:839} INFO - DAG(s) dict_keys(['latest_only_with_trigger']) retrieved from /home/airflow/.local/lib/python3.8/site-packages/airflow/example_dags/example_latest_only_with_trigger.py
[2025-01-24T05:42:06.543+0000] {logging_mixin.py:151} INFO - [2025-01-24T05:42:06.543+0000] {dag.py:2915} INFO - Sync 1 DAGs
[2025-01-24T05:42:06.557+0000] {logging_mixin.py:151} INFO - [2025-01-24T05:42:06.557+0000] {dag.py:3696} INFO - Setting next_dagrun for latest_only_with_trigger to 2025-01-24T01:42:06.557261+00:00, run_after=2025-01-24T05:42:06.557261+00:00
[2025-01-24T05:42:06.567+0000] {processor.py:179} INFO - Processing /home/airflow/.local/lib/python3.8/site-packages/airflow/example_dags/example_latest_only_with_trigger.py took 0.042 seconds
[2025-01-24T05:42:37.265+0000] {processor.py:157} INFO - Started process (PID=604) to work on /home/airflow/.local/lib/python3.8/site-packages/airflow/example_dags/example_latest_only_with_trigger.py
[2025-01-24T05:42:37.268+0000] {processor.py:829} INFO - Processing file /home/airflow/.local/lib/python3.8/site-packages/airflow/example_dags/example_latest_only_with_trigger.py for tasks to queue
[2025-01-24T05:42:37.269+0000] {logging_mixin.py:151} INFO - [2025-01-24T05:42:37.269+0000] {dagbag.py:539} INFO - Filling up the DagBag from /home/airflow/.local/lib/python3.8/site-packages/airflow/example_dags/example_latest_only_with_trigger.py
[2025-01-24T05:42:37.272+0000] {processor.py:839} INFO - DAG(s) dict_keys(['latest_only_with_trigger']) retrieved from /home/airflow/.local/lib/python3.8/site-packages/airflow/example_dags/example_latest_only_with_trigger.py
[2025-01-24T05:42:37.284+0000] {logging_mixin.py:151} INFO - [2025-01-24T05:42:37.284+0000] {dag.py:2915} INFO - Sync 1 DAGs
[2025-01-24T05:42:37.296+0000] {logging_mixin.py:151} INFO - [2025-01-24T05:42:37.296+0000] {dag.py:3696} INFO - Setting next_dagrun for latest_only_with_trigger to 2025-01-24T01:42:37.296205+00:00, run_after=2025-01-24T05:42:37.296205+00:00
[2025-01-24T05:42:37.305+0000] {processor.py:179} INFO - Processing /home/airflow/.local/lib/python3.8/site-packages/airflow/example_dags/example_latest_only_with_trigger.py took 0.042 seconds
[2025-01-24T05:43:07.937+0000] {processor.py:157} INFO - Started process (PID=658) to work on /home/airflow/.local/lib/python3.8/site-packages/airflow/example_dags/example_latest_only_with_trigger.py
[2025-01-24T05:43:07.938+0000] {processor.py:829} INFO - Processing file /home/airflow/.local/lib/python3.8/site-packages/airflow/example_dags/example_latest_only_with_trigger.py for tasks to queue
[2025-01-24T05:43:07.939+0000] {logging_mixin.py:151} INFO - [2025-01-24T05:43:07.939+0000] {dagbag.py:539} INFO - Filling up the DagBag from /home/airflow/.local/lib/python3.8/site-packages/airflow/example_dags/example_latest_only_with_trigger.py
[2025-01-24T05:43:07.943+0000] {processor.py:839} INFO - DAG(s) dict_keys(['latest_only_with_trigger']) retrieved from /home/airflow/.local/lib/python3.8/site-packages/airflow/example_dags/example_latest_only_with_trigger.py
[2025-01-24T05:43:07.955+0000] {logging_mixin.py:151} INFO - [2025-01-24T05:43:07.955+0000] {dag.py:2915} INFO - Sync 1 DAGs
[2025-01-24T05:43:07.967+0000] {logging_mixin.py:151} INFO - [2025-01-24T05:43:07.967+0000] {dag.py:3696} INFO - Setting next_dagrun for latest_only_with_trigger to 2025-01-24T01:43:07.966965+00:00, run_after=2025-01-24T05:43:07.966965+00:00
[2025-01-24T05:43:07.978+0000] {processor.py:179} INFO - Processing /home/airflow/.local/lib/python3.8/site-packages/airflow/example_dags/example_latest_only_with_trigger.py took 0.043 seconds
[2025-01-24T05:43:38.748+0000] {processor.py:157} INFO - Started process (PID=711) to work on /home/airflow/.local/lib/python3.8/site-packages/airflow/example_dags/example_latest_only_with_trigger.py
[2025-01-24T05:43:38.748+0000] {processor.py:829} INFO - Processing file /home/airflow/.local/lib/python3.8/site-packages/airflow/example_dags/example_latest_only_with_trigger.py for tasks to queue
[2025-01-24T05:43:38.750+0000] {logging_mixin.py:151} INFO - [2025-01-24T05:43:38.749+0000] {dagbag.py:539} INFO - Filling up the DagBag from /home/airflow/.local/lib/python3.8/site-packages/airflow/example_dags/example_latest_only_with_trigger.py
[2025-01-24T05:43:38.753+0000] {processor.py:839} INFO - DAG(s) dict_keys(['latest_only_with_trigger']) retrieved from /home/airflow/.local/lib/python3.8/site-packages/airflow/example_dags/example_latest_only_with_trigger.py
[2025-01-24T05:43:38.763+0000] {logging_mixin.py:151} INFO - [2025-01-24T05:43:38.763+0000] {dag.py:2915} INFO - Sync 1 DAGs
[2025-01-24T05:43:38.775+0000] {logging_mixin.py:151} INFO - [2025-01-24T05:43:38.775+0000] {dag.py:3696} INFO - Setting next_dagrun for latest_only_with_trigger to 2025-01-24T01:43:38.775701+00:00, run_after=2025-01-24T05:43:38.775701+00:00
[2025-01-24T05:43:38.786+0000] {processor.py:179} INFO - Processing /home/airflow/.local/lib/python3.8/site-packages/airflow/example_dags/example_latest_only_with_trigger.py took 0.040 seconds
[2025-01-24T05:44:09.413+0000] {processor.py:157} INFO - Started process (PID=765) to work on /home/airflow/.local/lib/python3.8/site-packages/airflow/example_dags/example_latest_only_with_trigger.py
[2025-01-24T05:44:09.414+0000] {processor.py:829} INFO - Processing file /home/airflow/.local/lib/python3.8/site-packages/airflow/example_dags/example_latest_only_with_trigger.py for tasks to queue
[2025-01-24T05:44:09.416+0000] {logging_mixin.py:151} INFO - [2025-01-24T05:44:09.416+0000] {dagbag.py:539} INFO - Filling up the DagBag from /home/airflow/.local/lib/python3.8/site-packages/airflow/example_dags/example_latest_only_with_trigger.py
[2025-01-24T05:44:09.419+0000] {processor.py:839} INFO - DAG(s) dict_keys(['latest_only_with_trigger']) retrieved from /home/airflow/.local/lib/python3.8/site-packages/airflow/example_dags/example_latest_only_with_trigger.py
[2025-01-24T05:44:09.431+0000] {logging_mixin.py:151} INFO - [2025-01-24T05:44:09.431+0000] {dag.py:2915} INFO - Sync 1 DAGs
[2025-01-24T05:44:09.441+0000] {logging_mixin.py:151} INFO - [2025-01-24T05:44:09.441+0000] {dag.py:3696} INFO - Setting next_dagrun for latest_only_with_trigger to 2025-01-24T01:44:09.441145+00:00, run_after=2025-01-24T05:44:09.441145+00:00
[2025-01-24T05:44:09.451+0000] {processor.py:179} INFO - Processing /home/airflow/.local/lib/python3.8/site-packages/airflow/example_dags/example_latest_only_with_trigger.py took 0.040 seconds
[2025-01-24T05:44:39.598+0000] {processor.py:157} INFO - Started process (PID=819) to work on /home/airflow/.local/lib/python3.8/site-packages/airflow/example_dags/example_latest_only_with_trigger.py
[2025-01-24T05:44:39.602+0000] {processor.py:829} INFO - Processing file /home/airflow/.local/lib/python3.8/site-packages/airflow/example_dags/example_latest_only_with_trigger.py for tasks to queue
[2025-01-24T05:44:39.603+0000] {logging_mixin.py:151} INFO - [2025-01-24T05:44:39.603+0000] {dagbag.py:539} INFO - Filling up the DagBag from /home/airflow/.local/lib/python3.8/site-packages/airflow/example_dags/example_latest_only_with_trigger.py
[2025-01-24T05:44:39.609+0000] {processor.py:839} INFO - DAG(s) dict_keys(['latest_only_with_trigger']) retrieved from /home/airflow/.local/lib/python3.8/site-packages/airflow/example_dags/example_latest_only_with_trigger.py
[2025-01-24T05:44:39.622+0000] {logging_mixin.py:151} INFO - [2025-01-24T05:44:39.622+0000] {dag.py:2915} INFO - Sync 1 DAGs
[2025-01-24T05:44:39.634+0000] {logging_mixin.py:151} INFO - [2025-01-24T05:44:39.634+0000] {dag.py:3696} INFO - Setting next_dagrun for latest_only_with_trigger to 2025-01-24T01:44:39.634498+00:00, run_after=2025-01-24T05:44:39.634498+00:00
[2025-01-24T05:44:39.643+0000] {processor.py:179} INFO - Processing /home/airflow/.local/lib/python3.8/site-packages/airflow/example_dags/example_latest_only_with_trigger.py took 0.046 seconds
[2025-01-24T05:45:10.368+0000] {processor.py:157} INFO - Started process (PID=873) to work on /home/airflow/.local/lib/python3.8/site-packages/airflow/example_dags/example_latest_only_with_trigger.py
[2025-01-24T05:45:10.369+0000] {processor.py:829} INFO - Processing file /home/airflow/.local/lib/python3.8/site-packages/airflow/example_dags/example_latest_only_with_trigger.py for tasks to queue
[2025-01-24T05:45:10.370+0000] {logging_mixin.py:151} INFO - [2025-01-24T05:45:10.370+0000] {dagbag.py:539} INFO - Filling up the DagBag from /home/airflow/.local/lib/python3.8/site-packages/airflow/example_dags/example_latest_only_with_trigger.py
[2025-01-24T05:45:10.373+0000] {processor.py:839} INFO - DAG(s) dict_keys(['latest_only_with_trigger']) retrieved from /home/airflow/.local/lib/python3.8/site-packages/airflow/example_dags/example_latest_only_with_trigger.py
[2025-01-24T05:45:10.383+0000] {logging_mixin.py:151} INFO - [2025-01-24T05:45:10.383+0000] {dag.py:2915} INFO - Sync 1 DAGs
[2025-01-24T05:45:10.392+0000] {logging_mixin.py:151} INFO - [2025-01-24T05:45:10.392+0000] {dag.py:3696} INFO - Setting next_dagrun for latest_only_with_trigger to 2025-01-24T01:45:10.392044+00:00, run_after=2025-01-24T05:45:10.392044+00:00
[2025-01-24T05:45:10.400+0000] {processor.py:179} INFO - Processing /home/airflow/.local/lib/python3.8/site-packages/airflow/example_dags/example_latest_only_with_trigger.py took 0.033 seconds
[2025-01-24T05:45:51.696+0000] {processor.py:157} INFO - Started process (PID=57) to work on /home/airflow/.local/lib/python3.8/site-packages/airflow/example_dags/example_latest_only_with_trigger.py
[2025-01-24T05:45:51.697+0000] {processor.py:829} INFO - Processing file /home/airflow/.local/lib/python3.8/site-packages/airflow/example_dags/example_latest_only_with_trigger.py for tasks to queue
[2025-01-24T05:45:51.698+0000] {logging_mixin.py:151} INFO - [2025-01-24T05:45:51.698+0000] {dagbag.py:539} INFO - Filling up the DagBag from /home/airflow/.local/lib/python3.8/site-packages/airflow/example_dags/example_latest_only_with_trigger.py
[2025-01-24T05:45:51.701+0000] {processor.py:839} INFO - DAG(s) dict_keys(['latest_only_with_trigger']) retrieved from /home/airflow/.local/lib/python3.8/site-packages/airflow/example_dags/example_latest_only_with_trigger.py
[2025-01-24T05:45:51.711+0000] {logging_mixin.py:151} INFO - [2025-01-24T05:45:51.711+0000] {dag.py:2915} INFO - Sync 1 DAGs
[2025-01-24T05:45:51.724+0000] {logging_mixin.py:151} INFO - [2025-01-24T05:45:51.724+0000] {dag.py:3696} INFO - Setting next_dagrun for latest_only_with_trigger to 2025-01-24T01:45:51.724108+00:00, run_after=2025-01-24T05:45:51.724108+00:00
[2025-01-24T05:45:51.734+0000] {processor.py:179} INFO - Processing /home/airflow/.local/lib/python3.8/site-packages/airflow/example_dags/example_latest_only_with_trigger.py took 0.040 seconds
[2025-01-24T05:46:22.306+0000] {processor.py:157} INFO - Started process (PID=111) to work on /home/airflow/.local/lib/python3.8/site-packages/airflow/example_dags/example_latest_only_with_trigger.py
[2025-01-24T05:46:22.307+0000] {processor.py:829} INFO - Processing file /home/airflow/.local/lib/python3.8/site-packages/airflow/example_dags/example_latest_only_with_trigger.py for tasks to queue
[2025-01-24T05:46:22.309+0000] {logging_mixin.py:151} INFO - [2025-01-24T05:46:22.309+0000] {dagbag.py:539} INFO - Filling up the DagBag from /home/airflow/.local/lib/python3.8/site-packages/airflow/example_dags/example_latest_only_with_trigger.py
[2025-01-24T05:46:22.313+0000] {processor.py:839} INFO - DAG(s) dict_keys(['latest_only_with_trigger']) retrieved from /home/airflow/.local/lib/python3.8/site-packages/airflow/example_dags/example_latest_only_with_trigger.py
[2025-01-24T05:46:22.327+0000] {logging_mixin.py:151} INFO - [2025-01-24T05:46:22.326+0000] {dag.py:2915} INFO - Sync 1 DAGs
[2025-01-24T05:46:22.342+0000] {logging_mixin.py:151} INFO - [2025-01-24T05:46:22.342+0000] {dag.py:3696} INFO - Setting next_dagrun for latest_only_with_trigger to 2025-01-24T01:46:22.342266+00:00, run_after=2025-01-24T05:46:22.342266+00:00
[2025-01-24T05:46:22.352+0000] {processor.py:179} INFO - Processing /home/airflow/.local/lib/python3.8/site-packages/airflow/example_dags/example_latest_only_with_trigger.py took 0.048 seconds
[2025-01-24T05:46:52.972+0000] {processor.py:157} INFO - Started process (PID=165) to work on /home/airflow/.local/lib/python3.8/site-packages/airflow/example_dags/example_latest_only_with_trigger.py
[2025-01-24T05:46:52.973+0000] {processor.py:829} INFO - Processing file /home/airflow/.local/lib/python3.8/site-packages/airflow/example_dags/example_latest_only_with_trigger.py for tasks to queue
[2025-01-24T05:46:52.974+0000] {logging_mixin.py:151} INFO - [2025-01-24T05:46:52.974+0000] {dagbag.py:539} INFO - Filling up the DagBag from /home/airflow/.local/lib/python3.8/site-packages/airflow/example_dags/example_latest_only_with_trigger.py
[2025-01-24T05:46:52.977+0000] {processor.py:839} INFO - DAG(s) dict_keys(['latest_only_with_trigger']) retrieved from /home/airflow/.local/lib/python3.8/site-packages/airflow/example_dags/example_latest_only_with_trigger.py
[2025-01-24T05:46:52.992+0000] {logging_mixin.py:151} INFO - [2025-01-24T05:46:52.992+0000] {dag.py:2915} INFO - Sync 1 DAGs
[2025-01-24T05:46:53.003+0000] {logging_mixin.py:151} INFO - [2025-01-24T05:46:53.003+0000] {dag.py:3696} INFO - Setting next_dagrun for latest_only_with_trigger to 2025-01-24T01:46:53.003048+00:00, run_after=2025-01-24T05:46:53.003048+00:00
[2025-01-24T05:46:53.012+0000] {processor.py:179} INFO - Processing /home/airflow/.local/lib/python3.8/site-packages/airflow/example_dags/example_latest_only_with_trigger.py took 0.041 seconds
[2025-01-24T05:47:23.639+0000] {processor.py:157} INFO - Started process (PID=219) to work on /home/airflow/.local/lib/python3.8/site-packages/airflow/example_dags/example_latest_only_with_trigger.py
[2025-01-24T05:47:23.640+0000] {processor.py:829} INFO - Processing file /home/airflow/.local/lib/python3.8/site-packages/airflow/example_dags/example_latest_only_with_trigger.py for tasks to queue
[2025-01-24T05:47:23.641+0000] {logging_mixin.py:151} INFO - [2025-01-24T05:47:23.640+0000] {dagbag.py:539} INFO - Filling up the DagBag from /home/airflow/.local/lib/python3.8/site-packages/airflow/example_dags/example_latest_only_with_trigger.py
[2025-01-24T05:47:23.643+0000] {processor.py:839} INFO - DAG(s) dict_keys(['latest_only_with_trigger']) retrieved from /home/airflow/.local/lib/python3.8/site-packages/airflow/example_dags/example_latest_only_with_trigger.py
[2025-01-24T05:47:23.654+0000] {logging_mixin.py:151} INFO - [2025-01-24T05:47:23.654+0000] {dag.py:2915} INFO - Sync 1 DAGs
[2025-01-24T05:47:23.666+0000] {logging_mixin.py:151} INFO - [2025-01-24T05:47:23.665+0000] {dag.py:3696} INFO - Setting next_dagrun for latest_only_with_trigger to 2025-01-24T01:47:23.665860+00:00, run_after=2025-01-24T05:47:23.665860+00:00
[2025-01-24T05:47:23.674+0000] {processor.py:179} INFO - Processing /home/airflow/.local/lib/python3.8/site-packages/airflow/example_dags/example_latest_only_with_trigger.py took 0.037 seconds
[2025-01-24T05:47:54.397+0000] {processor.py:157} INFO - Started process (PID=273) to work on /home/airflow/.local/lib/python3.8/site-packages/airflow/example_dags/example_latest_only_with_trigger.py
[2025-01-24T05:47:54.398+0000] {processor.py:829} INFO - Processing file /home/airflow/.local/lib/python3.8/site-packages/airflow/example_dags/example_latest_only_with_trigger.py for tasks to queue
[2025-01-24T05:47:54.399+0000] {logging_mixin.py:151} INFO - [2025-01-24T05:47:54.399+0000] {dagbag.py:539} INFO - Filling up the DagBag from /home/airflow/.local/lib/python3.8/site-packages/airflow/example_dags/example_latest_only_with_trigger.py
[2025-01-24T05:47:54.402+0000] {processor.py:839} INFO - DAG(s) dict_keys(['latest_only_with_trigger']) retrieved from /home/airflow/.local/lib/python3.8/site-packages/airflow/example_dags/example_latest_only_with_trigger.py
[2025-01-24T05:47:54.415+0000] {logging_mixin.py:151} INFO - [2025-01-24T05:47:54.415+0000] {dag.py:2915} INFO - Sync 1 DAGs
[2025-01-24T05:47:54.426+0000] {logging_mixin.py:151} INFO - [2025-01-24T05:47:54.425+0000] {dag.py:3696} INFO - Setting next_dagrun for latest_only_with_trigger to 2025-01-24T01:47:54.425853+00:00, run_after=2025-01-24T05:47:54.425853+00:00
[2025-01-24T05:47:54.434+0000] {processor.py:179} INFO - Processing /home/airflow/.local/lib/python3.8/site-packages/airflow/example_dags/example_latest_only_with_trigger.py took 0.039 seconds
