[2025-01-24T05:37:30.152+0000] {processor.py:157} INFO - Started process (PID=49) to work on /home/airflow/.local/lib/python3.8/site-packages/airflow/example_dags/example_subdag_operator.py
[2025-01-24T05:37:30.155+0000] {processor.py:829} INFO - Processing file /home/airflow/.local/lib/python3.8/site-packages/airflow/example_dags/example_subdag_operator.py for tasks to queue
[2025-01-24T05:37:30.156+0000] {logging_mixin.py:151} INFO - [2025-01-24T05:37:30.156+0000] {dagbag.py:539} INFO - Filling up the DagBag from /home/airflow/.local/lib/python3.8/site-packages/airflow/example_dags/example_subdag_operator.py
[2025-01-24T05:37:30.171+0000] {processor.py:839} INFO - DAG(s) dict_keys(['example_subdag_operator.section-1', 'example_subdag_operator.section-2', 'example_subdag_operator']) retrieved from /home/airflow/.local/lib/python3.8/site-packages/airflow/example_dags/example_subdag_operator.py
[2025-01-24T05:37:30.177+0000] {logging_mixin.py:151} INFO - [2025-01-24T05:37:30.177+0000] {dag.py:2915} INFO - Sync 3 DAGs
[2025-01-24T05:37:30.192+0000] {logging_mixin.py:151} INFO - [2025-01-24T05:37:30.192+0000] {dag.py:3696} INFO - Setting next_dagrun for example_subdag_operator to 2022-01-01T00:00:00+00:00, run_after=2022-01-01T00:00:00+00:00
[2025-01-24T05:37:30.196+0000] {logging_mixin.py:151} INFO - [2025-01-24T05:37:30.196+0000] {dag.py:3696} INFO - Setting next_dagrun for example_subdag_operator.section-1 to None, run_after=None
[2025-01-24T05:37:30.198+0000] {logging_mixin.py:151} INFO - [2025-01-24T05:37:30.198+0000] {dag.py:3696} INFO - Setting next_dagrun for example_subdag_operator.section-2 to None, run_after=None
[2025-01-24T05:37:30.204+0000] {logging_mixin.py:151} INFO - [2025-01-24T05:37:30.204+0000] {dag.py:2915} INFO - Sync 2 DAGs
[2025-01-24T05:37:30.208+0000] {logging_mixin.py:151} INFO - [2025-01-24T05:37:30.208+0000] {dag.py:3696} INFO - Setting next_dagrun for example_subdag_operator.section-1 to None, run_after=None
[2025-01-24T05:37:30.208+0000] {logging_mixin.py:151} INFO - [2025-01-24T05:37:30.208+0000] {dag.py:3696} INFO - Setting next_dagrun for example_subdag_operator.section-2 to None, run_after=None
[2025-01-24T05:37:30.217+0000] {processor.py:179} INFO - Processing /home/airflow/.local/lib/python3.8/site-packages/airflow/example_dags/example_subdag_operator.py took 0.067 seconds
[2025-01-24T05:38:00.442+0000] {processor.py:157} INFO - Started process (PID=103) to work on /home/airflow/.local/lib/python3.8/site-packages/airflow/example_dags/example_subdag_operator.py
[2025-01-24T05:38:00.443+0000] {processor.py:829} INFO - Processing file /home/airflow/.local/lib/python3.8/site-packages/airflow/example_dags/example_subdag_operator.py for tasks to queue
[2025-01-24T05:38:00.444+0000] {logging_mixin.py:151} INFO - [2025-01-24T05:38:00.444+0000] {dagbag.py:539} INFO - Filling up the DagBag from /home/airflow/.local/lib/python3.8/site-packages/airflow/example_dags/example_subdag_operator.py
[2025-01-24T05:38:00.457+0000] {processor.py:839} INFO - DAG(s) dict_keys(['example_subdag_operator.section-1', 'example_subdag_operator.section-2', 'example_subdag_operator']) retrieved from /home/airflow/.local/lib/python3.8/site-packages/airflow/example_dags/example_subdag_operator.py
[2025-01-24T05:38:00.466+0000] {logging_mixin.py:151} INFO - [2025-01-24T05:38:00.465+0000] {dag.py:2915} INFO - Sync 3 DAGs
[2025-01-24T05:38:00.476+0000] {logging_mixin.py:151} INFO - [2025-01-24T05:38:00.476+0000] {dag.py:3696} INFO - Setting next_dagrun for example_subdag_operator to 2022-01-01T00:00:00+00:00, run_after=2022-01-01T00:00:00+00:00
[2025-01-24T05:38:00.479+0000] {logging_mixin.py:151} INFO - [2025-01-24T05:38:00.479+0000] {dag.py:3696} INFO - Setting next_dagrun for example_subdag_operator.section-1 to None, run_after=None
[2025-01-24T05:38:00.480+0000] {logging_mixin.py:151} INFO - [2025-01-24T05:38:00.480+0000] {dag.py:3696} INFO - Setting next_dagrun for example_subdag_operator.section-2 to None, run_after=None
[2025-01-24T05:38:00.485+0000] {logging_mixin.py:151} INFO - [2025-01-24T05:38:00.485+0000] {dag.py:2915} INFO - Sync 2 DAGs
[2025-01-24T05:38:00.489+0000] {logging_mixin.py:151} INFO - [2025-01-24T05:38:00.489+0000] {dag.py:3696} INFO - Setting next_dagrun for example_subdag_operator.section-1 to None, run_after=None
[2025-01-24T05:38:00.490+0000] {logging_mixin.py:151} INFO - [2025-01-24T05:38:00.490+0000] {dag.py:3696} INFO - Setting next_dagrun for example_subdag_operator.section-2 to None, run_after=None
[2025-01-24T05:38:00.499+0000] {processor.py:179} INFO - Processing /home/airflow/.local/lib/python3.8/site-packages/airflow/example_dags/example_subdag_operator.py took 0.060 seconds
[2025-01-24T05:38:31.206+0000] {processor.py:157} INFO - Started process (PID=157) to work on /home/airflow/.local/lib/python3.8/site-packages/airflow/example_dags/example_subdag_operator.py
[2025-01-24T05:38:31.207+0000] {processor.py:829} INFO - Processing file /home/airflow/.local/lib/python3.8/site-packages/airflow/example_dags/example_subdag_operator.py for tasks to queue
[2025-01-24T05:38:31.208+0000] {logging_mixin.py:151} INFO - [2025-01-24T05:38:31.208+0000] {dagbag.py:539} INFO - Filling up the DagBag from /home/airflow/.local/lib/python3.8/site-packages/airflow/example_dags/example_subdag_operator.py
[2025-01-24T05:38:31.225+0000] {processor.py:839} INFO - DAG(s) dict_keys(['example_subdag_operator.section-1', 'example_subdag_operator.section-2', 'example_subdag_operator']) retrieved from /home/airflow/.local/lib/python3.8/site-packages/airflow/example_dags/example_subdag_operator.py
[2025-01-24T05:38:31.235+0000] {logging_mixin.py:151} INFO - [2025-01-24T05:38:31.235+0000] {dag.py:2915} INFO - Sync 3 DAGs
[2025-01-24T05:38:31.246+0000] {logging_mixin.py:151} INFO - [2025-01-24T05:38:31.246+0000] {dag.py:3696} INFO - Setting next_dagrun for example_subdag_operator to 2022-01-01T00:00:00+00:00, run_after=2022-01-01T00:00:00+00:00
[2025-01-24T05:38:31.249+0000] {logging_mixin.py:151} INFO - [2025-01-24T05:38:31.249+0000] {dag.py:3696} INFO - Setting next_dagrun for example_subdag_operator.section-1 to None, run_after=None
[2025-01-24T05:38:31.251+0000] {logging_mixin.py:151} INFO - [2025-01-24T05:38:31.251+0000] {dag.py:3696} INFO - Setting next_dagrun for example_subdag_operator.section-2 to None, run_after=None
[2025-01-24T05:38:31.256+0000] {logging_mixin.py:151} INFO - [2025-01-24T05:38:31.256+0000] {dag.py:2915} INFO - Sync 2 DAGs
[2025-01-24T05:38:31.261+0000] {logging_mixin.py:151} INFO - [2025-01-24T05:38:31.260+0000] {dag.py:3696} INFO - Setting next_dagrun for example_subdag_operator.section-1 to None, run_after=None
[2025-01-24T05:38:31.261+0000] {logging_mixin.py:151} INFO - [2025-01-24T05:38:31.261+0000] {dag.py:3696} INFO - Setting next_dagrun for example_subdag_operator.section-2 to None, run_after=None
[2025-01-24T05:38:31.269+0000] {processor.py:179} INFO - Processing /home/airflow/.local/lib/python3.8/site-packages/airflow/example_dags/example_subdag_operator.py took 0.065 seconds
[2025-01-24T05:39:02.022+0000] {processor.py:157} INFO - Started process (PID=210) to work on /home/airflow/.local/lib/python3.8/site-packages/airflow/example_dags/example_subdag_operator.py
[2025-01-24T05:39:02.022+0000] {processor.py:829} INFO - Processing file /home/airflow/.local/lib/python3.8/site-packages/airflow/example_dags/example_subdag_operator.py for tasks to queue
[2025-01-24T05:39:02.024+0000] {logging_mixin.py:151} INFO - [2025-01-24T05:39:02.024+0000] {dagbag.py:539} INFO - Filling up the DagBag from /home/airflow/.local/lib/python3.8/site-packages/airflow/example_dags/example_subdag_operator.py
[2025-01-24T05:39:02.046+0000] {processor.py:839} INFO - DAG(s) dict_keys(['example_subdag_operator.section-1', 'example_subdag_operator.section-2', 'example_subdag_operator']) retrieved from /home/airflow/.local/lib/python3.8/site-packages/airflow/example_dags/example_subdag_operator.py
[2025-01-24T05:39:02.055+0000] {logging_mixin.py:151} INFO - [2025-01-24T05:39:02.054+0000] {dag.py:2915} INFO - Sync 3 DAGs
[2025-01-24T05:39:02.068+0000] {logging_mixin.py:151} INFO - [2025-01-24T05:39:02.068+0000] {dag.py:3696} INFO - Setting next_dagrun for example_subdag_operator to 2022-01-01T00:00:00+00:00, run_after=2022-01-01T00:00:00+00:00
[2025-01-24T05:39:02.072+0000] {logging_mixin.py:151} INFO - [2025-01-24T05:39:02.072+0000] {dag.py:3696} INFO - Setting next_dagrun for example_subdag_operator.section-1 to None, run_after=None
[2025-01-24T05:39:02.074+0000] {logging_mixin.py:151} INFO - [2025-01-24T05:39:02.074+0000] {dag.py:3696} INFO - Setting next_dagrun for example_subdag_operator.section-2 to None, run_after=None
[2025-01-24T05:39:02.079+0000] {logging_mixin.py:151} INFO - [2025-01-24T05:39:02.079+0000] {dag.py:2915} INFO - Sync 2 DAGs
[2025-01-24T05:39:02.084+0000] {logging_mixin.py:151} INFO - [2025-01-24T05:39:02.084+0000] {dag.py:3696} INFO - Setting next_dagrun for example_subdag_operator.section-1 to None, run_after=None
[2025-01-24T05:39:02.085+0000] {logging_mixin.py:151} INFO - [2025-01-24T05:39:02.085+0000] {dag.py:3696} INFO - Setting next_dagrun for example_subdag_operator.section-2 to None, run_after=None
[2025-01-24T05:39:02.095+0000] {processor.py:179} INFO - Processing /home/airflow/.local/lib/python3.8/site-packages/airflow/example_dags/example_subdag_operator.py took 0.075 seconds
[2025-01-24T05:39:32.170+0000] {processor.py:157} INFO - Started process (PID=264) to work on /home/airflow/.local/lib/python3.8/site-packages/airflow/example_dags/example_subdag_operator.py
[2025-01-24T05:39:32.173+0000] {processor.py:829} INFO - Processing file /home/airflow/.local/lib/python3.8/site-packages/airflow/example_dags/example_subdag_operator.py for tasks to queue
[2025-01-24T05:39:32.174+0000] {logging_mixin.py:151} INFO - [2025-01-24T05:39:32.174+0000] {dagbag.py:539} INFO - Filling up the DagBag from /home/airflow/.local/lib/python3.8/site-packages/airflow/example_dags/example_subdag_operator.py
[2025-01-24T05:39:32.190+0000] {processor.py:839} INFO - DAG(s) dict_keys(['example_subdag_operator.section-1', 'example_subdag_operator.section-2', 'example_subdag_operator']) retrieved from /home/airflow/.local/lib/python3.8/site-packages/airflow/example_dags/example_subdag_operator.py
[2025-01-24T05:39:32.198+0000] {logging_mixin.py:151} INFO - [2025-01-24T05:39:32.198+0000] {dag.py:2915} INFO - Sync 3 DAGs
[2025-01-24T05:39:32.210+0000] {logging_mixin.py:151} INFO - [2025-01-24T05:39:32.209+0000] {dag.py:3696} INFO - Setting next_dagrun for example_subdag_operator to 2022-01-01T00:00:00+00:00, run_after=2022-01-01T00:00:00+00:00
[2025-01-24T05:39:32.213+0000] {logging_mixin.py:151} INFO - [2025-01-24T05:39:32.213+0000] {dag.py:3696} INFO - Setting next_dagrun for example_subdag_operator.section-1 to None, run_after=None
[2025-01-24T05:39:32.215+0000] {logging_mixin.py:151} INFO - [2025-01-24T05:39:32.215+0000] {dag.py:3696} INFO - Setting next_dagrun for example_subdag_operator.section-2 to None, run_after=None
[2025-01-24T05:39:32.241+0000] {logging_mixin.py:151} INFO - [2025-01-24T05:39:32.241+0000] {dag.py:2915} INFO - Sync 2 DAGs
[2025-01-24T05:39:32.247+0000] {logging_mixin.py:151} INFO - [2025-01-24T05:39:32.247+0000] {dag.py:3696} INFO - Setting next_dagrun for example_subdag_operator.section-1 to None, run_after=None
[2025-01-24T05:39:32.247+0000] {logging_mixin.py:151} INFO - [2025-01-24T05:39:32.247+0000] {dag.py:3696} INFO - Setting next_dagrun for example_subdag_operator.section-2 to None, run_after=None
[2025-01-24T05:39:32.259+0000] {processor.py:179} INFO - Processing /home/airflow/.local/lib/python3.8/site-packages/airflow/example_dags/example_subdag_operator.py took 0.092 seconds
[2025-01-24T05:40:03.243+0000] {processor.py:157} INFO - Started process (PID=318) to work on /home/airflow/.local/lib/python3.8/site-packages/airflow/example_dags/example_subdag_operator.py
[2025-01-24T05:40:03.248+0000] {processor.py:829} INFO - Processing file /home/airflow/.local/lib/python3.8/site-packages/airflow/example_dags/example_subdag_operator.py for tasks to queue
[2025-01-24T05:40:03.250+0000] {logging_mixin.py:151} INFO - [2025-01-24T05:40:03.250+0000] {dagbag.py:539} INFO - Filling up the DagBag from /home/airflow/.local/lib/python3.8/site-packages/airflow/example_dags/example_subdag_operator.py
[2025-01-24T05:40:03.273+0000] {processor.py:839} INFO - DAG(s) dict_keys(['example_subdag_operator.section-1', 'example_subdag_operator.section-2', 'example_subdag_operator']) retrieved from /home/airflow/.local/lib/python3.8/site-packages/airflow/example_dags/example_subdag_operator.py
[2025-01-24T05:40:03.287+0000] {logging_mixin.py:151} INFO - [2025-01-24T05:40:03.287+0000] {dag.py:2915} INFO - Sync 3 DAGs
[2025-01-24T05:40:03.297+0000] {logging_mixin.py:151} INFO - [2025-01-24T05:40:03.297+0000] {dag.py:3696} INFO - Setting next_dagrun for example_subdag_operator to 2022-01-01T00:00:00+00:00, run_after=2022-01-01T00:00:00+00:00
[2025-01-24T05:40:03.301+0000] {logging_mixin.py:151} INFO - [2025-01-24T05:40:03.301+0000] {dag.py:3696} INFO - Setting next_dagrun for example_subdag_operator.section-1 to None, run_after=None
[2025-01-24T05:40:03.302+0000] {logging_mixin.py:151} INFO - [2025-01-24T05:40:03.302+0000] {dag.py:3696} INFO - Setting next_dagrun for example_subdag_operator.section-2 to None, run_after=None
[2025-01-24T05:40:03.306+0000] {logging_mixin.py:151} INFO - [2025-01-24T05:40:03.306+0000] {dag.py:2915} INFO - Sync 2 DAGs
[2025-01-24T05:40:03.310+0000] {logging_mixin.py:151} INFO - [2025-01-24T05:40:03.309+0000] {dag.py:3696} INFO - Setting next_dagrun for example_subdag_operator.section-1 to None, run_after=None
[2025-01-24T05:40:03.310+0000] {logging_mixin.py:151} INFO - [2025-01-24T05:40:03.310+0000] {dag.py:3696} INFO - Setting next_dagrun for example_subdag_operator.section-2 to None, run_after=None
[2025-01-24T05:40:03.318+0000] {processor.py:179} INFO - Processing /home/airflow/.local/lib/python3.8/site-packages/airflow/example_dags/example_subdag_operator.py took 0.079 seconds
[2025-01-24T05:40:34.011+0000] {processor.py:157} INFO - Started process (PID=372) to work on /home/airflow/.local/lib/python3.8/site-packages/airflow/example_dags/example_subdag_operator.py
[2025-01-24T05:40:34.013+0000] {processor.py:829} INFO - Processing file /home/airflow/.local/lib/python3.8/site-packages/airflow/example_dags/example_subdag_operator.py for tasks to queue
[2025-01-24T05:40:34.015+0000] {logging_mixin.py:151} INFO - [2025-01-24T05:40:34.015+0000] {dagbag.py:539} INFO - Filling up the DagBag from /home/airflow/.local/lib/python3.8/site-packages/airflow/example_dags/example_subdag_operator.py
[2025-01-24T05:40:34.034+0000] {processor.py:839} INFO - DAG(s) dict_keys(['example_subdag_operator.section-1', 'example_subdag_operator.section-2', 'example_subdag_operator']) retrieved from /home/airflow/.local/lib/python3.8/site-packages/airflow/example_dags/example_subdag_operator.py
[2025-01-24T05:40:34.044+0000] {logging_mixin.py:151} INFO - [2025-01-24T05:40:34.044+0000] {dag.py:2915} INFO - Sync 3 DAGs
[2025-01-24T05:40:34.057+0000] {logging_mixin.py:151} INFO - [2025-01-24T05:40:34.057+0000] {dag.py:3696} INFO - Setting next_dagrun for example_subdag_operator to 2022-01-01T00:00:00+00:00, run_after=2022-01-01T00:00:00+00:00
[2025-01-24T05:40:34.059+0000] {logging_mixin.py:151} INFO - [2025-01-24T05:40:34.059+0000] {dag.py:3696} INFO - Setting next_dagrun for example_subdag_operator.section-1 to None, run_after=None
[2025-01-24T05:40:34.060+0000] {logging_mixin.py:151} INFO - [2025-01-24T05:40:34.059+0000] {dag.py:3696} INFO - Setting next_dagrun for example_subdag_operator.section-2 to None, run_after=None
[2025-01-24T05:40:34.065+0000] {logging_mixin.py:151} INFO - [2025-01-24T05:40:34.065+0000] {dag.py:2915} INFO - Sync 2 DAGs
[2025-01-24T05:40:34.069+0000] {logging_mixin.py:151} INFO - [2025-01-24T05:40:34.069+0000] {dag.py:3696} INFO - Setting next_dagrun for example_subdag_operator.section-1 to None, run_after=None
[2025-01-24T05:40:34.069+0000] {logging_mixin.py:151} INFO - [2025-01-24T05:40:34.069+0000] {dag.py:3696} INFO - Setting next_dagrun for example_subdag_operator.section-2 to None, run_after=None
[2025-01-24T05:40:34.078+0000] {processor.py:179} INFO - Processing /home/airflow/.local/lib/python3.8/site-packages/airflow/example_dags/example_subdag_operator.py took 0.071 seconds
[2025-01-24T05:41:04.734+0000] {processor.py:157} INFO - Started process (PID=433) to work on /home/airflow/.local/lib/python3.8/site-packages/airflow/example_dags/example_subdag_operator.py
[2025-01-24T05:41:04.739+0000] {processor.py:829} INFO - Processing file /home/airflow/.local/lib/python3.8/site-packages/airflow/example_dags/example_subdag_operator.py for tasks to queue
[2025-01-24T05:41:04.741+0000] {logging_mixin.py:151} INFO - [2025-01-24T05:41:04.741+0000] {dagbag.py:539} INFO - Filling up the DagBag from /home/airflow/.local/lib/python3.8/site-packages/airflow/example_dags/example_subdag_operator.py
[2025-01-24T05:41:04.758+0000] {processor.py:839} INFO - DAG(s) dict_keys(['example_subdag_operator.section-1', 'example_subdag_operator.section-2', 'example_subdag_operator']) retrieved from /home/airflow/.local/lib/python3.8/site-packages/airflow/example_dags/example_subdag_operator.py
[2025-01-24T05:41:04.767+0000] {logging_mixin.py:151} INFO - [2025-01-24T05:41:04.767+0000] {dag.py:2915} INFO - Sync 3 DAGs
[2025-01-24T05:41:04.782+0000] {logging_mixin.py:151} INFO - [2025-01-24T05:41:04.782+0000] {dag.py:3696} INFO - Setting next_dagrun for example_subdag_operator to 2022-01-01T00:00:00+00:00, run_after=2022-01-01T00:00:00+00:00
[2025-01-24T05:41:04.784+0000] {logging_mixin.py:151} INFO - [2025-01-24T05:41:04.784+0000] {dag.py:3696} INFO - Setting next_dagrun for example_subdag_operator.section-1 to None, run_after=None
[2025-01-24T05:41:04.786+0000] {logging_mixin.py:151} INFO - [2025-01-24T05:41:04.786+0000] {dag.py:3696} INFO - Setting next_dagrun for example_subdag_operator.section-2 to None, run_after=None
[2025-01-24T05:41:04.789+0000] {logging_mixin.py:151} INFO - [2025-01-24T05:41:04.789+0000] {dag.py:2915} INFO - Sync 2 DAGs
[2025-01-24T05:41:04.793+0000] {logging_mixin.py:151} INFO - [2025-01-24T05:41:04.793+0000] {dag.py:3696} INFO - Setting next_dagrun for example_subdag_operator.section-1 to None, run_after=None
[2025-01-24T05:41:04.793+0000] {logging_mixin.py:151} INFO - [2025-01-24T05:41:04.793+0000] {dag.py:3696} INFO - Setting next_dagrun for example_subdag_operator.section-2 to None, run_after=None
[2025-01-24T05:41:04.801+0000] {processor.py:179} INFO - Processing /home/airflow/.local/lib/python3.8/site-packages/airflow/example_dags/example_subdag_operator.py took 0.069 seconds
[2025-01-24T05:41:35.519+0000] {processor.py:157} INFO - Started process (PID=487) to work on /home/airflow/.local/lib/python3.8/site-packages/airflow/example_dags/example_subdag_operator.py
[2025-01-24T05:41:35.520+0000] {processor.py:829} INFO - Processing file /home/airflow/.local/lib/python3.8/site-packages/airflow/example_dags/example_subdag_operator.py for tasks to queue
[2025-01-24T05:41:35.525+0000] {logging_mixin.py:151} INFO - [2025-01-24T05:41:35.525+0000] {dagbag.py:539} INFO - Filling up the DagBag from /home/airflow/.local/lib/python3.8/site-packages/airflow/example_dags/example_subdag_operator.py
[2025-01-24T05:41:35.545+0000] {processor.py:839} INFO - DAG(s) dict_keys(['example_subdag_operator.section-1', 'example_subdag_operator.section-2', 'example_subdag_operator']) retrieved from /home/airflow/.local/lib/python3.8/site-packages/airflow/example_dags/example_subdag_operator.py
[2025-01-24T05:41:35.558+0000] {logging_mixin.py:151} INFO - [2025-01-24T05:41:35.558+0000] {dag.py:2915} INFO - Sync 3 DAGs
[2025-01-24T05:41:35.570+0000] {logging_mixin.py:151} INFO - [2025-01-24T05:41:35.569+0000] {dag.py:3696} INFO - Setting next_dagrun for example_subdag_operator to 2022-01-01T00:00:00+00:00, run_after=2022-01-01T00:00:00+00:00
[2025-01-24T05:41:35.572+0000] {logging_mixin.py:151} INFO - [2025-01-24T05:41:35.572+0000] {dag.py:3696} INFO - Setting next_dagrun for example_subdag_operator.section-1 to None, run_after=None
[2025-01-24T05:41:35.574+0000] {logging_mixin.py:151} INFO - [2025-01-24T05:41:35.573+0000] {dag.py:3696} INFO - Setting next_dagrun for example_subdag_operator.section-2 to None, run_after=None
[2025-01-24T05:41:35.578+0000] {logging_mixin.py:151} INFO - [2025-01-24T05:41:35.578+0000] {dag.py:2915} INFO - Sync 2 DAGs
[2025-01-24T05:41:35.582+0000] {logging_mixin.py:151} INFO - [2025-01-24T05:41:35.582+0000] {dag.py:3696} INFO - Setting next_dagrun for example_subdag_operator.section-1 to None, run_after=None
[2025-01-24T05:41:35.582+0000] {logging_mixin.py:151} INFO - [2025-01-24T05:41:35.582+0000] {dag.py:3696} INFO - Setting next_dagrun for example_subdag_operator.section-2 to None, run_after=None
[2025-01-24T05:41:35.591+0000] {processor.py:179} INFO - Processing /home/airflow/.local/lib/python3.8/site-packages/airflow/example_dags/example_subdag_operator.py took 0.075 seconds
[2025-01-24T05:42:06.187+0000] {processor.py:157} INFO - Started process (PID=540) to work on /home/airflow/.local/lib/python3.8/site-packages/airflow/example_dags/example_subdag_operator.py
[2025-01-24T05:42:06.190+0000] {processor.py:829} INFO - Processing file /home/airflow/.local/lib/python3.8/site-packages/airflow/example_dags/example_subdag_operator.py for tasks to queue
[2025-01-24T05:42:06.191+0000] {logging_mixin.py:151} INFO - [2025-01-24T05:42:06.191+0000] {dagbag.py:539} INFO - Filling up the DagBag from /home/airflow/.local/lib/python3.8/site-packages/airflow/example_dags/example_subdag_operator.py
[2025-01-24T05:42:06.210+0000] {processor.py:839} INFO - DAG(s) dict_keys(['example_subdag_operator.section-1', 'example_subdag_operator.section-2', 'example_subdag_operator']) retrieved from /home/airflow/.local/lib/python3.8/site-packages/airflow/example_dags/example_subdag_operator.py
[2025-01-24T05:42:06.219+0000] {logging_mixin.py:151} INFO - [2025-01-24T05:42:06.218+0000] {dag.py:2915} INFO - Sync 3 DAGs
[2025-01-24T05:42:06.231+0000] {logging_mixin.py:151} INFO - [2025-01-24T05:42:06.231+0000] {dag.py:3696} INFO - Setting next_dagrun for example_subdag_operator to 2022-01-01T00:00:00+00:00, run_after=2022-01-01T00:00:00+00:00
[2025-01-24T05:42:06.233+0000] {logging_mixin.py:151} INFO - [2025-01-24T05:42:06.233+0000] {dag.py:3696} INFO - Setting next_dagrun for example_subdag_operator.section-1 to None, run_after=None
[2025-01-24T05:42:06.234+0000] {logging_mixin.py:151} INFO - [2025-01-24T05:42:06.234+0000] {dag.py:3696} INFO - Setting next_dagrun for example_subdag_operator.section-2 to None, run_after=None
[2025-01-24T05:42:06.240+0000] {logging_mixin.py:151} INFO - [2025-01-24T05:42:06.240+0000] {dag.py:2915} INFO - Sync 2 DAGs
[2025-01-24T05:42:06.244+0000] {logging_mixin.py:151} INFO - [2025-01-24T05:42:06.244+0000] {dag.py:3696} INFO - Setting next_dagrun for example_subdag_operator.section-1 to None, run_after=None
[2025-01-24T05:42:06.244+0000] {logging_mixin.py:151} INFO - [2025-01-24T05:42:06.244+0000] {dag.py:3696} INFO - Setting next_dagrun for example_subdag_operator.section-2 to None, run_after=None
[2025-01-24T05:42:06.252+0000] {processor.py:179} INFO - Processing /home/airflow/.local/lib/python3.8/site-packages/airflow/example_dags/example_subdag_operator.py took 0.067 seconds
[2025-01-24T05:42:36.951+0000] {processor.py:157} INFO - Started process (PID=594) to work on /home/airflow/.local/lib/python3.8/site-packages/airflow/example_dags/example_subdag_operator.py
[2025-01-24T05:42:36.954+0000] {processor.py:829} INFO - Processing file /home/airflow/.local/lib/python3.8/site-packages/airflow/example_dags/example_subdag_operator.py for tasks to queue
[2025-01-24T05:42:36.958+0000] {logging_mixin.py:151} INFO - [2025-01-24T05:42:36.957+0000] {dagbag.py:539} INFO - Filling up the DagBag from /home/airflow/.local/lib/python3.8/site-packages/airflow/example_dags/example_subdag_operator.py
[2025-01-24T05:42:36.977+0000] {processor.py:839} INFO - DAG(s) dict_keys(['example_subdag_operator.section-1', 'example_subdag_operator.section-2', 'example_subdag_operator']) retrieved from /home/airflow/.local/lib/python3.8/site-packages/airflow/example_dags/example_subdag_operator.py
[2025-01-24T05:42:36.987+0000] {logging_mixin.py:151} INFO - [2025-01-24T05:42:36.987+0000] {dag.py:2915} INFO - Sync 3 DAGs
[2025-01-24T05:42:36.998+0000] {logging_mixin.py:151} INFO - [2025-01-24T05:42:36.997+0000] {dag.py:3696} INFO - Setting next_dagrun for example_subdag_operator to 2022-01-01T00:00:00+00:00, run_after=2022-01-01T00:00:00+00:00
[2025-01-24T05:42:37.000+0000] {logging_mixin.py:151} INFO - [2025-01-24T05:42:37.000+0000] {dag.py:3696} INFO - Setting next_dagrun for example_subdag_operator.section-1 to None, run_after=None
[2025-01-24T05:42:37.001+0000] {logging_mixin.py:151} INFO - [2025-01-24T05:42:37.001+0000] {dag.py:3696} INFO - Setting next_dagrun for example_subdag_operator.section-2 to None, run_after=None
[2025-01-24T05:42:37.005+0000] {logging_mixin.py:151} INFO - [2025-01-24T05:42:37.005+0000] {dag.py:2915} INFO - Sync 2 DAGs
[2025-01-24T05:42:37.008+0000] {logging_mixin.py:151} INFO - [2025-01-24T05:42:37.008+0000] {dag.py:3696} INFO - Setting next_dagrun for example_subdag_operator.section-1 to None, run_after=None
[2025-01-24T05:42:37.008+0000] {logging_mixin.py:151} INFO - [2025-01-24T05:42:37.008+0000] {dag.py:3696} INFO - Setting next_dagrun for example_subdag_operator.section-2 to None, run_after=None
[2025-01-24T05:42:37.017+0000] {processor.py:179} INFO - Processing /home/airflow/.local/lib/python3.8/site-packages/airflow/example_dags/example_subdag_operator.py took 0.070 seconds
[2025-01-24T05:43:07.572+0000] {processor.py:157} INFO - Started process (PID=648) to work on /home/airflow/.local/lib/python3.8/site-packages/airflow/example_dags/example_subdag_operator.py
[2025-01-24T05:43:07.574+0000] {processor.py:829} INFO - Processing file /home/airflow/.local/lib/python3.8/site-packages/airflow/example_dags/example_subdag_operator.py for tasks to queue
[2025-01-24T05:43:07.575+0000] {logging_mixin.py:151} INFO - [2025-01-24T05:43:07.575+0000] {dagbag.py:539} INFO - Filling up the DagBag from /home/airflow/.local/lib/python3.8/site-packages/airflow/example_dags/example_subdag_operator.py
[2025-01-24T05:43:07.592+0000] {processor.py:839} INFO - DAG(s) dict_keys(['example_subdag_operator.section-1', 'example_subdag_operator.section-2', 'example_subdag_operator']) retrieved from /home/airflow/.local/lib/python3.8/site-packages/airflow/example_dags/example_subdag_operator.py
[2025-01-24T05:43:07.602+0000] {logging_mixin.py:151} INFO - [2025-01-24T05:43:07.601+0000] {dag.py:2915} INFO - Sync 3 DAGs
[2025-01-24T05:43:07.614+0000] {logging_mixin.py:151} INFO - [2025-01-24T05:43:07.613+0000] {dag.py:3696} INFO - Setting next_dagrun for example_subdag_operator to 2022-01-01T00:00:00+00:00, run_after=2022-01-01T00:00:00+00:00
[2025-01-24T05:43:07.615+0000] {logging_mixin.py:151} INFO - [2025-01-24T05:43:07.615+0000] {dag.py:3696} INFO - Setting next_dagrun for example_subdag_operator.section-1 to None, run_after=None
[2025-01-24T05:43:07.616+0000] {logging_mixin.py:151} INFO - [2025-01-24T05:43:07.616+0000] {dag.py:3696} INFO - Setting next_dagrun for example_subdag_operator.section-2 to None, run_after=None
[2025-01-24T05:43:07.621+0000] {logging_mixin.py:151} INFO - [2025-01-24T05:43:07.621+0000] {dag.py:2915} INFO - Sync 2 DAGs
[2025-01-24T05:43:07.625+0000] {logging_mixin.py:151} INFO - [2025-01-24T05:43:07.625+0000] {dag.py:3696} INFO - Setting next_dagrun for example_subdag_operator.section-1 to None, run_after=None
[2025-01-24T05:43:07.626+0000] {logging_mixin.py:151} INFO - [2025-01-24T05:43:07.626+0000] {dag.py:3696} INFO - Setting next_dagrun for example_subdag_operator.section-2 to None, run_after=None
[2025-01-24T05:43:07.637+0000] {processor.py:179} INFO - Processing /home/airflow/.local/lib/python3.8/site-packages/airflow/example_dags/example_subdag_operator.py took 0.068 seconds
[2025-01-24T05:43:38.407+0000] {processor.py:157} INFO - Started process (PID=701) to work on /home/airflow/.local/lib/python3.8/site-packages/airflow/example_dags/example_subdag_operator.py
[2025-01-24T05:43:38.408+0000] {processor.py:829} INFO - Processing file /home/airflow/.local/lib/python3.8/site-packages/airflow/example_dags/example_subdag_operator.py for tasks to queue
[2025-01-24T05:43:38.410+0000] {logging_mixin.py:151} INFO - [2025-01-24T05:43:38.409+0000] {dagbag.py:539} INFO - Filling up the DagBag from /home/airflow/.local/lib/python3.8/site-packages/airflow/example_dags/example_subdag_operator.py
[2025-01-24T05:43:38.432+0000] {processor.py:839} INFO - DAG(s) dict_keys(['example_subdag_operator.section-1', 'example_subdag_operator.section-2', 'example_subdag_operator']) retrieved from /home/airflow/.local/lib/python3.8/site-packages/airflow/example_dags/example_subdag_operator.py
[2025-01-24T05:43:38.442+0000] {logging_mixin.py:151} INFO - [2025-01-24T05:43:38.442+0000] {dag.py:2915} INFO - Sync 3 DAGs
[2025-01-24T05:43:38.453+0000] {logging_mixin.py:151} INFO - [2025-01-24T05:43:38.452+0000] {dag.py:3696} INFO - Setting next_dagrun for example_subdag_operator to 2022-01-01T00:00:00+00:00, run_after=2022-01-01T00:00:00+00:00
[2025-01-24T05:43:38.455+0000] {logging_mixin.py:151} INFO - [2025-01-24T05:43:38.455+0000] {dag.py:3696} INFO - Setting next_dagrun for example_subdag_operator.section-1 to None, run_after=None
[2025-01-24T05:43:38.456+0000] {logging_mixin.py:151} INFO - [2025-01-24T05:43:38.456+0000] {dag.py:3696} INFO - Setting next_dagrun for example_subdag_operator.section-2 to None, run_after=None
[2025-01-24T05:43:38.461+0000] {logging_mixin.py:151} INFO - [2025-01-24T05:43:38.461+0000] {dag.py:2915} INFO - Sync 2 DAGs
[2025-01-24T05:43:38.466+0000] {logging_mixin.py:151} INFO - [2025-01-24T05:43:38.466+0000] {dag.py:3696} INFO - Setting next_dagrun for example_subdag_operator.section-1 to None, run_after=None
[2025-01-24T05:43:38.466+0000] {logging_mixin.py:151} INFO - [2025-01-24T05:43:38.466+0000] {dag.py:3696} INFO - Setting next_dagrun for example_subdag_operator.section-2 to None, run_after=None
[2025-01-24T05:43:38.473+0000] {processor.py:179} INFO - Processing /home/airflow/.local/lib/python3.8/site-packages/airflow/example_dags/example_subdag_operator.py took 0.069 seconds
[2025-01-24T05:44:09.096+0000] {processor.py:157} INFO - Started process (PID=755) to work on /home/airflow/.local/lib/python3.8/site-packages/airflow/example_dags/example_subdag_operator.py
[2025-01-24T05:44:09.096+0000] {processor.py:829} INFO - Processing file /home/airflow/.local/lib/python3.8/site-packages/airflow/example_dags/example_subdag_operator.py for tasks to queue
[2025-01-24T05:44:09.101+0000] {logging_mixin.py:151} INFO - [2025-01-24T05:44:09.101+0000] {dagbag.py:539} INFO - Filling up the DagBag from /home/airflow/.local/lib/python3.8/site-packages/airflow/example_dags/example_subdag_operator.py
[2025-01-24T05:44:09.116+0000] {processor.py:839} INFO - DAG(s) dict_keys(['example_subdag_operator.section-1', 'example_subdag_operator.section-2', 'example_subdag_operator']) retrieved from /home/airflow/.local/lib/python3.8/site-packages/airflow/example_dags/example_subdag_operator.py
[2025-01-24T05:44:09.124+0000] {logging_mixin.py:151} INFO - [2025-01-24T05:44:09.124+0000] {dag.py:2915} INFO - Sync 3 DAGs
[2025-01-24T05:44:09.136+0000] {logging_mixin.py:151} INFO - [2025-01-24T05:44:09.136+0000] {dag.py:3696} INFO - Setting next_dagrun for example_subdag_operator to 2022-01-01T00:00:00+00:00, run_after=2022-01-01T00:00:00+00:00
[2025-01-24T05:44:09.137+0000] {logging_mixin.py:151} INFO - [2025-01-24T05:44:09.137+0000] {dag.py:3696} INFO - Setting next_dagrun for example_subdag_operator.section-1 to None, run_after=None
[2025-01-24T05:44:09.139+0000] {logging_mixin.py:151} INFO - [2025-01-24T05:44:09.139+0000] {dag.py:3696} INFO - Setting next_dagrun for example_subdag_operator.section-2 to None, run_after=None
[2025-01-24T05:44:09.144+0000] {logging_mixin.py:151} INFO - [2025-01-24T05:44:09.144+0000] {dag.py:2915} INFO - Sync 2 DAGs
[2025-01-24T05:44:09.147+0000] {logging_mixin.py:151} INFO - [2025-01-24T05:44:09.147+0000] {dag.py:3696} INFO - Setting next_dagrun for example_subdag_operator.section-1 to None, run_after=None
[2025-01-24T05:44:09.148+0000] {logging_mixin.py:151} INFO - [2025-01-24T05:44:09.148+0000] {dag.py:3696} INFO - Setting next_dagrun for example_subdag_operator.section-2 to None, run_after=None
[2025-01-24T05:44:09.155+0000] {processor.py:179} INFO - Processing /home/airflow/.local/lib/python3.8/site-packages/airflow/example_dags/example_subdag_operator.py took 0.062 seconds
[2025-01-24T05:44:39.239+0000] {processor.py:157} INFO - Started process (PID=809) to work on /home/airflow/.local/lib/python3.8/site-packages/airflow/example_dags/example_subdag_operator.py
[2025-01-24T05:44:39.242+0000] {processor.py:829} INFO - Processing file /home/airflow/.local/lib/python3.8/site-packages/airflow/example_dags/example_subdag_operator.py for tasks to queue
[2025-01-24T05:44:39.244+0000] {logging_mixin.py:151} INFO - [2025-01-24T05:44:39.244+0000] {dagbag.py:539} INFO - Filling up the DagBag from /home/airflow/.local/lib/python3.8/site-packages/airflow/example_dags/example_subdag_operator.py
[2025-01-24T05:44:39.265+0000] {processor.py:839} INFO - DAG(s) dict_keys(['example_subdag_operator.section-1', 'example_subdag_operator.section-2', 'example_subdag_operator']) retrieved from /home/airflow/.local/lib/python3.8/site-packages/airflow/example_dags/example_subdag_operator.py
[2025-01-24T05:44:39.274+0000] {logging_mixin.py:151} INFO - [2025-01-24T05:44:39.274+0000] {dag.py:2915} INFO - Sync 3 DAGs
[2025-01-24T05:44:39.284+0000] {logging_mixin.py:151} INFO - [2025-01-24T05:44:39.284+0000] {dag.py:3696} INFO - Setting next_dagrun for example_subdag_operator to 2022-01-01T00:00:00+00:00, run_after=2022-01-01T00:00:00+00:00
[2025-01-24T05:44:39.287+0000] {logging_mixin.py:151} INFO - [2025-01-24T05:44:39.287+0000] {dag.py:3696} INFO - Setting next_dagrun for example_subdag_operator.section-1 to None, run_after=None
[2025-01-24T05:44:39.288+0000] {logging_mixin.py:151} INFO - [2025-01-24T05:44:39.288+0000] {dag.py:3696} INFO - Setting next_dagrun for example_subdag_operator.section-2 to None, run_after=None
[2025-01-24T05:44:39.294+0000] {logging_mixin.py:151} INFO - [2025-01-24T05:44:39.294+0000] {dag.py:2915} INFO - Sync 2 DAGs
[2025-01-24T05:44:39.297+0000] {logging_mixin.py:151} INFO - [2025-01-24T05:44:39.297+0000] {dag.py:3696} INFO - Setting next_dagrun for example_subdag_operator.section-1 to None, run_after=None
[2025-01-24T05:44:39.297+0000] {logging_mixin.py:151} INFO - [2025-01-24T05:44:39.297+0000] {dag.py:3696} INFO - Setting next_dagrun for example_subdag_operator.section-2 to None, run_after=None
[2025-01-24T05:44:39.304+0000] {processor.py:179} INFO - Processing /home/airflow/.local/lib/python3.8/site-packages/airflow/example_dags/example_subdag_operator.py took 0.068 seconds
[2025-01-24T05:45:09.983+0000] {processor.py:157} INFO - Started process (PID=863) to work on /home/airflow/.local/lib/python3.8/site-packages/airflow/example_dags/example_subdag_operator.py
[2025-01-24T05:45:09.984+0000] {processor.py:829} INFO - Processing file /home/airflow/.local/lib/python3.8/site-packages/airflow/example_dags/example_subdag_operator.py for tasks to queue
[2025-01-24T05:45:09.987+0000] {logging_mixin.py:151} INFO - [2025-01-24T05:45:09.986+0000] {dagbag.py:539} INFO - Filling up the DagBag from /home/airflow/.local/lib/python3.8/site-packages/airflow/example_dags/example_subdag_operator.py
[2025-01-24T05:45:10.009+0000] {processor.py:839} INFO - DAG(s) dict_keys(['example_subdag_operator.section-1', 'example_subdag_operator.section-2', 'example_subdag_operator']) retrieved from /home/airflow/.local/lib/python3.8/site-packages/airflow/example_dags/example_subdag_operator.py
[2025-01-24T05:45:10.022+0000] {logging_mixin.py:151} INFO - [2025-01-24T05:45:10.022+0000] {dag.py:2915} INFO - Sync 3 DAGs
[2025-01-24T05:45:10.034+0000] {logging_mixin.py:151} INFO - [2025-01-24T05:45:10.034+0000] {dag.py:3696} INFO - Setting next_dagrun for example_subdag_operator to 2022-01-01T00:00:00+00:00, run_after=2022-01-01T00:00:00+00:00
[2025-01-24T05:45:10.038+0000] {logging_mixin.py:151} INFO - [2025-01-24T05:45:10.038+0000] {dag.py:3696} INFO - Setting next_dagrun for example_subdag_operator.section-1 to None, run_after=None
[2025-01-24T05:45:10.039+0000] {logging_mixin.py:151} INFO - [2025-01-24T05:45:10.039+0000] {dag.py:3696} INFO - Setting next_dagrun for example_subdag_operator.section-2 to None, run_after=None
[2025-01-24T05:45:10.044+0000] {logging_mixin.py:151} INFO - [2025-01-24T05:45:10.044+0000] {dag.py:2915} INFO - Sync 2 DAGs
[2025-01-24T05:45:10.048+0000] {logging_mixin.py:151} INFO - [2025-01-24T05:45:10.048+0000] {dag.py:3696} INFO - Setting next_dagrun for example_subdag_operator.section-1 to None, run_after=None
[2025-01-24T05:45:10.048+0000] {logging_mixin.py:151} INFO - [2025-01-24T05:45:10.048+0000] {dag.py:3696} INFO - Setting next_dagrun for example_subdag_operator.section-2 to None, run_after=None
[2025-01-24T05:45:10.058+0000] {processor.py:179} INFO - Processing /home/airflow/.local/lib/python3.8/site-packages/airflow/example_dags/example_subdag_operator.py took 0.079 seconds
[2025-01-24T05:45:51.409+0000] {processor.py:157} INFO - Started process (PID=47) to work on /home/airflow/.local/lib/python3.8/site-packages/airflow/example_dags/example_subdag_operator.py
[2025-01-24T05:45:51.410+0000] {processor.py:829} INFO - Processing file /home/airflow/.local/lib/python3.8/site-packages/airflow/example_dags/example_subdag_operator.py for tasks to queue
[2025-01-24T05:45:51.411+0000] {logging_mixin.py:151} INFO - [2025-01-24T05:45:51.411+0000] {dagbag.py:539} INFO - Filling up the DagBag from /home/airflow/.local/lib/python3.8/site-packages/airflow/example_dags/example_subdag_operator.py
[2025-01-24T05:45:51.426+0000] {processor.py:839} INFO - DAG(s) dict_keys(['example_subdag_operator.section-1', 'example_subdag_operator.section-2', 'example_subdag_operator']) retrieved from /home/airflow/.local/lib/python3.8/site-packages/airflow/example_dags/example_subdag_operator.py
[2025-01-24T05:45:51.428+0000] {logging_mixin.py:151} INFO - [2025-01-24T05:45:51.428+0000] {dag.py:2915} INFO - Sync 3 DAGs
[2025-01-24T05:45:51.440+0000] {logging_mixin.py:151} INFO - [2025-01-24T05:45:51.440+0000] {dag.py:3696} INFO - Setting next_dagrun for example_subdag_operator to 2022-01-01T00:00:00+00:00, run_after=2022-01-01T00:00:00+00:00
[2025-01-24T05:45:51.442+0000] {logging_mixin.py:151} INFO - [2025-01-24T05:45:51.442+0000] {dag.py:3696} INFO - Setting next_dagrun for example_subdag_operator.section-1 to None, run_after=None
[2025-01-24T05:45:51.444+0000] {logging_mixin.py:151} INFO - [2025-01-24T05:45:51.444+0000] {dag.py:3696} INFO - Setting next_dagrun for example_subdag_operator.section-2 to None, run_after=None
[2025-01-24T05:45:51.447+0000] {logging_mixin.py:151} INFO - [2025-01-24T05:45:51.447+0000] {dag.py:2915} INFO - Sync 2 DAGs
[2025-01-24T05:45:51.450+0000] {logging_mixin.py:151} INFO - [2025-01-24T05:45:51.450+0000] {dag.py:3696} INFO - Setting next_dagrun for example_subdag_operator.section-1 to None, run_after=None
[2025-01-24T05:45:51.452+0000] {logging_mixin.py:151} INFO - [2025-01-24T05:45:51.452+0000] {dag.py:3696} INFO - Setting next_dagrun for example_subdag_operator.section-2 to None, run_after=None
[2025-01-24T05:45:51.464+0000] {processor.py:179} INFO - Processing /home/airflow/.local/lib/python3.8/site-packages/airflow/example_dags/example_subdag_operator.py took 0.057 seconds
[2025-01-24T05:46:21.968+0000] {processor.py:157} INFO - Started process (PID=101) to work on /home/airflow/.local/lib/python3.8/site-packages/airflow/example_dags/example_subdag_operator.py
[2025-01-24T05:46:21.969+0000] {processor.py:829} INFO - Processing file /home/airflow/.local/lib/python3.8/site-packages/airflow/example_dags/example_subdag_operator.py for tasks to queue
[2025-01-24T05:46:21.971+0000] {logging_mixin.py:151} INFO - [2025-01-24T05:46:21.971+0000] {dagbag.py:539} INFO - Filling up the DagBag from /home/airflow/.local/lib/python3.8/site-packages/airflow/example_dags/example_subdag_operator.py
[2025-01-24T05:46:21.984+0000] {processor.py:839} INFO - DAG(s) dict_keys(['example_subdag_operator.section-1', 'example_subdag_operator.section-2', 'example_subdag_operator']) retrieved from /home/airflow/.local/lib/python3.8/site-packages/airflow/example_dags/example_subdag_operator.py
[2025-01-24T05:46:21.993+0000] {logging_mixin.py:151} INFO - [2025-01-24T05:46:21.993+0000] {dag.py:2915} INFO - Sync 3 DAGs
[2025-01-24T05:46:22.005+0000] {logging_mixin.py:151} INFO - [2025-01-24T05:46:22.005+0000] {dag.py:3696} INFO - Setting next_dagrun for example_subdag_operator to 2022-01-01T00:00:00+00:00, run_after=2022-01-01T00:00:00+00:00
[2025-01-24T05:46:22.007+0000] {logging_mixin.py:151} INFO - [2025-01-24T05:46:22.007+0000] {dag.py:3696} INFO - Setting next_dagrun for example_subdag_operator.section-1 to None, run_after=None
[2025-01-24T05:46:22.008+0000] {logging_mixin.py:151} INFO - [2025-01-24T05:46:22.008+0000] {dag.py:3696} INFO - Setting next_dagrun for example_subdag_operator.section-2 to None, run_after=None
[2025-01-24T05:46:22.011+0000] {logging_mixin.py:151} INFO - [2025-01-24T05:46:22.011+0000] {dag.py:2915} INFO - Sync 2 DAGs
[2025-01-24T05:46:22.013+0000] {logging_mixin.py:151} INFO - [2025-01-24T05:46:22.013+0000] {dag.py:3696} INFO - Setting next_dagrun for example_subdag_operator.section-1 to None, run_after=None
[2025-01-24T05:46:22.014+0000] {logging_mixin.py:151} INFO - [2025-01-24T05:46:22.014+0000] {dag.py:3696} INFO - Setting next_dagrun for example_subdag_operator.section-2 to None, run_after=None
[2025-01-24T05:46:22.019+0000] {processor.py:179} INFO - Processing /home/airflow/.local/lib/python3.8/site-packages/airflow/example_dags/example_subdag_operator.py took 0.053 seconds
[2025-01-24T05:46:52.665+0000] {processor.py:157} INFO - Started process (PID=155) to work on /home/airflow/.local/lib/python3.8/site-packages/airflow/example_dags/example_subdag_operator.py
[2025-01-24T05:46:52.666+0000] {processor.py:829} INFO - Processing file /home/airflow/.local/lib/python3.8/site-packages/airflow/example_dags/example_subdag_operator.py for tasks to queue
[2025-01-24T05:46:52.668+0000] {logging_mixin.py:151} INFO - [2025-01-24T05:46:52.667+0000] {dagbag.py:539} INFO - Filling up the DagBag from /home/airflow/.local/lib/python3.8/site-packages/airflow/example_dags/example_subdag_operator.py
[2025-01-24T05:46:52.680+0000] {processor.py:839} INFO - DAG(s) dict_keys(['example_subdag_operator.section-1', 'example_subdag_operator.section-2', 'example_subdag_operator']) retrieved from /home/airflow/.local/lib/python3.8/site-packages/airflow/example_dags/example_subdag_operator.py
[2025-01-24T05:46:52.688+0000] {logging_mixin.py:151} INFO - [2025-01-24T05:46:52.688+0000] {dag.py:2915} INFO - Sync 3 DAGs
[2025-01-24T05:46:52.700+0000] {logging_mixin.py:151} INFO - [2025-01-24T05:46:52.700+0000] {dag.py:3696} INFO - Setting next_dagrun for example_subdag_operator to 2022-01-01T00:00:00+00:00, run_after=2022-01-01T00:00:00+00:00
[2025-01-24T05:46:52.701+0000] {logging_mixin.py:151} INFO - [2025-01-24T05:46:52.701+0000] {dag.py:3696} INFO - Setting next_dagrun for example_subdag_operator.section-1 to None, run_after=None
[2025-01-24T05:46:52.703+0000] {logging_mixin.py:151} INFO - [2025-01-24T05:46:52.703+0000] {dag.py:3696} INFO - Setting next_dagrun for example_subdag_operator.section-2 to None, run_after=None
[2025-01-24T05:46:52.707+0000] {logging_mixin.py:151} INFO - [2025-01-24T05:46:52.707+0000] {dag.py:2915} INFO - Sync 2 DAGs
[2025-01-24T05:46:52.713+0000] {logging_mixin.py:151} INFO - [2025-01-24T05:46:52.712+0000] {dag.py:3696} INFO - Setting next_dagrun for example_subdag_operator.section-1 to None, run_after=None
[2025-01-24T05:46:52.713+0000] {logging_mixin.py:151} INFO - [2025-01-24T05:46:52.713+0000] {dag.py:3696} INFO - Setting next_dagrun for example_subdag_operator.section-2 to None, run_after=None
[2025-01-24T05:46:52.719+0000] {processor.py:179} INFO - Processing /home/airflow/.local/lib/python3.8/site-packages/airflow/example_dags/example_subdag_operator.py took 0.056 seconds
[2025-01-24T05:47:23.353+0000] {processor.py:157} INFO - Started process (PID=209) to work on /home/airflow/.local/lib/python3.8/site-packages/airflow/example_dags/example_subdag_operator.py
[2025-01-24T05:47:23.354+0000] {processor.py:829} INFO - Processing file /home/airflow/.local/lib/python3.8/site-packages/airflow/example_dags/example_subdag_operator.py for tasks to queue
[2025-01-24T05:47:23.355+0000] {logging_mixin.py:151} INFO - [2025-01-24T05:47:23.355+0000] {dagbag.py:539} INFO - Filling up the DagBag from /home/airflow/.local/lib/python3.8/site-packages/airflow/example_dags/example_subdag_operator.py
[2025-01-24T05:47:23.371+0000] {processor.py:839} INFO - DAG(s) dict_keys(['example_subdag_operator.section-1', 'example_subdag_operator.section-2', 'example_subdag_operator']) retrieved from /home/airflow/.local/lib/python3.8/site-packages/airflow/example_dags/example_subdag_operator.py
[2025-01-24T05:47:23.379+0000] {logging_mixin.py:151} INFO - [2025-01-24T05:47:23.379+0000] {dag.py:2915} INFO - Sync 3 DAGs
[2025-01-24T05:47:23.389+0000] {logging_mixin.py:151} INFO - [2025-01-24T05:47:23.389+0000] {dag.py:3696} INFO - Setting next_dagrun for example_subdag_operator to 2022-01-01T00:00:00+00:00, run_after=2022-01-01T00:00:00+00:00
[2025-01-24T05:47:23.391+0000] {logging_mixin.py:151} INFO - [2025-01-24T05:47:23.391+0000] {dag.py:3696} INFO - Setting next_dagrun for example_subdag_operator.section-1 to None, run_after=None
[2025-01-24T05:47:23.391+0000] {logging_mixin.py:151} INFO - [2025-01-24T05:47:23.391+0000] {dag.py:3696} INFO - Setting next_dagrun for example_subdag_operator.section-2 to None, run_after=None
[2025-01-24T05:47:23.395+0000] {logging_mixin.py:151} INFO - [2025-01-24T05:47:23.395+0000] {dag.py:2915} INFO - Sync 2 DAGs
[2025-01-24T05:47:23.397+0000] {logging_mixin.py:151} INFO - [2025-01-24T05:47:23.397+0000] {dag.py:3696} INFO - Setting next_dagrun for example_subdag_operator.section-1 to None, run_after=None
[2025-01-24T05:47:23.397+0000] {logging_mixin.py:151} INFO - [2025-01-24T05:47:23.397+0000] {dag.py:3696} INFO - Setting next_dagrun for example_subdag_operator.section-2 to None, run_after=None
[2025-01-24T05:47:23.404+0000] {processor.py:179} INFO - Processing /home/airflow/.local/lib/python3.8/site-packages/airflow/example_dags/example_subdag_operator.py took 0.052 seconds
[2025-01-24T05:47:54.097+0000] {processor.py:157} INFO - Started process (PID=263) to work on /home/airflow/.local/lib/python3.8/site-packages/airflow/example_dags/example_subdag_operator.py
[2025-01-24T05:47:54.098+0000] {processor.py:829} INFO - Processing file /home/airflow/.local/lib/python3.8/site-packages/airflow/example_dags/example_subdag_operator.py for tasks to queue
[2025-01-24T05:47:54.100+0000] {logging_mixin.py:151} INFO - [2025-01-24T05:47:54.100+0000] {dagbag.py:539} INFO - Filling up the DagBag from /home/airflow/.local/lib/python3.8/site-packages/airflow/example_dags/example_subdag_operator.py
[2025-01-24T05:47:54.113+0000] {processor.py:839} INFO - DAG(s) dict_keys(['example_subdag_operator.section-1', 'example_subdag_operator.section-2', 'example_subdag_operator']) retrieved from /home/airflow/.local/lib/python3.8/site-packages/airflow/example_dags/example_subdag_operator.py
[2025-01-24T05:47:54.122+0000] {logging_mixin.py:151} INFO - [2025-01-24T05:47:54.122+0000] {dag.py:2915} INFO - Sync 3 DAGs
[2025-01-24T05:47:54.132+0000] {logging_mixin.py:151} INFO - [2025-01-24T05:47:54.132+0000] {dag.py:3696} INFO - Setting next_dagrun for example_subdag_operator to 2022-01-01T00:00:00+00:00, run_after=2022-01-01T00:00:00+00:00
[2025-01-24T05:47:54.135+0000] {logging_mixin.py:151} INFO - [2025-01-24T05:47:54.135+0000] {dag.py:3696} INFO - Setting next_dagrun for example_subdag_operator.section-1 to None, run_after=None
[2025-01-24T05:47:54.135+0000] {logging_mixin.py:151} INFO - [2025-01-24T05:47:54.135+0000] {dag.py:3696} INFO - Setting next_dagrun for example_subdag_operator.section-2 to None, run_after=None
[2025-01-24T05:47:54.139+0000] {logging_mixin.py:151} INFO - [2025-01-24T05:47:54.139+0000] {dag.py:2915} INFO - Sync 2 DAGs
[2025-01-24T05:47:54.142+0000] {logging_mixin.py:151} INFO - [2025-01-24T05:47:54.142+0000] {dag.py:3696} INFO - Setting next_dagrun for example_subdag_operator.section-1 to None, run_after=None
[2025-01-24T05:47:54.143+0000] {logging_mixin.py:151} INFO - [2025-01-24T05:47:54.143+0000] {dag.py:3696} INFO - Setting next_dagrun for example_subdag_operator.section-2 to None, run_after=None
[2025-01-24T05:47:54.148+0000] {processor.py:179} INFO - Processing /home/airflow/.local/lib/python3.8/site-packages/airflow/example_dags/example_subdag_operator.py took 0.053 seconds
