[2025-01-24T05:37:30.788+0000] {processor.py:157} INFO - Started process (PID=67) to work on /home/airflow/.local/lib/python3.8/site-packages/airflow/example_dags/example_complex.py
[2025-01-24T05:37:30.789+0000] {processor.py:829} INFO - Processing file /home/airflow/.local/lib/python3.8/site-packages/airflow/example_dags/example_complex.py for tasks to queue
[2025-01-24T05:37:30.790+0000] {logging_mixin.py:151} INFO - [2025-01-24T05:37:30.790+0000] {dagbag.py:539} INFO - Filling up the DagBag from /home/airflow/.local/lib/python3.8/site-packages/airflow/example_dags/example_complex.py
[2025-01-24T05:37:30.800+0000] {processor.py:839} INFO - DAG(s) dict_keys(['example_complex']) retrieved from /home/airflow/.local/lib/python3.8/site-packages/airflow/example_dags/example_complex.py
[2025-01-24T05:37:30.811+0000] {logging_mixin.py:151} INFO - [2025-01-24T05:37:30.811+0000] {dag.py:2915} INFO - Sync 1 DAGs
[2025-01-24T05:37:30.819+0000] {logging_mixin.py:151} INFO - [2025-01-24T05:37:30.819+0000] {dag.py:3696} INFO - Setting next_dagrun for example_complex to None, run_after=None
[2025-01-24T05:37:30.831+0000] {processor.py:179} INFO - Processing /home/airflow/.local/lib/python3.8/site-packages/airflow/example_dags/example_complex.py took 0.046 seconds
[2025-01-24T05:38:01.009+0000] {processor.py:157} INFO - Started process (PID=120) to work on /home/airflow/.local/lib/python3.8/site-packages/airflow/example_dags/example_complex.py
[2025-01-24T05:38:01.012+0000] {processor.py:829} INFO - Processing file /home/airflow/.local/lib/python3.8/site-packages/airflow/example_dags/example_complex.py for tasks to queue
[2025-01-24T05:38:01.013+0000] {logging_mixin.py:151} INFO - [2025-01-24T05:38:01.013+0000] {dagbag.py:539} INFO - Filling up the DagBag from /home/airflow/.local/lib/python3.8/site-packages/airflow/example_dags/example_complex.py
[2025-01-24T05:38:01.019+0000] {processor.py:839} INFO - DAG(s) dict_keys(['example_complex']) retrieved from /home/airflow/.local/lib/python3.8/site-packages/airflow/example_dags/example_complex.py
[2025-01-24T05:38:01.036+0000] {logging_mixin.py:151} INFO - [2025-01-24T05:38:01.036+0000] {dag.py:2915} INFO - Sync 1 DAGs
[2025-01-24T05:38:01.042+0000] {logging_mixin.py:151} INFO - [2025-01-24T05:38:01.042+0000] {dag.py:3696} INFO - Setting next_dagrun for example_complex to None, run_after=None
[2025-01-24T05:38:01.052+0000] {processor.py:179} INFO - Processing /home/airflow/.local/lib/python3.8/site-packages/airflow/example_dags/example_complex.py took 0.045 seconds
[2025-01-24T05:38:31.759+0000] {processor.py:157} INFO - Started process (PID=174) to work on /home/airflow/.local/lib/python3.8/site-packages/airflow/example_dags/example_complex.py
[2025-01-24T05:38:31.760+0000] {processor.py:829} INFO - Processing file /home/airflow/.local/lib/python3.8/site-packages/airflow/example_dags/example_complex.py for tasks to queue
[2025-01-24T05:38:31.761+0000] {logging_mixin.py:151} INFO - [2025-01-24T05:38:31.761+0000] {dagbag.py:539} INFO - Filling up the DagBag from /home/airflow/.local/lib/python3.8/site-packages/airflow/example_dags/example_complex.py
[2025-01-24T05:38:31.767+0000] {processor.py:839} INFO - DAG(s) dict_keys(['example_complex']) retrieved from /home/airflow/.local/lib/python3.8/site-packages/airflow/example_dags/example_complex.py
[2025-01-24T05:38:31.787+0000] {logging_mixin.py:151} INFO - [2025-01-24T05:38:31.787+0000] {dag.py:2915} INFO - Sync 1 DAGs
[2025-01-24T05:38:31.794+0000] {logging_mixin.py:151} INFO - [2025-01-24T05:38:31.794+0000] {dag.py:3696} INFO - Setting next_dagrun for example_complex to None, run_after=None
[2025-01-24T05:38:31.803+0000] {processor.py:179} INFO - Processing /home/airflow/.local/lib/python3.8/site-packages/airflow/example_dags/example_complex.py took 0.046 seconds
[2025-01-24T05:39:02.677+0000] {processor.py:157} INFO - Started process (PID=227) to work on /home/airflow/.local/lib/python3.8/site-packages/airflow/example_dags/example_complex.py
[2025-01-24T05:39:02.677+0000] {processor.py:829} INFO - Processing file /home/airflow/.local/lib/python3.8/site-packages/airflow/example_dags/example_complex.py for tasks to queue
[2025-01-24T05:39:02.679+0000] {logging_mixin.py:151} INFO - [2025-01-24T05:39:02.678+0000] {dagbag.py:539} INFO - Filling up the DagBag from /home/airflow/.local/lib/python3.8/site-packages/airflow/example_dags/example_complex.py
[2025-01-24T05:39:02.685+0000] {processor.py:839} INFO - DAG(s) dict_keys(['example_complex']) retrieved from /home/airflow/.local/lib/python3.8/site-packages/airflow/example_dags/example_complex.py
[2025-01-24T05:39:02.701+0000] {logging_mixin.py:151} INFO - [2025-01-24T05:39:02.701+0000] {dag.py:2915} INFO - Sync 1 DAGs
[2025-01-24T05:39:02.708+0000] {logging_mixin.py:151} INFO - [2025-01-24T05:39:02.708+0000] {dag.py:3696} INFO - Setting next_dagrun for example_complex to None, run_after=None
[2025-01-24T05:39:02.720+0000] {processor.py:179} INFO - Processing /home/airflow/.local/lib/python3.8/site-packages/airflow/example_dags/example_complex.py took 0.045 seconds
[2025-01-24T05:39:32.789+0000] {processor.py:157} INFO - Started process (PID=281) to work on /home/airflow/.local/lib/python3.8/site-packages/airflow/example_dags/example_complex.py
[2025-01-24T05:39:32.790+0000] {processor.py:829} INFO - Processing file /home/airflow/.local/lib/python3.8/site-packages/airflow/example_dags/example_complex.py for tasks to queue
[2025-01-24T05:39:32.791+0000] {logging_mixin.py:151} INFO - [2025-01-24T05:39:32.790+0000] {dagbag.py:539} INFO - Filling up the DagBag from /home/airflow/.local/lib/python3.8/site-packages/airflow/example_dags/example_complex.py
[2025-01-24T05:39:32.796+0000] {processor.py:839} INFO - DAG(s) dict_keys(['example_complex']) retrieved from /home/airflow/.local/lib/python3.8/site-packages/airflow/example_dags/example_complex.py
[2025-01-24T05:39:32.810+0000] {logging_mixin.py:151} INFO - [2025-01-24T05:39:32.809+0000] {dag.py:2915} INFO - Sync 1 DAGs
[2025-01-24T05:39:32.816+0000] {logging_mixin.py:151} INFO - [2025-01-24T05:39:32.816+0000] {dag.py:3696} INFO - Setting next_dagrun for example_complex to None, run_after=None
[2025-01-24T05:39:32.826+0000] {processor.py:179} INFO - Processing /home/airflow/.local/lib/python3.8/site-packages/airflow/example_dags/example_complex.py took 0.039 seconds
[2025-01-24T05:40:03.826+0000] {processor.py:157} INFO - Started process (PID=335) to work on /home/airflow/.local/lib/python3.8/site-packages/airflow/example_dags/example_complex.py
[2025-01-24T05:40:03.828+0000] {processor.py:829} INFO - Processing file /home/airflow/.local/lib/python3.8/site-packages/airflow/example_dags/example_complex.py for tasks to queue
[2025-01-24T05:40:03.830+0000] {logging_mixin.py:151} INFO - [2025-01-24T05:40:03.830+0000] {dagbag.py:539} INFO - Filling up the DagBag from /home/airflow/.local/lib/python3.8/site-packages/airflow/example_dags/example_complex.py
[2025-01-24T05:40:03.836+0000] {processor.py:839} INFO - DAG(s) dict_keys(['example_complex']) retrieved from /home/airflow/.local/lib/python3.8/site-packages/airflow/example_dags/example_complex.py
[2025-01-24T05:40:03.852+0000] {logging_mixin.py:151} INFO - [2025-01-24T05:40:03.852+0000] {dag.py:2915} INFO - Sync 1 DAGs
[2025-01-24T05:40:03.858+0000] {logging_mixin.py:151} INFO - [2025-01-24T05:40:03.858+0000] {dag.py:3696} INFO - Setting next_dagrun for example_complex to None, run_after=None
[2025-01-24T05:40:03.867+0000] {processor.py:179} INFO - Processing /home/airflow/.local/lib/python3.8/site-packages/airflow/example_dags/example_complex.py took 0.043 seconds
[2025-01-24T05:40:34.556+0000] {processor.py:157} INFO - Started process (PID=396) to work on /home/airflow/.local/lib/python3.8/site-packages/airflow/example_dags/example_complex.py
[2025-01-24T05:40:34.558+0000] {processor.py:829} INFO - Processing file /home/airflow/.local/lib/python3.8/site-packages/airflow/example_dags/example_complex.py for tasks to queue
[2025-01-24T05:40:34.559+0000] {logging_mixin.py:151} INFO - [2025-01-24T05:40:34.559+0000] {dagbag.py:539} INFO - Filling up the DagBag from /home/airflow/.local/lib/python3.8/site-packages/airflow/example_dags/example_complex.py
[2025-01-24T05:40:34.567+0000] {processor.py:839} INFO - DAG(s) dict_keys(['example_complex']) retrieved from /home/airflow/.local/lib/python3.8/site-packages/airflow/example_dags/example_complex.py
[2025-01-24T05:40:34.585+0000] {logging_mixin.py:151} INFO - [2025-01-24T05:40:34.585+0000] {dag.py:2915} INFO - Sync 1 DAGs
[2025-01-24T05:40:34.592+0000] {logging_mixin.py:151} INFO - [2025-01-24T05:40:34.592+0000] {dag.py:3696} INFO - Setting next_dagrun for example_complex to None, run_after=None
[2025-01-24T05:40:34.603+0000] {processor.py:179} INFO - Processing /home/airflow/.local/lib/python3.8/site-packages/airflow/example_dags/example_complex.py took 0.049 seconds
[2025-01-24T05:41:05.273+0000] {processor.py:157} INFO - Started process (PID=450) to work on /home/airflow/.local/lib/python3.8/site-packages/airflow/example_dags/example_complex.py
[2025-01-24T05:41:05.273+0000] {processor.py:829} INFO - Processing file /home/airflow/.local/lib/python3.8/site-packages/airflow/example_dags/example_complex.py for tasks to queue
[2025-01-24T05:41:05.275+0000] {logging_mixin.py:151} INFO - [2025-01-24T05:41:05.274+0000] {dagbag.py:539} INFO - Filling up the DagBag from /home/airflow/.local/lib/python3.8/site-packages/airflow/example_dags/example_complex.py
[2025-01-24T05:41:05.280+0000] {processor.py:839} INFO - DAG(s) dict_keys(['example_complex']) retrieved from /home/airflow/.local/lib/python3.8/site-packages/airflow/example_dags/example_complex.py
[2025-01-24T05:41:05.300+0000] {logging_mixin.py:151} INFO - [2025-01-24T05:41:05.299+0000] {dag.py:2915} INFO - Sync 1 DAGs
[2025-01-24T05:41:05.305+0000] {logging_mixin.py:151} INFO - [2025-01-24T05:41:05.305+0000] {dag.py:3696} INFO - Setting next_dagrun for example_complex to None, run_after=None
[2025-01-24T05:41:05.318+0000] {processor.py:179} INFO - Processing /home/airflow/.local/lib/python3.8/site-packages/airflow/example_dags/example_complex.py took 0.047 seconds
[2025-01-24T05:41:36.033+0000] {processor.py:157} INFO - Started process (PID=504) to work on /home/airflow/.local/lib/python3.8/site-packages/airflow/example_dags/example_complex.py
[2025-01-24T05:41:36.034+0000] {processor.py:829} INFO - Processing file /home/airflow/.local/lib/python3.8/site-packages/airflow/example_dags/example_complex.py for tasks to queue
[2025-01-24T05:41:36.035+0000] {logging_mixin.py:151} INFO - [2025-01-24T05:41:36.035+0000] {dagbag.py:539} INFO - Filling up the DagBag from /home/airflow/.local/lib/python3.8/site-packages/airflow/example_dags/example_complex.py
[2025-01-24T05:41:36.041+0000] {processor.py:839} INFO - DAG(s) dict_keys(['example_complex']) retrieved from /home/airflow/.local/lib/python3.8/site-packages/airflow/example_dags/example_complex.py
[2025-01-24T05:41:36.057+0000] {logging_mixin.py:151} INFO - [2025-01-24T05:41:36.057+0000] {dag.py:2915} INFO - Sync 1 DAGs
[2025-01-24T05:41:36.065+0000] {logging_mixin.py:151} INFO - [2025-01-24T05:41:36.065+0000] {dag.py:3696} INFO - Setting next_dagrun for example_complex to None, run_after=None
[2025-01-24T05:41:36.076+0000] {processor.py:179} INFO - Processing /home/airflow/.local/lib/python3.8/site-packages/airflow/example_dags/example_complex.py took 0.044 seconds
[2025-01-24T05:42:06.750+0000] {processor.py:157} INFO - Started process (PID=557) to work on /home/airflow/.local/lib/python3.8/site-packages/airflow/example_dags/example_complex.py
[2025-01-24T05:42:06.751+0000] {processor.py:829} INFO - Processing file /home/airflow/.local/lib/python3.8/site-packages/airflow/example_dags/example_complex.py for tasks to queue
[2025-01-24T05:42:06.752+0000] {logging_mixin.py:151} INFO - [2025-01-24T05:42:06.752+0000] {dagbag.py:539} INFO - Filling up the DagBag from /home/airflow/.local/lib/python3.8/site-packages/airflow/example_dags/example_complex.py
[2025-01-24T05:42:06.757+0000] {processor.py:839} INFO - DAG(s) dict_keys(['example_complex']) retrieved from /home/airflow/.local/lib/python3.8/site-packages/airflow/example_dags/example_complex.py
[2025-01-24T05:42:06.774+0000] {logging_mixin.py:151} INFO - [2025-01-24T05:42:06.774+0000] {dag.py:2915} INFO - Sync 1 DAGs
[2025-01-24T05:42:06.781+0000] {logging_mixin.py:151} INFO - [2025-01-24T05:42:06.781+0000] {dag.py:3696} INFO - Setting next_dagrun for example_complex to None, run_after=None
[2025-01-24T05:42:06.792+0000] {processor.py:179} INFO - Processing /home/airflow/.local/lib/python3.8/site-packages/airflow/example_dags/example_complex.py took 0.044 seconds
[2025-01-24T05:42:37.454+0000] {processor.py:157} INFO - Started process (PID=611) to work on /home/airflow/.local/lib/python3.8/site-packages/airflow/example_dags/example_complex.py
[2025-01-24T05:42:37.455+0000] {processor.py:829} INFO - Processing file /home/airflow/.local/lib/python3.8/site-packages/airflow/example_dags/example_complex.py for tasks to queue
[2025-01-24T05:42:37.456+0000] {logging_mixin.py:151} INFO - [2025-01-24T05:42:37.456+0000] {dagbag.py:539} INFO - Filling up the DagBag from /home/airflow/.local/lib/python3.8/site-packages/airflow/example_dags/example_complex.py
[2025-01-24T05:42:37.461+0000] {processor.py:839} INFO - DAG(s) dict_keys(['example_complex']) retrieved from /home/airflow/.local/lib/python3.8/site-packages/airflow/example_dags/example_complex.py
[2025-01-24T05:42:37.477+0000] {logging_mixin.py:151} INFO - [2025-01-24T05:42:37.477+0000] {dag.py:2915} INFO - Sync 1 DAGs
[2025-01-24T05:42:37.486+0000] {logging_mixin.py:151} INFO - [2025-01-24T05:42:37.486+0000] {dag.py:3696} INFO - Setting next_dagrun for example_complex to None, run_after=None
[2025-01-24T05:42:37.495+0000] {processor.py:179} INFO - Processing /home/airflow/.local/lib/python3.8/site-packages/airflow/example_dags/example_complex.py took 0.043 seconds
[2025-01-24T05:43:08.146+0000] {processor.py:157} INFO - Started process (PID=665) to work on /home/airflow/.local/lib/python3.8/site-packages/airflow/example_dags/example_complex.py
[2025-01-24T05:43:08.147+0000] {processor.py:829} INFO - Processing file /home/airflow/.local/lib/python3.8/site-packages/airflow/example_dags/example_complex.py for tasks to queue
[2025-01-24T05:43:08.149+0000] {logging_mixin.py:151} INFO - [2025-01-24T05:43:08.149+0000] {dagbag.py:539} INFO - Filling up the DagBag from /home/airflow/.local/lib/python3.8/site-packages/airflow/example_dags/example_complex.py
[2025-01-24T05:43:08.154+0000] {processor.py:839} INFO - DAG(s) dict_keys(['example_complex']) retrieved from /home/airflow/.local/lib/python3.8/site-packages/airflow/example_dags/example_complex.py
[2025-01-24T05:43:08.171+0000] {logging_mixin.py:151} INFO - [2025-01-24T05:43:08.171+0000] {dag.py:2915} INFO - Sync 1 DAGs
[2025-01-24T05:43:08.178+0000] {logging_mixin.py:151} INFO - [2025-01-24T05:43:08.178+0000] {dag.py:3696} INFO - Setting next_dagrun for example_complex to None, run_after=None
[2025-01-24T05:43:08.190+0000] {processor.py:179} INFO - Processing /home/airflow/.local/lib/python3.8/site-packages/airflow/example_dags/example_complex.py took 0.045 seconds
[2025-01-24T05:43:38.931+0000] {processor.py:157} INFO - Started process (PID=718) to work on /home/airflow/.local/lib/python3.8/site-packages/airflow/example_dags/example_complex.py
[2025-01-24T05:43:38.933+0000] {processor.py:829} INFO - Processing file /home/airflow/.local/lib/python3.8/site-packages/airflow/example_dags/example_complex.py for tasks to queue
[2025-01-24T05:43:38.934+0000] {logging_mixin.py:151} INFO - [2025-01-24T05:43:38.934+0000] {dagbag.py:539} INFO - Filling up the DagBag from /home/airflow/.local/lib/python3.8/site-packages/airflow/example_dags/example_complex.py
[2025-01-24T05:43:38.939+0000] {processor.py:839} INFO - DAG(s) dict_keys(['example_complex']) retrieved from /home/airflow/.local/lib/python3.8/site-packages/airflow/example_dags/example_complex.py
[2025-01-24T05:43:38.958+0000] {logging_mixin.py:151} INFO - [2025-01-24T05:43:38.958+0000] {dag.py:2915} INFO - Sync 1 DAGs
[2025-01-24T05:43:38.965+0000] {logging_mixin.py:151} INFO - [2025-01-24T05:43:38.965+0000] {dag.py:3696} INFO - Setting next_dagrun for example_complex to None, run_after=None
[2025-01-24T05:43:38.975+0000] {processor.py:179} INFO - Processing /home/airflow/.local/lib/python3.8/site-packages/airflow/example_dags/example_complex.py took 0.047 seconds
[2025-01-24T05:44:09.604+0000] {processor.py:157} INFO - Started process (PID=772) to work on /home/airflow/.local/lib/python3.8/site-packages/airflow/example_dags/example_complex.py
[2025-01-24T05:44:09.605+0000] {processor.py:829} INFO - Processing file /home/airflow/.local/lib/python3.8/site-packages/airflow/example_dags/example_complex.py for tasks to queue
[2025-01-24T05:44:09.606+0000] {logging_mixin.py:151} INFO - [2025-01-24T05:44:09.606+0000] {dagbag.py:539} INFO - Filling up the DagBag from /home/airflow/.local/lib/python3.8/site-packages/airflow/example_dags/example_complex.py
[2025-01-24T05:44:09.612+0000] {processor.py:839} INFO - DAG(s) dict_keys(['example_complex']) retrieved from /home/airflow/.local/lib/python3.8/site-packages/airflow/example_dags/example_complex.py
[2025-01-24T05:44:09.626+0000] {logging_mixin.py:151} INFO - [2025-01-24T05:44:09.626+0000] {dag.py:2915} INFO - Sync 1 DAGs
[2025-01-24T05:44:09.635+0000] {logging_mixin.py:151} INFO - [2025-01-24T05:44:09.635+0000] {dag.py:3696} INFO - Setting next_dagrun for example_complex to None, run_after=None
[2025-01-24T05:44:09.646+0000] {processor.py:179} INFO - Processing /home/airflow/.local/lib/python3.8/site-packages/airflow/example_dags/example_complex.py took 0.044 seconds
[2025-01-24T05:44:39.796+0000] {processor.py:157} INFO - Started process (PID=826) to work on /home/airflow/.local/lib/python3.8/site-packages/airflow/example_dags/example_complex.py
[2025-01-24T05:44:39.798+0000] {processor.py:829} INFO - Processing file /home/airflow/.local/lib/python3.8/site-packages/airflow/example_dags/example_complex.py for tasks to queue
[2025-01-24T05:44:39.799+0000] {logging_mixin.py:151} INFO - [2025-01-24T05:44:39.799+0000] {dagbag.py:539} INFO - Filling up the DagBag from /home/airflow/.local/lib/python3.8/site-packages/airflow/example_dags/example_complex.py
[2025-01-24T05:44:39.804+0000] {processor.py:839} INFO - DAG(s) dict_keys(['example_complex']) retrieved from /home/airflow/.local/lib/python3.8/site-packages/airflow/example_dags/example_complex.py
[2025-01-24T05:44:39.820+0000] {logging_mixin.py:151} INFO - [2025-01-24T05:44:39.820+0000] {dag.py:2915} INFO - Sync 1 DAGs
[2025-01-24T05:44:39.828+0000] {logging_mixin.py:151} INFO - [2025-01-24T05:44:39.828+0000] {dag.py:3696} INFO - Setting next_dagrun for example_complex to None, run_after=None
[2025-01-24T05:44:39.839+0000] {processor.py:179} INFO - Processing /home/airflow/.local/lib/python3.8/site-packages/airflow/example_dags/example_complex.py took 0.044 seconds
[2025-01-24T05:45:10.560+0000] {processor.py:157} INFO - Started process (PID=880) to work on /home/airflow/.local/lib/python3.8/site-packages/airflow/example_dags/example_complex.py
[2025-01-24T05:45:10.560+0000] {processor.py:829} INFO - Processing file /home/airflow/.local/lib/python3.8/site-packages/airflow/example_dags/example_complex.py for tasks to queue
[2025-01-24T05:45:10.562+0000] {logging_mixin.py:151} INFO - [2025-01-24T05:45:10.562+0000] {dagbag.py:539} INFO - Filling up the DagBag from /home/airflow/.local/lib/python3.8/site-packages/airflow/example_dags/example_complex.py
[2025-01-24T05:45:10.567+0000] {processor.py:839} INFO - DAG(s) dict_keys(['example_complex']) retrieved from /home/airflow/.local/lib/python3.8/site-packages/airflow/example_dags/example_complex.py
[2025-01-24T05:45:10.582+0000] {logging_mixin.py:151} INFO - [2025-01-24T05:45:10.582+0000] {dag.py:2915} INFO - Sync 1 DAGs
[2025-01-24T05:45:10.589+0000] {logging_mixin.py:151} INFO - [2025-01-24T05:45:10.589+0000] {dag.py:3696} INFO - Setting next_dagrun for example_complex to None, run_after=None
[2025-01-24T05:45:10.602+0000] {processor.py:179} INFO - Processing /home/airflow/.local/lib/python3.8/site-packages/airflow/example_dags/example_complex.py took 0.044 seconds
[2025-01-24T05:45:51.982+0000] {processor.py:157} INFO - Started process (PID=65) to work on /home/airflow/.local/lib/python3.8/site-packages/airflow/example_dags/example_complex.py
[2025-01-24T05:45:51.983+0000] {processor.py:829} INFO - Processing file /home/airflow/.local/lib/python3.8/site-packages/airflow/example_dags/example_complex.py for tasks to queue
[2025-01-24T05:45:51.984+0000] {logging_mixin.py:151} INFO - [2025-01-24T05:45:51.984+0000] {dagbag.py:539} INFO - Filling up the DagBag from /home/airflow/.local/lib/python3.8/site-packages/airflow/example_dags/example_complex.py
[2025-01-24T05:45:51.993+0000] {processor.py:839} INFO - DAG(s) dict_keys(['example_complex']) retrieved from /home/airflow/.local/lib/python3.8/site-packages/airflow/example_dags/example_complex.py
[2025-01-24T05:45:52.000+0000] {logging_mixin.py:151} INFO - [2025-01-24T05:45:52.000+0000] {dag.py:2915} INFO - Sync 1 DAGs
[2025-01-24T05:45:52.010+0000] {logging_mixin.py:151} INFO - [2025-01-24T05:45:52.010+0000] {dag.py:3696} INFO - Setting next_dagrun for example_complex to None, run_after=None
[2025-01-24T05:45:52.021+0000] {processor.py:179} INFO - Processing /home/airflow/.local/lib/python3.8/site-packages/airflow/example_dags/example_complex.py took 0.040 seconds
[2025-01-24T05:46:22.503+0000] {processor.py:157} INFO - Started process (PID=118) to work on /home/airflow/.local/lib/python3.8/site-packages/airflow/example_dags/example_complex.py
[2025-01-24T05:46:22.504+0000] {processor.py:829} INFO - Processing file /home/airflow/.local/lib/python3.8/site-packages/airflow/example_dags/example_complex.py for tasks to queue
[2025-01-24T05:46:22.506+0000] {logging_mixin.py:151} INFO - [2025-01-24T05:46:22.506+0000] {dagbag.py:539} INFO - Filling up the DagBag from /home/airflow/.local/lib/python3.8/site-packages/airflow/example_dags/example_complex.py
[2025-01-24T05:46:22.512+0000] {processor.py:839} INFO - DAG(s) dict_keys(['example_complex']) retrieved from /home/airflow/.local/lib/python3.8/site-packages/airflow/example_dags/example_complex.py
[2025-01-24T05:46:22.527+0000] {logging_mixin.py:151} INFO - [2025-01-24T05:46:22.527+0000] {dag.py:2915} INFO - Sync 1 DAGs
[2025-01-24T05:46:22.533+0000] {logging_mixin.py:151} INFO - [2025-01-24T05:46:22.533+0000] {dag.py:3696} INFO - Setting next_dagrun for example_complex to None, run_after=None
[2025-01-24T05:46:22.541+0000] {processor.py:179} INFO - Processing /home/airflow/.local/lib/python3.8/site-packages/airflow/example_dags/example_complex.py took 0.040 seconds
[2025-01-24T05:46:53.199+0000] {processor.py:157} INFO - Started process (PID=173) to work on /home/airflow/.local/lib/python3.8/site-packages/airflow/example_dags/example_complex.py
[2025-01-24T05:46:53.199+0000] {processor.py:829} INFO - Processing file /home/airflow/.local/lib/python3.8/site-packages/airflow/example_dags/example_complex.py for tasks to queue
[2025-01-24T05:46:53.200+0000] {logging_mixin.py:151} INFO - [2025-01-24T05:46:53.200+0000] {dagbag.py:539} INFO - Filling up the DagBag from /home/airflow/.local/lib/python3.8/site-packages/airflow/example_dags/example_complex.py
[2025-01-24T05:46:53.206+0000] {processor.py:839} INFO - DAG(s) dict_keys(['example_complex']) retrieved from /home/airflow/.local/lib/python3.8/site-packages/airflow/example_dags/example_complex.py
[2025-01-24T05:46:53.221+0000] {logging_mixin.py:151} INFO - [2025-01-24T05:46:53.221+0000] {dag.py:2915} INFO - Sync 1 DAGs
[2025-01-24T05:46:53.227+0000] {logging_mixin.py:151} INFO - [2025-01-24T05:46:53.227+0000] {dag.py:3696} INFO - Setting next_dagrun for example_complex to None, run_after=None
[2025-01-24T05:46:53.237+0000] {processor.py:179} INFO - Processing /home/airflow/.local/lib/python3.8/site-packages/airflow/example_dags/example_complex.py took 0.040 seconds
[2025-01-24T05:47:23.883+0000] {processor.py:157} INFO - Started process (PID=227) to work on /home/airflow/.local/lib/python3.8/site-packages/airflow/example_dags/example_complex.py
[2025-01-24T05:47:23.883+0000] {processor.py:829} INFO - Processing file /home/airflow/.local/lib/python3.8/site-packages/airflow/example_dags/example_complex.py for tasks to queue
[2025-01-24T05:47:23.884+0000] {logging_mixin.py:151} INFO - [2025-01-24T05:47:23.884+0000] {dagbag.py:539} INFO - Filling up the DagBag from /home/airflow/.local/lib/python3.8/site-packages/airflow/example_dags/example_complex.py
[2025-01-24T05:47:23.890+0000] {processor.py:839} INFO - DAG(s) dict_keys(['example_complex']) retrieved from /home/airflow/.local/lib/python3.8/site-packages/airflow/example_dags/example_complex.py
[2025-01-24T05:47:23.906+0000] {logging_mixin.py:151} INFO - [2025-01-24T05:47:23.906+0000] {dag.py:2915} INFO - Sync 1 DAGs
[2025-01-24T05:47:23.913+0000] {logging_mixin.py:151} INFO - [2025-01-24T05:47:23.912+0000] {dag.py:3696} INFO - Setting next_dagrun for example_complex to None, run_after=None
[2025-01-24T05:47:23.922+0000] {processor.py:179} INFO - Processing /home/airflow/.local/lib/python3.8/site-packages/airflow/example_dags/example_complex.py took 0.041 seconds
[2025-01-24T05:47:54.565+0000] {processor.py:157} INFO - Started process (PID=280) to work on /home/airflow/.local/lib/python3.8/site-packages/airflow/example_dags/example_complex.py
[2025-01-24T05:47:54.567+0000] {processor.py:829} INFO - Processing file /home/airflow/.local/lib/python3.8/site-packages/airflow/example_dags/example_complex.py for tasks to queue
[2025-01-24T05:47:54.568+0000] {logging_mixin.py:151} INFO - [2025-01-24T05:47:54.568+0000] {dagbag.py:539} INFO - Filling up the DagBag from /home/airflow/.local/lib/python3.8/site-packages/airflow/example_dags/example_complex.py
[2025-01-24T05:47:54.574+0000] {processor.py:839} INFO - DAG(s) dict_keys(['example_complex']) retrieved from /home/airflow/.local/lib/python3.8/site-packages/airflow/example_dags/example_complex.py
[2025-01-24T05:47:54.590+0000] {logging_mixin.py:151} INFO - [2025-01-24T05:47:54.590+0000] {dag.py:2915} INFO - Sync 1 DAGs
[2025-01-24T05:47:54.597+0000] {logging_mixin.py:151} INFO - [2025-01-24T05:47:54.597+0000] {dag.py:3696} INFO - Setting next_dagrun for example_complex to None, run_after=None
[2025-01-24T05:47:54.610+0000] {processor.py:179} INFO - Processing /home/airflow/.local/lib/python3.8/site-packages/airflow/example_dags/example_complex.py took 0.047 seconds
