[2025-01-24T05:37:31.928+0000] {processor.py:157} INFO - Started process (PID=85) to work on /home/airflow/.local/lib/python3.8/site-packages/airflow/example_dags/example_branch_labels.py
[2025-01-24T05:37:31.933+0000] {processor.py:829} INFO - Processing file /home/airflow/.local/lib/python3.8/site-packages/airflow/example_dags/example_branch_labels.py for tasks to queue
[2025-01-24T05:37:31.936+0000] {logging_mixin.py:151} INFO - [2025-01-24T05:37:31.935+0000] {dagbag.py:539} INFO - Filling up the DagBag from /home/airflow/.local/lib/python3.8/site-packages/airflow/example_dags/example_branch_labels.py
[2025-01-24T05:37:31.941+0000] {processor.py:839} INFO - DAG(s) dict_keys(['example_branch_labels']) retrieved from /home/airflow/.local/lib/python3.8/site-packages/airflow/example_dags/example_branch_labels.py
[2025-01-24T05:37:31.953+0000] {logging_mixin.py:151} INFO - [2025-01-24T05:37:31.953+0000] {dag.py:2915} INFO - Sync 1 DAGs
[2025-01-24T05:37:31.970+0000] {logging_mixin.py:151} INFO - [2025-01-24T05:37:31.970+0000] {dag.py:3696} INFO - Setting next_dagrun for example_branch_labels to 2025-01-23T00:00:00+00:00, run_after=2025-01-24T00:00:00+00:00
[2025-01-24T05:37:31.987+0000] {processor.py:179} INFO - Processing /home/airflow/.local/lib/python3.8/site-packages/airflow/example_dags/example_branch_labels.py took 0.061 seconds
[2025-01-24T05:38:02.644+0000] {processor.py:157} INFO - Started process (PID=139) to work on /home/airflow/.local/lib/python3.8/site-packages/airflow/example_dags/example_branch_labels.py
[2025-01-24T05:38:02.644+0000] {processor.py:829} INFO - Processing file /home/airflow/.local/lib/python3.8/site-packages/airflow/example_dags/example_branch_labels.py for tasks to queue
[2025-01-24T05:38:02.645+0000] {logging_mixin.py:151} INFO - [2025-01-24T05:38:02.645+0000] {dagbag.py:539} INFO - Filling up the DagBag from /home/airflow/.local/lib/python3.8/site-packages/airflow/example_dags/example_branch_labels.py
[2025-01-24T05:38:02.650+0000] {processor.py:839} INFO - DAG(s) dict_keys(['example_branch_labels']) retrieved from /home/airflow/.local/lib/python3.8/site-packages/airflow/example_dags/example_branch_labels.py
[2025-01-24T05:38:02.660+0000] {logging_mixin.py:151} INFO - [2025-01-24T05:38:02.660+0000] {dag.py:2915} INFO - Sync 1 DAGs
[2025-01-24T05:38:02.671+0000] {logging_mixin.py:151} INFO - [2025-01-24T05:38:02.670+0000] {dag.py:3696} INFO - Setting next_dagrun for example_branch_labels to 2025-01-23T00:00:00+00:00, run_after=2025-01-24T00:00:00+00:00
[2025-01-24T05:38:02.687+0000] {processor.py:179} INFO - Processing /home/airflow/.local/lib/python3.8/site-packages/airflow/example_dags/example_branch_labels.py took 0.045 seconds
[2025-01-24T05:38:33.436+0000] {processor.py:157} INFO - Started process (PID=193) to work on /home/airflow/.local/lib/python3.8/site-packages/airflow/example_dags/example_branch_labels.py
[2025-01-24T05:38:33.436+0000] {processor.py:829} INFO - Processing file /home/airflow/.local/lib/python3.8/site-packages/airflow/example_dags/example_branch_labels.py for tasks to queue
[2025-01-24T05:38:33.437+0000] {logging_mixin.py:151} INFO - [2025-01-24T05:38:33.437+0000] {dagbag.py:539} INFO - Filling up the DagBag from /home/airflow/.local/lib/python3.8/site-packages/airflow/example_dags/example_branch_labels.py
[2025-01-24T05:38:33.441+0000] {processor.py:839} INFO - DAG(s) dict_keys(['example_branch_labels']) retrieved from /home/airflow/.local/lib/python3.8/site-packages/airflow/example_dags/example_branch_labels.py
[2025-01-24T05:38:33.452+0000] {logging_mixin.py:151} INFO - [2025-01-24T05:38:33.452+0000] {dag.py:2915} INFO - Sync 1 DAGs
[2025-01-24T05:38:33.462+0000] {logging_mixin.py:151} INFO - [2025-01-24T05:38:33.462+0000] {dag.py:3696} INFO - Setting next_dagrun for example_branch_labels to 2025-01-23T00:00:00+00:00, run_after=2025-01-24T00:00:00+00:00
[2025-01-24T05:38:33.471+0000] {processor.py:179} INFO - Processing /home/airflow/.local/lib/python3.8/site-packages/airflow/example_dags/example_branch_labels.py took 0.037 seconds
[2025-01-24T05:39:04.422+0000] {processor.py:157} INFO - Started process (PID=253) to work on /home/airflow/.local/lib/python3.8/site-packages/airflow/example_dags/example_branch_labels.py
[2025-01-24T05:39:04.422+0000] {processor.py:829} INFO - Processing file /home/airflow/.local/lib/python3.8/site-packages/airflow/example_dags/example_branch_labels.py for tasks to queue
[2025-01-24T05:39:04.424+0000] {logging_mixin.py:151} INFO - [2025-01-24T05:39:04.424+0000] {dagbag.py:539} INFO - Filling up the DagBag from /home/airflow/.local/lib/python3.8/site-packages/airflow/example_dags/example_branch_labels.py
[2025-01-24T05:39:04.428+0000] {processor.py:839} INFO - DAG(s) dict_keys(['example_branch_labels']) retrieved from /home/airflow/.local/lib/python3.8/site-packages/airflow/example_dags/example_branch_labels.py
[2025-01-24T05:39:04.443+0000] {logging_mixin.py:151} INFO - [2025-01-24T05:39:04.443+0000] {dag.py:2915} INFO - Sync 1 DAGs
[2025-01-24T05:39:04.459+0000] {logging_mixin.py:151} INFO - [2025-01-24T05:39:04.459+0000] {dag.py:3696} INFO - Setting next_dagrun for example_branch_labels to 2025-01-23T00:00:00+00:00, run_after=2025-01-24T00:00:00+00:00
[2025-01-24T05:39:04.473+0000] {processor.py:179} INFO - Processing /home/airflow/.local/lib/python3.8/site-packages/airflow/example_dags/example_branch_labels.py took 0.053 seconds
[2025-01-24T05:39:34.550+0000] {processor.py:157} INFO - Started process (PID=307) to work on /home/airflow/.local/lib/python3.8/site-packages/airflow/example_dags/example_branch_labels.py
[2025-01-24T05:39:34.553+0000] {processor.py:829} INFO - Processing file /home/airflow/.local/lib/python3.8/site-packages/airflow/example_dags/example_branch_labels.py for tasks to queue
[2025-01-24T05:39:34.554+0000] {logging_mixin.py:151} INFO - [2025-01-24T05:39:34.554+0000] {dagbag.py:539} INFO - Filling up the DagBag from /home/airflow/.local/lib/python3.8/site-packages/airflow/example_dags/example_branch_labels.py
[2025-01-24T05:39:34.558+0000] {processor.py:839} INFO - DAG(s) dict_keys(['example_branch_labels']) retrieved from /home/airflow/.local/lib/python3.8/site-packages/airflow/example_dags/example_branch_labels.py
[2025-01-24T05:39:34.570+0000] {logging_mixin.py:151} INFO - [2025-01-24T05:39:34.570+0000] {dag.py:2915} INFO - Sync 1 DAGs
[2025-01-24T05:39:34.581+0000] {logging_mixin.py:151} INFO - [2025-01-24T05:39:34.581+0000] {dag.py:3696} INFO - Setting next_dagrun for example_branch_labels to 2025-01-23T00:00:00+00:00, run_after=2025-01-24T00:00:00+00:00
[2025-01-24T05:39:34.590+0000] {processor.py:179} INFO - Processing /home/airflow/.local/lib/python3.8/site-packages/airflow/example_dags/example_branch_labels.py took 0.042 seconds
[2025-01-24T05:40:05.478+0000] {processor.py:157} INFO - Started process (PID=361) to work on /home/airflow/.local/lib/python3.8/site-packages/airflow/example_dags/example_branch_labels.py
[2025-01-24T05:40:05.478+0000] {processor.py:829} INFO - Processing file /home/airflow/.local/lib/python3.8/site-packages/airflow/example_dags/example_branch_labels.py for tasks to queue
[2025-01-24T05:40:05.480+0000] {logging_mixin.py:151} INFO - [2025-01-24T05:40:05.479+0000] {dagbag.py:539} INFO - Filling up the DagBag from /home/airflow/.local/lib/python3.8/site-packages/airflow/example_dags/example_branch_labels.py
[2025-01-24T05:40:05.484+0000] {processor.py:839} INFO - DAG(s) dict_keys(['example_branch_labels']) retrieved from /home/airflow/.local/lib/python3.8/site-packages/airflow/example_dags/example_branch_labels.py
[2025-01-24T05:40:05.495+0000] {logging_mixin.py:151} INFO - [2025-01-24T05:40:05.495+0000] {dag.py:2915} INFO - Sync 1 DAGs
[2025-01-24T05:40:05.507+0000] {logging_mixin.py:151} INFO - [2025-01-24T05:40:05.506+0000] {dag.py:3696} INFO - Setting next_dagrun for example_branch_labels to 2025-01-23T00:00:00+00:00, run_after=2025-01-24T00:00:00+00:00
[2025-01-24T05:40:05.515+0000] {processor.py:179} INFO - Processing /home/airflow/.local/lib/python3.8/site-packages/airflow/example_dags/example_branch_labels.py took 0.039 seconds
[2025-01-24T05:40:36.212+0000] {processor.py:157} INFO - Started process (PID=415) to work on /home/airflow/.local/lib/python3.8/site-packages/airflow/example_dags/example_branch_labels.py
[2025-01-24T05:40:36.213+0000] {processor.py:829} INFO - Processing file /home/airflow/.local/lib/python3.8/site-packages/airflow/example_dags/example_branch_labels.py for tasks to queue
[2025-01-24T05:40:36.214+0000] {logging_mixin.py:151} INFO - [2025-01-24T05:40:36.214+0000] {dagbag.py:539} INFO - Filling up the DagBag from /home/airflow/.local/lib/python3.8/site-packages/airflow/example_dags/example_branch_labels.py
[2025-01-24T05:40:36.219+0000] {processor.py:839} INFO - DAG(s) dict_keys(['example_branch_labels']) retrieved from /home/airflow/.local/lib/python3.8/site-packages/airflow/example_dags/example_branch_labels.py
[2025-01-24T05:40:36.231+0000] {logging_mixin.py:151} INFO - [2025-01-24T05:40:36.231+0000] {dag.py:2915} INFO - Sync 1 DAGs
[2025-01-24T05:40:36.244+0000] {logging_mixin.py:151} INFO - [2025-01-24T05:40:36.244+0000] {dag.py:3696} INFO - Setting next_dagrun for example_branch_labels to 2025-01-23T00:00:00+00:00, run_after=2025-01-24T00:00:00+00:00
[2025-01-24T05:40:36.255+0000] {processor.py:179} INFO - Processing /home/airflow/.local/lib/python3.8/site-packages/airflow/example_dags/example_branch_labels.py took 0.046 seconds
[2025-01-24T05:41:06.988+0000] {processor.py:157} INFO - Started process (PID=469) to work on /home/airflow/.local/lib/python3.8/site-packages/airflow/example_dags/example_branch_labels.py
[2025-01-24T05:41:06.990+0000] {processor.py:829} INFO - Processing file /home/airflow/.local/lib/python3.8/site-packages/airflow/example_dags/example_branch_labels.py for tasks to queue
[2025-01-24T05:41:06.992+0000] {logging_mixin.py:151} INFO - [2025-01-24T05:41:06.992+0000] {dagbag.py:539} INFO - Filling up the DagBag from /home/airflow/.local/lib/python3.8/site-packages/airflow/example_dags/example_branch_labels.py
[2025-01-24T05:41:06.998+0000] {processor.py:839} INFO - DAG(s) dict_keys(['example_branch_labels']) retrieved from /home/airflow/.local/lib/python3.8/site-packages/airflow/example_dags/example_branch_labels.py
[2025-01-24T05:41:07.013+0000] {logging_mixin.py:151} INFO - [2025-01-24T05:41:07.013+0000] {dag.py:2915} INFO - Sync 1 DAGs
[2025-01-24T05:41:07.027+0000] {logging_mixin.py:151} INFO - [2025-01-24T05:41:07.027+0000] {dag.py:3696} INFO - Setting next_dagrun for example_branch_labels to 2025-01-23T00:00:00+00:00, run_after=2025-01-24T00:00:00+00:00
[2025-01-24T05:41:07.038+0000] {processor.py:179} INFO - Processing /home/airflow/.local/lib/python3.8/site-packages/airflow/example_dags/example_branch_labels.py took 0.052 seconds
[2025-01-24T05:41:37.655+0000] {processor.py:157} INFO - Started process (PID=523) to work on /home/airflow/.local/lib/python3.8/site-packages/airflow/example_dags/example_branch_labels.py
[2025-01-24T05:41:37.656+0000] {processor.py:829} INFO - Processing file /home/airflow/.local/lib/python3.8/site-packages/airflow/example_dags/example_branch_labels.py for tasks to queue
[2025-01-24T05:41:37.657+0000] {logging_mixin.py:151} INFO - [2025-01-24T05:41:37.657+0000] {dagbag.py:539} INFO - Filling up the DagBag from /home/airflow/.local/lib/python3.8/site-packages/airflow/example_dags/example_branch_labels.py
[2025-01-24T05:41:37.661+0000] {processor.py:839} INFO - DAG(s) dict_keys(['example_branch_labels']) retrieved from /home/airflow/.local/lib/python3.8/site-packages/airflow/example_dags/example_branch_labels.py
[2025-01-24T05:41:37.674+0000] {logging_mixin.py:151} INFO - [2025-01-24T05:41:37.674+0000] {dag.py:2915} INFO - Sync 1 DAGs
[2025-01-24T05:41:37.685+0000] {logging_mixin.py:151} INFO - [2025-01-24T05:41:37.685+0000] {dag.py:3696} INFO - Setting next_dagrun for example_branch_labels to 2025-01-23T00:00:00+00:00, run_after=2025-01-24T00:00:00+00:00
[2025-01-24T05:41:37.699+0000] {processor.py:179} INFO - Processing /home/airflow/.local/lib/python3.8/site-packages/airflow/example_dags/example_branch_labels.py took 0.046 seconds
[2025-01-24T05:42:08.425+0000] {processor.py:157} INFO - Started process (PID=576) to work on /home/airflow/.local/lib/python3.8/site-packages/airflow/example_dags/example_branch_labels.py
[2025-01-24T05:42:08.426+0000] {processor.py:829} INFO - Processing file /home/airflow/.local/lib/python3.8/site-packages/airflow/example_dags/example_branch_labels.py for tasks to queue
[2025-01-24T05:42:08.427+0000] {logging_mixin.py:151} INFO - [2025-01-24T05:42:08.427+0000] {dagbag.py:539} INFO - Filling up the DagBag from /home/airflow/.local/lib/python3.8/site-packages/airflow/example_dags/example_branch_labels.py
[2025-01-24T05:42:08.431+0000] {processor.py:839} INFO - DAG(s) dict_keys(['example_branch_labels']) retrieved from /home/airflow/.local/lib/python3.8/site-packages/airflow/example_dags/example_branch_labels.py
[2025-01-24T05:42:08.442+0000] {logging_mixin.py:151} INFO - [2025-01-24T05:42:08.442+0000] {dag.py:2915} INFO - Sync 1 DAGs
[2025-01-24T05:42:08.454+0000] {logging_mixin.py:151} INFO - [2025-01-24T05:42:08.454+0000] {dag.py:3696} INFO - Setting next_dagrun for example_branch_labels to 2025-01-23T00:00:00+00:00, run_after=2025-01-24T00:00:00+00:00
[2025-01-24T05:42:08.464+0000] {processor.py:179} INFO - Processing /home/airflow/.local/lib/python3.8/site-packages/airflow/example_dags/example_branch_labels.py took 0.042 seconds
[2025-01-24T05:42:39.025+0000] {processor.py:157} INFO - Started process (PID=630) to work on /home/airflow/.local/lib/python3.8/site-packages/airflow/example_dags/example_branch_labels.py
[2025-01-24T05:42:39.026+0000] {processor.py:829} INFO - Processing file /home/airflow/.local/lib/python3.8/site-packages/airflow/example_dags/example_branch_labels.py for tasks to queue
[2025-01-24T05:42:39.027+0000] {logging_mixin.py:151} INFO - [2025-01-24T05:42:39.026+0000] {dagbag.py:539} INFO - Filling up the DagBag from /home/airflow/.local/lib/python3.8/site-packages/airflow/example_dags/example_branch_labels.py
[2025-01-24T05:42:39.031+0000] {processor.py:839} INFO - DAG(s) dict_keys(['example_branch_labels']) retrieved from /home/airflow/.local/lib/python3.8/site-packages/airflow/example_dags/example_branch_labels.py
[2025-01-24T05:42:39.042+0000] {logging_mixin.py:151} INFO - [2025-01-24T05:42:39.042+0000] {dag.py:2915} INFO - Sync 1 DAGs
[2025-01-24T05:42:39.053+0000] {logging_mixin.py:151} INFO - [2025-01-24T05:42:39.053+0000] {dag.py:3696} INFO - Setting next_dagrun for example_branch_labels to 2025-01-23T00:00:00+00:00, run_after=2025-01-24T00:00:00+00:00
[2025-01-24T05:42:39.065+0000] {processor.py:179} INFO - Processing /home/airflow/.local/lib/python3.8/site-packages/airflow/example_dags/example_branch_labels.py took 0.042 seconds
[2025-01-24T05:43:09.813+0000] {processor.py:157} INFO - Started process (PID=684) to work on /home/airflow/.local/lib/python3.8/site-packages/airflow/example_dags/example_branch_labels.py
[2025-01-24T05:43:09.813+0000] {processor.py:829} INFO - Processing file /home/airflow/.local/lib/python3.8/site-packages/airflow/example_dags/example_branch_labels.py for tasks to queue
[2025-01-24T05:43:09.814+0000] {logging_mixin.py:151} INFO - [2025-01-24T05:43:09.814+0000] {dagbag.py:539} INFO - Filling up the DagBag from /home/airflow/.local/lib/python3.8/site-packages/airflow/example_dags/example_branch_labels.py
[2025-01-24T05:43:09.819+0000] {processor.py:839} INFO - DAG(s) dict_keys(['example_branch_labels']) retrieved from /home/airflow/.local/lib/python3.8/site-packages/airflow/example_dags/example_branch_labels.py
[2025-01-24T05:43:09.839+0000] {logging_mixin.py:151} INFO - [2025-01-24T05:43:09.839+0000] {dag.py:2915} INFO - Sync 1 DAGs
[2025-01-24T05:43:09.854+0000] {logging_mixin.py:151} INFO - [2025-01-24T05:43:09.854+0000] {dag.py:3696} INFO - Setting next_dagrun for example_branch_labels to 2025-01-23T00:00:00+00:00, run_after=2025-01-24T00:00:00+00:00
[2025-01-24T05:43:09.868+0000] {processor.py:179} INFO - Processing /home/airflow/.local/lib/python3.8/site-packages/airflow/example_dags/example_branch_labels.py took 0.057 seconds
[2025-01-24T05:43:40.551+0000] {processor.py:157} INFO - Started process (PID=737) to work on /home/airflow/.local/lib/python3.8/site-packages/airflow/example_dags/example_branch_labels.py
[2025-01-24T05:43:40.551+0000] {processor.py:829} INFO - Processing file /home/airflow/.local/lib/python3.8/site-packages/airflow/example_dags/example_branch_labels.py for tasks to queue
[2025-01-24T05:43:40.552+0000] {logging_mixin.py:151} INFO - [2025-01-24T05:43:40.552+0000] {dagbag.py:539} INFO - Filling up the DagBag from /home/airflow/.local/lib/python3.8/site-packages/airflow/example_dags/example_branch_labels.py
[2025-01-24T05:43:40.557+0000] {processor.py:839} INFO - DAG(s) dict_keys(['example_branch_labels']) retrieved from /home/airflow/.local/lib/python3.8/site-packages/airflow/example_dags/example_branch_labels.py
[2025-01-24T05:43:40.569+0000] {logging_mixin.py:151} INFO - [2025-01-24T05:43:40.568+0000] {dag.py:2915} INFO - Sync 1 DAGs
[2025-01-24T05:43:40.579+0000] {logging_mixin.py:151} INFO - [2025-01-24T05:43:40.579+0000] {dag.py:3696} INFO - Setting next_dagrun for example_branch_labels to 2025-01-23T00:00:00+00:00, run_after=2025-01-24T00:00:00+00:00
[2025-01-24T05:43:40.588+0000] {processor.py:179} INFO - Processing /home/airflow/.local/lib/python3.8/site-packages/airflow/example_dags/example_branch_labels.py took 0.039 seconds
[2025-01-24T05:44:11.555+0000] {processor.py:157} INFO - Started process (PID=791) to work on /home/airflow/.local/lib/python3.8/site-packages/airflow/example_dags/example_branch_labels.py
[2025-01-24T05:44:11.556+0000] {processor.py:829} INFO - Processing file /home/airflow/.local/lib/python3.8/site-packages/airflow/example_dags/example_branch_labels.py for tasks to queue
[2025-01-24T05:44:11.557+0000] {logging_mixin.py:151} INFO - [2025-01-24T05:44:11.557+0000] {dagbag.py:539} INFO - Filling up the DagBag from /home/airflow/.local/lib/python3.8/site-packages/airflow/example_dags/example_branch_labels.py
[2025-01-24T05:44:11.562+0000] {processor.py:839} INFO - DAG(s) dict_keys(['example_branch_labels']) retrieved from /home/airflow/.local/lib/python3.8/site-packages/airflow/example_dags/example_branch_labels.py
[2025-01-24T05:44:11.573+0000] {logging_mixin.py:151} INFO - [2025-01-24T05:44:11.573+0000] {dag.py:2915} INFO - Sync 1 DAGs
[2025-01-24T05:44:11.584+0000] {logging_mixin.py:151} INFO - [2025-01-24T05:44:11.584+0000] {dag.py:3696} INFO - Setting next_dagrun for example_branch_labels to 2025-01-23T00:00:00+00:00, run_after=2025-01-24T00:00:00+00:00
[2025-01-24T05:44:11.593+0000] {processor.py:179} INFO - Processing /home/airflow/.local/lib/python3.8/site-packages/airflow/example_dags/example_branch_labels.py took 0.040 seconds
[2025-01-24T05:44:42.437+0000] {processor.py:157} INFO - Started process (PID=845) to work on /home/airflow/.local/lib/python3.8/site-packages/airflow/example_dags/example_branch_labels.py
[2025-01-24T05:44:42.438+0000] {processor.py:829} INFO - Processing file /home/airflow/.local/lib/python3.8/site-packages/airflow/example_dags/example_branch_labels.py for tasks to queue
[2025-01-24T05:44:42.439+0000] {logging_mixin.py:151} INFO - [2025-01-24T05:44:42.439+0000] {dagbag.py:539} INFO - Filling up the DagBag from /home/airflow/.local/lib/python3.8/site-packages/airflow/example_dags/example_branch_labels.py
[2025-01-24T05:44:42.443+0000] {processor.py:839} INFO - DAG(s) dict_keys(['example_branch_labels']) retrieved from /home/airflow/.local/lib/python3.8/site-packages/airflow/example_dags/example_branch_labels.py
[2025-01-24T05:44:42.453+0000] {logging_mixin.py:151} INFO - [2025-01-24T05:44:42.453+0000] {dag.py:2915} INFO - Sync 1 DAGs
[2025-01-24T05:44:42.464+0000] {logging_mixin.py:151} INFO - [2025-01-24T05:44:42.464+0000] {dag.py:3696} INFO - Setting next_dagrun for example_branch_labels to 2025-01-23T00:00:00+00:00, run_after=2025-01-24T00:00:00+00:00
[2025-01-24T05:44:42.482+0000] {processor.py:179} INFO - Processing /home/airflow/.local/lib/python3.8/site-packages/airflow/example_dags/example_branch_labels.py took 0.046 seconds
[2025-01-24T05:45:52.795+0000] {processor.py:157} INFO - Started process (PID=83) to work on /home/airflow/.local/lib/python3.8/site-packages/airflow/example_dags/example_branch_labels.py
[2025-01-24T05:45:52.796+0000] {processor.py:829} INFO - Processing file /home/airflow/.local/lib/python3.8/site-packages/airflow/example_dags/example_branch_labels.py for tasks to queue
[2025-01-24T05:45:52.797+0000] {logging_mixin.py:151} INFO - [2025-01-24T05:45:52.797+0000] {dagbag.py:539} INFO - Filling up the DagBag from /home/airflow/.local/lib/python3.8/site-packages/airflow/example_dags/example_branch_labels.py
[2025-01-24T05:45:52.802+0000] {processor.py:839} INFO - DAG(s) dict_keys(['example_branch_labels']) retrieved from /home/airflow/.local/lib/python3.8/site-packages/airflow/example_dags/example_branch_labels.py
[2025-01-24T05:45:52.809+0000] {logging_mixin.py:151} INFO - [2025-01-24T05:45:52.809+0000] {dag.py:2915} INFO - Sync 1 DAGs
[2025-01-24T05:45:52.821+0000] {logging_mixin.py:151} INFO - [2025-01-24T05:45:52.821+0000] {dag.py:3696} INFO - Setting next_dagrun for example_branch_labels to 2025-01-23T00:00:00+00:00, run_after=2025-01-24T00:00:00+00:00
[2025-01-24T05:45:52.832+0000] {processor.py:179} INFO - Processing /home/airflow/.local/lib/python3.8/site-packages/airflow/example_dags/example_branch_labels.py took 0.039 seconds
[2025-01-24T05:46:23.080+0000] {processor.py:157} INFO - Started process (PID=137) to work on /home/airflow/.local/lib/python3.8/site-packages/airflow/example_dags/example_branch_labels.py
[2025-01-24T05:46:23.081+0000] {processor.py:829} INFO - Processing file /home/airflow/.local/lib/python3.8/site-packages/airflow/example_dags/example_branch_labels.py for tasks to queue
[2025-01-24T05:46:23.082+0000] {logging_mixin.py:151} INFO - [2025-01-24T05:46:23.082+0000] {dagbag.py:539} INFO - Filling up the DagBag from /home/airflow/.local/lib/python3.8/site-packages/airflow/example_dags/example_branch_labels.py
[2025-01-24T05:46:23.086+0000] {processor.py:839} INFO - DAG(s) dict_keys(['example_branch_labels']) retrieved from /home/airflow/.local/lib/python3.8/site-packages/airflow/example_dags/example_branch_labels.py
[2025-01-24T05:46:23.097+0000] {logging_mixin.py:151} INFO - [2025-01-24T05:46:23.097+0000] {dag.py:2915} INFO - Sync 1 DAGs
[2025-01-24T05:46:23.107+0000] {logging_mixin.py:151} INFO - [2025-01-24T05:46:23.107+0000] {dag.py:3696} INFO - Setting next_dagrun for example_branch_labels to 2025-01-23T00:00:00+00:00, run_after=2025-01-24T00:00:00+00:00
[2025-01-24T05:46:23.116+0000] {processor.py:179} INFO - Processing /home/airflow/.local/lib/python3.8/site-packages/airflow/example_dags/example_branch_labels.py took 0.038 seconds
[2025-01-24T05:46:53.722+0000] {processor.py:157} INFO - Started process (PID=190) to work on /home/airflow/.local/lib/python3.8/site-packages/airflow/example_dags/example_branch_labels.py
[2025-01-24T05:46:53.723+0000] {processor.py:829} INFO - Processing file /home/airflow/.local/lib/python3.8/site-packages/airflow/example_dags/example_branch_labels.py for tasks to queue
[2025-01-24T05:46:53.724+0000] {logging_mixin.py:151} INFO - [2025-01-24T05:46:53.724+0000] {dagbag.py:539} INFO - Filling up the DagBag from /home/airflow/.local/lib/python3.8/site-packages/airflow/example_dags/example_branch_labels.py
[2025-01-24T05:46:53.728+0000] {processor.py:839} INFO - DAG(s) dict_keys(['example_branch_labels']) retrieved from /home/airflow/.local/lib/python3.8/site-packages/airflow/example_dags/example_branch_labels.py
[2025-01-24T05:46:53.741+0000] {logging_mixin.py:151} INFO - [2025-01-24T05:46:53.741+0000] {dag.py:2915} INFO - Sync 1 DAGs
[2025-01-24T05:46:53.752+0000] {logging_mixin.py:151} INFO - [2025-01-24T05:46:53.752+0000] {dag.py:3696} INFO - Setting next_dagrun for example_branch_labels to 2025-01-23T00:00:00+00:00, run_after=2025-01-24T00:00:00+00:00
[2025-01-24T05:46:53.761+0000] {processor.py:179} INFO - Processing /home/airflow/.local/lib/python3.8/site-packages/airflow/example_dags/example_branch_labels.py took 0.041 seconds
[2025-01-24T05:47:24.387+0000] {processor.py:157} INFO - Started process (PID=244) to work on /home/airflow/.local/lib/python3.8/site-packages/airflow/example_dags/example_branch_labels.py
[2025-01-24T05:47:24.388+0000] {processor.py:829} INFO - Processing file /home/airflow/.local/lib/python3.8/site-packages/airflow/example_dags/example_branch_labels.py for tasks to queue
[2025-01-24T05:47:24.389+0000] {logging_mixin.py:151} INFO - [2025-01-24T05:47:24.389+0000] {dagbag.py:539} INFO - Filling up the DagBag from /home/airflow/.local/lib/python3.8/site-packages/airflow/example_dags/example_branch_labels.py
[2025-01-24T05:47:24.394+0000] {processor.py:839} INFO - DAG(s) dict_keys(['example_branch_labels']) retrieved from /home/airflow/.local/lib/python3.8/site-packages/airflow/example_dags/example_branch_labels.py
[2025-01-24T05:47:24.405+0000] {logging_mixin.py:151} INFO - [2025-01-24T05:47:24.405+0000] {dag.py:2915} INFO - Sync 1 DAGs
[2025-01-24T05:47:24.421+0000] {logging_mixin.py:151} INFO - [2025-01-24T05:47:24.421+0000] {dag.py:3696} INFO - Setting next_dagrun for example_branch_labels to 2025-01-23T00:00:00+00:00, run_after=2025-01-24T00:00:00+00:00
[2025-01-24T05:47:24.431+0000] {processor.py:179} INFO - Processing /home/airflow/.local/lib/python3.8/site-packages/airflow/example_dags/example_branch_labels.py took 0.046 seconds
[2025-01-24T05:47:55.191+0000] {processor.py:157} INFO - Started process (PID=299) to work on /home/airflow/.local/lib/python3.8/site-packages/airflow/example_dags/example_branch_labels.py
[2025-01-24T05:47:55.191+0000] {processor.py:829} INFO - Processing file /home/airflow/.local/lib/python3.8/site-packages/airflow/example_dags/example_branch_labels.py for tasks to queue
[2025-01-24T05:47:55.192+0000] {logging_mixin.py:151} INFO - [2025-01-24T05:47:55.192+0000] {dagbag.py:539} INFO - Filling up the DagBag from /home/airflow/.local/lib/python3.8/site-packages/airflow/example_dags/example_branch_labels.py
[2025-01-24T05:47:55.196+0000] {processor.py:839} INFO - DAG(s) dict_keys(['example_branch_labels']) retrieved from /home/airflow/.local/lib/python3.8/site-packages/airflow/example_dags/example_branch_labels.py
[2025-01-24T05:47:55.208+0000] {logging_mixin.py:151} INFO - [2025-01-24T05:47:55.208+0000] {dag.py:2915} INFO - Sync 1 DAGs
[2025-01-24T05:47:55.219+0000] {logging_mixin.py:151} INFO - [2025-01-24T05:47:55.219+0000] {dag.py:3696} INFO - Setting next_dagrun for example_branch_labels to 2025-01-23T00:00:00+00:00, run_after=2025-01-24T00:00:00+00:00
[2025-01-24T05:47:55.230+0000] {processor.py:179} INFO - Processing /home/airflow/.local/lib/python3.8/site-packages/airflow/example_dags/example_branch_labels.py took 0.041 seconds
