[2025-01-24T05:37:30.325+0000] {processor.py:157} INFO - Started process (PID=55) to work on /home/airflow/.local/lib/python3.8/site-packages/airflow/example_dags/example_branch_datetime_operator.py
[2025-01-24T05:37:30.326+0000] {processor.py:829} INFO - Processing file /home/airflow/.local/lib/python3.8/site-packages/airflow/example_dags/example_branch_datetime_operator.py for tasks to queue
[2025-01-24T05:37:30.327+0000] {logging_mixin.py:151} INFO - [2025-01-24T05:37:30.327+0000] {dagbag.py:539} INFO - Filling up the DagBag from /home/airflow/.local/lib/python3.8/site-packages/airflow/example_dags/example_branch_datetime_operator.py
[2025-01-24T05:37:30.333+0000] {processor.py:839} INFO - DAG(s) dict_keys(['example_branch_datetime_operator', 'example_branch_datetime_operator_2', 'example_branch_datetime_operator_3']) retrieved from /home/airflow/.local/lib/python3.8/site-packages/airflow/example_dags/example_branch_datetime_operator.py
[2025-01-24T05:37:30.340+0000] {logging_mixin.py:151} INFO - [2025-01-24T05:37:30.339+0000] {dag.py:2915} INFO - Sync 3 DAGs
[2025-01-24T05:37:30.354+0000] {logging_mixin.py:151} INFO - [2025-01-24T05:37:30.354+0000] {dag.py:3696} INFO - Setting next_dagrun for example_branch_datetime_operator to 2025-01-23T00:00:00+00:00, run_after=2025-01-24T00:00:00+00:00
[2025-01-24T05:37:30.357+0000] {logging_mixin.py:151} INFO - [2025-01-24T05:37:30.357+0000] {dag.py:3696} INFO - Setting next_dagrun for example_branch_datetime_operator_2 to 2025-01-23T00:00:00+00:00, run_after=2025-01-24T00:00:00+00:00
[2025-01-24T05:37:30.359+0000] {logging_mixin.py:151} INFO - [2025-01-24T05:37:30.359+0000] {dag.py:3696} INFO - Setting next_dagrun for example_branch_datetime_operator_3 to 2025-01-23T00:00:00+00:00, run_after=2025-01-24T00:00:00+00:00
[2025-01-24T05:37:30.374+0000] {processor.py:179} INFO - Processing /home/airflow/.local/lib/python3.8/site-packages/airflow/example_dags/example_branch_datetime_operator.py took 0.051 seconds
[2025-01-24T05:38:00.665+0000] {processor.py:157} INFO - Started process (PID=109) to work on /home/airflow/.local/lib/python3.8/site-packages/airflow/example_dags/example_branch_datetime_operator.py
[2025-01-24T05:38:00.665+0000] {processor.py:829} INFO - Processing file /home/airflow/.local/lib/python3.8/site-packages/airflow/example_dags/example_branch_datetime_operator.py for tasks to queue
[2025-01-24T05:38:00.666+0000] {logging_mixin.py:151} INFO - [2025-01-24T05:38:00.666+0000] {dagbag.py:539} INFO - Filling up the DagBag from /home/airflow/.local/lib/python3.8/site-packages/airflow/example_dags/example_branch_datetime_operator.py
[2025-01-24T05:38:00.671+0000] {processor.py:839} INFO - DAG(s) dict_keys(['example_branch_datetime_operator_3', 'example_branch_datetime_operator', 'example_branch_datetime_operator_2']) retrieved from /home/airflow/.local/lib/python3.8/site-packages/airflow/example_dags/example_branch_datetime_operator.py
[2025-01-24T05:38:00.685+0000] {logging_mixin.py:151} INFO - [2025-01-24T05:38:00.685+0000] {dag.py:2915} INFO - Sync 3 DAGs
[2025-01-24T05:38:00.696+0000] {logging_mixin.py:151} INFO - [2025-01-24T05:38:00.696+0000] {dag.py:3696} INFO - Setting next_dagrun for example_branch_datetime_operator to 2025-01-23T00:00:00+00:00, run_after=2025-01-24T00:00:00+00:00
[2025-01-24T05:38:00.698+0000] {logging_mixin.py:151} INFO - [2025-01-24T05:38:00.698+0000] {dag.py:3696} INFO - Setting next_dagrun for example_branch_datetime_operator_2 to 2025-01-23T00:00:00+00:00, run_after=2025-01-24T00:00:00+00:00
[2025-01-24T05:38:00.700+0000] {logging_mixin.py:151} INFO - [2025-01-24T05:38:00.699+0000] {dag.py:3696} INFO - Setting next_dagrun for example_branch_datetime_operator_3 to 2025-01-23T00:00:00+00:00, run_after=2025-01-24T00:00:00+00:00
[2025-01-24T05:38:00.707+0000] {processor.py:179} INFO - Processing /home/airflow/.local/lib/python3.8/site-packages/airflow/example_dags/example_branch_datetime_operator.py took 0.044 seconds
[2025-01-24T05:38:31.439+0000] {processor.py:157} INFO - Started process (PID=163) to work on /home/airflow/.local/lib/python3.8/site-packages/airflow/example_dags/example_branch_datetime_operator.py
[2025-01-24T05:38:31.439+0000] {processor.py:829} INFO - Processing file /home/airflow/.local/lib/python3.8/site-packages/airflow/example_dags/example_branch_datetime_operator.py for tasks to queue
[2025-01-24T05:38:31.440+0000] {logging_mixin.py:151} INFO - [2025-01-24T05:38:31.440+0000] {dagbag.py:539} INFO - Filling up the DagBag from /home/airflow/.local/lib/python3.8/site-packages/airflow/example_dags/example_branch_datetime_operator.py
[2025-01-24T05:38:31.446+0000] {processor.py:839} INFO - DAG(s) dict_keys(['example_branch_datetime_operator_3', 'example_branch_datetime_operator', 'example_branch_datetime_operator_2']) retrieved from /home/airflow/.local/lib/python3.8/site-packages/airflow/example_dags/example_branch_datetime_operator.py
[2025-01-24T05:38:31.461+0000] {logging_mixin.py:151} INFO - [2025-01-24T05:38:31.460+0000] {dag.py:2915} INFO - Sync 3 DAGs
[2025-01-24T05:38:31.478+0000] {logging_mixin.py:151} INFO - [2025-01-24T05:38:31.478+0000] {dag.py:3696} INFO - Setting next_dagrun for example_branch_datetime_operator to 2025-01-23T00:00:00+00:00, run_after=2025-01-24T00:00:00+00:00
[2025-01-24T05:38:31.481+0000] {logging_mixin.py:151} INFO - [2025-01-24T05:38:31.481+0000] {dag.py:3696} INFO - Setting next_dagrun for example_branch_datetime_operator_2 to 2025-01-23T00:00:00+00:00, run_after=2025-01-24T00:00:00+00:00
[2025-01-24T05:38:31.482+0000] {logging_mixin.py:151} INFO - [2025-01-24T05:38:31.482+0000] {dag.py:3696} INFO - Setting next_dagrun for example_branch_datetime_operator_3 to 2025-01-23T00:00:00+00:00, run_after=2025-01-24T00:00:00+00:00
[2025-01-24T05:38:31.494+0000] {processor.py:179} INFO - Processing /home/airflow/.local/lib/python3.8/site-packages/airflow/example_dags/example_branch_datetime_operator.py took 0.057 seconds
[2025-01-24T05:39:02.283+0000] {processor.py:157} INFO - Started process (PID=216) to work on /home/airflow/.local/lib/python3.8/site-packages/airflow/example_dags/example_branch_datetime_operator.py
[2025-01-24T05:39:02.283+0000] {processor.py:829} INFO - Processing file /home/airflow/.local/lib/python3.8/site-packages/airflow/example_dags/example_branch_datetime_operator.py for tasks to queue
[2025-01-24T05:39:02.285+0000] {logging_mixin.py:151} INFO - [2025-01-24T05:39:02.284+0000] {dagbag.py:539} INFO - Filling up the DagBag from /home/airflow/.local/lib/python3.8/site-packages/airflow/example_dags/example_branch_datetime_operator.py
[2025-01-24T05:39:02.291+0000] {processor.py:839} INFO - DAG(s) dict_keys(['example_branch_datetime_operator_2', 'example_branch_datetime_operator_3', 'example_branch_datetime_operator']) retrieved from /home/airflow/.local/lib/python3.8/site-packages/airflow/example_dags/example_branch_datetime_operator.py
[2025-01-24T05:39:02.313+0000] {logging_mixin.py:151} INFO - [2025-01-24T05:39:02.313+0000] {dag.py:2915} INFO - Sync 3 DAGs
[2025-01-24T05:39:02.326+0000] {logging_mixin.py:151} INFO - [2025-01-24T05:39:02.325+0000] {dag.py:3696} INFO - Setting next_dagrun for example_branch_datetime_operator to 2025-01-23T00:00:00+00:00, run_after=2025-01-24T00:00:00+00:00
[2025-01-24T05:39:02.328+0000] {logging_mixin.py:151} INFO - [2025-01-24T05:39:02.328+0000] {dag.py:3696} INFO - Setting next_dagrun for example_branch_datetime_operator_2 to 2025-01-23T00:00:00+00:00, run_after=2025-01-24T00:00:00+00:00
[2025-01-24T05:39:02.330+0000] {logging_mixin.py:151} INFO - [2025-01-24T05:39:02.329+0000] {dag.py:3696} INFO - Setting next_dagrun for example_branch_datetime_operator_3 to 2025-01-23T00:00:00+00:00, run_after=2025-01-24T00:00:00+00:00
[2025-01-24T05:39:02.342+0000] {processor.py:179} INFO - Processing /home/airflow/.local/lib/python3.8/site-packages/airflow/example_dags/example_branch_datetime_operator.py took 0.061 seconds
[2025-01-24T05:39:32.422+0000] {processor.py:157} INFO - Started process (PID=270) to work on /home/airflow/.local/lib/python3.8/site-packages/airflow/example_dags/example_branch_datetime_operator.py
[2025-01-24T05:39:32.423+0000] {processor.py:829} INFO - Processing file /home/airflow/.local/lib/python3.8/site-packages/airflow/example_dags/example_branch_datetime_operator.py for tasks to queue
[2025-01-24T05:39:32.424+0000] {logging_mixin.py:151} INFO - [2025-01-24T05:39:32.424+0000] {dagbag.py:539} INFO - Filling up the DagBag from /home/airflow/.local/lib/python3.8/site-packages/airflow/example_dags/example_branch_datetime_operator.py
[2025-01-24T05:39:32.430+0000] {processor.py:839} INFO - DAG(s) dict_keys(['example_branch_datetime_operator', 'example_branch_datetime_operator_3', 'example_branch_datetime_operator_2']) retrieved from /home/airflow/.local/lib/python3.8/site-packages/airflow/example_dags/example_branch_datetime_operator.py
[2025-01-24T05:39:32.445+0000] {logging_mixin.py:151} INFO - [2025-01-24T05:39:32.445+0000] {dag.py:2915} INFO - Sync 3 DAGs
[2025-01-24T05:39:32.457+0000] {logging_mixin.py:151} INFO - [2025-01-24T05:39:32.457+0000] {dag.py:3696} INFO - Setting next_dagrun for example_branch_datetime_operator to 2025-01-23T00:00:00+00:00, run_after=2025-01-24T00:00:00+00:00
[2025-01-24T05:39:32.459+0000] {logging_mixin.py:151} INFO - [2025-01-24T05:39:32.459+0000] {dag.py:3696} INFO - Setting next_dagrun for example_branch_datetime_operator_2 to 2025-01-23T00:00:00+00:00, run_after=2025-01-24T00:00:00+00:00
[2025-01-24T05:39:32.460+0000] {logging_mixin.py:151} INFO - [2025-01-24T05:39:32.460+0000] {dag.py:3696} INFO - Setting next_dagrun for example_branch_datetime_operator_3 to 2025-01-23T00:00:00+00:00, run_after=2025-01-24T00:00:00+00:00
[2025-01-24T05:39:32.468+0000] {processor.py:179} INFO - Processing /home/airflow/.local/lib/python3.8/site-packages/airflow/example_dags/example_branch_datetime_operator.py took 0.048 seconds
[2025-01-24T05:40:03.475+0000] {processor.py:157} INFO - Started process (PID=324) to work on /home/airflow/.local/lib/python3.8/site-packages/airflow/example_dags/example_branch_datetime_operator.py
[2025-01-24T05:40:03.479+0000] {processor.py:829} INFO - Processing file /home/airflow/.local/lib/python3.8/site-packages/airflow/example_dags/example_branch_datetime_operator.py for tasks to queue
[2025-01-24T05:40:03.481+0000] {logging_mixin.py:151} INFO - [2025-01-24T05:40:03.480+0000] {dagbag.py:539} INFO - Filling up the DagBag from /home/airflow/.local/lib/python3.8/site-packages/airflow/example_dags/example_branch_datetime_operator.py
[2025-01-24T05:40:03.486+0000] {processor.py:839} INFO - DAG(s) dict_keys(['example_branch_datetime_operator', 'example_branch_datetime_operator_3', 'example_branch_datetime_operator_2']) retrieved from /home/airflow/.local/lib/python3.8/site-packages/airflow/example_dags/example_branch_datetime_operator.py
[2025-01-24T05:40:03.500+0000] {logging_mixin.py:151} INFO - [2025-01-24T05:40:03.500+0000] {dag.py:2915} INFO - Sync 3 DAGs
[2025-01-24T05:40:03.517+0000] {logging_mixin.py:151} INFO - [2025-01-24T05:40:03.517+0000] {dag.py:3696} INFO - Setting next_dagrun for example_branch_datetime_operator to 2025-01-23T00:00:00+00:00, run_after=2025-01-24T00:00:00+00:00
[2025-01-24T05:40:03.520+0000] {logging_mixin.py:151} INFO - [2025-01-24T05:40:03.520+0000] {dag.py:3696} INFO - Setting next_dagrun for example_branch_datetime_operator_2 to 2025-01-23T00:00:00+00:00, run_after=2025-01-24T00:00:00+00:00
[2025-01-24T05:40:03.521+0000] {logging_mixin.py:151} INFO - [2025-01-24T05:40:03.521+0000] {dag.py:3696} INFO - Setting next_dagrun for example_branch_datetime_operator_3 to 2025-01-23T00:00:00+00:00, run_after=2025-01-24T00:00:00+00:00
[2025-01-24T05:40:03.529+0000] {processor.py:179} INFO - Processing /home/airflow/.local/lib/python3.8/site-packages/airflow/example_dags/example_branch_datetime_operator.py took 0.055 seconds
[2025-01-24T05:40:34.214+0000] {processor.py:157} INFO - Started process (PID=385) to work on /home/airflow/.local/lib/python3.8/site-packages/airflow/example_dags/example_branch_datetime_operator.py
[2025-01-24T05:40:34.215+0000] {processor.py:829} INFO - Processing file /home/airflow/.local/lib/python3.8/site-packages/airflow/example_dags/example_branch_datetime_operator.py for tasks to queue
[2025-01-24T05:40:34.216+0000] {logging_mixin.py:151} INFO - [2025-01-24T05:40:34.216+0000] {dagbag.py:539} INFO - Filling up the DagBag from /home/airflow/.local/lib/python3.8/site-packages/airflow/example_dags/example_branch_datetime_operator.py
[2025-01-24T05:40:34.221+0000] {processor.py:839} INFO - DAG(s) dict_keys(['example_branch_datetime_operator_3', 'example_branch_datetime_operator_2', 'example_branch_datetime_operator']) retrieved from /home/airflow/.local/lib/python3.8/site-packages/airflow/example_dags/example_branch_datetime_operator.py
[2025-01-24T05:40:34.235+0000] {logging_mixin.py:151} INFO - [2025-01-24T05:40:34.235+0000] {dag.py:2915} INFO - Sync 3 DAGs
[2025-01-24T05:40:34.246+0000] {logging_mixin.py:151} INFO - [2025-01-24T05:40:34.246+0000] {dag.py:3696} INFO - Setting next_dagrun for example_branch_datetime_operator to 2025-01-23T00:00:00+00:00, run_after=2025-01-24T00:00:00+00:00
[2025-01-24T05:40:34.250+0000] {logging_mixin.py:151} INFO - [2025-01-24T05:40:34.250+0000] {dag.py:3696} INFO - Setting next_dagrun for example_branch_datetime_operator_2 to 2025-01-23T00:00:00+00:00, run_after=2025-01-24T00:00:00+00:00
[2025-01-24T05:40:34.251+0000] {logging_mixin.py:151} INFO - [2025-01-24T05:40:34.251+0000] {dag.py:3696} INFO - Setting next_dagrun for example_branch_datetime_operator_3 to 2025-01-23T00:00:00+00:00, run_after=2025-01-24T00:00:00+00:00
[2025-01-24T05:40:34.259+0000] {processor.py:179} INFO - Processing /home/airflow/.local/lib/python3.8/site-packages/airflow/example_dags/example_branch_datetime_operator.py took 0.047 seconds
[2025-01-24T05:41:04.962+0000] {processor.py:157} INFO - Started process (PID=439) to work on /home/airflow/.local/lib/python3.8/site-packages/airflow/example_dags/example_branch_datetime_operator.py
[2025-01-24T05:41:04.966+0000] {processor.py:829} INFO - Processing file /home/airflow/.local/lib/python3.8/site-packages/airflow/example_dags/example_branch_datetime_operator.py for tasks to queue
[2025-01-24T05:41:04.967+0000] {logging_mixin.py:151} INFO - [2025-01-24T05:41:04.967+0000] {dagbag.py:539} INFO - Filling up the DagBag from /home/airflow/.local/lib/python3.8/site-packages/airflow/example_dags/example_branch_datetime_operator.py
[2025-01-24T05:41:04.972+0000] {processor.py:839} INFO - DAG(s) dict_keys(['example_branch_datetime_operator_2', 'example_branch_datetime_operator', 'example_branch_datetime_operator_3']) retrieved from /home/airflow/.local/lib/python3.8/site-packages/airflow/example_dags/example_branch_datetime_operator.py
[2025-01-24T05:41:04.987+0000] {logging_mixin.py:151} INFO - [2025-01-24T05:41:04.987+0000] {dag.py:2915} INFO - Sync 3 DAGs
[2025-01-24T05:41:04.999+0000] {logging_mixin.py:151} INFO - [2025-01-24T05:41:04.999+0000] {dag.py:3696} INFO - Setting next_dagrun for example_branch_datetime_operator to 2025-01-23T00:00:00+00:00, run_after=2025-01-24T00:00:00+00:00
[2025-01-24T05:41:05.002+0000] {logging_mixin.py:151} INFO - [2025-01-24T05:41:05.002+0000] {dag.py:3696} INFO - Setting next_dagrun for example_branch_datetime_operator_2 to 2025-01-23T00:00:00+00:00, run_after=2025-01-24T00:00:00+00:00
[2025-01-24T05:41:05.004+0000] {logging_mixin.py:151} INFO - [2025-01-24T05:41:05.003+0000] {dag.py:3696} INFO - Setting next_dagrun for example_branch_datetime_operator_3 to 2025-01-23T00:00:00+00:00, run_after=2025-01-24T00:00:00+00:00
[2025-01-24T05:41:05.011+0000] {processor.py:179} INFO - Processing /home/airflow/.local/lib/python3.8/site-packages/airflow/example_dags/example_branch_datetime_operator.py took 0.051 seconds
[2025-01-24T05:41:35.718+0000] {processor.py:157} INFO - Started process (PID=493) to work on /home/airflow/.local/lib/python3.8/site-packages/airflow/example_dags/example_branch_datetime_operator.py
[2025-01-24T05:41:35.722+0000] {processor.py:829} INFO - Processing file /home/airflow/.local/lib/python3.8/site-packages/airflow/example_dags/example_branch_datetime_operator.py for tasks to queue
[2025-01-24T05:41:35.723+0000] {logging_mixin.py:151} INFO - [2025-01-24T05:41:35.723+0000] {dagbag.py:539} INFO - Filling up the DagBag from /home/airflow/.local/lib/python3.8/site-packages/airflow/example_dags/example_branch_datetime_operator.py
[2025-01-24T05:41:35.728+0000] {processor.py:839} INFO - DAG(s) dict_keys(['example_branch_datetime_operator_3', 'example_branch_datetime_operator', 'example_branch_datetime_operator_2']) retrieved from /home/airflow/.local/lib/python3.8/site-packages/airflow/example_dags/example_branch_datetime_operator.py
[2025-01-24T05:41:35.742+0000] {logging_mixin.py:151} INFO - [2025-01-24T05:41:35.742+0000] {dag.py:2915} INFO - Sync 3 DAGs
[2025-01-24T05:41:35.753+0000] {logging_mixin.py:151} INFO - [2025-01-24T05:41:35.753+0000] {dag.py:3696} INFO - Setting next_dagrun for example_branch_datetime_operator to 2025-01-23T00:00:00+00:00, run_after=2025-01-24T00:00:00+00:00
[2025-01-24T05:41:35.757+0000] {logging_mixin.py:151} INFO - [2025-01-24T05:41:35.756+0000] {dag.py:3696} INFO - Setting next_dagrun for example_branch_datetime_operator_2 to 2025-01-23T00:00:00+00:00, run_after=2025-01-24T00:00:00+00:00
[2025-01-24T05:41:35.758+0000] {logging_mixin.py:151} INFO - [2025-01-24T05:41:35.758+0000] {dag.py:3696} INFO - Setting next_dagrun for example_branch_datetime_operator_3 to 2025-01-23T00:00:00+00:00, run_after=2025-01-24T00:00:00+00:00
[2025-01-24T05:41:35.767+0000] {processor.py:179} INFO - Processing /home/airflow/.local/lib/python3.8/site-packages/airflow/example_dags/example_branch_datetime_operator.py took 0.051 seconds
[2025-01-24T05:42:06.406+0000] {processor.py:157} INFO - Started process (PID=546) to work on /home/airflow/.local/lib/python3.8/site-packages/airflow/example_dags/example_branch_datetime_operator.py
[2025-01-24T05:42:06.406+0000] {processor.py:829} INFO - Processing file /home/airflow/.local/lib/python3.8/site-packages/airflow/example_dags/example_branch_datetime_operator.py for tasks to queue
[2025-01-24T05:42:06.408+0000] {logging_mixin.py:151} INFO - [2025-01-24T05:42:06.407+0000] {dagbag.py:539} INFO - Filling up the DagBag from /home/airflow/.local/lib/python3.8/site-packages/airflow/example_dags/example_branch_datetime_operator.py
[2025-01-24T05:42:06.412+0000] {processor.py:839} INFO - DAG(s) dict_keys(['example_branch_datetime_operator', 'example_branch_datetime_operator_3', 'example_branch_datetime_operator_2']) retrieved from /home/airflow/.local/lib/python3.8/site-packages/airflow/example_dags/example_branch_datetime_operator.py
[2025-01-24T05:42:06.428+0000] {logging_mixin.py:151} INFO - [2025-01-24T05:42:06.427+0000] {dag.py:2915} INFO - Sync 3 DAGs
[2025-01-24T05:42:06.439+0000] {logging_mixin.py:151} INFO - [2025-01-24T05:42:06.439+0000] {dag.py:3696} INFO - Setting next_dagrun for example_branch_datetime_operator to 2025-01-23T00:00:00+00:00, run_after=2025-01-24T00:00:00+00:00
[2025-01-24T05:42:06.441+0000] {logging_mixin.py:151} INFO - [2025-01-24T05:42:06.441+0000] {dag.py:3696} INFO - Setting next_dagrun for example_branch_datetime_operator_2 to 2025-01-23T00:00:00+00:00, run_after=2025-01-24T00:00:00+00:00
[2025-01-24T05:42:06.443+0000] {logging_mixin.py:151} INFO - [2025-01-24T05:42:06.442+0000] {dag.py:3696} INFO - Setting next_dagrun for example_branch_datetime_operator_3 to 2025-01-23T00:00:00+00:00, run_after=2025-01-24T00:00:00+00:00
[2025-01-24T05:42:06.450+0000] {processor.py:179} INFO - Processing /home/airflow/.local/lib/python3.8/site-packages/airflow/example_dags/example_branch_datetime_operator.py took 0.046 seconds
[2025-01-24T05:42:37.138+0000] {processor.py:157} INFO - Started process (PID=600) to work on /home/airflow/.local/lib/python3.8/site-packages/airflow/example_dags/example_branch_datetime_operator.py
[2025-01-24T05:42:37.139+0000] {processor.py:829} INFO - Processing file /home/airflow/.local/lib/python3.8/site-packages/airflow/example_dags/example_branch_datetime_operator.py for tasks to queue
[2025-01-24T05:42:37.141+0000] {logging_mixin.py:151} INFO - [2025-01-24T05:42:37.141+0000] {dagbag.py:539} INFO - Filling up the DagBag from /home/airflow/.local/lib/python3.8/site-packages/airflow/example_dags/example_branch_datetime_operator.py
[2025-01-24T05:42:37.146+0000] {processor.py:839} INFO - DAG(s) dict_keys(['example_branch_datetime_operator', 'example_branch_datetime_operator_3', 'example_branch_datetime_operator_2']) retrieved from /home/airflow/.local/lib/python3.8/site-packages/airflow/example_dags/example_branch_datetime_operator.py
[2025-01-24T05:42:37.160+0000] {logging_mixin.py:151} INFO - [2025-01-24T05:42:37.160+0000] {dag.py:2915} INFO - Sync 3 DAGs
[2025-01-24T05:42:37.171+0000] {logging_mixin.py:151} INFO - [2025-01-24T05:42:37.171+0000] {dag.py:3696} INFO - Setting next_dagrun for example_branch_datetime_operator to 2025-01-23T00:00:00+00:00, run_after=2025-01-24T00:00:00+00:00
[2025-01-24T05:42:37.173+0000] {logging_mixin.py:151} INFO - [2025-01-24T05:42:37.173+0000] {dag.py:3696} INFO - Setting next_dagrun for example_branch_datetime_operator_2 to 2025-01-23T00:00:00+00:00, run_after=2025-01-24T00:00:00+00:00
[2025-01-24T05:42:37.175+0000] {logging_mixin.py:151} INFO - [2025-01-24T05:42:37.174+0000] {dag.py:3696} INFO - Setting next_dagrun for example_branch_datetime_operator_3 to 2025-01-23T00:00:00+00:00, run_after=2025-01-24T00:00:00+00:00
[2025-01-24T05:42:37.183+0000] {processor.py:179} INFO - Processing /home/airflow/.local/lib/python3.8/site-packages/airflow/example_dags/example_branch_datetime_operator.py took 0.046 seconds
[2025-01-24T05:43:07.788+0000] {processor.py:157} INFO - Started process (PID=654) to work on /home/airflow/.local/lib/python3.8/site-packages/airflow/example_dags/example_branch_datetime_operator.py
[2025-01-24T05:43:07.788+0000] {processor.py:829} INFO - Processing file /home/airflow/.local/lib/python3.8/site-packages/airflow/example_dags/example_branch_datetime_operator.py for tasks to queue
[2025-01-24T05:43:07.791+0000] {logging_mixin.py:151} INFO - [2025-01-24T05:43:07.790+0000] {dagbag.py:539} INFO - Filling up the DagBag from /home/airflow/.local/lib/python3.8/site-packages/airflow/example_dags/example_branch_datetime_operator.py
[2025-01-24T05:43:07.797+0000] {processor.py:839} INFO - DAG(s) dict_keys(['example_branch_datetime_operator_3', 'example_branch_datetime_operator', 'example_branch_datetime_operator_2']) retrieved from /home/airflow/.local/lib/python3.8/site-packages/airflow/example_dags/example_branch_datetime_operator.py
[2025-01-24T05:43:07.813+0000] {logging_mixin.py:151} INFO - [2025-01-24T05:43:07.813+0000] {dag.py:2915} INFO - Sync 3 DAGs
[2025-01-24T05:43:07.824+0000] {logging_mixin.py:151} INFO - [2025-01-24T05:43:07.824+0000] {dag.py:3696} INFO - Setting next_dagrun for example_branch_datetime_operator to 2025-01-23T00:00:00+00:00, run_after=2025-01-24T00:00:00+00:00
[2025-01-24T05:43:07.827+0000] {logging_mixin.py:151} INFO - [2025-01-24T05:43:07.827+0000] {dag.py:3696} INFO - Setting next_dagrun for example_branch_datetime_operator_2 to 2025-01-23T00:00:00+00:00, run_after=2025-01-24T00:00:00+00:00
[2025-01-24T05:43:07.830+0000] {logging_mixin.py:151} INFO - [2025-01-24T05:43:07.830+0000] {dag.py:3696} INFO - Setting next_dagrun for example_branch_datetime_operator_3 to 2025-01-23T00:00:00+00:00, run_after=2025-01-24T00:00:00+00:00
[2025-01-24T05:43:07.841+0000] {processor.py:179} INFO - Processing /home/airflow/.local/lib/python3.8/site-packages/airflow/example_dags/example_branch_datetime_operator.py took 0.055 seconds
[2025-01-24T05:43:38.596+0000] {processor.py:157} INFO - Started process (PID=707) to work on /home/airflow/.local/lib/python3.8/site-packages/airflow/example_dags/example_branch_datetime_operator.py
[2025-01-24T05:43:38.597+0000] {processor.py:829} INFO - Processing file /home/airflow/.local/lib/python3.8/site-packages/airflow/example_dags/example_branch_datetime_operator.py for tasks to queue
[2025-01-24T05:43:38.598+0000] {logging_mixin.py:151} INFO - [2025-01-24T05:43:38.598+0000] {dagbag.py:539} INFO - Filling up the DagBag from /home/airflow/.local/lib/python3.8/site-packages/airflow/example_dags/example_branch_datetime_operator.py
[2025-01-24T05:43:38.603+0000] {processor.py:839} INFO - DAG(s) dict_keys(['example_branch_datetime_operator', 'example_branch_datetime_operator_3', 'example_branch_datetime_operator_2']) retrieved from /home/airflow/.local/lib/python3.8/site-packages/airflow/example_dags/example_branch_datetime_operator.py
[2025-01-24T05:43:38.616+0000] {logging_mixin.py:151} INFO - [2025-01-24T05:43:38.616+0000] {dag.py:2915} INFO - Sync 3 DAGs
[2025-01-24T05:43:38.629+0000] {logging_mixin.py:151} INFO - [2025-01-24T05:43:38.629+0000] {dag.py:3696} INFO - Setting next_dagrun for example_branch_datetime_operator to 2025-01-23T00:00:00+00:00, run_after=2025-01-24T00:00:00+00:00
[2025-01-24T05:43:38.631+0000] {logging_mixin.py:151} INFO - [2025-01-24T05:43:38.631+0000] {dag.py:3696} INFO - Setting next_dagrun for example_branch_datetime_operator_2 to 2025-01-23T00:00:00+00:00, run_after=2025-01-24T00:00:00+00:00
[2025-01-24T05:43:38.633+0000] {logging_mixin.py:151} INFO - [2025-01-24T05:43:38.632+0000] {dag.py:3696} INFO - Setting next_dagrun for example_branch_datetime_operator_3 to 2025-01-23T00:00:00+00:00, run_after=2025-01-24T00:00:00+00:00
[2025-01-24T05:43:38.643+0000] {processor.py:179} INFO - Processing /home/airflow/.local/lib/python3.8/site-packages/airflow/example_dags/example_branch_datetime_operator.py took 0.048 seconds
[2025-01-24T05:44:09.283+0000] {processor.py:157} INFO - Started process (PID=761) to work on /home/airflow/.local/lib/python3.8/site-packages/airflow/example_dags/example_branch_datetime_operator.py
[2025-01-24T05:44:09.284+0000] {processor.py:829} INFO - Processing file /home/airflow/.local/lib/python3.8/site-packages/airflow/example_dags/example_branch_datetime_operator.py for tasks to queue
[2025-01-24T05:44:09.285+0000] {logging_mixin.py:151} INFO - [2025-01-24T05:44:09.285+0000] {dagbag.py:539} INFO - Filling up the DagBag from /home/airflow/.local/lib/python3.8/site-packages/airflow/example_dags/example_branch_datetime_operator.py
[2025-01-24T05:44:09.290+0000] {processor.py:839} INFO - DAG(s) dict_keys(['example_branch_datetime_operator_3', 'example_branch_datetime_operator', 'example_branch_datetime_operator_2']) retrieved from /home/airflow/.local/lib/python3.8/site-packages/airflow/example_dags/example_branch_datetime_operator.py
[2025-01-24T05:44:09.304+0000] {logging_mixin.py:151} INFO - [2025-01-24T05:44:09.303+0000] {dag.py:2915} INFO - Sync 3 DAGs
[2025-01-24T05:44:09.317+0000] {logging_mixin.py:151} INFO - [2025-01-24T05:44:09.317+0000] {dag.py:3696} INFO - Setting next_dagrun for example_branch_datetime_operator to 2025-01-23T00:00:00+00:00, run_after=2025-01-24T00:00:00+00:00
[2025-01-24T05:44:09.320+0000] {logging_mixin.py:151} INFO - [2025-01-24T05:44:09.320+0000] {dag.py:3696} INFO - Setting next_dagrun for example_branch_datetime_operator_2 to 2025-01-23T00:00:00+00:00, run_after=2025-01-24T00:00:00+00:00
[2025-01-24T05:44:09.322+0000] {logging_mixin.py:151} INFO - [2025-01-24T05:44:09.322+0000] {dag.py:3696} INFO - Setting next_dagrun for example_branch_datetime_operator_3 to 2025-01-23T00:00:00+00:00, run_after=2025-01-24T00:00:00+00:00
[2025-01-24T05:44:09.330+0000] {processor.py:179} INFO - Processing /home/airflow/.local/lib/python3.8/site-packages/airflow/example_dags/example_branch_datetime_operator.py took 0.049 seconds
[2025-01-24T05:44:39.457+0000] {processor.py:157} INFO - Started process (PID=815) to work on /home/airflow/.local/lib/python3.8/site-packages/airflow/example_dags/example_branch_datetime_operator.py
[2025-01-24T05:44:39.458+0000] {processor.py:829} INFO - Processing file /home/airflow/.local/lib/python3.8/site-packages/airflow/example_dags/example_branch_datetime_operator.py for tasks to queue
[2025-01-24T05:44:39.459+0000] {logging_mixin.py:151} INFO - [2025-01-24T05:44:39.459+0000] {dagbag.py:539} INFO - Filling up the DagBag from /home/airflow/.local/lib/python3.8/site-packages/airflow/example_dags/example_branch_datetime_operator.py
[2025-01-24T05:44:39.464+0000] {processor.py:839} INFO - DAG(s) dict_keys(['example_branch_datetime_operator', 'example_branch_datetime_operator_3', 'example_branch_datetime_operator_2']) retrieved from /home/airflow/.local/lib/python3.8/site-packages/airflow/example_dags/example_branch_datetime_operator.py
[2025-01-24T05:44:39.482+0000] {logging_mixin.py:151} INFO - [2025-01-24T05:44:39.482+0000] {dag.py:2915} INFO - Sync 3 DAGs
[2025-01-24T05:44:39.495+0000] {logging_mixin.py:151} INFO - [2025-01-24T05:44:39.494+0000] {dag.py:3696} INFO - Setting next_dagrun for example_branch_datetime_operator to 2025-01-23T00:00:00+00:00, run_after=2025-01-24T00:00:00+00:00
[2025-01-24T05:44:39.497+0000] {logging_mixin.py:151} INFO - [2025-01-24T05:44:39.497+0000] {dag.py:3696} INFO - Setting next_dagrun for example_branch_datetime_operator_2 to 2025-01-23T00:00:00+00:00, run_after=2025-01-24T00:00:00+00:00
[2025-01-24T05:44:39.498+0000] {logging_mixin.py:151} INFO - [2025-01-24T05:44:39.498+0000] {dag.py:3696} INFO - Setting next_dagrun for example_branch_datetime_operator_3 to 2025-01-23T00:00:00+00:00, run_after=2025-01-24T00:00:00+00:00
[2025-01-24T05:44:39.509+0000] {processor.py:179} INFO - Processing /home/airflow/.local/lib/python3.8/site-packages/airflow/example_dags/example_branch_datetime_operator.py took 0.054 seconds
[2025-01-24T05:45:10.223+0000] {processor.py:157} INFO - Started process (PID=869) to work on /home/airflow/.local/lib/python3.8/site-packages/airflow/example_dags/example_branch_datetime_operator.py
[2025-01-24T05:45:10.223+0000] {processor.py:829} INFO - Processing file /home/airflow/.local/lib/python3.8/site-packages/airflow/example_dags/example_branch_datetime_operator.py for tasks to queue
[2025-01-24T05:45:10.224+0000] {logging_mixin.py:151} INFO - [2025-01-24T05:45:10.224+0000] {dagbag.py:539} INFO - Filling up the DagBag from /home/airflow/.local/lib/python3.8/site-packages/airflow/example_dags/example_branch_datetime_operator.py
[2025-01-24T05:45:10.230+0000] {processor.py:839} INFO - DAG(s) dict_keys(['example_branch_datetime_operator_3', 'example_branch_datetime_operator', 'example_branch_datetime_operator_2']) retrieved from /home/airflow/.local/lib/python3.8/site-packages/airflow/example_dags/example_branch_datetime_operator.py
[2025-01-24T05:45:10.248+0000] {logging_mixin.py:151} INFO - [2025-01-24T05:45:10.248+0000] {dag.py:2915} INFO - Sync 3 DAGs
[2025-01-24T05:45:10.263+0000] {logging_mixin.py:151} INFO - [2025-01-24T05:45:10.262+0000] {dag.py:3696} INFO - Setting next_dagrun for example_branch_datetime_operator to 2025-01-23T00:00:00+00:00, run_after=2025-01-24T00:00:00+00:00
[2025-01-24T05:45:10.266+0000] {logging_mixin.py:151} INFO - [2025-01-24T05:45:10.265+0000] {dag.py:3696} INFO - Setting next_dagrun for example_branch_datetime_operator_2 to 2025-01-23T00:00:00+00:00, run_after=2025-01-24T00:00:00+00:00
[2025-01-24T05:45:10.270+0000] {logging_mixin.py:151} INFO - [2025-01-24T05:45:10.270+0000] {dag.py:3696} INFO - Setting next_dagrun for example_branch_datetime_operator_3 to 2025-01-23T00:00:00+00:00, run_after=2025-01-24T00:00:00+00:00
[2025-01-24T05:45:10.283+0000] {processor.py:179} INFO - Processing /home/airflow/.local/lib/python3.8/site-packages/airflow/example_dags/example_branch_datetime_operator.py took 0.063 seconds
[2025-01-24T05:45:51.577+0000] {processor.py:157} INFO - Started process (PID=53) to work on /home/airflow/.local/lib/python3.8/site-packages/airflow/example_dags/example_branch_datetime_operator.py
[2025-01-24T05:45:51.579+0000] {processor.py:829} INFO - Processing file /home/airflow/.local/lib/python3.8/site-packages/airflow/example_dags/example_branch_datetime_operator.py for tasks to queue
[2025-01-24T05:45:51.581+0000] {logging_mixin.py:151} INFO - [2025-01-24T05:45:51.581+0000] {dagbag.py:539} INFO - Filling up the DagBag from /home/airflow/.local/lib/python3.8/site-packages/airflow/example_dags/example_branch_datetime_operator.py
[2025-01-24T05:45:51.587+0000] {processor.py:839} INFO - DAG(s) dict_keys(['example_branch_datetime_operator', 'example_branch_datetime_operator_3', 'example_branch_datetime_operator_2']) retrieved from /home/airflow/.local/lib/python3.8/site-packages/airflow/example_dags/example_branch_datetime_operator.py
[2025-01-24T05:45:51.598+0000] {logging_mixin.py:151} INFO - [2025-01-24T05:45:51.598+0000] {dag.py:2915} INFO - Sync 3 DAGs
[2025-01-24T05:45:51.613+0000] {logging_mixin.py:151} INFO - [2025-01-24T05:45:51.613+0000] {dag.py:3696} INFO - Setting next_dagrun for example_branch_datetime_operator to 2025-01-23T00:00:00+00:00, run_after=2025-01-24T00:00:00+00:00
[2025-01-24T05:45:51.616+0000] {logging_mixin.py:151} INFO - [2025-01-24T05:45:51.616+0000] {dag.py:3696} INFO - Setting next_dagrun for example_branch_datetime_operator_2 to 2025-01-23T00:00:00+00:00, run_after=2025-01-24T00:00:00+00:00
[2025-01-24T05:45:51.617+0000] {logging_mixin.py:151} INFO - [2025-01-24T05:45:51.617+0000] {dag.py:3696} INFO - Setting next_dagrun for example_branch_datetime_operator_3 to 2025-01-23T00:00:00+00:00, run_after=2025-01-24T00:00:00+00:00
[2025-01-24T05:45:51.626+0000] {processor.py:179} INFO - Processing /home/airflow/.local/lib/python3.8/site-packages/airflow/example_dags/example_branch_datetime_operator.py took 0.051 seconds
[2025-01-24T05:46:22.176+0000] {processor.py:157} INFO - Started process (PID=107) to work on /home/airflow/.local/lib/python3.8/site-packages/airflow/example_dags/example_branch_datetime_operator.py
[2025-01-24T05:46:22.177+0000] {processor.py:829} INFO - Processing file /home/airflow/.local/lib/python3.8/site-packages/airflow/example_dags/example_branch_datetime_operator.py for tasks to queue
[2025-01-24T05:46:22.178+0000] {logging_mixin.py:151} INFO - [2025-01-24T05:46:22.178+0000] {dagbag.py:539} INFO - Filling up the DagBag from /home/airflow/.local/lib/python3.8/site-packages/airflow/example_dags/example_branch_datetime_operator.py
[2025-01-24T05:46:22.183+0000] {processor.py:839} INFO - DAG(s) dict_keys(['example_branch_datetime_operator', 'example_branch_datetime_operator_2', 'example_branch_datetime_operator_3']) retrieved from /home/airflow/.local/lib/python3.8/site-packages/airflow/example_dags/example_branch_datetime_operator.py
[2025-01-24T05:46:22.197+0000] {logging_mixin.py:151} INFO - [2025-01-24T05:46:22.197+0000] {dag.py:2915} INFO - Sync 3 DAGs
[2025-01-24T05:46:22.210+0000] {logging_mixin.py:151} INFO - [2025-01-24T05:46:22.210+0000] {dag.py:3696} INFO - Setting next_dagrun for example_branch_datetime_operator to 2025-01-23T00:00:00+00:00, run_after=2025-01-24T00:00:00+00:00
[2025-01-24T05:46:22.213+0000] {logging_mixin.py:151} INFO - [2025-01-24T05:46:22.213+0000] {dag.py:3696} INFO - Setting next_dagrun for example_branch_datetime_operator_2 to 2025-01-23T00:00:00+00:00, run_after=2025-01-24T00:00:00+00:00
[2025-01-24T05:46:22.215+0000] {logging_mixin.py:151} INFO - [2025-01-24T05:46:22.215+0000] {dag.py:3696} INFO - Setting next_dagrun for example_branch_datetime_operator_3 to 2025-01-23T00:00:00+00:00, run_after=2025-01-24T00:00:00+00:00
[2025-01-24T05:46:22.223+0000] {processor.py:179} INFO - Processing /home/airflow/.local/lib/python3.8/site-packages/airflow/example_dags/example_branch_datetime_operator.py took 0.049 seconds
[2025-01-24T05:46:52.843+0000] {processor.py:157} INFO - Started process (PID=161) to work on /home/airflow/.local/lib/python3.8/site-packages/airflow/example_dags/example_branch_datetime_operator.py
[2025-01-24T05:46:52.844+0000] {processor.py:829} INFO - Processing file /home/airflow/.local/lib/python3.8/site-packages/airflow/example_dags/example_branch_datetime_operator.py for tasks to queue
[2025-01-24T05:46:52.845+0000] {logging_mixin.py:151} INFO - [2025-01-24T05:46:52.845+0000] {dagbag.py:539} INFO - Filling up the DagBag from /home/airflow/.local/lib/python3.8/site-packages/airflow/example_dags/example_branch_datetime_operator.py
[2025-01-24T05:46:52.850+0000] {processor.py:839} INFO - DAG(s) dict_keys(['example_branch_datetime_operator_3', 'example_branch_datetime_operator_2', 'example_branch_datetime_operator']) retrieved from /home/airflow/.local/lib/python3.8/site-packages/airflow/example_dags/example_branch_datetime_operator.py
[2025-01-24T05:46:52.868+0000] {logging_mixin.py:151} INFO - [2025-01-24T05:46:52.868+0000] {dag.py:2915} INFO - Sync 3 DAGs
[2025-01-24T05:46:52.879+0000] {logging_mixin.py:151} INFO - [2025-01-24T05:46:52.879+0000] {dag.py:3696} INFO - Setting next_dagrun for example_branch_datetime_operator to 2025-01-23T00:00:00+00:00, run_after=2025-01-24T00:00:00+00:00
[2025-01-24T05:46:52.882+0000] {logging_mixin.py:151} INFO - [2025-01-24T05:46:52.882+0000] {dag.py:3696} INFO - Setting next_dagrun for example_branch_datetime_operator_2 to 2025-01-23T00:00:00+00:00, run_after=2025-01-24T00:00:00+00:00
[2025-01-24T05:46:52.883+0000] {logging_mixin.py:151} INFO - [2025-01-24T05:46:52.883+0000] {dag.py:3696} INFO - Setting next_dagrun for example_branch_datetime_operator_3 to 2025-01-23T00:00:00+00:00, run_after=2025-01-24T00:00:00+00:00
[2025-01-24T05:46:52.891+0000] {processor.py:179} INFO - Processing /home/airflow/.local/lib/python3.8/site-packages/airflow/example_dags/example_branch_datetime_operator.py took 0.050 seconds
[2025-01-24T05:47:23.514+0000] {processor.py:157} INFO - Started process (PID=215) to work on /home/airflow/.local/lib/python3.8/site-packages/airflow/example_dags/example_branch_datetime_operator.py
[2025-01-24T05:47:23.515+0000] {processor.py:829} INFO - Processing file /home/airflow/.local/lib/python3.8/site-packages/airflow/example_dags/example_branch_datetime_operator.py for tasks to queue
[2025-01-24T05:47:23.516+0000] {logging_mixin.py:151} INFO - [2025-01-24T05:47:23.516+0000] {dagbag.py:539} INFO - Filling up the DagBag from /home/airflow/.local/lib/python3.8/site-packages/airflow/example_dags/example_branch_datetime_operator.py
[2025-01-24T05:47:23.521+0000] {processor.py:839} INFO - DAG(s) dict_keys(['example_branch_datetime_operator_2', 'example_branch_datetime_operator_3', 'example_branch_datetime_operator']) retrieved from /home/airflow/.local/lib/python3.8/site-packages/airflow/example_dags/example_branch_datetime_operator.py
[2025-01-24T05:47:23.538+0000] {logging_mixin.py:151} INFO - [2025-01-24T05:47:23.538+0000] {dag.py:2915} INFO - Sync 3 DAGs
[2025-01-24T05:47:23.548+0000] {logging_mixin.py:151} INFO - [2025-01-24T05:47:23.548+0000] {dag.py:3696} INFO - Setting next_dagrun for example_branch_datetime_operator to 2025-01-23T00:00:00+00:00, run_after=2025-01-24T00:00:00+00:00
[2025-01-24T05:47:23.550+0000] {logging_mixin.py:151} INFO - [2025-01-24T05:47:23.550+0000] {dag.py:3696} INFO - Setting next_dagrun for example_branch_datetime_operator_2 to 2025-01-23T00:00:00+00:00, run_after=2025-01-24T00:00:00+00:00
[2025-01-24T05:47:23.551+0000] {logging_mixin.py:151} INFO - [2025-01-24T05:47:23.551+0000] {dag.py:3696} INFO - Setting next_dagrun for example_branch_datetime_operator_3 to 2025-01-23T00:00:00+00:00, run_after=2025-01-24T00:00:00+00:00
[2025-01-24T05:47:23.559+0000] {processor.py:179} INFO - Processing /home/airflow/.local/lib/python3.8/site-packages/airflow/example_dags/example_branch_datetime_operator.py took 0.047 seconds
[2025-01-24T05:47:54.270+0000] {processor.py:157} INFO - Started process (PID=269) to work on /home/airflow/.local/lib/python3.8/site-packages/airflow/example_dags/example_branch_datetime_operator.py
[2025-01-24T05:47:54.271+0000] {processor.py:829} INFO - Processing file /home/airflow/.local/lib/python3.8/site-packages/airflow/example_dags/example_branch_datetime_operator.py for tasks to queue
[2025-01-24T05:47:54.272+0000] {logging_mixin.py:151} INFO - [2025-01-24T05:47:54.272+0000] {dagbag.py:539} INFO - Filling up the DagBag from /home/airflow/.local/lib/python3.8/site-packages/airflow/example_dags/example_branch_datetime_operator.py
[2025-01-24T05:47:54.277+0000] {processor.py:839} INFO - DAG(s) dict_keys(['example_branch_datetime_operator', 'example_branch_datetime_operator_2', 'example_branch_datetime_operator_3']) retrieved from /home/airflow/.local/lib/python3.8/site-packages/airflow/example_dags/example_branch_datetime_operator.py
[2025-01-24T05:47:54.292+0000] {logging_mixin.py:151} INFO - [2025-01-24T05:47:54.292+0000] {dag.py:2915} INFO - Sync 3 DAGs
[2025-01-24T05:47:54.304+0000] {logging_mixin.py:151} INFO - [2025-01-24T05:47:54.304+0000] {dag.py:3696} INFO - Setting next_dagrun for example_branch_datetime_operator to 2025-01-23T00:00:00+00:00, run_after=2025-01-24T00:00:00+00:00
[2025-01-24T05:47:54.306+0000] {logging_mixin.py:151} INFO - [2025-01-24T05:47:54.306+0000] {dag.py:3696} INFO - Setting next_dagrun for example_branch_datetime_operator_2 to 2025-01-23T00:00:00+00:00, run_after=2025-01-24T00:00:00+00:00
[2025-01-24T05:47:54.307+0000] {logging_mixin.py:151} INFO - [2025-01-24T05:47:54.307+0000] {dag.py:3696} INFO - Setting next_dagrun for example_branch_datetime_operator_3 to 2025-01-23T00:00:00+00:00, run_after=2025-01-24T00:00:00+00:00
[2025-01-24T05:47:54.315+0000] {processor.py:179} INFO - Processing /home/airflow/.local/lib/python3.8/site-packages/airflow/example_dags/example_branch_datetime_operator.py took 0.048 seconds
