[2025-01-24T05:37:31.343+0000] {processor.py:157} INFO - Started process (PID=75) to work on /home/airflow/.local/lib/python3.8/site-packages/airflow/example_dags/example_setup_teardown.py
[2025-01-24T05:37:31.344+0000] {processor.py:829} INFO - Processing file /home/airflow/.local/lib/python3.8/site-packages/airflow/example_dags/example_setup_teardown.py for tasks to queue
[2025-01-24T05:37:31.346+0000] {logging_mixin.py:151} INFO - [2025-01-24T05:37:31.346+0000] {dagbag.py:539} INFO - Filling up the DagBag from /home/airflow/.local/lib/python3.8/site-packages/airflow/example_dags/example_setup_teardown.py
[2025-01-24T05:37:31.352+0000] {processor.py:839} INFO - DAG(s) dict_keys(['example_setup_teardown']) retrieved from /home/airflow/.local/lib/python3.8/site-packages/airflow/example_dags/example_setup_teardown.py
[2025-01-24T05:37:31.361+0000] {logging_mixin.py:151} INFO - [2025-01-24T05:37:31.361+0000] {dag.py:2915} INFO - Sync 1 DAGs
[2025-01-24T05:37:31.375+0000] {logging_mixin.py:151} INFO - [2025-01-24T05:37:31.374+0000] {dag.py:3696} INFO - Setting next_dagrun for example_setup_teardown to 2025-01-23T05:37:31.374853+00:00, run_after=2025-01-24T05:37:31.374853+00:00
[2025-01-24T05:37:31.399+0000] {processor.py:179} INFO - Processing /home/airflow/.local/lib/python3.8/site-packages/airflow/example_dags/example_setup_teardown.py took 0.059 seconds
[2025-01-24T05:38:02.331+0000] {processor.py:157} INFO - Started process (PID=129) to work on /home/airflow/.local/lib/python3.8/site-packages/airflow/example_dags/example_setup_teardown.py
[2025-01-24T05:38:02.331+0000] {processor.py:829} INFO - Processing file /home/airflow/.local/lib/python3.8/site-packages/airflow/example_dags/example_setup_teardown.py for tasks to queue
[2025-01-24T05:38:02.332+0000] {logging_mixin.py:151} INFO - [2025-01-24T05:38:02.332+0000] {dagbag.py:539} INFO - Filling up the DagBag from /home/airflow/.local/lib/python3.8/site-packages/airflow/example_dags/example_setup_teardown.py
[2025-01-24T05:38:02.336+0000] {processor.py:839} INFO - DAG(s) dict_keys(['example_setup_teardown']) retrieved from /home/airflow/.local/lib/python3.8/site-packages/airflow/example_dags/example_setup_teardown.py
[2025-01-24T05:38:02.352+0000] {logging_mixin.py:151} INFO - [2025-01-24T05:38:02.352+0000] {dag.py:2915} INFO - Sync 1 DAGs
[2025-01-24T05:38:02.362+0000] {logging_mixin.py:151} INFO - [2025-01-24T05:38:02.362+0000] {dag.py:3696} INFO - Setting next_dagrun for example_setup_teardown to 2025-01-23T05:38:02.362232+00:00, run_after=2025-01-24T05:38:02.362232+00:00
[2025-01-24T05:38:02.371+0000] {processor.py:179} INFO - Processing /home/airflow/.local/lib/python3.8/site-packages/airflow/example_dags/example_setup_teardown.py took 0.043 seconds
[2025-01-24T05:38:33.086+0000] {processor.py:157} INFO - Started process (PID=183) to work on /home/airflow/.local/lib/python3.8/site-packages/airflow/example_dags/example_setup_teardown.py
[2025-01-24T05:38:33.087+0000] {processor.py:829} INFO - Processing file /home/airflow/.local/lib/python3.8/site-packages/airflow/example_dags/example_setup_teardown.py for tasks to queue
[2025-01-24T05:38:33.088+0000] {logging_mixin.py:151} INFO - [2025-01-24T05:38:33.088+0000] {dagbag.py:539} INFO - Filling up the DagBag from /home/airflow/.local/lib/python3.8/site-packages/airflow/example_dags/example_setup_teardown.py
[2025-01-24T05:38:33.091+0000] {processor.py:839} INFO - DAG(s) dict_keys(['example_setup_teardown']) retrieved from /home/airflow/.local/lib/python3.8/site-packages/airflow/example_dags/example_setup_teardown.py
[2025-01-24T05:38:33.102+0000] {logging_mixin.py:151} INFO - [2025-01-24T05:38:33.101+0000] {dag.py:2915} INFO - Sync 1 DAGs
[2025-01-24T05:38:33.111+0000] {logging_mixin.py:151} INFO - [2025-01-24T05:38:33.111+0000] {dag.py:3696} INFO - Setting next_dagrun for example_setup_teardown to 2025-01-23T05:38:33.111356+00:00, run_after=2025-01-24T05:38:33.111356+00:00
[2025-01-24T05:38:33.119+0000] {processor.py:179} INFO - Processing /home/airflow/.local/lib/python3.8/site-packages/airflow/example_dags/example_setup_teardown.py took 0.034 seconds
[2025-01-24T05:39:04.050+0000] {processor.py:157} INFO - Started process (PID=243) to work on /home/airflow/.local/lib/python3.8/site-packages/airflow/example_dags/example_setup_teardown.py
[2025-01-24T05:39:04.053+0000] {processor.py:829} INFO - Processing file /home/airflow/.local/lib/python3.8/site-packages/airflow/example_dags/example_setup_teardown.py for tasks to queue
[2025-01-24T05:39:04.054+0000] {logging_mixin.py:151} INFO - [2025-01-24T05:39:04.054+0000] {dagbag.py:539} INFO - Filling up the DagBag from /home/airflow/.local/lib/python3.8/site-packages/airflow/example_dags/example_setup_teardown.py
[2025-01-24T05:39:04.058+0000] {processor.py:839} INFO - DAG(s) dict_keys(['example_setup_teardown']) retrieved from /home/airflow/.local/lib/python3.8/site-packages/airflow/example_dags/example_setup_teardown.py
[2025-01-24T05:39:04.072+0000] {logging_mixin.py:151} INFO - [2025-01-24T05:39:04.072+0000] {dag.py:2915} INFO - Sync 1 DAGs
[2025-01-24T05:39:04.088+0000] {logging_mixin.py:151} INFO - [2025-01-24T05:39:04.088+0000] {dag.py:3696} INFO - Setting next_dagrun for example_setup_teardown to 2025-01-23T05:39:04.087763+00:00, run_after=2025-01-24T05:39:04.087763+00:00
[2025-01-24T05:39:04.099+0000] {processor.py:179} INFO - Processing /home/airflow/.local/lib/python3.8/site-packages/airflow/example_dags/example_setup_teardown.py took 0.052 seconds
[2025-01-24T05:39:34.198+0000] {processor.py:157} INFO - Started process (PID=297) to work on /home/airflow/.local/lib/python3.8/site-packages/airflow/example_dags/example_setup_teardown.py
[2025-01-24T05:39:34.201+0000] {processor.py:829} INFO - Processing file /home/airflow/.local/lib/python3.8/site-packages/airflow/example_dags/example_setup_teardown.py for tasks to queue
[2025-01-24T05:39:34.203+0000] {logging_mixin.py:151} INFO - [2025-01-24T05:39:34.203+0000] {dagbag.py:539} INFO - Filling up the DagBag from /home/airflow/.local/lib/python3.8/site-packages/airflow/example_dags/example_setup_teardown.py
[2025-01-24T05:39:34.206+0000] {processor.py:839} INFO - DAG(s) dict_keys(['example_setup_teardown']) retrieved from /home/airflow/.local/lib/python3.8/site-packages/airflow/example_dags/example_setup_teardown.py
[2025-01-24T05:39:34.218+0000] {logging_mixin.py:151} INFO - [2025-01-24T05:39:34.218+0000] {dag.py:2915} INFO - Sync 1 DAGs
[2025-01-24T05:39:34.230+0000] {logging_mixin.py:151} INFO - [2025-01-24T05:39:34.230+0000] {dag.py:3696} INFO - Setting next_dagrun for example_setup_teardown to 2025-01-23T05:39:34.230240+00:00, run_after=2025-01-24T05:39:34.230240+00:00
[2025-01-24T05:39:34.239+0000] {processor.py:179} INFO - Processing /home/airflow/.local/lib/python3.8/site-packages/airflow/example_dags/example_setup_teardown.py took 0.042 seconds
[2025-01-24T05:40:05.133+0000] {processor.py:157} INFO - Started process (PID=351) to work on /home/airflow/.local/lib/python3.8/site-packages/airflow/example_dags/example_setup_teardown.py
[2025-01-24T05:40:05.133+0000] {processor.py:829} INFO - Processing file /home/airflow/.local/lib/python3.8/site-packages/airflow/example_dags/example_setup_teardown.py for tasks to queue
[2025-01-24T05:40:05.134+0000] {logging_mixin.py:151} INFO - [2025-01-24T05:40:05.134+0000] {dagbag.py:539} INFO - Filling up the DagBag from /home/airflow/.local/lib/python3.8/site-packages/airflow/example_dags/example_setup_teardown.py
[2025-01-24T05:40:05.138+0000] {processor.py:839} INFO - DAG(s) dict_keys(['example_setup_teardown']) retrieved from /home/airflow/.local/lib/python3.8/site-packages/airflow/example_dags/example_setup_teardown.py
[2025-01-24T05:40:05.149+0000] {logging_mixin.py:151} INFO - [2025-01-24T05:40:05.149+0000] {dag.py:2915} INFO - Sync 1 DAGs
[2025-01-24T05:40:05.159+0000] {logging_mixin.py:151} INFO - [2025-01-24T05:40:05.159+0000] {dag.py:3696} INFO - Setting next_dagrun for example_setup_teardown to 2025-01-23T05:40:05.158891+00:00, run_after=2025-01-24T05:40:05.158891+00:00
[2025-01-24T05:40:05.166+0000] {processor.py:179} INFO - Processing /home/airflow/.local/lib/python3.8/site-packages/airflow/example_dags/example_setup_teardown.py took 0.035 seconds
[2025-01-24T05:40:35.879+0000] {processor.py:157} INFO - Started process (PID=405) to work on /home/airflow/.local/lib/python3.8/site-packages/airflow/example_dags/example_setup_teardown.py
[2025-01-24T05:40:35.879+0000] {processor.py:829} INFO - Processing file /home/airflow/.local/lib/python3.8/site-packages/airflow/example_dags/example_setup_teardown.py for tasks to queue
[2025-01-24T05:40:35.881+0000] {logging_mixin.py:151} INFO - [2025-01-24T05:40:35.881+0000] {dagbag.py:539} INFO - Filling up the DagBag from /home/airflow/.local/lib/python3.8/site-packages/airflow/example_dags/example_setup_teardown.py
[2025-01-24T05:40:35.884+0000] {processor.py:839} INFO - DAG(s) dict_keys(['example_setup_teardown']) retrieved from /home/airflow/.local/lib/python3.8/site-packages/airflow/example_dags/example_setup_teardown.py
[2025-01-24T05:40:35.895+0000] {logging_mixin.py:151} INFO - [2025-01-24T05:40:35.894+0000] {dag.py:2915} INFO - Sync 1 DAGs
[2025-01-24T05:40:35.906+0000] {logging_mixin.py:151} INFO - [2025-01-24T05:40:35.906+0000] {dag.py:3696} INFO - Setting next_dagrun for example_setup_teardown to 2025-01-23T05:40:35.906352+00:00, run_after=2025-01-24T05:40:35.906352+00:00
[2025-01-24T05:40:35.917+0000] {processor.py:179} INFO - Processing /home/airflow/.local/lib/python3.8/site-packages/airflow/example_dags/example_setup_teardown.py took 0.040 seconds
[2025-01-24T05:41:06.577+0000] {processor.py:157} INFO - Started process (PID=459) to work on /home/airflow/.local/lib/python3.8/site-packages/airflow/example_dags/example_setup_teardown.py
[2025-01-24T05:41:06.577+0000] {processor.py:829} INFO - Processing file /home/airflow/.local/lib/python3.8/site-packages/airflow/example_dags/example_setup_teardown.py for tasks to queue
[2025-01-24T05:41:06.579+0000] {logging_mixin.py:151} INFO - [2025-01-24T05:41:06.579+0000] {dagbag.py:539} INFO - Filling up the DagBag from /home/airflow/.local/lib/python3.8/site-packages/airflow/example_dags/example_setup_teardown.py
[2025-01-24T05:41:06.582+0000] {processor.py:839} INFO - DAG(s) dict_keys(['example_setup_teardown']) retrieved from /home/airflow/.local/lib/python3.8/site-packages/airflow/example_dags/example_setup_teardown.py
[2025-01-24T05:41:06.593+0000] {logging_mixin.py:151} INFO - [2025-01-24T05:41:06.593+0000] {dag.py:2915} INFO - Sync 1 DAGs
[2025-01-24T05:41:06.604+0000] {logging_mixin.py:151} INFO - [2025-01-24T05:41:06.603+0000] {dag.py:3696} INFO - Setting next_dagrun for example_setup_teardown to 2025-01-23T05:41:06.603855+00:00, run_after=2025-01-24T05:41:06.603855+00:00
[2025-01-24T05:41:06.612+0000] {processor.py:179} INFO - Processing /home/airflow/.local/lib/python3.8/site-packages/airflow/example_dags/example_setup_teardown.py took 0.037 seconds
[2025-01-24T05:41:37.343+0000] {processor.py:157} INFO - Started process (PID=513) to work on /home/airflow/.local/lib/python3.8/site-packages/airflow/example_dags/example_setup_teardown.py
[2025-01-24T05:41:37.344+0000] {processor.py:829} INFO - Processing file /home/airflow/.local/lib/python3.8/site-packages/airflow/example_dags/example_setup_teardown.py for tasks to queue
[2025-01-24T05:41:37.345+0000] {logging_mixin.py:151} INFO - [2025-01-24T05:41:37.345+0000] {dagbag.py:539} INFO - Filling up the DagBag from /home/airflow/.local/lib/python3.8/site-packages/airflow/example_dags/example_setup_teardown.py
[2025-01-24T05:41:37.349+0000] {processor.py:839} INFO - DAG(s) dict_keys(['example_setup_teardown']) retrieved from /home/airflow/.local/lib/python3.8/site-packages/airflow/example_dags/example_setup_teardown.py
[2025-01-24T05:41:37.362+0000] {logging_mixin.py:151} INFO - [2025-01-24T05:41:37.362+0000] {dag.py:2915} INFO - Sync 1 DAGs
[2025-01-24T05:41:37.373+0000] {logging_mixin.py:151} INFO - [2025-01-24T05:41:37.373+0000] {dag.py:3696} INFO - Setting next_dagrun for example_setup_teardown to 2025-01-23T05:41:37.372975+00:00, run_after=2025-01-24T05:41:37.372975+00:00
[2025-01-24T05:41:37.381+0000] {processor.py:179} INFO - Processing /home/airflow/.local/lib/python3.8/site-packages/airflow/example_dags/example_setup_teardown.py took 0.040 seconds
[2025-01-24T05:42:08.099+0000] {processor.py:157} INFO - Started process (PID=566) to work on /home/airflow/.local/lib/python3.8/site-packages/airflow/example_dags/example_setup_teardown.py
[2025-01-24T05:42:08.099+0000] {processor.py:829} INFO - Processing file /home/airflow/.local/lib/python3.8/site-packages/airflow/example_dags/example_setup_teardown.py for tasks to queue
[2025-01-24T05:42:08.101+0000] {logging_mixin.py:151} INFO - [2025-01-24T05:42:08.101+0000] {dagbag.py:539} INFO - Filling up the DagBag from /home/airflow/.local/lib/python3.8/site-packages/airflow/example_dags/example_setup_teardown.py
[2025-01-24T05:42:08.105+0000] {processor.py:839} INFO - DAG(s) dict_keys(['example_setup_teardown']) retrieved from /home/airflow/.local/lib/python3.8/site-packages/airflow/example_dags/example_setup_teardown.py
[2025-01-24T05:42:08.116+0000] {logging_mixin.py:151} INFO - [2025-01-24T05:42:08.116+0000] {dag.py:2915} INFO - Sync 1 DAGs
[2025-01-24T05:42:08.127+0000] {logging_mixin.py:151} INFO - [2025-01-24T05:42:08.127+0000] {dag.py:3696} INFO - Setting next_dagrun for example_setup_teardown to 2025-01-23T05:42:08.127138+00:00, run_after=2025-01-24T05:42:08.127138+00:00
[2025-01-24T05:42:08.136+0000] {processor.py:179} INFO - Processing /home/airflow/.local/lib/python3.8/site-packages/airflow/example_dags/example_setup_teardown.py took 0.039 seconds
[2025-01-24T05:42:38.728+0000] {processor.py:157} INFO - Started process (PID=620) to work on /home/airflow/.local/lib/python3.8/site-packages/airflow/example_dags/example_setup_teardown.py
[2025-01-24T05:42:38.729+0000] {processor.py:829} INFO - Processing file /home/airflow/.local/lib/python3.8/site-packages/airflow/example_dags/example_setup_teardown.py for tasks to queue
[2025-01-24T05:42:38.730+0000] {logging_mixin.py:151} INFO - [2025-01-24T05:42:38.730+0000] {dagbag.py:539} INFO - Filling up the DagBag from /home/airflow/.local/lib/python3.8/site-packages/airflow/example_dags/example_setup_teardown.py
[2025-01-24T05:42:38.733+0000] {processor.py:839} INFO - DAG(s) dict_keys(['example_setup_teardown']) retrieved from /home/airflow/.local/lib/python3.8/site-packages/airflow/example_dags/example_setup_teardown.py
[2025-01-24T05:42:38.746+0000] {logging_mixin.py:151} INFO - [2025-01-24T05:42:38.746+0000] {dag.py:2915} INFO - Sync 1 DAGs
[2025-01-24T05:42:38.757+0000] {logging_mixin.py:151} INFO - [2025-01-24T05:42:38.757+0000] {dag.py:3696} INFO - Setting next_dagrun for example_setup_teardown to 2025-01-23T05:42:38.757483+00:00, run_after=2025-01-24T05:42:38.757483+00:00
[2025-01-24T05:42:38.766+0000] {processor.py:179} INFO - Processing /home/airflow/.local/lib/python3.8/site-packages/airflow/example_dags/example_setup_teardown.py took 0.040 seconds
[2025-01-24T05:43:09.464+0000] {processor.py:157} INFO - Started process (PID=674) to work on /home/airflow/.local/lib/python3.8/site-packages/airflow/example_dags/example_setup_teardown.py
[2025-01-24T05:43:09.465+0000] {processor.py:829} INFO - Processing file /home/airflow/.local/lib/python3.8/site-packages/airflow/example_dags/example_setup_teardown.py for tasks to queue
[2025-01-24T05:43:09.466+0000] {logging_mixin.py:151} INFO - [2025-01-24T05:43:09.466+0000] {dagbag.py:539} INFO - Filling up the DagBag from /home/airflow/.local/lib/python3.8/site-packages/airflow/example_dags/example_setup_teardown.py
[2025-01-24T05:43:09.469+0000] {processor.py:839} INFO - DAG(s) dict_keys(['example_setup_teardown']) retrieved from /home/airflow/.local/lib/python3.8/site-packages/airflow/example_dags/example_setup_teardown.py
[2025-01-24T05:43:09.484+0000] {logging_mixin.py:151} INFO - [2025-01-24T05:43:09.484+0000] {dag.py:2915} INFO - Sync 1 DAGs
[2025-01-24T05:43:09.495+0000] {logging_mixin.py:151} INFO - [2025-01-24T05:43:09.495+0000] {dag.py:3696} INFO - Setting next_dagrun for example_setup_teardown to 2025-01-23T05:43:09.495424+00:00, run_after=2025-01-24T05:43:09.495424+00:00
[2025-01-24T05:43:09.506+0000] {processor.py:179} INFO - Processing /home/airflow/.local/lib/python3.8/site-packages/airflow/example_dags/example_setup_teardown.py took 0.044 seconds
[2025-01-24T05:43:40.248+0000] {processor.py:157} INFO - Started process (PID=727) to work on /home/airflow/.local/lib/python3.8/site-packages/airflow/example_dags/example_setup_teardown.py
[2025-01-24T05:43:40.248+0000] {processor.py:829} INFO - Processing file /home/airflow/.local/lib/python3.8/site-packages/airflow/example_dags/example_setup_teardown.py for tasks to queue
[2025-01-24T05:43:40.250+0000] {logging_mixin.py:151} INFO - [2025-01-24T05:43:40.250+0000] {dagbag.py:539} INFO - Filling up the DagBag from /home/airflow/.local/lib/python3.8/site-packages/airflow/example_dags/example_setup_teardown.py
[2025-01-24T05:43:40.253+0000] {processor.py:839} INFO - DAG(s) dict_keys(['example_setup_teardown']) retrieved from /home/airflow/.local/lib/python3.8/site-packages/airflow/example_dags/example_setup_teardown.py
[2025-01-24T05:43:40.264+0000] {logging_mixin.py:151} INFO - [2025-01-24T05:43:40.264+0000] {dag.py:2915} INFO - Sync 1 DAGs
[2025-01-24T05:43:40.275+0000] {logging_mixin.py:151} INFO - [2025-01-24T05:43:40.275+0000] {dag.py:3696} INFO - Setting next_dagrun for example_setup_teardown to 2025-01-23T05:43:40.275726+00:00, run_after=2025-01-24T05:43:40.275726+00:00
[2025-01-24T05:43:40.285+0000] {processor.py:179} INFO - Processing /home/airflow/.local/lib/python3.8/site-packages/airflow/example_dags/example_setup_teardown.py took 0.039 seconds
[2025-01-24T05:44:10.957+0000] {processor.py:157} INFO - Started process (PID=781) to work on /home/airflow/.local/lib/python3.8/site-packages/airflow/example_dags/example_setup_teardown.py
[2025-01-24T05:44:10.957+0000] {processor.py:829} INFO - Processing file /home/airflow/.local/lib/python3.8/site-packages/airflow/example_dags/example_setup_teardown.py for tasks to queue
[2025-01-24T05:44:10.959+0000] {logging_mixin.py:151} INFO - [2025-01-24T05:44:10.958+0000] {dagbag.py:539} INFO - Filling up the DagBag from /home/airflow/.local/lib/python3.8/site-packages/airflow/example_dags/example_setup_teardown.py
[2025-01-24T05:44:10.963+0000] {processor.py:839} INFO - DAG(s) dict_keys(['example_setup_teardown']) retrieved from /home/airflow/.local/lib/python3.8/site-packages/airflow/example_dags/example_setup_teardown.py
[2025-01-24T05:44:10.974+0000] {logging_mixin.py:151} INFO - [2025-01-24T05:44:10.974+0000] {dag.py:2915} INFO - Sync 1 DAGs
[2025-01-24T05:44:10.996+0000] {logging_mixin.py:151} INFO - [2025-01-24T05:44:10.996+0000] {dag.py:3696} INFO - Setting next_dagrun for example_setup_teardown to 2025-01-23T05:44:10.996375+00:00, run_after=2025-01-24T05:44:10.996375+00:00
[2025-01-24T05:44:11.007+0000] {processor.py:179} INFO - Processing /home/airflow/.local/lib/python3.8/site-packages/airflow/example_dags/example_setup_teardown.py took 0.052 seconds
[2025-01-24T05:44:41.058+0000] {processor.py:157} INFO - Started process (PID=835) to work on /home/airflow/.local/lib/python3.8/site-packages/airflow/example_dags/example_setup_teardown.py
[2025-01-24T05:44:41.059+0000] {processor.py:829} INFO - Processing file /home/airflow/.local/lib/python3.8/site-packages/airflow/example_dags/example_setup_teardown.py for tasks to queue
[2025-01-24T05:44:41.060+0000] {logging_mixin.py:151} INFO - [2025-01-24T05:44:41.060+0000] {dagbag.py:539} INFO - Filling up the DagBag from /home/airflow/.local/lib/python3.8/site-packages/airflow/example_dags/example_setup_teardown.py
[2025-01-24T05:44:41.064+0000] {processor.py:839} INFO - DAG(s) dict_keys(['example_setup_teardown']) retrieved from /home/airflow/.local/lib/python3.8/site-packages/airflow/example_dags/example_setup_teardown.py
[2025-01-24T05:44:41.075+0000] {logging_mixin.py:151} INFO - [2025-01-24T05:44:41.075+0000] {dag.py:2915} INFO - Sync 1 DAGs
[2025-01-24T05:44:41.086+0000] {logging_mixin.py:151} INFO - [2025-01-24T05:44:41.085+0000] {dag.py:3696} INFO - Setting next_dagrun for example_setup_teardown to 2025-01-23T05:44:41.085774+00:00, run_after=2025-01-24T05:44:41.085774+00:00
[2025-01-24T05:44:41.095+0000] {processor.py:179} INFO - Processing /home/airflow/.local/lib/python3.8/site-packages/airflow/example_dags/example_setup_teardown.py took 0.039 seconds
[2025-01-24T05:45:11.867+0000] {processor.py:157} INFO - Started process (PID=889) to work on /home/airflow/.local/lib/python3.8/site-packages/airflow/example_dags/example_setup_teardown.py
[2025-01-24T05:45:11.867+0000] {processor.py:829} INFO - Processing file /home/airflow/.local/lib/python3.8/site-packages/airflow/example_dags/example_setup_teardown.py for tasks to queue
[2025-01-24T05:45:11.868+0000] {logging_mixin.py:151} INFO - [2025-01-24T05:45:11.868+0000] {dagbag.py:539} INFO - Filling up the DagBag from /home/airflow/.local/lib/python3.8/site-packages/airflow/example_dags/example_setup_teardown.py
[2025-01-24T05:45:11.872+0000] {processor.py:839} INFO - DAG(s) dict_keys(['example_setup_teardown']) retrieved from /home/airflow/.local/lib/python3.8/site-packages/airflow/example_dags/example_setup_teardown.py
[2025-01-24T05:45:11.884+0000] {logging_mixin.py:151} INFO - [2025-01-24T05:45:11.884+0000] {dag.py:2915} INFO - Sync 1 DAGs
[2025-01-24T05:45:11.896+0000] {logging_mixin.py:151} INFO - [2025-01-24T05:45:11.896+0000] {dag.py:3696} INFO - Setting next_dagrun for example_setup_teardown to 2025-01-23T05:45:11.895862+00:00, run_after=2025-01-24T05:45:11.895862+00:00
[2025-01-24T05:45:11.907+0000] {processor.py:179} INFO - Processing /home/airflow/.local/lib/python3.8/site-packages/airflow/example_dags/example_setup_teardown.py took 0.042 seconds
[2025-01-24T05:45:52.384+0000] {processor.py:157} INFO - Started process (PID=73) to work on /home/airflow/.local/lib/python3.8/site-packages/airflow/example_dags/example_setup_teardown.py
[2025-01-24T05:45:52.385+0000] {processor.py:829} INFO - Processing file /home/airflow/.local/lib/python3.8/site-packages/airflow/example_dags/example_setup_teardown.py for tasks to queue
[2025-01-24T05:45:52.386+0000] {logging_mixin.py:151} INFO - [2025-01-24T05:45:52.386+0000] {dagbag.py:539} INFO - Filling up the DagBag from /home/airflow/.local/lib/python3.8/site-packages/airflow/example_dags/example_setup_teardown.py
[2025-01-24T05:45:52.391+0000] {processor.py:839} INFO - DAG(s) dict_keys(['example_setup_teardown']) retrieved from /home/airflow/.local/lib/python3.8/site-packages/airflow/example_dags/example_setup_teardown.py
[2025-01-24T05:45:52.398+0000] {logging_mixin.py:151} INFO - [2025-01-24T05:45:52.398+0000] {dag.py:2915} INFO - Sync 1 DAGs
[2025-01-24T05:45:52.410+0000] {logging_mixin.py:151} INFO - [2025-01-24T05:45:52.410+0000] {dag.py:3696} INFO - Setting next_dagrun for example_setup_teardown to 2025-01-23T05:45:52.410707+00:00, run_after=2025-01-24T05:45:52.410707+00:00
[2025-01-24T05:45:52.420+0000] {processor.py:179} INFO - Processing /home/airflow/.local/lib/python3.8/site-packages/airflow/example_dags/example_setup_teardown.py took 0.038 seconds
[2025-01-24T05:46:22.719+0000] {processor.py:157} INFO - Started process (PID=127) to work on /home/airflow/.local/lib/python3.8/site-packages/airflow/example_dags/example_setup_teardown.py
[2025-01-24T05:46:22.720+0000] {processor.py:829} INFO - Processing file /home/airflow/.local/lib/python3.8/site-packages/airflow/example_dags/example_setup_teardown.py for tasks to queue
[2025-01-24T05:46:22.721+0000] {logging_mixin.py:151} INFO - [2025-01-24T05:46:22.721+0000] {dagbag.py:539} INFO - Filling up the DagBag from /home/airflow/.local/lib/python3.8/site-packages/airflow/example_dags/example_setup_teardown.py
[2025-01-24T05:46:22.725+0000] {processor.py:839} INFO - DAG(s) dict_keys(['example_setup_teardown']) retrieved from /home/airflow/.local/lib/python3.8/site-packages/airflow/example_dags/example_setup_teardown.py
[2025-01-24T05:46:22.736+0000] {logging_mixin.py:151} INFO - [2025-01-24T05:46:22.736+0000] {dag.py:2915} INFO - Sync 1 DAGs
[2025-01-24T05:46:22.747+0000] {logging_mixin.py:151} INFO - [2025-01-24T05:46:22.747+0000] {dag.py:3696} INFO - Setting next_dagrun for example_setup_teardown to 2025-01-23T05:46:22.747287+00:00, run_after=2025-01-24T05:46:22.747287+00:00
[2025-01-24T05:46:22.757+0000] {processor.py:179} INFO - Processing /home/airflow/.local/lib/python3.8/site-packages/airflow/example_dags/example_setup_teardown.py took 0.039 seconds
[2025-01-24T05:46:53.457+0000] {processor.py:157} INFO - Started process (PID=181) to work on /home/airflow/.local/lib/python3.8/site-packages/airflow/example_dags/example_setup_teardown.py
[2025-01-24T05:46:53.458+0000] {processor.py:829} INFO - Processing file /home/airflow/.local/lib/python3.8/site-packages/airflow/example_dags/example_setup_teardown.py for tasks to queue
[2025-01-24T05:46:53.460+0000] {logging_mixin.py:151} INFO - [2025-01-24T05:46:53.460+0000] {dagbag.py:539} INFO - Filling up the DagBag from /home/airflow/.local/lib/python3.8/site-packages/airflow/example_dags/example_setup_teardown.py
[2025-01-24T05:46:53.465+0000] {processor.py:839} INFO - DAG(s) dict_keys(['example_setup_teardown']) retrieved from /home/airflow/.local/lib/python3.8/site-packages/airflow/example_dags/example_setup_teardown.py
[2025-01-24T05:46:53.482+0000] {logging_mixin.py:151} INFO - [2025-01-24T05:46:53.482+0000] {dag.py:2915} INFO - Sync 1 DAGs
[2025-01-24T05:46:53.493+0000] {logging_mixin.py:151} INFO - [2025-01-24T05:46:53.493+0000] {dag.py:3696} INFO - Setting next_dagrun for example_setup_teardown to 2025-01-23T05:46:53.493153+00:00, run_after=2025-01-24T05:46:53.493153+00:00
[2025-01-24T05:46:53.502+0000] {processor.py:179} INFO - Processing /home/airflow/.local/lib/python3.8/site-packages/airflow/example_dags/example_setup_teardown.py took 0.047 seconds
[2025-01-24T05:47:24.122+0000] {processor.py:157} INFO - Started process (PID=235) to work on /home/airflow/.local/lib/python3.8/site-packages/airflow/example_dags/example_setup_teardown.py
[2025-01-24T05:47:24.123+0000] {processor.py:829} INFO - Processing file /home/airflow/.local/lib/python3.8/site-packages/airflow/example_dags/example_setup_teardown.py for tasks to queue
[2025-01-24T05:47:24.124+0000] {logging_mixin.py:151} INFO - [2025-01-24T05:47:24.124+0000] {dagbag.py:539} INFO - Filling up the DagBag from /home/airflow/.local/lib/python3.8/site-packages/airflow/example_dags/example_setup_teardown.py
[2025-01-24T05:47:24.127+0000] {processor.py:839} INFO - DAG(s) dict_keys(['example_setup_teardown']) retrieved from /home/airflow/.local/lib/python3.8/site-packages/airflow/example_dags/example_setup_teardown.py
[2025-01-24T05:47:24.139+0000] {logging_mixin.py:151} INFO - [2025-01-24T05:47:24.139+0000] {dag.py:2915} INFO - Sync 1 DAGs
[2025-01-24T05:47:24.152+0000] {logging_mixin.py:151} INFO - [2025-01-24T05:47:24.152+0000] {dag.py:3696} INFO - Setting next_dagrun for example_setup_teardown to 2025-01-23T05:47:24.152618+00:00, run_after=2025-01-24T05:47:24.152618+00:00
[2025-01-24T05:47:24.161+0000] {processor.py:179} INFO - Processing /home/airflow/.local/lib/python3.8/site-packages/airflow/example_dags/example_setup_teardown.py took 0.041 seconds
[2025-01-24T05:47:54.865+0000] {processor.py:157} INFO - Started process (PID=289) to work on /home/airflow/.local/lib/python3.8/site-packages/airflow/example_dags/example_setup_teardown.py
[2025-01-24T05:47:54.865+0000] {processor.py:829} INFO - Processing file /home/airflow/.local/lib/python3.8/site-packages/airflow/example_dags/example_setup_teardown.py for tasks to queue
[2025-01-24T05:47:54.866+0000] {logging_mixin.py:151} INFO - [2025-01-24T05:47:54.866+0000] {dagbag.py:539} INFO - Filling up the DagBag from /home/airflow/.local/lib/python3.8/site-packages/airflow/example_dags/example_setup_teardown.py
[2025-01-24T05:47:54.871+0000] {processor.py:839} INFO - DAG(s) dict_keys(['example_setup_teardown']) retrieved from /home/airflow/.local/lib/python3.8/site-packages/airflow/example_dags/example_setup_teardown.py
[2025-01-24T05:47:54.883+0000] {logging_mixin.py:151} INFO - [2025-01-24T05:47:54.883+0000] {dag.py:2915} INFO - Sync 1 DAGs
[2025-01-24T05:47:54.894+0000] {logging_mixin.py:151} INFO - [2025-01-24T05:47:54.894+0000] {dag.py:3696} INFO - Setting next_dagrun for example_setup_teardown to 2025-01-23T05:47:54.894608+00:00, run_after=2025-01-24T05:47:54.894608+00:00
[2025-01-24T05:47:54.907+0000] {processor.py:179} INFO - Processing /home/airflow/.local/lib/python3.8/site-packages/airflow/example_dags/example_setup_teardown.py took 0.044 seconds
