[2025-01-24T05:37:31.672+0000] {processor.py:157} INFO - Started process (PID=81) to work on /home/airflow/.local/lib/python3.8/site-packages/airflow/example_dags/example_task_group.py
[2025-01-24T05:37:31.673+0000] {processor.py:829} INFO - Processing file /home/airflow/.local/lib/python3.8/site-packages/airflow/example_dags/example_task_group.py for tasks to queue
[2025-01-24T05:37:31.675+0000] {logging_mixin.py:151} INFO - [2025-01-24T05:37:31.674+0000] {dagbag.py:539} INFO - Filling up the DagBag from /home/airflow/.local/lib/python3.8/site-packages/airflow/example_dags/example_task_group.py
[2025-01-24T05:37:31.680+0000] {processor.py:839} INFO - DAG(s) dict_keys(['example_task_group']) retrieved from /home/airflow/.local/lib/python3.8/site-packages/airflow/example_dags/example_task_group.py
[2025-01-24T05:37:31.690+0000] {logging_mixin.py:151} INFO - [2025-01-24T05:37:31.690+0000] {dag.py:2915} INFO - Sync 1 DAGs
[2025-01-24T05:37:31.710+0000] {logging_mixin.py:151} INFO - [2025-01-24T05:37:31.710+0000] {dag.py:3696} INFO - Setting next_dagrun for example_task_group to 2025-01-23T05:37:31.710504+00:00, run_after=2025-01-24T05:37:31.710504+00:00
[2025-01-24T05:37:31.724+0000] {processor.py:179} INFO - Processing /home/airflow/.local/lib/python3.8/site-packages/airflow/example_dags/example_task_group.py took 0.056 seconds
[2025-01-24T05:38:02.512+0000] {processor.py:157} INFO - Started process (PID=135) to work on /home/airflow/.local/lib/python3.8/site-packages/airflow/example_dags/example_task_group.py
[2025-01-24T05:38:02.516+0000] {processor.py:829} INFO - Processing file /home/airflow/.local/lib/python3.8/site-packages/airflow/example_dags/example_task_group.py for tasks to queue
[2025-01-24T05:38:02.517+0000] {logging_mixin.py:151} INFO - [2025-01-24T05:38:02.517+0000] {dagbag.py:539} INFO - Filling up the DagBag from /home/airflow/.local/lib/python3.8/site-packages/airflow/example_dags/example_task_group.py
[2025-01-24T05:38:02.521+0000] {processor.py:839} INFO - DAG(s) dict_keys(['example_task_group']) retrieved from /home/airflow/.local/lib/python3.8/site-packages/airflow/example_dags/example_task_group.py
[2025-01-24T05:38:02.536+0000] {logging_mixin.py:151} INFO - [2025-01-24T05:38:02.536+0000] {dag.py:2915} INFO - Sync 1 DAGs
[2025-01-24T05:38:02.547+0000] {logging_mixin.py:151} INFO - [2025-01-24T05:38:02.547+0000] {dag.py:3696} INFO - Setting next_dagrun for example_task_group to 2025-01-23T05:38:02.547545+00:00, run_after=2025-01-24T05:38:02.547545+00:00
[2025-01-24T05:38:02.557+0000] {processor.py:179} INFO - Processing /home/airflow/.local/lib/python3.8/site-packages/airflow/example_dags/example_task_group.py took 0.047 seconds
[2025-01-24T05:38:33.280+0000] {processor.py:157} INFO - Started process (PID=189) to work on /home/airflow/.local/lib/python3.8/site-packages/airflow/example_dags/example_task_group.py
[2025-01-24T05:38:33.281+0000] {processor.py:829} INFO - Processing file /home/airflow/.local/lib/python3.8/site-packages/airflow/example_dags/example_task_group.py for tasks to queue
[2025-01-24T05:38:33.283+0000] {logging_mixin.py:151} INFO - [2025-01-24T05:38:33.283+0000] {dagbag.py:539} INFO - Filling up the DagBag from /home/airflow/.local/lib/python3.8/site-packages/airflow/example_dags/example_task_group.py
[2025-01-24T05:38:33.286+0000] {processor.py:839} INFO - DAG(s) dict_keys(['example_task_group']) retrieved from /home/airflow/.local/lib/python3.8/site-packages/airflow/example_dags/example_task_group.py
[2025-01-24T05:38:33.301+0000] {logging_mixin.py:151} INFO - [2025-01-24T05:38:33.301+0000] {dag.py:2915} INFO - Sync 1 DAGs
[2025-01-24T05:38:33.311+0000] {logging_mixin.py:151} INFO - [2025-01-24T05:38:33.311+0000] {dag.py:3696} INFO - Setting next_dagrun for example_task_group to 2025-01-23T05:38:33.311554+00:00, run_after=2025-01-24T05:38:33.311554+00:00
[2025-01-24T05:38:33.321+0000] {processor.py:179} INFO - Processing /home/airflow/.local/lib/python3.8/site-packages/airflow/example_dags/example_task_group.py took 0.043 seconds
[2025-01-24T05:39:04.253+0000] {processor.py:157} INFO - Started process (PID=249) to work on /home/airflow/.local/lib/python3.8/site-packages/airflow/example_dags/example_task_group.py
[2025-01-24T05:39:04.254+0000] {processor.py:829} INFO - Processing file /home/airflow/.local/lib/python3.8/site-packages/airflow/example_dags/example_task_group.py for tasks to queue
[2025-01-24T05:39:04.256+0000] {logging_mixin.py:151} INFO - [2025-01-24T05:39:04.255+0000] {dagbag.py:539} INFO - Filling up the DagBag from /home/airflow/.local/lib/python3.8/site-packages/airflow/example_dags/example_task_group.py
[2025-01-24T05:39:04.261+0000] {processor.py:839} INFO - DAG(s) dict_keys(['example_task_group']) retrieved from /home/airflow/.local/lib/python3.8/site-packages/airflow/example_dags/example_task_group.py
[2025-01-24T05:39:04.276+0000] {logging_mixin.py:151} INFO - [2025-01-24T05:39:04.275+0000] {dag.py:2915} INFO - Sync 1 DAGs
[2025-01-24T05:39:04.288+0000] {logging_mixin.py:151} INFO - [2025-01-24T05:39:04.288+0000] {dag.py:3696} INFO - Setting next_dagrun for example_task_group to 2025-01-23T05:39:04.288590+00:00, run_after=2025-01-24T05:39:04.288590+00:00
[2025-01-24T05:39:04.300+0000] {processor.py:179} INFO - Processing /home/airflow/.local/lib/python3.8/site-packages/airflow/example_dags/example_task_group.py took 0.048 seconds
[2025-01-24T05:39:34.445+0000] {processor.py:157} INFO - Started process (PID=303) to work on /home/airflow/.local/lib/python3.8/site-packages/airflow/example_dags/example_task_group.py
[2025-01-24T05:39:34.446+0000] {processor.py:829} INFO - Processing file /home/airflow/.local/lib/python3.8/site-packages/airflow/example_dags/example_task_group.py for tasks to queue
[2025-01-24T05:39:34.447+0000] {logging_mixin.py:151} INFO - [2025-01-24T05:39:34.447+0000] {dagbag.py:539} INFO - Filling up the DagBag from /home/airflow/.local/lib/python3.8/site-packages/airflow/example_dags/example_task_group.py
[2025-01-24T05:39:34.451+0000] {processor.py:839} INFO - DAG(s) dict_keys(['example_task_group']) retrieved from /home/airflow/.local/lib/python3.8/site-packages/airflow/example_dags/example_task_group.py
[2025-01-24T05:39:34.464+0000] {logging_mixin.py:151} INFO - [2025-01-24T05:39:34.464+0000] {dag.py:2915} INFO - Sync 1 DAGs
[2025-01-24T05:39:34.478+0000] {logging_mixin.py:151} INFO - [2025-01-24T05:39:34.478+0000] {dag.py:3696} INFO - Setting next_dagrun for example_task_group to 2025-01-23T05:39:34.478722+00:00, run_after=2025-01-24T05:39:34.478722+00:00
[2025-01-24T05:39:34.491+0000] {processor.py:179} INFO - Processing /home/airflow/.local/lib/python3.8/site-packages/airflow/example_dags/example_task_group.py took 0.048 seconds
[2025-01-24T05:40:05.337+0000] {processor.py:157} INFO - Started process (PID=357) to work on /home/airflow/.local/lib/python3.8/site-packages/airflow/example_dags/example_task_group.py
[2025-01-24T05:40:05.341+0000] {processor.py:829} INFO - Processing file /home/airflow/.local/lib/python3.8/site-packages/airflow/example_dags/example_task_group.py for tasks to queue
[2025-01-24T05:40:05.343+0000] {logging_mixin.py:151} INFO - [2025-01-24T05:40:05.343+0000] {dagbag.py:539} INFO - Filling up the DagBag from /home/airflow/.local/lib/python3.8/site-packages/airflow/example_dags/example_task_group.py
[2025-01-24T05:40:05.346+0000] {processor.py:839} INFO - DAG(s) dict_keys(['example_task_group']) retrieved from /home/airflow/.local/lib/python3.8/site-packages/airflow/example_dags/example_task_group.py
[2025-01-24T05:40:05.358+0000] {logging_mixin.py:151} INFO - [2025-01-24T05:40:05.358+0000] {dag.py:2915} INFO - Sync 1 DAGs
[2025-01-24T05:40:05.370+0000] {logging_mixin.py:151} INFO - [2025-01-24T05:40:05.370+0000] {dag.py:3696} INFO - Setting next_dagrun for example_task_group to 2025-01-23T05:40:05.370169+00:00, run_after=2025-01-24T05:40:05.370169+00:00
[2025-01-24T05:40:05.380+0000] {processor.py:179} INFO - Processing /home/airflow/.local/lib/python3.8/site-packages/airflow/example_dags/example_task_group.py took 0.045 seconds
[2025-01-24T05:40:36.103+0000] {processor.py:157} INFO - Started process (PID=411) to work on /home/airflow/.local/lib/python3.8/site-packages/airflow/example_dags/example_task_group.py
[2025-01-24T05:40:36.105+0000] {processor.py:829} INFO - Processing file /home/airflow/.local/lib/python3.8/site-packages/airflow/example_dags/example_task_group.py for tasks to queue
[2025-01-24T05:40:36.106+0000] {logging_mixin.py:151} INFO - [2025-01-24T05:40:36.106+0000] {dagbag.py:539} INFO - Filling up the DagBag from /home/airflow/.local/lib/python3.8/site-packages/airflow/example_dags/example_task_group.py
[2025-01-24T05:40:36.110+0000] {processor.py:839} INFO - DAG(s) dict_keys(['example_task_group']) retrieved from /home/airflow/.local/lib/python3.8/site-packages/airflow/example_dags/example_task_group.py
[2025-01-24T05:40:36.120+0000] {logging_mixin.py:151} INFO - [2025-01-24T05:40:36.120+0000] {dag.py:2915} INFO - Sync 1 DAGs
[2025-01-24T05:40:36.132+0000] {logging_mixin.py:151} INFO - [2025-01-24T05:40:36.131+0000] {dag.py:3696} INFO - Setting next_dagrun for example_task_group to 2025-01-23T05:40:36.131791+00:00, run_after=2025-01-24T05:40:36.131791+00:00
[2025-01-24T05:40:36.143+0000] {processor.py:179} INFO - Processing /home/airflow/.local/lib/python3.8/site-packages/airflow/example_dags/example_task_group.py took 0.042 seconds
[2025-01-24T05:41:06.781+0000] {processor.py:157} INFO - Started process (PID=465) to work on /home/airflow/.local/lib/python3.8/site-packages/airflow/example_dags/example_task_group.py
[2025-01-24T05:41:06.783+0000] {processor.py:829} INFO - Processing file /home/airflow/.local/lib/python3.8/site-packages/airflow/example_dags/example_task_group.py for tasks to queue
[2025-01-24T05:41:06.785+0000] {logging_mixin.py:151} INFO - [2025-01-24T05:41:06.785+0000] {dagbag.py:539} INFO - Filling up the DagBag from /home/airflow/.local/lib/python3.8/site-packages/airflow/example_dags/example_task_group.py
[2025-01-24T05:41:06.789+0000] {processor.py:839} INFO - DAG(s) dict_keys(['example_task_group']) retrieved from /home/airflow/.local/lib/python3.8/site-packages/airflow/example_dags/example_task_group.py
[2025-01-24T05:41:06.800+0000] {logging_mixin.py:151} INFO - [2025-01-24T05:41:06.800+0000] {dag.py:2915} INFO - Sync 1 DAGs
[2025-01-24T05:41:06.811+0000] {logging_mixin.py:151} INFO - [2025-01-24T05:41:06.811+0000] {dag.py:3696} INFO - Setting next_dagrun for example_task_group to 2025-01-23T05:41:06.811368+00:00, run_after=2025-01-24T05:41:06.811368+00:00
[2025-01-24T05:41:06.823+0000] {processor.py:179} INFO - Processing /home/airflow/.local/lib/python3.8/site-packages/airflow/example_dags/example_task_group.py took 0.044 seconds
[2025-01-24T05:41:37.524+0000] {processor.py:157} INFO - Started process (PID=519) to work on /home/airflow/.local/lib/python3.8/site-packages/airflow/example_dags/example_task_group.py
[2025-01-24T05:41:37.525+0000] {processor.py:829} INFO - Processing file /home/airflow/.local/lib/python3.8/site-packages/airflow/example_dags/example_task_group.py for tasks to queue
[2025-01-24T05:41:37.526+0000] {logging_mixin.py:151} INFO - [2025-01-24T05:41:37.526+0000] {dagbag.py:539} INFO - Filling up the DagBag from /home/airflow/.local/lib/python3.8/site-packages/airflow/example_dags/example_task_group.py
[2025-01-24T05:41:37.530+0000] {processor.py:839} INFO - DAG(s) dict_keys(['example_task_group']) retrieved from /home/airflow/.local/lib/python3.8/site-packages/airflow/example_dags/example_task_group.py
[2025-01-24T05:41:37.545+0000] {logging_mixin.py:151} INFO - [2025-01-24T05:41:37.544+0000] {dag.py:2915} INFO - Sync 1 DAGs
[2025-01-24T05:41:37.557+0000] {logging_mixin.py:151} INFO - [2025-01-24T05:41:37.557+0000] {dag.py:3696} INFO - Setting next_dagrun for example_task_group to 2025-01-23T05:41:37.557015+00:00, run_after=2025-01-24T05:41:37.557015+00:00
[2025-01-24T05:41:37.567+0000] {processor.py:179} INFO - Processing /home/airflow/.local/lib/python3.8/site-packages/airflow/example_dags/example_task_group.py took 0.045 seconds
[2025-01-24T05:42:08.304+0000] {processor.py:157} INFO - Started process (PID=572) to work on /home/airflow/.local/lib/python3.8/site-packages/airflow/example_dags/example_task_group.py
[2025-01-24T05:42:08.306+0000] {processor.py:829} INFO - Processing file /home/airflow/.local/lib/python3.8/site-packages/airflow/example_dags/example_task_group.py for tasks to queue
[2025-01-24T05:42:08.307+0000] {logging_mixin.py:151} INFO - [2025-01-24T05:42:08.307+0000] {dagbag.py:539} INFO - Filling up the DagBag from /home/airflow/.local/lib/python3.8/site-packages/airflow/example_dags/example_task_group.py
[2025-01-24T05:42:08.311+0000] {processor.py:839} INFO - DAG(s) dict_keys(['example_task_group']) retrieved from /home/airflow/.local/lib/python3.8/site-packages/airflow/example_dags/example_task_group.py
[2025-01-24T05:42:08.322+0000] {logging_mixin.py:151} INFO - [2025-01-24T05:42:08.322+0000] {dag.py:2915} INFO - Sync 1 DAGs
[2025-01-24T05:42:08.334+0000] {logging_mixin.py:151} INFO - [2025-01-24T05:42:08.334+0000] {dag.py:3696} INFO - Setting next_dagrun for example_task_group to 2025-01-23T05:42:08.334286+00:00, run_after=2025-01-24T05:42:08.334286+00:00
[2025-01-24T05:42:08.343+0000] {processor.py:179} INFO - Processing /home/airflow/.local/lib/python3.8/site-packages/airflow/example_dags/example_task_group.py took 0.041 seconds
[2025-01-24T05:42:38.895+0000] {processor.py:157} INFO - Started process (PID=626) to work on /home/airflow/.local/lib/python3.8/site-packages/airflow/example_dags/example_task_group.py
[2025-01-24T05:42:38.897+0000] {processor.py:829} INFO - Processing file /home/airflow/.local/lib/python3.8/site-packages/airflow/example_dags/example_task_group.py for tasks to queue
[2025-01-24T05:42:38.899+0000] {logging_mixin.py:151} INFO - [2025-01-24T05:42:38.898+0000] {dagbag.py:539} INFO - Filling up the DagBag from /home/airflow/.local/lib/python3.8/site-packages/airflow/example_dags/example_task_group.py
[2025-01-24T05:42:38.903+0000] {processor.py:839} INFO - DAG(s) dict_keys(['example_task_group']) retrieved from /home/airflow/.local/lib/python3.8/site-packages/airflow/example_dags/example_task_group.py
[2025-01-24T05:42:38.918+0000] {logging_mixin.py:151} INFO - [2025-01-24T05:42:38.918+0000] {dag.py:2915} INFO - Sync 1 DAGs
[2025-01-24T05:42:38.928+0000] {logging_mixin.py:151} INFO - [2025-01-24T05:42:38.928+0000] {dag.py:3696} INFO - Setting next_dagrun for example_task_group to 2025-01-23T05:42:38.928495+00:00, run_after=2025-01-24T05:42:38.928495+00:00
[2025-01-24T05:42:38.938+0000] {processor.py:179} INFO - Processing /home/airflow/.local/lib/python3.8/site-packages/airflow/example_dags/example_task_group.py took 0.044 seconds
[2025-01-24T05:43:09.671+0000] {processor.py:157} INFO - Started process (PID=680) to work on /home/airflow/.local/lib/python3.8/site-packages/airflow/example_dags/example_task_group.py
[2025-01-24T05:43:09.672+0000] {processor.py:829} INFO - Processing file /home/airflow/.local/lib/python3.8/site-packages/airflow/example_dags/example_task_group.py for tasks to queue
[2025-01-24T05:43:09.673+0000] {logging_mixin.py:151} INFO - [2025-01-24T05:43:09.673+0000] {dagbag.py:539} INFO - Filling up the DagBag from /home/airflow/.local/lib/python3.8/site-packages/airflow/example_dags/example_task_group.py
[2025-01-24T05:43:09.676+0000] {processor.py:839} INFO - DAG(s) dict_keys(['example_task_group']) retrieved from /home/airflow/.local/lib/python3.8/site-packages/airflow/example_dags/example_task_group.py
[2025-01-24T05:43:09.687+0000] {logging_mixin.py:151} INFO - [2025-01-24T05:43:09.687+0000] {dag.py:2915} INFO - Sync 1 DAGs
[2025-01-24T05:43:09.696+0000] {logging_mixin.py:151} INFO - [2025-01-24T05:43:09.696+0000] {dag.py:3696} INFO - Setting next_dagrun for example_task_group to 2025-01-23T05:43:09.696688+00:00, run_after=2025-01-24T05:43:09.696688+00:00
[2025-01-24T05:43:09.704+0000] {processor.py:179} INFO - Processing /home/airflow/.local/lib/python3.8/site-packages/airflow/example_dags/example_task_group.py took 0.035 seconds
[2025-01-24T05:43:40.409+0000] {processor.py:157} INFO - Started process (PID=733) to work on /home/airflow/.local/lib/python3.8/site-packages/airflow/example_dags/example_task_group.py
[2025-01-24T05:43:40.410+0000] {processor.py:829} INFO - Processing file /home/airflow/.local/lib/python3.8/site-packages/airflow/example_dags/example_task_group.py for tasks to queue
[2025-01-24T05:43:40.411+0000] {logging_mixin.py:151} INFO - [2025-01-24T05:43:40.411+0000] {dagbag.py:539} INFO - Filling up the DagBag from /home/airflow/.local/lib/python3.8/site-packages/airflow/example_dags/example_task_group.py
[2025-01-24T05:43:40.414+0000] {processor.py:839} INFO - DAG(s) dict_keys(['example_task_group']) retrieved from /home/airflow/.local/lib/python3.8/site-packages/airflow/example_dags/example_task_group.py
[2025-01-24T05:43:40.425+0000] {logging_mixin.py:151} INFO - [2025-01-24T05:43:40.425+0000] {dag.py:2915} INFO - Sync 1 DAGs
[2025-01-24T05:43:40.436+0000] {logging_mixin.py:151} INFO - [2025-01-24T05:43:40.436+0000] {dag.py:3696} INFO - Setting next_dagrun for example_task_group to 2025-01-23T05:43:40.436417+00:00, run_after=2025-01-24T05:43:40.436417+00:00
[2025-01-24T05:43:40.446+0000] {processor.py:179} INFO - Processing /home/airflow/.local/lib/python3.8/site-packages/airflow/example_dags/example_task_group.py took 0.039 seconds
[2025-01-24T05:44:11.343+0000] {processor.py:157} INFO - Started process (PID=787) to work on /home/airflow/.local/lib/python3.8/site-packages/airflow/example_dags/example_task_group.py
[2025-01-24T05:44:11.346+0000] {processor.py:829} INFO - Processing file /home/airflow/.local/lib/python3.8/site-packages/airflow/example_dags/example_task_group.py for tasks to queue
[2025-01-24T05:44:11.348+0000] {logging_mixin.py:151} INFO - [2025-01-24T05:44:11.348+0000] {dagbag.py:539} INFO - Filling up the DagBag from /home/airflow/.local/lib/python3.8/site-packages/airflow/example_dags/example_task_group.py
[2025-01-24T05:44:11.352+0000] {processor.py:839} INFO - DAG(s) dict_keys(['example_task_group']) retrieved from /home/airflow/.local/lib/python3.8/site-packages/airflow/example_dags/example_task_group.py
[2025-01-24T05:44:11.363+0000] {logging_mixin.py:151} INFO - [2025-01-24T05:44:11.363+0000] {dag.py:2915} INFO - Sync 1 DAGs
[2025-01-24T05:44:11.374+0000] {logging_mixin.py:151} INFO - [2025-01-24T05:44:11.374+0000] {dag.py:3696} INFO - Setting next_dagrun for example_task_group to 2025-01-23T05:44:11.374452+00:00, run_after=2025-01-24T05:44:11.374452+00:00
[2025-01-24T05:44:11.389+0000] {processor.py:179} INFO - Processing /home/airflow/.local/lib/python3.8/site-packages/airflow/example_dags/example_task_group.py took 0.048 seconds
[2025-01-24T05:44:42.304+0000] {processor.py:157} INFO - Started process (PID=841) to work on /home/airflow/.local/lib/python3.8/site-packages/airflow/example_dags/example_task_group.py
[2025-01-24T05:44:42.305+0000] {processor.py:829} INFO - Processing file /home/airflow/.local/lib/python3.8/site-packages/airflow/example_dags/example_task_group.py for tasks to queue
[2025-01-24T05:44:42.306+0000] {logging_mixin.py:151} INFO - [2025-01-24T05:44:42.306+0000] {dagbag.py:539} INFO - Filling up the DagBag from /home/airflow/.local/lib/python3.8/site-packages/airflow/example_dags/example_task_group.py
[2025-01-24T05:44:42.309+0000] {processor.py:839} INFO - DAG(s) dict_keys(['example_task_group']) retrieved from /home/airflow/.local/lib/python3.8/site-packages/airflow/example_dags/example_task_group.py
[2025-01-24T05:44:42.321+0000] {logging_mixin.py:151} INFO - [2025-01-24T05:44:42.321+0000] {dag.py:2915} INFO - Sync 1 DAGs
[2025-01-24T05:44:42.331+0000] {logging_mixin.py:151} INFO - [2025-01-24T05:44:42.331+0000] {dag.py:3696} INFO - Setting next_dagrun for example_task_group to 2025-01-23T05:44:42.331198+00:00, run_after=2025-01-24T05:44:42.331198+00:00
[2025-01-24T05:44:42.340+0000] {processor.py:179} INFO - Processing /home/airflow/.local/lib/python3.8/site-packages/airflow/example_dags/example_task_group.py took 0.038 seconds
[2025-01-24T05:45:52.645+0000] {processor.py:157} INFO - Started process (PID=79) to work on /home/airflow/.local/lib/python3.8/site-packages/airflow/example_dags/example_task_group.py
[2025-01-24T05:45:52.646+0000] {processor.py:829} INFO - Processing file /home/airflow/.local/lib/python3.8/site-packages/airflow/example_dags/example_task_group.py for tasks to queue
[2025-01-24T05:45:52.649+0000] {logging_mixin.py:151} INFO - [2025-01-24T05:45:52.648+0000] {dagbag.py:539} INFO - Filling up the DagBag from /home/airflow/.local/lib/python3.8/site-packages/airflow/example_dags/example_task_group.py
[2025-01-24T05:45:52.658+0000] {processor.py:839} INFO - DAG(s) dict_keys(['example_task_group']) retrieved from /home/airflow/.local/lib/python3.8/site-packages/airflow/example_dags/example_task_group.py
[2025-01-24T05:45:52.669+0000] {logging_mixin.py:151} INFO - [2025-01-24T05:45:52.669+0000] {dag.py:2915} INFO - Sync 1 DAGs
[2025-01-24T05:45:52.684+0000] {logging_mixin.py:151} INFO - [2025-01-24T05:45:52.684+0000] {dag.py:3696} INFO - Setting next_dagrun for example_task_group to 2025-01-23T05:45:52.684302+00:00, run_after=2025-01-24T05:45:52.684302+00:00
[2025-01-24T05:45:52.695+0000] {processor.py:179} INFO - Processing /home/airflow/.local/lib/python3.8/site-packages/airflow/example_dags/example_task_group.py took 0.053 seconds
[2025-01-24T05:46:22.953+0000] {processor.py:157} INFO - Started process (PID=133) to work on /home/airflow/.local/lib/python3.8/site-packages/airflow/example_dags/example_task_group.py
[2025-01-24T05:46:22.953+0000] {processor.py:829} INFO - Processing file /home/airflow/.local/lib/python3.8/site-packages/airflow/example_dags/example_task_group.py for tasks to queue
[2025-01-24T05:46:22.954+0000] {logging_mixin.py:151} INFO - [2025-01-24T05:46:22.954+0000] {dagbag.py:539} INFO - Filling up the DagBag from /home/airflow/.local/lib/python3.8/site-packages/airflow/example_dags/example_task_group.py
[2025-01-24T05:46:22.958+0000] {processor.py:839} INFO - DAG(s) dict_keys(['example_task_group']) retrieved from /home/airflow/.local/lib/python3.8/site-packages/airflow/example_dags/example_task_group.py
[2025-01-24T05:46:22.968+0000] {logging_mixin.py:151} INFO - [2025-01-24T05:46:22.968+0000] {dag.py:2915} INFO - Sync 1 DAGs
[2025-01-24T05:46:22.980+0000] {logging_mixin.py:151} INFO - [2025-01-24T05:46:22.980+0000] {dag.py:3696} INFO - Setting next_dagrun for example_task_group to 2025-01-23T05:46:22.980469+00:00, run_after=2025-01-24T05:46:22.980469+00:00
[2025-01-24T05:46:22.990+0000] {processor.py:179} INFO - Processing /home/airflow/.local/lib/python3.8/site-packages/airflow/example_dags/example_task_group.py took 0.039 seconds
[2025-01-24T05:46:53.635+0000] {processor.py:157} INFO - Started process (PID=187) to work on /home/airflow/.local/lib/python3.8/site-packages/airflow/example_dags/example_task_group.py
[2025-01-24T05:46:53.635+0000] {processor.py:829} INFO - Processing file /home/airflow/.local/lib/python3.8/site-packages/airflow/example_dags/example_task_group.py for tasks to queue
[2025-01-24T05:46:53.636+0000] {logging_mixin.py:151} INFO - [2025-01-24T05:46:53.636+0000] {dagbag.py:539} INFO - Filling up the DagBag from /home/airflow/.local/lib/python3.8/site-packages/airflow/example_dags/example_task_group.py
[2025-01-24T05:46:53.640+0000] {processor.py:839} INFO - DAG(s) dict_keys(['example_task_group']) retrieved from /home/airflow/.local/lib/python3.8/site-packages/airflow/example_dags/example_task_group.py
[2025-01-24T05:46:53.652+0000] {logging_mixin.py:151} INFO - [2025-01-24T05:46:53.652+0000] {dag.py:2915} INFO - Sync 1 DAGs
[2025-01-24T05:46:53.663+0000] {logging_mixin.py:151} INFO - [2025-01-24T05:46:53.663+0000] {dag.py:3696} INFO - Setting next_dagrun for example_task_group to 2025-01-23T05:46:53.663035+00:00, run_after=2025-01-24T05:46:53.663035+00:00
[2025-01-24T05:46:53.674+0000] {processor.py:179} INFO - Processing /home/airflow/.local/lib/python3.8/site-packages/airflow/example_dags/example_task_group.py took 0.041 seconds
[2025-01-24T05:47:24.304+0000] {processor.py:157} INFO - Started process (PID=241) to work on /home/airflow/.local/lib/python3.8/site-packages/airflow/example_dags/example_task_group.py
[2025-01-24T05:47:24.305+0000] {processor.py:829} INFO - Processing file /home/airflow/.local/lib/python3.8/site-packages/airflow/example_dags/example_task_group.py for tasks to queue
[2025-01-24T05:47:24.306+0000] {logging_mixin.py:151} INFO - [2025-01-24T05:47:24.306+0000] {dagbag.py:539} INFO - Filling up the DagBag from /home/airflow/.local/lib/python3.8/site-packages/airflow/example_dags/example_task_group.py
[2025-01-24T05:47:24.310+0000] {processor.py:839} INFO - DAG(s) dict_keys(['example_task_group']) retrieved from /home/airflow/.local/lib/python3.8/site-packages/airflow/example_dags/example_task_group.py
[2025-01-24T05:47:24.321+0000] {logging_mixin.py:151} INFO - [2025-01-24T05:47:24.321+0000] {dag.py:2915} INFO - Sync 1 DAGs
[2025-01-24T05:47:24.337+0000] {logging_mixin.py:151} INFO - [2025-01-24T05:47:24.337+0000] {dag.py:3696} INFO - Setting next_dagrun for example_task_group to 2025-01-23T05:47:24.336866+00:00, run_after=2025-01-24T05:47:24.336866+00:00
[2025-01-24T05:47:24.346+0000] {processor.py:179} INFO - Processing /home/airflow/.local/lib/python3.8/site-packages/airflow/example_dags/example_task_group.py took 0.044 seconds
[2025-01-24T05:47:55.052+0000] {processor.py:157} INFO - Started process (PID=295) to work on /home/airflow/.local/lib/python3.8/site-packages/airflow/example_dags/example_task_group.py
[2025-01-24T05:47:55.056+0000] {processor.py:829} INFO - Processing file /home/airflow/.local/lib/python3.8/site-packages/airflow/example_dags/example_task_group.py for tasks to queue
[2025-01-24T05:47:55.058+0000] {logging_mixin.py:151} INFO - [2025-01-24T05:47:55.058+0000] {dagbag.py:539} INFO - Filling up the DagBag from /home/airflow/.local/lib/python3.8/site-packages/airflow/example_dags/example_task_group.py
[2025-01-24T05:47:55.061+0000] {processor.py:839} INFO - DAG(s) dict_keys(['example_task_group']) retrieved from /home/airflow/.local/lib/python3.8/site-packages/airflow/example_dags/example_task_group.py
[2025-01-24T05:47:55.073+0000] {logging_mixin.py:151} INFO - [2025-01-24T05:47:55.073+0000] {dag.py:2915} INFO - Sync 1 DAGs
[2025-01-24T05:47:55.089+0000] {logging_mixin.py:151} INFO - [2025-01-24T05:47:55.089+0000] {dag.py:3696} INFO - Setting next_dagrun for example_task_group to 2025-01-23T05:47:55.089530+00:00, run_after=2025-01-24T05:47:55.089530+00:00
[2025-01-24T05:47:55.101+0000] {processor.py:179} INFO - Processing /home/airflow/.local/lib/python3.8/site-packages/airflow/example_dags/example_task_group.py took 0.050 seconds
