[2025-01-24T05:37:30.388+0000] {processor.py:157} INFO - Started process (PID=57) to work on /home/airflow/.local/lib/python3.8/site-packages/airflow/example_dags/example_params_ui_tutorial.py
[2025-01-24T05:37:30.389+0000] {processor.py:829} INFO - Processing file /home/airflow/.local/lib/python3.8/site-packages/airflow/example_dags/example_params_ui_tutorial.py for tasks to queue
[2025-01-24T05:37:30.392+0000] {logging_mixin.py:151} INFO - [2025-01-24T05:37:30.391+0000] {dagbag.py:539} INFO - Filling up the DagBag from /home/airflow/.local/lib/python3.8/site-packages/airflow/example_dags/example_params_ui_tutorial.py
[2025-01-24T05:37:30.418+0000] {processor.py:839} INFO - DAG(s) dict_keys(['example_params_ui_tutorial']) retrieved from /home/airflow/.local/lib/python3.8/site-packages/airflow/example_dags/example_params_ui_tutorial.py
[2025-01-24T05:37:30.428+0000] {logging_mixin.py:151} INFO - [2025-01-24T05:37:30.428+0000] {dag.py:2915} INFO - Sync 1 DAGs
[2025-01-24T05:37:30.437+0000] {logging_mixin.py:151} INFO - [2025-01-24T05:37:30.437+0000] {dag.py:3696} INFO - Setting next_dagrun for example_params_ui_tutorial to None, run_after=None
[2025-01-24T05:37:30.451+0000] {processor.py:179} INFO - Processing /home/airflow/.local/lib/python3.8/site-packages/airflow/example_dags/example_params_ui_tutorial.py took 0.065 seconds
[2025-01-24T05:38:00.722+0000] {processor.py:157} INFO - Started process (PID=111) to work on /home/airflow/.local/lib/python3.8/site-packages/airflow/example_dags/example_params_ui_tutorial.py
[2025-01-24T05:38:00.725+0000] {processor.py:829} INFO - Processing file /home/airflow/.local/lib/python3.8/site-packages/airflow/example_dags/example_params_ui_tutorial.py for tasks to queue
[2025-01-24T05:38:00.726+0000] {logging_mixin.py:151} INFO - [2025-01-24T05:38:00.726+0000] {dagbag.py:539} INFO - Filling up the DagBag from /home/airflow/.local/lib/python3.8/site-packages/airflow/example_dags/example_params_ui_tutorial.py
[2025-01-24T05:38:00.744+0000] {processor.py:839} INFO - DAG(s) dict_keys(['example_params_ui_tutorial']) retrieved from /home/airflow/.local/lib/python3.8/site-packages/airflow/example_dags/example_params_ui_tutorial.py
[2025-01-24T05:38:00.773+0000] {logging_mixin.py:151} INFO - [2025-01-24T05:38:00.773+0000] {dag.py:2915} INFO - Sync 1 DAGs
[2025-01-24T05:38:00.779+0000] {logging_mixin.py:151} INFO - [2025-01-24T05:38:00.779+0000] {dag.py:3696} INFO - Setting next_dagrun for example_params_ui_tutorial to None, run_after=None
[2025-01-24T05:38:00.789+0000] {processor.py:179} INFO - Processing /home/airflow/.local/lib/python3.8/site-packages/airflow/example_dags/example_params_ui_tutorial.py took 0.070 seconds
[2025-01-24T05:38:31.505+0000] {processor.py:157} INFO - Started process (PID=165) to work on /home/airflow/.local/lib/python3.8/site-packages/airflow/example_dags/example_params_ui_tutorial.py
[2025-01-24T05:38:31.506+0000] {processor.py:829} INFO - Processing file /home/airflow/.local/lib/python3.8/site-packages/airflow/example_dags/example_params_ui_tutorial.py for tasks to queue
[2025-01-24T05:38:31.507+0000] {logging_mixin.py:151} INFO - [2025-01-24T05:38:31.507+0000] {dagbag.py:539} INFO - Filling up the DagBag from /home/airflow/.local/lib/python3.8/site-packages/airflow/example_dags/example_params_ui_tutorial.py
[2025-01-24T05:38:31.525+0000] {processor.py:839} INFO - DAG(s) dict_keys(['example_params_ui_tutorial']) retrieved from /home/airflow/.local/lib/python3.8/site-packages/airflow/example_dags/example_params_ui_tutorial.py
[2025-01-24T05:38:31.554+0000] {logging_mixin.py:151} INFO - [2025-01-24T05:38:31.554+0000] {dag.py:2915} INFO - Sync 1 DAGs
[2025-01-24T05:38:31.561+0000] {logging_mixin.py:151} INFO - [2025-01-24T05:38:31.561+0000] {dag.py:3696} INFO - Setting next_dagrun for example_params_ui_tutorial to None, run_after=None
[2025-01-24T05:38:31.571+0000] {processor.py:179} INFO - Processing /home/airflow/.local/lib/python3.8/site-packages/airflow/example_dags/example_params_ui_tutorial.py took 0.067 seconds
[2025-01-24T05:39:02.356+0000] {processor.py:157} INFO - Started process (PID=218) to work on /home/airflow/.local/lib/python3.8/site-packages/airflow/example_dags/example_params_ui_tutorial.py
[2025-01-24T05:39:02.357+0000] {processor.py:829} INFO - Processing file /home/airflow/.local/lib/python3.8/site-packages/airflow/example_dags/example_params_ui_tutorial.py for tasks to queue
[2025-01-24T05:39:02.358+0000] {logging_mixin.py:151} INFO - [2025-01-24T05:39:02.358+0000] {dagbag.py:539} INFO - Filling up the DagBag from /home/airflow/.local/lib/python3.8/site-packages/airflow/example_dags/example_params_ui_tutorial.py
[2025-01-24T05:39:02.377+0000] {processor.py:839} INFO - DAG(s) dict_keys(['example_params_ui_tutorial']) retrieved from /home/airflow/.local/lib/python3.8/site-packages/airflow/example_dags/example_params_ui_tutorial.py
[2025-01-24T05:39:02.407+0000] {logging_mixin.py:151} INFO - [2025-01-24T05:39:02.407+0000] {dag.py:2915} INFO - Sync 1 DAGs
[2025-01-24T05:39:02.416+0000] {logging_mixin.py:151} INFO - [2025-01-24T05:39:02.415+0000] {dag.py:3696} INFO - Setting next_dagrun for example_params_ui_tutorial to None, run_after=None
[2025-01-24T05:39:02.427+0000] {processor.py:179} INFO - Processing /home/airflow/.local/lib/python3.8/site-packages/airflow/example_dags/example_params_ui_tutorial.py took 0.073 seconds
[2025-01-24T05:39:32.482+0000] {processor.py:157} INFO - Started process (PID=272) to work on /home/airflow/.local/lib/python3.8/site-packages/airflow/example_dags/example_params_ui_tutorial.py
[2025-01-24T05:39:32.484+0000] {processor.py:829} INFO - Processing file /home/airflow/.local/lib/python3.8/site-packages/airflow/example_dags/example_params_ui_tutorial.py for tasks to queue
[2025-01-24T05:39:32.486+0000] {logging_mixin.py:151} INFO - [2025-01-24T05:39:32.486+0000] {dagbag.py:539} INFO - Filling up the DagBag from /home/airflow/.local/lib/python3.8/site-packages/airflow/example_dags/example_params_ui_tutorial.py
[2025-01-24T05:39:32.503+0000] {processor.py:839} INFO - DAG(s) dict_keys(['example_params_ui_tutorial']) retrieved from /home/airflow/.local/lib/python3.8/site-packages/airflow/example_dags/example_params_ui_tutorial.py
[2025-01-24T05:39:32.527+0000] {logging_mixin.py:151} INFO - [2025-01-24T05:39:32.527+0000] {dag.py:2915} INFO - Sync 1 DAGs
[2025-01-24T05:39:32.533+0000] {logging_mixin.py:151} INFO - [2025-01-24T05:39:32.532+0000] {dag.py:3696} INFO - Setting next_dagrun for example_params_ui_tutorial to None, run_after=None
[2025-01-24T05:39:32.542+0000] {processor.py:179} INFO - Processing /home/airflow/.local/lib/python3.8/site-packages/airflow/example_dags/example_params_ui_tutorial.py took 0.062 seconds
[2025-01-24T05:40:03.545+0000] {processor.py:157} INFO - Started process (PID=326) to work on /home/airflow/.local/lib/python3.8/site-packages/airflow/example_dags/example_params_ui_tutorial.py
[2025-01-24T05:40:03.547+0000] {processor.py:829} INFO - Processing file /home/airflow/.local/lib/python3.8/site-packages/airflow/example_dags/example_params_ui_tutorial.py for tasks to queue
[2025-01-24T05:40:03.548+0000] {logging_mixin.py:151} INFO - [2025-01-24T05:40:03.548+0000] {dagbag.py:539} INFO - Filling up the DagBag from /home/airflow/.local/lib/python3.8/site-packages/airflow/example_dags/example_params_ui_tutorial.py
[2025-01-24T05:40:03.568+0000] {processor.py:839} INFO - DAG(s) dict_keys(['example_params_ui_tutorial']) retrieved from /home/airflow/.local/lib/python3.8/site-packages/airflow/example_dags/example_params_ui_tutorial.py
[2025-01-24T05:40:03.594+0000] {logging_mixin.py:151} INFO - [2025-01-24T05:40:03.594+0000] {dag.py:2915} INFO - Sync 1 DAGs
[2025-01-24T05:40:03.603+0000] {logging_mixin.py:151} INFO - [2025-01-24T05:40:03.603+0000] {dag.py:3696} INFO - Setting next_dagrun for example_params_ui_tutorial to None, run_after=None
[2025-01-24T05:40:03.615+0000] {processor.py:179} INFO - Processing /home/airflow/.local/lib/python3.8/site-packages/airflow/example_dags/example_params_ui_tutorial.py took 0.071 seconds
[2025-01-24T05:40:34.279+0000] {processor.py:157} INFO - Started process (PID=387) to work on /home/airflow/.local/lib/python3.8/site-packages/airflow/example_dags/example_params_ui_tutorial.py
[2025-01-24T05:40:34.280+0000] {processor.py:829} INFO - Processing file /home/airflow/.local/lib/python3.8/site-packages/airflow/example_dags/example_params_ui_tutorial.py for tasks to queue
[2025-01-24T05:40:34.281+0000] {logging_mixin.py:151} INFO - [2025-01-24T05:40:34.281+0000] {dagbag.py:539} INFO - Filling up the DagBag from /home/airflow/.local/lib/python3.8/site-packages/airflow/example_dags/example_params_ui_tutorial.py
[2025-01-24T05:40:34.298+0000] {processor.py:839} INFO - DAG(s) dict_keys(['example_params_ui_tutorial']) retrieved from /home/airflow/.local/lib/python3.8/site-packages/airflow/example_dags/example_params_ui_tutorial.py
[2025-01-24T05:40:34.327+0000] {logging_mixin.py:151} INFO - [2025-01-24T05:40:34.327+0000] {dag.py:2915} INFO - Sync 1 DAGs
[2025-01-24T05:40:34.333+0000] {logging_mixin.py:151} INFO - [2025-01-24T05:40:34.333+0000] {dag.py:3696} INFO - Setting next_dagrun for example_params_ui_tutorial to None, run_after=None
[2025-01-24T05:40:34.345+0000] {processor.py:179} INFO - Processing /home/airflow/.local/lib/python3.8/site-packages/airflow/example_dags/example_params_ui_tutorial.py took 0.068 seconds
[2025-01-24T05:41:05.024+0000] {processor.py:157} INFO - Started process (PID=441) to work on /home/airflow/.local/lib/python3.8/site-packages/airflow/example_dags/example_params_ui_tutorial.py
[2025-01-24T05:41:05.024+0000] {processor.py:829} INFO - Processing file /home/airflow/.local/lib/python3.8/site-packages/airflow/example_dags/example_params_ui_tutorial.py for tasks to queue
[2025-01-24T05:41:05.026+0000] {logging_mixin.py:151} INFO - [2025-01-24T05:41:05.025+0000] {dagbag.py:539} INFO - Filling up the DagBag from /home/airflow/.local/lib/python3.8/site-packages/airflow/example_dags/example_params_ui_tutorial.py
[2025-01-24T05:41:05.042+0000] {processor.py:839} INFO - DAG(s) dict_keys(['example_params_ui_tutorial']) retrieved from /home/airflow/.local/lib/python3.8/site-packages/airflow/example_dags/example_params_ui_tutorial.py
[2025-01-24T05:41:05.065+0000] {logging_mixin.py:151} INFO - [2025-01-24T05:41:05.064+0000] {dag.py:2915} INFO - Sync 1 DAGs
[2025-01-24T05:41:05.070+0000] {logging_mixin.py:151} INFO - [2025-01-24T05:41:05.070+0000] {dag.py:3696} INFO - Setting next_dagrun for example_params_ui_tutorial to None, run_after=None
[2025-01-24T05:41:05.082+0000] {processor.py:179} INFO - Processing /home/airflow/.local/lib/python3.8/site-packages/airflow/example_dags/example_params_ui_tutorial.py took 0.060 seconds
[2025-01-24T05:41:35.783+0000] {processor.py:157} INFO - Started process (PID=495) to work on /home/airflow/.local/lib/python3.8/site-packages/airflow/example_dags/example_params_ui_tutorial.py
[2025-01-24T05:41:35.784+0000] {processor.py:829} INFO - Processing file /home/airflow/.local/lib/python3.8/site-packages/airflow/example_dags/example_params_ui_tutorial.py for tasks to queue
[2025-01-24T05:41:35.786+0000] {logging_mixin.py:151} INFO - [2025-01-24T05:41:35.786+0000] {dagbag.py:539} INFO - Filling up the DagBag from /home/airflow/.local/lib/python3.8/site-packages/airflow/example_dags/example_params_ui_tutorial.py
[2025-01-24T05:41:35.803+0000] {processor.py:839} INFO - DAG(s) dict_keys(['example_params_ui_tutorial']) retrieved from /home/airflow/.local/lib/python3.8/site-packages/airflow/example_dags/example_params_ui_tutorial.py
[2025-01-24T05:41:35.828+0000] {logging_mixin.py:151} INFO - [2025-01-24T05:41:35.828+0000] {dag.py:2915} INFO - Sync 1 DAGs
[2025-01-24T05:41:35.835+0000] {logging_mixin.py:151} INFO - [2025-01-24T05:41:35.835+0000] {dag.py:3696} INFO - Setting next_dagrun for example_params_ui_tutorial to None, run_after=None
[2025-01-24T05:41:35.846+0000] {processor.py:179} INFO - Processing /home/airflow/.local/lib/python3.8/site-packages/airflow/example_dags/example_params_ui_tutorial.py took 0.065 seconds
[2025-01-24T05:42:06.463+0000] {processor.py:157} INFO - Started process (PID=548) to work on /home/airflow/.local/lib/python3.8/site-packages/airflow/example_dags/example_params_ui_tutorial.py
[2025-01-24T05:42:06.464+0000] {processor.py:829} INFO - Processing file /home/airflow/.local/lib/python3.8/site-packages/airflow/example_dags/example_params_ui_tutorial.py for tasks to queue
[2025-01-24T05:42:06.465+0000] {logging_mixin.py:151} INFO - [2025-01-24T05:42:06.465+0000] {dagbag.py:539} INFO - Filling up the DagBag from /home/airflow/.local/lib/python3.8/site-packages/airflow/example_dags/example_params_ui_tutorial.py
[2025-01-24T05:42:06.483+0000] {processor.py:839} INFO - DAG(s) dict_keys(['example_params_ui_tutorial']) retrieved from /home/airflow/.local/lib/python3.8/site-packages/airflow/example_dags/example_params_ui_tutorial.py
[2025-01-24T05:42:06.506+0000] {logging_mixin.py:151} INFO - [2025-01-24T05:42:06.506+0000] {dag.py:2915} INFO - Sync 1 DAGs
[2025-01-24T05:42:06.512+0000] {logging_mixin.py:151} INFO - [2025-01-24T05:42:06.512+0000] {dag.py:3696} INFO - Setting next_dagrun for example_params_ui_tutorial to None, run_after=None
[2025-01-24T05:42:06.521+0000] {processor.py:179} INFO - Processing /home/airflow/.local/lib/python3.8/site-packages/airflow/example_dags/example_params_ui_tutorial.py took 0.060 seconds
[2025-01-24T05:42:37.195+0000] {processor.py:157} INFO - Started process (PID=602) to work on /home/airflow/.local/lib/python3.8/site-packages/airflow/example_dags/example_params_ui_tutorial.py
[2025-01-24T05:42:37.196+0000] {processor.py:829} INFO - Processing file /home/airflow/.local/lib/python3.8/site-packages/airflow/example_dags/example_params_ui_tutorial.py for tasks to queue
[2025-01-24T05:42:37.197+0000] {logging_mixin.py:151} INFO - [2025-01-24T05:42:37.197+0000] {dagbag.py:539} INFO - Filling up the DagBag from /home/airflow/.local/lib/python3.8/site-packages/airflow/example_dags/example_params_ui_tutorial.py
[2025-01-24T05:42:37.214+0000] {processor.py:839} INFO - DAG(s) dict_keys(['example_params_ui_tutorial']) retrieved from /home/airflow/.local/lib/python3.8/site-packages/airflow/example_dags/example_params_ui_tutorial.py
[2025-01-24T05:42:37.238+0000] {logging_mixin.py:151} INFO - [2025-01-24T05:42:37.238+0000] {dag.py:2915} INFO - Sync 1 DAGs
[2025-01-24T05:42:37.244+0000] {logging_mixin.py:151} INFO - [2025-01-24T05:42:37.244+0000] {dag.py:3696} INFO - Setting next_dagrun for example_params_ui_tutorial to None, run_after=None
[2025-01-24T05:42:37.253+0000] {processor.py:179} INFO - Processing /home/airflow/.local/lib/python3.8/site-packages/airflow/example_dags/example_params_ui_tutorial.py took 0.060 seconds
[2025-01-24T05:43:07.855+0000] {processor.py:157} INFO - Started process (PID=656) to work on /home/airflow/.local/lib/python3.8/site-packages/airflow/example_dags/example_params_ui_tutorial.py
[2025-01-24T05:43:07.856+0000] {processor.py:829} INFO - Processing file /home/airflow/.local/lib/python3.8/site-packages/airflow/example_dags/example_params_ui_tutorial.py for tasks to queue
[2025-01-24T05:43:07.858+0000] {logging_mixin.py:151} INFO - [2025-01-24T05:43:07.858+0000] {dagbag.py:539} INFO - Filling up the DagBag from /home/airflow/.local/lib/python3.8/site-packages/airflow/example_dags/example_params_ui_tutorial.py
[2025-01-24T05:43:07.875+0000] {processor.py:839} INFO - DAG(s) dict_keys(['example_params_ui_tutorial']) retrieved from /home/airflow/.local/lib/python3.8/site-packages/airflow/example_dags/example_params_ui_tutorial.py
[2025-01-24T05:43:07.903+0000] {logging_mixin.py:151} INFO - [2025-01-24T05:43:07.902+0000] {dag.py:2915} INFO - Sync 1 DAGs
[2025-01-24T05:43:07.912+0000] {logging_mixin.py:151} INFO - [2025-01-24T05:43:07.912+0000] {dag.py:3696} INFO - Setting next_dagrun for example_params_ui_tutorial to None, run_after=None
[2025-01-24T05:43:07.925+0000] {processor.py:179} INFO - Processing /home/airflow/.local/lib/python3.8/site-packages/airflow/example_dags/example_params_ui_tutorial.py took 0.073 seconds
[2025-01-24T05:43:38.656+0000] {processor.py:157} INFO - Started process (PID=709) to work on /home/airflow/.local/lib/python3.8/site-packages/airflow/example_dags/example_params_ui_tutorial.py
[2025-01-24T05:43:38.660+0000] {processor.py:829} INFO - Processing file /home/airflow/.local/lib/python3.8/site-packages/airflow/example_dags/example_params_ui_tutorial.py for tasks to queue
[2025-01-24T05:43:38.661+0000] {logging_mixin.py:151} INFO - [2025-01-24T05:43:38.661+0000] {dagbag.py:539} INFO - Filling up the DagBag from /home/airflow/.local/lib/python3.8/site-packages/airflow/example_dags/example_params_ui_tutorial.py
[2025-01-24T05:43:38.676+0000] {processor.py:839} INFO - DAG(s) dict_keys(['example_params_ui_tutorial']) retrieved from /home/airflow/.local/lib/python3.8/site-packages/airflow/example_dags/example_params_ui_tutorial.py
[2025-01-24T05:43:38.704+0000] {logging_mixin.py:151} INFO - [2025-01-24T05:43:38.704+0000] {dag.py:2915} INFO - Sync 1 DAGs
[2025-01-24T05:43:38.710+0000] {logging_mixin.py:151} INFO - [2025-01-24T05:43:38.710+0000] {dag.py:3696} INFO - Setting next_dagrun for example_params_ui_tutorial to None, run_after=None
[2025-01-24T05:43:38.723+0000] {processor.py:179} INFO - Processing /home/airflow/.local/lib/python3.8/site-packages/airflow/example_dags/example_params_ui_tutorial.py took 0.069 seconds
[2025-01-24T05:44:09.344+0000] {processor.py:157} INFO - Started process (PID=763) to work on /home/airflow/.local/lib/python3.8/site-packages/airflow/example_dags/example_params_ui_tutorial.py
[2025-01-24T05:44:09.345+0000] {processor.py:829} INFO - Processing file /home/airflow/.local/lib/python3.8/site-packages/airflow/example_dags/example_params_ui_tutorial.py for tasks to queue
[2025-01-24T05:44:09.346+0000] {logging_mixin.py:151} INFO - [2025-01-24T05:44:09.346+0000] {dagbag.py:539} INFO - Filling up the DagBag from /home/airflow/.local/lib/python3.8/site-packages/airflow/example_dags/example_params_ui_tutorial.py
[2025-01-24T05:44:09.362+0000] {processor.py:839} INFO - DAG(s) dict_keys(['example_params_ui_tutorial']) retrieved from /home/airflow/.local/lib/python3.8/site-packages/airflow/example_dags/example_params_ui_tutorial.py
[2025-01-24T05:44:09.386+0000] {logging_mixin.py:151} INFO - [2025-01-24T05:44:09.385+0000] {dag.py:2915} INFO - Sync 1 DAGs
[2025-01-24T05:44:09.391+0000] {logging_mixin.py:151} INFO - [2025-01-24T05:44:09.391+0000] {dag.py:3696} INFO - Setting next_dagrun for example_params_ui_tutorial to None, run_after=None
[2025-01-24T05:44:09.402+0000] {processor.py:179} INFO - Processing /home/airflow/.local/lib/python3.8/site-packages/airflow/example_dags/example_params_ui_tutorial.py took 0.059 seconds
[2025-01-24T05:44:39.523+0000] {processor.py:157} INFO - Started process (PID=817) to work on /home/airflow/.local/lib/python3.8/site-packages/airflow/example_dags/example_params_ui_tutorial.py
[2025-01-24T05:44:39.524+0000] {processor.py:829} INFO - Processing file /home/airflow/.local/lib/python3.8/site-packages/airflow/example_dags/example_params_ui_tutorial.py for tasks to queue
[2025-01-24T05:44:39.525+0000] {logging_mixin.py:151} INFO - [2025-01-24T05:44:39.525+0000] {dagbag.py:539} INFO - Filling up the DagBag from /home/airflow/.local/lib/python3.8/site-packages/airflow/example_dags/example_params_ui_tutorial.py
[2025-01-24T05:44:39.542+0000] {processor.py:839} INFO - DAG(s) dict_keys(['example_params_ui_tutorial']) retrieved from /home/airflow/.local/lib/python3.8/site-packages/airflow/example_dags/example_params_ui_tutorial.py
[2025-01-24T05:44:39.568+0000] {logging_mixin.py:151} INFO - [2025-01-24T05:44:39.567+0000] {dag.py:2915} INFO - Sync 1 DAGs
[2025-01-24T05:44:39.574+0000] {logging_mixin.py:151} INFO - [2025-01-24T05:44:39.574+0000] {dag.py:3696} INFO - Setting next_dagrun for example_params_ui_tutorial to None, run_after=None
[2025-01-24T05:44:39.583+0000] {processor.py:179} INFO - Processing /home/airflow/.local/lib/python3.8/site-packages/airflow/example_dags/example_params_ui_tutorial.py took 0.062 seconds
[2025-01-24T05:45:10.298+0000] {processor.py:157} INFO - Started process (PID=871) to work on /home/airflow/.local/lib/python3.8/site-packages/airflow/example_dags/example_params_ui_tutorial.py
[2025-01-24T05:45:10.298+0000] {processor.py:829} INFO - Processing file /home/airflow/.local/lib/python3.8/site-packages/airflow/example_dags/example_params_ui_tutorial.py for tasks to queue
[2025-01-24T05:45:10.300+0000] {logging_mixin.py:151} INFO - [2025-01-24T05:45:10.300+0000] {dagbag.py:539} INFO - Filling up the DagBag from /home/airflow/.local/lib/python3.8/site-packages/airflow/example_dags/example_params_ui_tutorial.py
[2025-01-24T05:45:10.317+0000] {processor.py:839} INFO - DAG(s) dict_keys(['example_params_ui_tutorial']) retrieved from /home/airflow/.local/lib/python3.8/site-packages/airflow/example_dags/example_params_ui_tutorial.py
[2025-01-24T05:45:10.344+0000] {logging_mixin.py:151} INFO - [2025-01-24T05:45:10.344+0000] {dag.py:2915} INFO - Sync 1 DAGs
[2025-01-24T05:45:10.350+0000] {logging_mixin.py:151} INFO - [2025-01-24T05:45:10.350+0000] {dag.py:3696} INFO - Setting next_dagrun for example_params_ui_tutorial to None, run_after=None
[2025-01-24T05:45:10.359+0000] {processor.py:179} INFO - Processing /home/airflow/.local/lib/python3.8/site-packages/airflow/example_dags/example_params_ui_tutorial.py took 0.064 seconds
[2025-01-24T05:45:51.642+0000] {processor.py:157} INFO - Started process (PID=55) to work on /home/airflow/.local/lib/python3.8/site-packages/airflow/example_dags/example_params_ui_tutorial.py
[2025-01-24T05:45:51.642+0000] {processor.py:829} INFO - Processing file /home/airflow/.local/lib/python3.8/site-packages/airflow/example_dags/example_params_ui_tutorial.py for tasks to queue
[2025-01-24T05:45:51.643+0000] {logging_mixin.py:151} INFO - [2025-01-24T05:45:51.643+0000] {dagbag.py:539} INFO - Filling up the DagBag from /home/airflow/.local/lib/python3.8/site-packages/airflow/example_dags/example_params_ui_tutorial.py
[2025-01-24T05:45:51.661+0000] {processor.py:839} INFO - DAG(s) dict_keys(['example_params_ui_tutorial']) retrieved from /home/airflow/.local/lib/python3.8/site-packages/airflow/example_dags/example_params_ui_tutorial.py
[2025-01-24T05:45:51.668+0000] {logging_mixin.py:151} INFO - [2025-01-24T05:45:51.668+0000] {dag.py:2915} INFO - Sync 1 DAGs
[2025-01-24T05:45:51.675+0000] {logging_mixin.py:151} INFO - [2025-01-24T05:45:51.675+0000] {dag.py:3696} INFO - Setting next_dagrun for example_params_ui_tutorial to None, run_after=None
[2025-01-24T05:45:51.685+0000] {processor.py:179} INFO - Processing /home/airflow/.local/lib/python3.8/site-packages/airflow/example_dags/example_params_ui_tutorial.py took 0.045 seconds
[2025-01-24T05:46:22.235+0000] {processor.py:157} INFO - Started process (PID=109) to work on /home/airflow/.local/lib/python3.8/site-packages/airflow/example_dags/example_params_ui_tutorial.py
[2025-01-24T05:46:22.235+0000] {processor.py:829} INFO - Processing file /home/airflow/.local/lib/python3.8/site-packages/airflow/example_dags/example_params_ui_tutorial.py for tasks to queue
[2025-01-24T05:46:22.236+0000] {logging_mixin.py:151} INFO - [2025-01-24T05:46:22.236+0000] {dagbag.py:539} INFO - Filling up the DagBag from /home/airflow/.local/lib/python3.8/site-packages/airflow/example_dags/example_params_ui_tutorial.py
[2025-01-24T05:46:22.253+0000] {processor.py:839} INFO - DAG(s) dict_keys(['example_params_ui_tutorial']) retrieved from /home/airflow/.local/lib/python3.8/site-packages/airflow/example_dags/example_params_ui_tutorial.py
[2025-01-24T05:46:22.278+0000] {logging_mixin.py:151} INFO - [2025-01-24T05:46:22.278+0000] {dag.py:2915} INFO - Sync 1 DAGs
[2025-01-24T05:46:22.285+0000] {logging_mixin.py:151} INFO - [2025-01-24T05:46:22.285+0000] {dag.py:3696} INFO - Setting next_dagrun for example_params_ui_tutorial to None, run_after=None
[2025-01-24T05:46:22.294+0000] {processor.py:179} INFO - Processing /home/airflow/.local/lib/python3.8/site-packages/airflow/example_dags/example_params_ui_tutorial.py took 0.061 seconds
[2025-01-24T05:46:52.902+0000] {processor.py:157} INFO - Started process (PID=163) to work on /home/airflow/.local/lib/python3.8/site-packages/airflow/example_dags/example_params_ui_tutorial.py
[2025-01-24T05:46:52.903+0000] {processor.py:829} INFO - Processing file /home/airflow/.local/lib/python3.8/site-packages/airflow/example_dags/example_params_ui_tutorial.py for tasks to queue
[2025-01-24T05:46:52.905+0000] {logging_mixin.py:151} INFO - [2025-01-24T05:46:52.904+0000] {dagbag.py:539} INFO - Filling up the DagBag from /home/airflow/.local/lib/python3.8/site-packages/airflow/example_dags/example_params_ui_tutorial.py
[2025-01-24T05:46:52.922+0000] {processor.py:839} INFO - DAG(s) dict_keys(['example_params_ui_tutorial']) retrieved from /home/airflow/.local/lib/python3.8/site-packages/airflow/example_dags/example_params_ui_tutorial.py
[2025-01-24T05:46:52.947+0000] {logging_mixin.py:151} INFO - [2025-01-24T05:46:52.947+0000] {dag.py:2915} INFO - Sync 1 DAGs
[2025-01-24T05:46:52.953+0000] {logging_mixin.py:151} INFO - [2025-01-24T05:46:52.953+0000] {dag.py:3696} INFO - Setting next_dagrun for example_params_ui_tutorial to None, run_after=None
[2025-01-24T05:46:52.962+0000] {processor.py:179} INFO - Processing /home/airflow/.local/lib/python3.8/site-packages/airflow/example_dags/example_params_ui_tutorial.py took 0.061 seconds
[2025-01-24T05:47:23.572+0000] {processor.py:157} INFO - Started process (PID=217) to work on /home/airflow/.local/lib/python3.8/site-packages/airflow/example_dags/example_params_ui_tutorial.py
[2025-01-24T05:47:23.573+0000] {processor.py:829} INFO - Processing file /home/airflow/.local/lib/python3.8/site-packages/airflow/example_dags/example_params_ui_tutorial.py for tasks to queue
[2025-01-24T05:47:23.575+0000] {logging_mixin.py:151} INFO - [2025-01-24T05:47:23.575+0000] {dagbag.py:539} INFO - Filling up the DagBag from /home/airflow/.local/lib/python3.8/site-packages/airflow/example_dags/example_params_ui_tutorial.py
[2025-01-24T05:47:23.592+0000] {processor.py:839} INFO - DAG(s) dict_keys(['example_params_ui_tutorial']) retrieved from /home/airflow/.local/lib/python3.8/site-packages/airflow/example_dags/example_params_ui_tutorial.py
[2025-01-24T05:47:23.616+0000] {logging_mixin.py:151} INFO - [2025-01-24T05:47:23.616+0000] {dag.py:2915} INFO - Sync 1 DAGs
[2025-01-24T05:47:23.623+0000] {logging_mixin.py:151} INFO - [2025-01-24T05:47:23.623+0000] {dag.py:3696} INFO - Setting next_dagrun for example_params_ui_tutorial to None, run_after=None
[2025-01-24T05:47:23.632+0000] {processor.py:179} INFO - Processing /home/airflow/.local/lib/python3.8/site-packages/airflow/example_dags/example_params_ui_tutorial.py took 0.062 seconds
[2025-01-24T05:47:54.327+0000] {processor.py:157} INFO - Started process (PID=271) to work on /home/airflow/.local/lib/python3.8/site-packages/airflow/example_dags/example_params_ui_tutorial.py
[2025-01-24T05:47:54.330+0000] {processor.py:829} INFO - Processing file /home/airflow/.local/lib/python3.8/site-packages/airflow/example_dags/example_params_ui_tutorial.py for tasks to queue
[2025-01-24T05:47:54.332+0000] {logging_mixin.py:151} INFO - [2025-01-24T05:47:54.331+0000] {dagbag.py:539} INFO - Filling up the DagBag from /home/airflow/.local/lib/python3.8/site-packages/airflow/example_dags/example_params_ui_tutorial.py
[2025-01-24T05:47:54.348+0000] {processor.py:839} INFO - DAG(s) dict_keys(['example_params_ui_tutorial']) retrieved from /home/airflow/.local/lib/python3.8/site-packages/airflow/example_dags/example_params_ui_tutorial.py
[2025-01-24T05:47:54.373+0000] {logging_mixin.py:151} INFO - [2025-01-24T05:47:54.372+0000] {dag.py:2915} INFO - Sync 1 DAGs
[2025-01-24T05:47:54.378+0000] {logging_mixin.py:151} INFO - [2025-01-24T05:47:54.378+0000] {dag.py:3696} INFO - Setting next_dagrun for example_params_ui_tutorial to None, run_after=None
[2025-01-24T05:47:54.387+0000] {processor.py:179} INFO - Processing /home/airflow/.local/lib/python3.8/site-packages/airflow/example_dags/example_params_ui_tutorial.py took 0.061 seconds
