[2025-01-24T05:37:30.575+0000] {processor.py:157} INFO - Started process (PID=63) to work on /home/airflow/.local/lib/python3.8/site-packages/airflow/example_dags/example_sensor_decorator.py
[2025-01-24T05:37:30.577+0000] {processor.py:829} INFO - Processing file /home/airflow/.local/lib/python3.8/site-packages/airflow/example_dags/example_sensor_decorator.py for tasks to queue
[2025-01-24T05:37:30.579+0000] {logging_mixin.py:151} INFO - [2025-01-24T05:37:30.579+0000] {dagbag.py:539} INFO - Filling up the DagBag from /home/airflow/.local/lib/python3.8/site-packages/airflow/example_dags/example_sensor_decorator.py
[2025-01-24T05:37:30.583+0000] {processor.py:839} INFO - DAG(s) dict_keys(['example_sensor_decorator']) retrieved from /home/airflow/.local/lib/python3.8/site-packages/airflow/example_dags/example_sensor_decorator.py
[2025-01-24T05:37:30.590+0000] {logging_mixin.py:151} INFO - [2025-01-24T05:37:30.590+0000] {dag.py:2915} INFO - Sync 1 DAGs
[2025-01-24T05:37:30.598+0000] {logging_mixin.py:151} INFO - [2025-01-24T05:37:30.598+0000] {dag.py:3696} INFO - Setting next_dagrun for example_sensor_decorator to None, run_after=None
[2025-01-24T05:37:30.614+0000] {processor.py:179} INFO - Processing /home/airflow/.local/lib/python3.8/site-packages/airflow/example_dags/example_sensor_decorator.py took 0.041 seconds
[2025-01-24T05:38:00.908+0000] {processor.py:157} INFO - Started process (PID=116) to work on /home/airflow/.local/lib/python3.8/site-packages/airflow/example_dags/example_sensor_decorator.py
[2025-01-24T05:38:00.909+0000] {processor.py:829} INFO - Processing file /home/airflow/.local/lib/python3.8/site-packages/airflow/example_dags/example_sensor_decorator.py for tasks to queue
[2025-01-24T05:38:00.910+0000] {logging_mixin.py:151} INFO - [2025-01-24T05:38:00.910+0000] {dagbag.py:539} INFO - Filling up the DagBag from /home/airflow/.local/lib/python3.8/site-packages/airflow/example_dags/example_sensor_decorator.py
[2025-01-24T05:38:00.914+0000] {processor.py:839} INFO - DAG(s) dict_keys(['example_sensor_decorator']) retrieved from /home/airflow/.local/lib/python3.8/site-packages/airflow/example_dags/example_sensor_decorator.py
[2025-01-24T05:38:00.926+0000] {logging_mixin.py:151} INFO - [2025-01-24T05:38:00.926+0000] {dag.py:2915} INFO - Sync 1 DAGs
[2025-01-24T05:38:00.933+0000] {logging_mixin.py:151} INFO - [2025-01-24T05:38:00.932+0000] {dag.py:3696} INFO - Setting next_dagrun for example_sensor_decorator to None, run_after=None
[2025-01-24T05:38:00.944+0000] {processor.py:179} INFO - Processing /home/airflow/.local/lib/python3.8/site-packages/airflow/example_dags/example_sensor_decorator.py took 0.038 seconds
[2025-01-24T05:38:31.651+0000] {processor.py:157} INFO - Started process (PID=170) to work on /home/airflow/.local/lib/python3.8/site-packages/airflow/example_dags/example_sensor_decorator.py
[2025-01-24T05:38:31.656+0000] {processor.py:829} INFO - Processing file /home/airflow/.local/lib/python3.8/site-packages/airflow/example_dags/example_sensor_decorator.py for tasks to queue
[2025-01-24T05:38:31.660+0000] {logging_mixin.py:151} INFO - [2025-01-24T05:38:31.660+0000] {dagbag.py:539} INFO - Filling up the DagBag from /home/airflow/.local/lib/python3.8/site-packages/airflow/example_dags/example_sensor_decorator.py
[2025-01-24T05:38:31.663+0000] {processor.py:839} INFO - DAG(s) dict_keys(['example_sensor_decorator']) retrieved from /home/airflow/.local/lib/python3.8/site-packages/airflow/example_dags/example_sensor_decorator.py
[2025-01-24T05:38:31.676+0000] {logging_mixin.py:151} INFO - [2025-01-24T05:38:31.676+0000] {dag.py:2915} INFO - Sync 1 DAGs
[2025-01-24T05:38:31.683+0000] {logging_mixin.py:151} INFO - [2025-01-24T05:38:31.683+0000] {dag.py:3696} INFO - Setting next_dagrun for example_sensor_decorator to None, run_after=None
[2025-01-24T05:38:31.692+0000] {processor.py:179} INFO - Processing /home/airflow/.local/lib/python3.8/site-packages/airflow/example_dags/example_sensor_decorator.py took 0.043 seconds
[2025-01-24T05:39:02.513+0000] {processor.py:157} INFO - Started process (PID=223) to work on /home/airflow/.local/lib/python3.8/site-packages/airflow/example_dags/example_sensor_decorator.py
[2025-01-24T05:39:02.513+0000] {processor.py:829} INFO - Processing file /home/airflow/.local/lib/python3.8/site-packages/airflow/example_dags/example_sensor_decorator.py for tasks to queue
[2025-01-24T05:39:02.515+0000] {logging_mixin.py:151} INFO - [2025-01-24T05:39:02.515+0000] {dagbag.py:539} INFO - Filling up the DagBag from /home/airflow/.local/lib/python3.8/site-packages/airflow/example_dags/example_sensor_decorator.py
[2025-01-24T05:39:02.518+0000] {processor.py:839} INFO - DAG(s) dict_keys(['example_sensor_decorator']) retrieved from /home/airflow/.local/lib/python3.8/site-packages/airflow/example_dags/example_sensor_decorator.py
[2025-01-24T05:39:02.532+0000] {logging_mixin.py:151} INFO - [2025-01-24T05:39:02.532+0000] {dag.py:2915} INFO - Sync 1 DAGs
[2025-01-24T05:39:02.541+0000] {logging_mixin.py:151} INFO - [2025-01-24T05:39:02.541+0000] {dag.py:3696} INFO - Setting next_dagrun for example_sensor_decorator to None, run_after=None
[2025-01-24T05:39:02.553+0000] {processor.py:179} INFO - Processing /home/airflow/.local/lib/python3.8/site-packages/airflow/example_dags/example_sensor_decorator.py took 0.044 seconds
[2025-01-24T05:39:32.651+0000] {processor.py:157} INFO - Started process (PID=277) to work on /home/airflow/.local/lib/python3.8/site-packages/airflow/example_dags/example_sensor_decorator.py
[2025-01-24T05:39:32.655+0000] {processor.py:829} INFO - Processing file /home/airflow/.local/lib/python3.8/site-packages/airflow/example_dags/example_sensor_decorator.py for tasks to queue
[2025-01-24T05:39:32.656+0000] {logging_mixin.py:151} INFO - [2025-01-24T05:39:32.656+0000] {dagbag.py:539} INFO - Filling up the DagBag from /home/airflow/.local/lib/python3.8/site-packages/airflow/example_dags/example_sensor_decorator.py
[2025-01-24T05:39:32.659+0000] {processor.py:839} INFO - DAG(s) dict_keys(['example_sensor_decorator']) retrieved from /home/airflow/.local/lib/python3.8/site-packages/airflow/example_dags/example_sensor_decorator.py
[2025-01-24T05:39:32.671+0000] {logging_mixin.py:151} INFO - [2025-01-24T05:39:32.671+0000] {dag.py:2915} INFO - Sync 1 DAGs
[2025-01-24T05:39:32.679+0000] {logging_mixin.py:151} INFO - [2025-01-24T05:39:32.679+0000] {dag.py:3696} INFO - Setting next_dagrun for example_sensor_decorator to None, run_after=None
[2025-01-24T05:39:32.689+0000] {processor.py:179} INFO - Processing /home/airflow/.local/lib/python3.8/site-packages/airflow/example_dags/example_sensor_decorator.py took 0.040 seconds
[2025-01-24T05:40:03.705+0000] {processor.py:157} INFO - Started process (PID=331) to work on /home/airflow/.local/lib/python3.8/site-packages/airflow/example_dags/example_sensor_decorator.py
[2025-01-24T05:40:03.708+0000] {processor.py:829} INFO - Processing file /home/airflow/.local/lib/python3.8/site-packages/airflow/example_dags/example_sensor_decorator.py for tasks to queue
[2025-01-24T05:40:03.709+0000] {logging_mixin.py:151} INFO - [2025-01-24T05:40:03.709+0000] {dagbag.py:539} INFO - Filling up the DagBag from /home/airflow/.local/lib/python3.8/site-packages/airflow/example_dags/example_sensor_decorator.py
[2025-01-24T05:40:03.712+0000] {processor.py:839} INFO - DAG(s) dict_keys(['example_sensor_decorator']) retrieved from /home/airflow/.local/lib/python3.8/site-packages/airflow/example_dags/example_sensor_decorator.py
[2025-01-24T05:40:03.723+0000] {logging_mixin.py:151} INFO - [2025-01-24T05:40:03.723+0000] {dag.py:2915} INFO - Sync 1 DAGs
[2025-01-24T05:40:03.729+0000] {logging_mixin.py:151} INFO - [2025-01-24T05:40:03.729+0000] {dag.py:3696} INFO - Setting next_dagrun for example_sensor_decorator to None, run_after=None
[2025-01-24T05:40:03.738+0000] {processor.py:179} INFO - Processing /home/airflow/.local/lib/python3.8/site-packages/airflow/example_dags/example_sensor_decorator.py took 0.035 seconds
[2025-01-24T05:40:34.449+0000] {processor.py:157} INFO - Started process (PID=392) to work on /home/airflow/.local/lib/python3.8/site-packages/airflow/example_dags/example_sensor_decorator.py
[2025-01-24T05:40:34.453+0000] {processor.py:829} INFO - Processing file /home/airflow/.local/lib/python3.8/site-packages/airflow/example_dags/example_sensor_decorator.py for tasks to queue
[2025-01-24T05:40:34.454+0000] {logging_mixin.py:151} INFO - [2025-01-24T05:40:34.454+0000] {dagbag.py:539} INFO - Filling up the DagBag from /home/airflow/.local/lib/python3.8/site-packages/airflow/example_dags/example_sensor_decorator.py
[2025-01-24T05:40:34.458+0000] {processor.py:839} INFO - DAG(s) dict_keys(['example_sensor_decorator']) retrieved from /home/airflow/.local/lib/python3.8/site-packages/airflow/example_dags/example_sensor_decorator.py
[2025-01-24T05:40:34.469+0000] {logging_mixin.py:151} INFO - [2025-01-24T05:40:34.469+0000] {dag.py:2915} INFO - Sync 1 DAGs
[2025-01-24T05:40:34.476+0000] {logging_mixin.py:151} INFO - [2025-01-24T05:40:34.476+0000] {dag.py:3696} INFO - Setting next_dagrun for example_sensor_decorator to None, run_after=None
[2025-01-24T05:40:34.486+0000] {processor.py:179} INFO - Processing /home/airflow/.local/lib/python3.8/site-packages/airflow/example_dags/example_sensor_decorator.py took 0.039 seconds
[2025-01-24T05:41:05.179+0000] {processor.py:157} INFO - Started process (PID=446) to work on /home/airflow/.local/lib/python3.8/site-packages/airflow/example_dags/example_sensor_decorator.py
[2025-01-24T05:41:05.181+0000] {processor.py:829} INFO - Processing file /home/airflow/.local/lib/python3.8/site-packages/airflow/example_dags/example_sensor_decorator.py for tasks to queue
[2025-01-24T05:41:05.182+0000] {logging_mixin.py:151} INFO - [2025-01-24T05:41:05.182+0000] {dagbag.py:539} INFO - Filling up the DagBag from /home/airflow/.local/lib/python3.8/site-packages/airflow/example_dags/example_sensor_decorator.py
[2025-01-24T05:41:05.185+0000] {processor.py:839} INFO - DAG(s) dict_keys(['example_sensor_decorator']) retrieved from /home/airflow/.local/lib/python3.8/site-packages/airflow/example_dags/example_sensor_decorator.py
[2025-01-24T05:41:05.196+0000] {logging_mixin.py:151} INFO - [2025-01-24T05:41:05.196+0000] {dag.py:2915} INFO - Sync 1 DAGs
[2025-01-24T05:41:05.204+0000] {logging_mixin.py:151} INFO - [2025-01-24T05:41:05.204+0000] {dag.py:3696} INFO - Setting next_dagrun for example_sensor_decorator to None, run_after=None
[2025-01-24T05:41:05.215+0000] {processor.py:179} INFO - Processing /home/airflow/.local/lib/python3.8/site-packages/airflow/example_dags/example_sensor_decorator.py took 0.037 seconds
[2025-01-24T05:41:35.938+0000] {processor.py:157} INFO - Started process (PID=500) to work on /home/airflow/.local/lib/python3.8/site-packages/airflow/example_dags/example_sensor_decorator.py
[2025-01-24T05:41:35.939+0000] {processor.py:829} INFO - Processing file /home/airflow/.local/lib/python3.8/site-packages/airflow/example_dags/example_sensor_decorator.py for tasks to queue
[2025-01-24T05:41:35.942+0000] {logging_mixin.py:151} INFO - [2025-01-24T05:41:35.941+0000] {dagbag.py:539} INFO - Filling up the DagBag from /home/airflow/.local/lib/python3.8/site-packages/airflow/example_dags/example_sensor_decorator.py
[2025-01-24T05:41:35.945+0000] {processor.py:839} INFO - DAG(s) dict_keys(['example_sensor_decorator']) retrieved from /home/airflow/.local/lib/python3.8/site-packages/airflow/example_dags/example_sensor_decorator.py
[2025-01-24T05:41:35.959+0000] {logging_mixin.py:151} INFO - [2025-01-24T05:41:35.959+0000] {dag.py:2915} INFO - Sync 1 DAGs
[2025-01-24T05:41:35.965+0000] {logging_mixin.py:151} INFO - [2025-01-24T05:41:35.965+0000] {dag.py:3696} INFO - Setting next_dagrun for example_sensor_decorator to None, run_after=None
[2025-01-24T05:41:35.977+0000] {processor.py:179} INFO - Processing /home/airflow/.local/lib/python3.8/site-packages/airflow/example_dags/example_sensor_decorator.py took 0.041 seconds
[2025-01-24T05:42:06.593+0000] {processor.py:157} INFO - Started process (PID=553) to work on /home/airflow/.local/lib/python3.8/site-packages/airflow/example_dags/example_sensor_decorator.py
[2025-01-24T05:42:06.597+0000] {processor.py:829} INFO - Processing file /home/airflow/.local/lib/python3.8/site-packages/airflow/example_dags/example_sensor_decorator.py for tasks to queue
[2025-01-24T05:42:06.601+0000] {logging_mixin.py:151} INFO - [2025-01-24T05:42:06.601+0000] {dagbag.py:539} INFO - Filling up the DagBag from /home/airflow/.local/lib/python3.8/site-packages/airflow/example_dags/example_sensor_decorator.py
[2025-01-24T05:42:06.608+0000] {processor.py:839} INFO - DAG(s) dict_keys(['example_sensor_decorator']) retrieved from /home/airflow/.local/lib/python3.8/site-packages/airflow/example_dags/example_sensor_decorator.py
[2025-01-24T05:42:06.623+0000] {logging_mixin.py:151} INFO - [2025-01-24T05:42:06.622+0000] {dag.py:2915} INFO - Sync 1 DAGs
[2025-01-24T05:42:06.631+0000] {logging_mixin.py:151} INFO - [2025-01-24T05:42:06.631+0000] {dag.py:3696} INFO - Setting next_dagrun for example_sensor_decorator to None, run_after=None
[2025-01-24T05:42:06.640+0000] {processor.py:179} INFO - Processing /home/airflow/.local/lib/python3.8/site-packages/airflow/example_dags/example_sensor_decorator.py took 0.050 seconds
[2025-01-24T05:42:37.358+0000] {processor.py:157} INFO - Started process (PID=607) to work on /home/airflow/.local/lib/python3.8/site-packages/airflow/example_dags/example_sensor_decorator.py
[2025-01-24T05:42:37.358+0000] {processor.py:829} INFO - Processing file /home/airflow/.local/lib/python3.8/site-packages/airflow/example_dags/example_sensor_decorator.py for tasks to queue
[2025-01-24T05:42:37.360+0000] {logging_mixin.py:151} INFO - [2025-01-24T05:42:37.359+0000] {dagbag.py:539} INFO - Filling up the DagBag from /home/airflow/.local/lib/python3.8/site-packages/airflow/example_dags/example_sensor_decorator.py
[2025-01-24T05:42:37.363+0000] {processor.py:839} INFO - DAG(s) dict_keys(['example_sensor_decorator']) retrieved from /home/airflow/.local/lib/python3.8/site-packages/airflow/example_dags/example_sensor_decorator.py
[2025-01-24T05:42:37.373+0000] {logging_mixin.py:151} INFO - [2025-01-24T05:42:37.373+0000] {dag.py:2915} INFO - Sync 1 DAGs
[2025-01-24T05:42:37.379+0000] {logging_mixin.py:151} INFO - [2025-01-24T05:42:37.379+0000] {dag.py:3696} INFO - Setting next_dagrun for example_sensor_decorator to None, run_after=None
[2025-01-24T05:42:37.394+0000] {processor.py:179} INFO - Processing /home/airflow/.local/lib/python3.8/site-packages/airflow/example_dags/example_sensor_decorator.py took 0.038 seconds
[2025-01-24T05:43:08.046+0000] {processor.py:157} INFO - Started process (PID=661) to work on /home/airflow/.local/lib/python3.8/site-packages/airflow/example_dags/example_sensor_decorator.py
[2025-01-24T05:43:08.046+0000] {processor.py:829} INFO - Processing file /home/airflow/.local/lib/python3.8/site-packages/airflow/example_dags/example_sensor_decorator.py for tasks to queue
[2025-01-24T05:43:08.047+0000] {logging_mixin.py:151} INFO - [2025-01-24T05:43:08.047+0000] {dagbag.py:539} INFO - Filling up the DagBag from /home/airflow/.local/lib/python3.8/site-packages/airflow/example_dags/example_sensor_decorator.py
[2025-01-24T05:43:08.051+0000] {processor.py:839} INFO - DAG(s) dict_keys(['example_sensor_decorator']) retrieved from /home/airflow/.local/lib/python3.8/site-packages/airflow/example_dags/example_sensor_decorator.py
[2025-01-24T05:43:08.062+0000] {logging_mixin.py:151} INFO - [2025-01-24T05:43:08.062+0000] {dag.py:2915} INFO - Sync 1 DAGs
[2025-01-24T05:43:08.069+0000] {logging_mixin.py:151} INFO - [2025-01-24T05:43:08.069+0000] {dag.py:3696} INFO - Setting next_dagrun for example_sensor_decorator to None, run_after=None
[2025-01-24T05:43:08.079+0000] {processor.py:179} INFO - Processing /home/airflow/.local/lib/python3.8/site-packages/airflow/example_dags/example_sensor_decorator.py took 0.035 seconds
[2025-01-24T05:43:38.831+0000] {processor.py:157} INFO - Started process (PID=714) to work on /home/airflow/.local/lib/python3.8/site-packages/airflow/example_dags/example_sensor_decorator.py
[2025-01-24T05:43:38.831+0000] {processor.py:829} INFO - Processing file /home/airflow/.local/lib/python3.8/site-packages/airflow/example_dags/example_sensor_decorator.py for tasks to queue
[2025-01-24T05:43:38.833+0000] {logging_mixin.py:151} INFO - [2025-01-24T05:43:38.833+0000] {dagbag.py:539} INFO - Filling up the DagBag from /home/airflow/.local/lib/python3.8/site-packages/airflow/example_dags/example_sensor_decorator.py
[2025-01-24T05:43:38.836+0000] {processor.py:839} INFO - DAG(s) dict_keys(['example_sensor_decorator']) retrieved from /home/airflow/.local/lib/python3.8/site-packages/airflow/example_dags/example_sensor_decorator.py
[2025-01-24T05:43:38.849+0000] {logging_mixin.py:151} INFO - [2025-01-24T05:43:38.849+0000] {dag.py:2915} INFO - Sync 1 DAGs
[2025-01-24T05:43:38.857+0000] {logging_mixin.py:151} INFO - [2025-01-24T05:43:38.856+0000] {dag.py:3696} INFO - Setting next_dagrun for example_sensor_decorator to None, run_after=None
[2025-01-24T05:43:38.866+0000] {processor.py:179} INFO - Processing /home/airflow/.local/lib/python3.8/site-packages/airflow/example_dags/example_sensor_decorator.py took 0.037 seconds
[2025-01-24T05:44:09.512+0000] {processor.py:157} INFO - Started process (PID=768) to work on /home/airflow/.local/lib/python3.8/site-packages/airflow/example_dags/example_sensor_decorator.py
[2025-01-24T05:44:09.512+0000] {processor.py:829} INFO - Processing file /home/airflow/.local/lib/python3.8/site-packages/airflow/example_dags/example_sensor_decorator.py for tasks to queue
[2025-01-24T05:44:09.513+0000] {logging_mixin.py:151} INFO - [2025-01-24T05:44:09.513+0000] {dagbag.py:539} INFO - Filling up the DagBag from /home/airflow/.local/lib/python3.8/site-packages/airflow/example_dags/example_sensor_decorator.py
[2025-01-24T05:44:09.517+0000] {processor.py:839} INFO - DAG(s) dict_keys(['example_sensor_decorator']) retrieved from /home/airflow/.local/lib/python3.8/site-packages/airflow/example_dags/example_sensor_decorator.py
[2025-01-24T05:44:09.530+0000] {logging_mixin.py:151} INFO - [2025-01-24T05:44:09.530+0000] {dag.py:2915} INFO - Sync 1 DAGs
[2025-01-24T05:44:09.536+0000] {logging_mixin.py:151} INFO - [2025-01-24T05:44:09.536+0000] {dag.py:3696} INFO - Setting next_dagrun for example_sensor_decorator to None, run_after=None
[2025-01-24T05:44:09.546+0000] {processor.py:179} INFO - Processing /home/airflow/.local/lib/python3.8/site-packages/airflow/example_dags/example_sensor_decorator.py took 0.036 seconds
[2025-01-24T05:44:39.698+0000] {processor.py:157} INFO - Started process (PID=822) to work on /home/airflow/.local/lib/python3.8/site-packages/airflow/example_dags/example_sensor_decorator.py
[2025-01-24T05:44:39.700+0000] {processor.py:829} INFO - Processing file /home/airflow/.local/lib/python3.8/site-packages/airflow/example_dags/example_sensor_decorator.py for tasks to queue
[2025-01-24T05:44:39.701+0000] {logging_mixin.py:151} INFO - [2025-01-24T05:44:39.701+0000] {dagbag.py:539} INFO - Filling up the DagBag from /home/airflow/.local/lib/python3.8/site-packages/airflow/example_dags/example_sensor_decorator.py
[2025-01-24T05:44:39.704+0000] {processor.py:839} INFO - DAG(s) dict_keys(['example_sensor_decorator']) retrieved from /home/airflow/.local/lib/python3.8/site-packages/airflow/example_dags/example_sensor_decorator.py
[2025-01-24T05:44:39.715+0000] {logging_mixin.py:151} INFO - [2025-01-24T05:44:39.715+0000] {dag.py:2915} INFO - Sync 1 DAGs
[2025-01-24T05:44:39.722+0000] {logging_mixin.py:151} INFO - [2025-01-24T05:44:39.722+0000] {dag.py:3696} INFO - Setting next_dagrun for example_sensor_decorator to None, run_after=None
[2025-01-24T05:44:39.733+0000] {processor.py:179} INFO - Processing /home/airflow/.local/lib/python3.8/site-packages/airflow/example_dags/example_sensor_decorator.py took 0.037 seconds
[2025-01-24T05:45:10.468+0000] {processor.py:157} INFO - Started process (PID=876) to work on /home/airflow/.local/lib/python3.8/site-packages/airflow/example_dags/example_sensor_decorator.py
[2025-01-24T05:45:10.469+0000] {processor.py:829} INFO - Processing file /home/airflow/.local/lib/python3.8/site-packages/airflow/example_dags/example_sensor_decorator.py for tasks to queue
[2025-01-24T05:45:10.470+0000] {logging_mixin.py:151} INFO - [2025-01-24T05:45:10.470+0000] {dagbag.py:539} INFO - Filling up the DagBag from /home/airflow/.local/lib/python3.8/site-packages/airflow/example_dags/example_sensor_decorator.py
[2025-01-24T05:45:10.473+0000] {processor.py:839} INFO - DAG(s) dict_keys(['example_sensor_decorator']) retrieved from /home/airflow/.local/lib/python3.8/site-packages/airflow/example_dags/example_sensor_decorator.py
[2025-01-24T05:45:10.487+0000] {logging_mixin.py:151} INFO - [2025-01-24T05:45:10.487+0000] {dag.py:2915} INFO - Sync 1 DAGs
[2025-01-24T05:45:10.495+0000] {logging_mixin.py:151} INFO - [2025-01-24T05:45:10.495+0000] {dag.py:3696} INFO - Setting next_dagrun for example_sensor_decorator to None, run_after=None
[2025-01-24T05:45:10.503+0000] {processor.py:179} INFO - Processing /home/airflow/.local/lib/python3.8/site-packages/airflow/example_dags/example_sensor_decorator.py took 0.037 seconds
[2025-01-24T05:45:51.802+0000] {processor.py:157} INFO - Started process (PID=61) to work on /home/airflow/.local/lib/python3.8/site-packages/airflow/example_dags/example_sensor_decorator.py
[2025-01-24T05:45:51.803+0000] {processor.py:829} INFO - Processing file /home/airflow/.local/lib/python3.8/site-packages/airflow/example_dags/example_sensor_decorator.py for tasks to queue
[2025-01-24T05:45:51.805+0000] {logging_mixin.py:151} INFO - [2025-01-24T05:45:51.805+0000] {dagbag.py:539} INFO - Filling up the DagBag from /home/airflow/.local/lib/python3.8/site-packages/airflow/example_dags/example_sensor_decorator.py
[2025-01-24T05:45:51.809+0000] {processor.py:839} INFO - DAG(s) dict_keys(['example_sensor_decorator']) retrieved from /home/airflow/.local/lib/python3.8/site-packages/airflow/example_dags/example_sensor_decorator.py
[2025-01-24T05:45:51.816+0000] {logging_mixin.py:151} INFO - [2025-01-24T05:45:51.816+0000] {dag.py:2915} INFO - Sync 1 DAGs
[2025-01-24T05:45:51.823+0000] {logging_mixin.py:151} INFO - [2025-01-24T05:45:51.823+0000] {dag.py:3696} INFO - Setting next_dagrun for example_sensor_decorator to None, run_after=None
[2025-01-24T05:45:51.834+0000] {processor.py:179} INFO - Processing /home/airflow/.local/lib/python3.8/site-packages/airflow/example_dags/example_sensor_decorator.py took 0.034 seconds
[2025-01-24T05:46:22.409+0000] {processor.py:157} INFO - Started process (PID=114) to work on /home/airflow/.local/lib/python3.8/site-packages/airflow/example_dags/example_sensor_decorator.py
[2025-01-24T05:46:22.409+0000] {processor.py:829} INFO - Processing file /home/airflow/.local/lib/python3.8/site-packages/airflow/example_dags/example_sensor_decorator.py for tasks to queue
[2025-01-24T05:46:22.411+0000] {logging_mixin.py:151} INFO - [2025-01-24T05:46:22.411+0000] {dagbag.py:539} INFO - Filling up the DagBag from /home/airflow/.local/lib/python3.8/site-packages/airflow/example_dags/example_sensor_decorator.py
[2025-01-24T05:46:22.414+0000] {processor.py:839} INFO - DAG(s) dict_keys(['example_sensor_decorator']) retrieved from /home/airflow/.local/lib/python3.8/site-packages/airflow/example_dags/example_sensor_decorator.py
[2025-01-24T05:46:22.430+0000] {logging_mixin.py:151} INFO - [2025-01-24T05:46:22.430+0000] {dag.py:2915} INFO - Sync 1 DAGs
[2025-01-24T05:46:22.436+0000] {logging_mixin.py:151} INFO - [2025-01-24T05:46:22.436+0000] {dag.py:3696} INFO - Setting next_dagrun for example_sensor_decorator to None, run_after=None
[2025-01-24T05:46:22.445+0000] {processor.py:179} INFO - Processing /home/airflow/.local/lib/python3.8/site-packages/airflow/example_dags/example_sensor_decorator.py took 0.039 seconds
[2025-01-24T05:46:53.055+0000] {processor.py:157} INFO - Started process (PID=168) to work on /home/airflow/.local/lib/python3.8/site-packages/airflow/example_dags/example_sensor_decorator.py
[2025-01-24T05:46:53.056+0000] {processor.py:829} INFO - Processing file /home/airflow/.local/lib/python3.8/site-packages/airflow/example_dags/example_sensor_decorator.py for tasks to queue
[2025-01-24T05:46:53.057+0000] {logging_mixin.py:151} INFO - [2025-01-24T05:46:53.056+0000] {dagbag.py:539} INFO - Filling up the DagBag from /home/airflow/.local/lib/python3.8/site-packages/airflow/example_dags/example_sensor_decorator.py
[2025-01-24T05:46:53.061+0000] {processor.py:839} INFO - DAG(s) dict_keys(['example_sensor_decorator']) retrieved from /home/airflow/.local/lib/python3.8/site-packages/airflow/example_dags/example_sensor_decorator.py
[2025-01-24T05:46:53.071+0000] {logging_mixin.py:151} INFO - [2025-01-24T05:46:53.071+0000] {dag.py:2915} INFO - Sync 1 DAGs
[2025-01-24T05:46:53.079+0000] {logging_mixin.py:151} INFO - [2025-01-24T05:46:53.079+0000] {dag.py:3696} INFO - Setting next_dagrun for example_sensor_decorator to None, run_after=None
[2025-01-24T05:46:53.092+0000] {processor.py:179} INFO - Processing /home/airflow/.local/lib/python3.8/site-packages/airflow/example_dags/example_sensor_decorator.py took 0.039 seconds
[2025-01-24T05:47:23.748+0000] {processor.py:157} INFO - Started process (PID=222) to work on /home/airflow/.local/lib/python3.8/site-packages/airflow/example_dags/example_sensor_decorator.py
[2025-01-24T05:47:23.751+0000] {processor.py:829} INFO - Processing file /home/airflow/.local/lib/python3.8/site-packages/airflow/example_dags/example_sensor_decorator.py for tasks to queue
[2025-01-24T05:47:23.752+0000] {logging_mixin.py:151} INFO - [2025-01-24T05:47:23.752+0000] {dagbag.py:539} INFO - Filling up the DagBag from /home/airflow/.local/lib/python3.8/site-packages/airflow/example_dags/example_sensor_decorator.py
[2025-01-24T05:47:23.755+0000] {processor.py:839} INFO - DAG(s) dict_keys(['example_sensor_decorator']) retrieved from /home/airflow/.local/lib/python3.8/site-packages/airflow/example_dags/example_sensor_decorator.py
[2025-01-24T05:47:23.767+0000] {logging_mixin.py:151} INFO - [2025-01-24T05:47:23.767+0000] {dag.py:2915} INFO - Sync 1 DAGs
[2025-01-24T05:47:23.772+0000] {logging_mixin.py:151} INFO - [2025-01-24T05:47:23.772+0000] {dag.py:3696} INFO - Setting next_dagrun for example_sensor_decorator to None, run_after=None
[2025-01-24T05:47:23.781+0000] {processor.py:179} INFO - Processing /home/airflow/.local/lib/python3.8/site-packages/airflow/example_dags/example_sensor_decorator.py took 0.035 seconds
[2025-01-24T05:47:54.466+0000] {processor.py:157} INFO - Started process (PID=276) to work on /home/airflow/.local/lib/python3.8/site-packages/airflow/example_dags/example_sensor_decorator.py
[2025-01-24T05:47:54.469+0000] {processor.py:829} INFO - Processing file /home/airflow/.local/lib/python3.8/site-packages/airflow/example_dags/example_sensor_decorator.py for tasks to queue
[2025-01-24T05:47:54.470+0000] {logging_mixin.py:151} INFO - [2025-01-24T05:47:54.470+0000] {dagbag.py:539} INFO - Filling up the DagBag from /home/airflow/.local/lib/python3.8/site-packages/airflow/example_dags/example_sensor_decorator.py
[2025-01-24T05:47:54.474+0000] {processor.py:839} INFO - DAG(s) dict_keys(['example_sensor_decorator']) retrieved from /home/airflow/.local/lib/python3.8/site-packages/airflow/example_dags/example_sensor_decorator.py
[2025-01-24T05:47:54.485+0000] {logging_mixin.py:151} INFO - [2025-01-24T05:47:54.485+0000] {dag.py:2915} INFO - Sync 1 DAGs
[2025-01-24T05:47:54.491+0000] {logging_mixin.py:151} INFO - [2025-01-24T05:47:54.491+0000] {dag.py:3696} INFO - Setting next_dagrun for example_sensor_decorator to None, run_after=None
[2025-01-24T05:47:54.500+0000] {processor.py:179} INFO - Processing /home/airflow/.local/lib/python3.8/site-packages/airflow/example_dags/example_sensor_decorator.py took 0.036 seconds
