[2025-01-24T05:37:30.089+0000] {processor.py:157} INFO - Started process (PID=48) to work on /home/airflow/.local/lib/python3.8/site-packages/airflow/example_dags/example_datasets.py
[2025-01-24T05:37:30.090+0000] {processor.py:829} INFO - Processing file /home/airflow/.local/lib/python3.8/site-packages/airflow/example_dags/example_datasets.py for tasks to queue
[2025-01-24T05:37:30.091+0000] {logging_mixin.py:151} INFO - [2025-01-24T05:37:30.091+0000] {dagbag.py:539} INFO - Filling up the DagBag from /home/airflow/.local/lib/python3.8/site-packages/airflow/example_dags/example_datasets.py
[2025-01-24T05:37:30.099+0000] {processor.py:839} INFO - DAG(s) dict_keys(['dataset_consumes_1', 'dataset_produces_2', 'dataset_consumes_unknown_never_scheduled', 'dataset_consumes_1_never_scheduled', 'dataset_consumes_1_and_2', 'dataset_produces_1']) retrieved from /home/airflow/.local/lib/python3.8/site-packages/airflow/example_dags/example_datasets.py
[2025-01-24T05:37:30.108+0000] {logging_mixin.py:151} INFO - [2025-01-24T05:37:30.108+0000] {dag.py:2915} INFO - Sync 6 DAGs
[2025-01-24T05:37:30.122+0000] {logging_mixin.py:151} INFO - [2025-01-24T05:37:30.122+0000] {dag.py:3696} INFO - Setting next_dagrun for dataset_consumes_1 to None, run_after=None
[2025-01-24T05:37:30.125+0000] {logging_mixin.py:151} INFO - [2025-01-24T05:37:30.125+0000] {dag.py:3696} INFO - Setting next_dagrun for dataset_consumes_1_and_2 to None, run_after=None
[2025-01-24T05:37:30.127+0000] {logging_mixin.py:151} INFO - [2025-01-24T05:37:30.127+0000] {dag.py:3696} INFO - Setting next_dagrun for dataset_consumes_1_never_scheduled to None, run_after=None
[2025-01-24T05:37:30.128+0000] {logging_mixin.py:151} INFO - [2025-01-24T05:37:30.128+0000] {dag.py:3696} INFO - Setting next_dagrun for dataset_consumes_unknown_never_scheduled to None, run_after=None
[2025-01-24T05:37:30.130+0000] {logging_mixin.py:151} INFO - [2025-01-24T05:37:30.130+0000] {dag.py:3696} INFO - Setting next_dagrun for dataset_produces_1 to 2025-01-23T00:00:00+00:00, run_after=2025-01-24T00:00:00+00:00
[2025-01-24T05:37:30.132+0000] {logging_mixin.py:151} INFO - [2025-01-24T05:37:30.132+0000] {dag.py:3696} INFO - Setting next_dagrun for dataset_produces_2 to None, run_after=None
[2025-01-24T05:37:30.152+0000] {processor.py:179} INFO - Processing /home/airflow/.local/lib/python3.8/site-packages/airflow/example_dags/example_datasets.py took 0.065 seconds
[2025-01-24T05:38:00.383+0000] {processor.py:157} INFO - Started process (PID=102) to work on /home/airflow/.local/lib/python3.8/site-packages/airflow/example_dags/example_datasets.py
[2025-01-24T05:38:00.385+0000] {processor.py:829} INFO - Processing file /home/airflow/.local/lib/python3.8/site-packages/airflow/example_dags/example_datasets.py for tasks to queue
[2025-01-24T05:38:00.386+0000] {logging_mixin.py:151} INFO - [2025-01-24T05:38:00.386+0000] {dagbag.py:539} INFO - Filling up the DagBag from /home/airflow/.local/lib/python3.8/site-packages/airflow/example_dags/example_datasets.py
[2025-01-24T05:38:00.392+0000] {processor.py:839} INFO - DAG(s) dict_keys(['dataset_produces_2', 'dataset_produces_1', 'dataset_consumes_1_and_2', 'dataset_consumes_unknown_never_scheduled', 'dataset_consumes_1', 'dataset_consumes_1_never_scheduled']) retrieved from /home/airflow/.local/lib/python3.8/site-packages/airflow/example_dags/example_datasets.py
[2025-01-24T05:38:00.413+0000] {logging_mixin.py:151} INFO - [2025-01-24T05:38:00.413+0000] {dag.py:2915} INFO - Sync 6 DAGs
[2025-01-24T05:38:00.426+0000] {logging_mixin.py:151} INFO - [2025-01-24T05:38:00.425+0000] {dag.py:3696} INFO - Setting next_dagrun for dataset_consumes_1 to None, run_after=None
[2025-01-24T05:38:00.429+0000] {logging_mixin.py:151} INFO - [2025-01-24T05:38:00.429+0000] {dag.py:3696} INFO - Setting next_dagrun for dataset_consumes_1_and_2 to None, run_after=None
[2025-01-24T05:38:00.431+0000] {logging_mixin.py:151} INFO - [2025-01-24T05:38:00.431+0000] {dag.py:3696} INFO - Setting next_dagrun for dataset_consumes_1_never_scheduled to None, run_after=None
[2025-01-24T05:38:00.432+0000] {logging_mixin.py:151} INFO - [2025-01-24T05:38:00.432+0000] {dag.py:3696} INFO - Setting next_dagrun for dataset_consumes_unknown_never_scheduled to None, run_after=None
[2025-01-24T05:38:00.434+0000] {logging_mixin.py:151} INFO - [2025-01-24T05:38:00.433+0000] {dag.py:3696} INFO - Setting next_dagrun for dataset_produces_1 to 2025-01-23T00:00:00+00:00, run_after=2025-01-24T00:00:00+00:00
[2025-01-24T05:38:00.434+0000] {logging_mixin.py:151} INFO - [2025-01-24T05:38:00.434+0000] {dag.py:3696} INFO - Setting next_dagrun for dataset_produces_2 to None, run_after=None
[2025-01-24T05:38:00.449+0000] {processor.py:179} INFO - Processing /home/airflow/.local/lib/python3.8/site-packages/airflow/example_dags/example_datasets.py took 0.068 seconds
[2025-01-24T05:38:31.198+0000] {processor.py:157} INFO - Started process (PID=156) to work on /home/airflow/.local/lib/python3.8/site-packages/airflow/example_dags/example_datasets.py
[2025-01-24T05:38:31.199+0000] {processor.py:829} INFO - Processing file /home/airflow/.local/lib/python3.8/site-packages/airflow/example_dags/example_datasets.py for tasks to queue
[2025-01-24T05:38:31.200+0000] {logging_mixin.py:151} INFO - [2025-01-24T05:38:31.200+0000] {dagbag.py:539} INFO - Filling up the DagBag from /home/airflow/.local/lib/python3.8/site-packages/airflow/example_dags/example_datasets.py
[2025-01-24T05:38:31.205+0000] {processor.py:839} INFO - DAG(s) dict_keys(['dataset_consumes_1_never_scheduled', 'dataset_produces_1', 'dataset_produces_2', 'dataset_consumes_unknown_never_scheduled', 'dataset_consumes_1', 'dataset_consumes_1_and_2']) retrieved from /home/airflow/.local/lib/python3.8/site-packages/airflow/example_dags/example_datasets.py
[2025-01-24T05:38:31.227+0000] {logging_mixin.py:151} INFO - [2025-01-24T05:38:31.227+0000] {dag.py:2915} INFO - Sync 6 DAGs
[2025-01-24T05:38:31.243+0000] {logging_mixin.py:151} INFO - [2025-01-24T05:38:31.243+0000] {dag.py:3696} INFO - Setting next_dagrun for dataset_consumes_1 to None, run_after=None
[2025-01-24T05:38:31.246+0000] {logging_mixin.py:151} INFO - [2025-01-24T05:38:31.246+0000] {dag.py:3696} INFO - Setting next_dagrun for dataset_consumes_1_and_2 to None, run_after=None
[2025-01-24T05:38:31.248+0000] {logging_mixin.py:151} INFO - [2025-01-24T05:38:31.248+0000] {dag.py:3696} INFO - Setting next_dagrun for dataset_consumes_1_never_scheduled to None, run_after=None
[2025-01-24T05:38:31.248+0000] {logging_mixin.py:151} INFO - [2025-01-24T05:38:31.248+0000] {dag.py:3696} INFO - Setting next_dagrun for dataset_consumes_unknown_never_scheduled to None, run_after=None
[2025-01-24T05:38:31.250+0000] {logging_mixin.py:151} INFO - [2025-01-24T05:38:31.250+0000] {dag.py:3696} INFO - Setting next_dagrun for dataset_produces_1 to 2025-01-23T00:00:00+00:00, run_after=2025-01-24T00:00:00+00:00
[2025-01-24T05:38:31.252+0000] {logging_mixin.py:151} INFO - [2025-01-24T05:38:31.252+0000] {dag.py:3696} INFO - Setting next_dagrun for dataset_produces_2 to None, run_after=None
[2025-01-24T05:38:31.274+0000] {processor.py:179} INFO - Processing /home/airflow/.local/lib/python3.8/site-packages/airflow/example_dags/example_datasets.py took 0.077 seconds
[2025-01-24T05:39:02.013+0000] {processor.py:157} INFO - Started process (PID=209) to work on /home/airflow/.local/lib/python3.8/site-packages/airflow/example_dags/example_datasets.py
[2025-01-24T05:39:02.013+0000] {processor.py:829} INFO - Processing file /home/airflow/.local/lib/python3.8/site-packages/airflow/example_dags/example_datasets.py for tasks to queue
[2025-01-24T05:39:02.015+0000] {logging_mixin.py:151} INFO - [2025-01-24T05:39:02.015+0000] {dagbag.py:539} INFO - Filling up the DagBag from /home/airflow/.local/lib/python3.8/site-packages/airflow/example_dags/example_datasets.py
[2025-01-24T05:39:02.020+0000] {processor.py:839} INFO - DAG(s) dict_keys(['dataset_produces_1', 'dataset_consumes_1_and_2', 'dataset_consumes_1_never_scheduled', 'dataset_consumes_1', 'dataset_produces_2', 'dataset_consumes_unknown_never_scheduled']) retrieved from /home/airflow/.local/lib/python3.8/site-packages/airflow/example_dags/example_datasets.py
[2025-01-24T05:39:02.046+0000] {logging_mixin.py:151} INFO - [2025-01-24T05:39:02.046+0000] {dag.py:2915} INFO - Sync 6 DAGs
[2025-01-24T05:39:02.061+0000] {logging_mixin.py:151} INFO - [2025-01-24T05:39:02.061+0000] {dag.py:3696} INFO - Setting next_dagrun for dataset_consumes_1 to None, run_after=None
[2025-01-24T05:39:02.064+0000] {logging_mixin.py:151} INFO - [2025-01-24T05:39:02.064+0000] {dag.py:3696} INFO - Setting next_dagrun for dataset_consumes_1_and_2 to None, run_after=None
[2025-01-24T05:39:02.065+0000] {logging_mixin.py:151} INFO - [2025-01-24T05:39:02.065+0000] {dag.py:3696} INFO - Setting next_dagrun for dataset_consumes_1_never_scheduled to None, run_after=None
[2025-01-24T05:39:02.065+0000] {logging_mixin.py:151} INFO - [2025-01-24T05:39:02.065+0000] {dag.py:3696} INFO - Setting next_dagrun for dataset_consumes_unknown_never_scheduled to None, run_after=None
[2025-01-24T05:39:02.067+0000] {logging_mixin.py:151} INFO - [2025-01-24T05:39:02.067+0000] {dag.py:3696} INFO - Setting next_dagrun for dataset_produces_1 to 2025-01-23T00:00:00+00:00, run_after=2025-01-24T00:00:00+00:00
[2025-01-24T05:39:02.068+0000] {logging_mixin.py:151} INFO - [2025-01-24T05:39:02.068+0000] {dag.py:3696} INFO - Setting next_dagrun for dataset_produces_2 to None, run_after=None
[2025-01-24T05:39:02.095+0000] {processor.py:179} INFO - Processing /home/airflow/.local/lib/python3.8/site-packages/airflow/example_dags/example_datasets.py took 0.084 seconds
[2025-01-24T05:39:32.168+0000] {processor.py:157} INFO - Started process (PID=263) to work on /home/airflow/.local/lib/python3.8/site-packages/airflow/example_dags/example_datasets.py
[2025-01-24T05:39:32.168+0000] {processor.py:829} INFO - Processing file /home/airflow/.local/lib/python3.8/site-packages/airflow/example_dags/example_datasets.py for tasks to queue
[2025-01-24T05:39:32.169+0000] {logging_mixin.py:151} INFO - [2025-01-24T05:39:32.169+0000] {dagbag.py:539} INFO - Filling up the DagBag from /home/airflow/.local/lib/python3.8/site-packages/airflow/example_dags/example_datasets.py
[2025-01-24T05:39:32.174+0000] {processor.py:839} INFO - DAG(s) dict_keys(['dataset_consumes_unknown_never_scheduled', 'dataset_produces_1', 'dataset_produces_2', 'dataset_consumes_1_never_scheduled', 'dataset_consumes_1_and_2', 'dataset_consumes_1']) retrieved from /home/airflow/.local/lib/python3.8/site-packages/airflow/example_dags/example_datasets.py
[2025-01-24T05:39:32.196+0000] {logging_mixin.py:151} INFO - [2025-01-24T05:39:32.196+0000] {dag.py:2915} INFO - Sync 6 DAGs
[2025-01-24T05:39:32.208+0000] {logging_mixin.py:151} INFO - [2025-01-24T05:39:32.208+0000] {dag.py:3696} INFO - Setting next_dagrun for dataset_consumes_1 to None, run_after=None
[2025-01-24T05:39:32.210+0000] {logging_mixin.py:151} INFO - [2025-01-24T05:39:32.210+0000] {dag.py:3696} INFO - Setting next_dagrun for dataset_consumes_1_and_2 to None, run_after=None
[2025-01-24T05:39:32.212+0000] {logging_mixin.py:151} INFO - [2025-01-24T05:39:32.212+0000] {dag.py:3696} INFO - Setting next_dagrun for dataset_consumes_1_never_scheduled to None, run_after=None
[2025-01-24T05:39:32.213+0000] {logging_mixin.py:151} INFO - [2025-01-24T05:39:32.213+0000] {dag.py:3696} INFO - Setting next_dagrun for dataset_consumes_unknown_never_scheduled to None, run_after=None
[2025-01-24T05:39:32.214+0000] {logging_mixin.py:151} INFO - [2025-01-24T05:39:32.214+0000] {dag.py:3696} INFO - Setting next_dagrun for dataset_produces_1 to 2025-01-23T00:00:00+00:00, run_after=2025-01-24T00:00:00+00:00
[2025-01-24T05:39:32.230+0000] {logging_mixin.py:151} INFO - [2025-01-24T05:39:32.229+0000] {dag.py:3696} INFO - Setting next_dagrun for dataset_produces_2 to None, run_after=None
[2025-01-24T05:39:32.261+0000] {processor.py:179} INFO - Processing /home/airflow/.local/lib/python3.8/site-packages/airflow/example_dags/example_datasets.py took 0.096 seconds
[2025-01-24T05:40:03.239+0000] {processor.py:157} INFO - Started process (PID=317) to work on /home/airflow/.local/lib/python3.8/site-packages/airflow/example_dags/example_datasets.py
[2025-01-24T05:40:03.240+0000] {processor.py:829} INFO - Processing file /home/airflow/.local/lib/python3.8/site-packages/airflow/example_dags/example_datasets.py for tasks to queue
[2025-01-24T05:40:03.243+0000] {logging_mixin.py:151} INFO - [2025-01-24T05:40:03.242+0000] {dagbag.py:539} INFO - Filling up the DagBag from /home/airflow/.local/lib/python3.8/site-packages/airflow/example_dags/example_datasets.py
[2025-01-24T05:40:03.251+0000] {processor.py:839} INFO - DAG(s) dict_keys(['dataset_produces_1', 'dataset_consumes_1', 'dataset_produces_2', 'dataset_consumes_1_never_scheduled', 'dataset_consumes_unknown_never_scheduled', 'dataset_consumes_1_and_2']) retrieved from /home/airflow/.local/lib/python3.8/site-packages/airflow/example_dags/example_datasets.py
[2025-01-24T05:40:03.282+0000] {logging_mixin.py:151} INFO - [2025-01-24T05:40:03.282+0000] {dag.py:2915} INFO - Sync 6 DAGs
[2025-01-24T05:40:03.294+0000] {logging_mixin.py:151} INFO - [2025-01-24T05:40:03.294+0000] {dag.py:3696} INFO - Setting next_dagrun for dataset_consumes_1 to None, run_after=None
[2025-01-24T05:40:03.296+0000] {logging_mixin.py:151} INFO - [2025-01-24T05:40:03.295+0000] {dag.py:3696} INFO - Setting next_dagrun for dataset_consumes_1_and_2 to None, run_after=None
[2025-01-24T05:40:03.296+0000] {logging_mixin.py:151} INFO - [2025-01-24T05:40:03.296+0000] {dag.py:3696} INFO - Setting next_dagrun for dataset_consumes_1_never_scheduled to None, run_after=None
[2025-01-24T05:40:03.297+0000] {logging_mixin.py:151} INFO - [2025-01-24T05:40:03.297+0000] {dag.py:3696} INFO - Setting next_dagrun for dataset_consumes_unknown_never_scheduled to None, run_after=None
[2025-01-24T05:40:03.298+0000] {logging_mixin.py:151} INFO - [2025-01-24T05:40:03.298+0000] {dag.py:3696} INFO - Setting next_dagrun for dataset_produces_1 to 2025-01-23T00:00:00+00:00, run_after=2025-01-24T00:00:00+00:00
[2025-01-24T05:40:03.300+0000] {logging_mixin.py:151} INFO - [2025-01-24T05:40:03.300+0000] {dag.py:3696} INFO - Setting next_dagrun for dataset_produces_2 to None, run_after=None
[2025-01-24T05:40:03.321+0000] {processor.py:179} INFO - Processing /home/airflow/.local/lib/python3.8/site-packages/airflow/example_dags/example_datasets.py took 0.087 seconds
[2025-01-24T05:40:34.009+0000] {processor.py:157} INFO - Started process (PID=371) to work on /home/airflow/.local/lib/python3.8/site-packages/airflow/example_dags/example_datasets.py
[2025-01-24T05:40:34.010+0000] {processor.py:829} INFO - Processing file /home/airflow/.local/lib/python3.8/site-packages/airflow/example_dags/example_datasets.py for tasks to queue
[2025-01-24T05:40:34.012+0000] {logging_mixin.py:151} INFO - [2025-01-24T05:40:34.012+0000] {dagbag.py:539} INFO - Filling up the DagBag from /home/airflow/.local/lib/python3.8/site-packages/airflow/example_dags/example_datasets.py
[2025-01-24T05:40:34.021+0000] {processor.py:839} INFO - DAG(s) dict_keys(['dataset_consumes_1_and_2', 'dataset_consumes_unknown_never_scheduled', 'dataset_consumes_1', 'dataset_consumes_1_never_scheduled', 'dataset_produces_2', 'dataset_produces_1']) retrieved from /home/airflow/.local/lib/python3.8/site-packages/airflow/example_dags/example_datasets.py
[2025-01-24T05:40:34.045+0000] {logging_mixin.py:151} INFO - [2025-01-24T05:40:34.045+0000] {dag.py:2915} INFO - Sync 6 DAGs
[2025-01-24T05:40:34.059+0000] {logging_mixin.py:151} INFO - [2025-01-24T05:40:34.059+0000] {dag.py:3696} INFO - Setting next_dagrun for dataset_consumes_1 to None, run_after=None
[2025-01-24T05:40:34.062+0000] {logging_mixin.py:151} INFO - [2025-01-24T05:40:34.062+0000] {dag.py:3696} INFO - Setting next_dagrun for dataset_consumes_1_and_2 to None, run_after=None
[2025-01-24T05:40:34.065+0000] {logging_mixin.py:151} INFO - [2025-01-24T05:40:34.065+0000] {dag.py:3696} INFO - Setting next_dagrun for dataset_consumes_1_never_scheduled to None, run_after=None
[2025-01-24T05:40:34.066+0000] {logging_mixin.py:151} INFO - [2025-01-24T05:40:34.066+0000] {dag.py:3696} INFO - Setting next_dagrun for dataset_consumes_unknown_never_scheduled to None, run_after=None
[2025-01-24T05:40:34.069+0000] {logging_mixin.py:151} INFO - [2025-01-24T05:40:34.069+0000] {dag.py:3696} INFO - Setting next_dagrun for dataset_produces_1 to 2025-01-23T00:00:00+00:00, run_after=2025-01-24T00:00:00+00:00
[2025-01-24T05:40:34.070+0000] {logging_mixin.py:151} INFO - [2025-01-24T05:40:34.070+0000] {dag.py:3696} INFO - Setting next_dagrun for dataset_produces_2 to None, run_after=None
[2025-01-24T05:40:34.087+0000] {processor.py:179} INFO - Processing /home/airflow/.local/lib/python3.8/site-packages/airflow/example_dags/example_datasets.py took 0.083 seconds
[2025-01-24T05:41:04.731+0000] {processor.py:157} INFO - Started process (PID=432) to work on /home/airflow/.local/lib/python3.8/site-packages/airflow/example_dags/example_datasets.py
[2025-01-24T05:41:04.732+0000] {processor.py:829} INFO - Processing file /home/airflow/.local/lib/python3.8/site-packages/airflow/example_dags/example_datasets.py for tasks to queue
[2025-01-24T05:41:04.734+0000] {logging_mixin.py:151} INFO - [2025-01-24T05:41:04.734+0000] {dagbag.py:539} INFO - Filling up the DagBag from /home/airflow/.local/lib/python3.8/site-packages/airflow/example_dags/example_datasets.py
[2025-01-24T05:41:04.741+0000] {processor.py:839} INFO - DAG(s) dict_keys(['dataset_consumes_unknown_never_scheduled', 'dataset_produces_1', 'dataset_consumes_1_and_2', 'dataset_consumes_1_never_scheduled', 'dataset_consumes_1', 'dataset_produces_2']) retrieved from /home/airflow/.local/lib/python3.8/site-packages/airflow/example_dags/example_datasets.py
[2025-01-24T05:41:04.765+0000] {logging_mixin.py:151} INFO - [2025-01-24T05:41:04.765+0000] {dag.py:2915} INFO - Sync 6 DAGs
[2025-01-24T05:41:04.777+0000] {logging_mixin.py:151} INFO - [2025-01-24T05:41:04.777+0000] {dag.py:3696} INFO - Setting next_dagrun for dataset_consumes_1 to None, run_after=None
[2025-01-24T05:41:04.780+0000] {logging_mixin.py:151} INFO - [2025-01-24T05:41:04.780+0000] {dag.py:3696} INFO - Setting next_dagrun for dataset_consumes_1_and_2 to None, run_after=None
[2025-01-24T05:41:04.781+0000] {logging_mixin.py:151} INFO - [2025-01-24T05:41:04.781+0000] {dag.py:3696} INFO - Setting next_dagrun for dataset_consumes_1_never_scheduled to None, run_after=None
[2025-01-24T05:41:04.782+0000] {logging_mixin.py:151} INFO - [2025-01-24T05:41:04.782+0000] {dag.py:3696} INFO - Setting next_dagrun for dataset_consumes_unknown_never_scheduled to None, run_after=None
[2025-01-24T05:41:04.783+0000] {logging_mixin.py:151} INFO - [2025-01-24T05:41:04.783+0000] {dag.py:3696} INFO - Setting next_dagrun for dataset_produces_1 to 2025-01-23T00:00:00+00:00, run_after=2025-01-24T00:00:00+00:00
[2025-01-24T05:41:04.785+0000] {logging_mixin.py:151} INFO - [2025-01-24T05:41:04.785+0000] {dag.py:3696} INFO - Setting next_dagrun for dataset_produces_2 to None, run_after=None
[2025-01-24T05:41:04.803+0000] {processor.py:179} INFO - Processing /home/airflow/.local/lib/python3.8/site-packages/airflow/example_dags/example_datasets.py took 0.076 seconds
[2025-01-24T05:41:35.516+0000] {processor.py:157} INFO - Started process (PID=486) to work on /home/airflow/.local/lib/python3.8/site-packages/airflow/example_dags/example_datasets.py
[2025-01-24T05:41:35.517+0000] {processor.py:829} INFO - Processing file /home/airflow/.local/lib/python3.8/site-packages/airflow/example_dags/example_datasets.py for tasks to queue
[2025-01-24T05:41:35.520+0000] {logging_mixin.py:151} INFO - [2025-01-24T05:41:35.519+0000] {dagbag.py:539} INFO - Filling up the DagBag from /home/airflow/.local/lib/python3.8/site-packages/airflow/example_dags/example_datasets.py
[2025-01-24T05:41:35.533+0000] {processor.py:839} INFO - DAG(s) dict_keys(['dataset_consumes_unknown_never_scheduled', 'dataset_produces_2', 'dataset_consumes_1_and_2', 'dataset_consumes_1_never_scheduled', 'dataset_produces_1', 'dataset_consumes_1']) retrieved from /home/airflow/.local/lib/python3.8/site-packages/airflow/example_dags/example_datasets.py
[2025-01-24T05:41:35.559+0000] {logging_mixin.py:151} INFO - [2025-01-24T05:41:35.558+0000] {dag.py:2915} INFO - Sync 6 DAGs
[2025-01-24T05:41:35.570+0000] {logging_mixin.py:151} INFO - [2025-01-24T05:41:35.570+0000] {dag.py:3696} INFO - Setting next_dagrun for dataset_consumes_1 to None, run_after=None
[2025-01-24T05:41:35.573+0000] {logging_mixin.py:151} INFO - [2025-01-24T05:41:35.572+0000] {dag.py:3696} INFO - Setting next_dagrun for dataset_consumes_1_and_2 to None, run_after=None
[2025-01-24T05:41:35.573+0000] {logging_mixin.py:151} INFO - [2025-01-24T05:41:35.573+0000] {dag.py:3696} INFO - Setting next_dagrun for dataset_consumes_1_never_scheduled to None, run_after=None
[2025-01-24T05:41:35.575+0000] {logging_mixin.py:151} INFO - [2025-01-24T05:41:35.575+0000] {dag.py:3696} INFO - Setting next_dagrun for dataset_consumes_unknown_never_scheduled to None, run_after=None
[2025-01-24T05:41:35.576+0000] {logging_mixin.py:151} INFO - [2025-01-24T05:41:35.576+0000] {dag.py:3696} INFO - Setting next_dagrun for dataset_produces_1 to 2025-01-23T00:00:00+00:00, run_after=2025-01-24T00:00:00+00:00
[2025-01-24T05:41:35.577+0000] {logging_mixin.py:151} INFO - [2025-01-24T05:41:35.577+0000] {dag.py:3696} INFO - Setting next_dagrun for dataset_produces_2 to None, run_after=None
[2025-01-24T05:41:35.596+0000] {processor.py:179} INFO - Processing /home/airflow/.local/lib/python3.8/site-packages/airflow/example_dags/example_datasets.py took 0.084 seconds
[2025-01-24T05:42:06.183+0000] {processor.py:157} INFO - Started process (PID=539) to work on /home/airflow/.local/lib/python3.8/site-packages/airflow/example_dags/example_datasets.py
[2025-01-24T05:42:06.184+0000] {processor.py:829} INFO - Processing file /home/airflow/.local/lib/python3.8/site-packages/airflow/example_dags/example_datasets.py for tasks to queue
[2025-01-24T05:42:06.186+0000] {logging_mixin.py:151} INFO - [2025-01-24T05:42:06.186+0000] {dagbag.py:539} INFO - Filling up the DagBag from /home/airflow/.local/lib/python3.8/site-packages/airflow/example_dags/example_datasets.py
[2025-01-24T05:42:06.193+0000] {processor.py:839} INFO - DAG(s) dict_keys(['dataset_produces_2', 'dataset_produces_1', 'dataset_consumes_1_and_2', 'dataset_consumes_1', 'dataset_consumes_1_never_scheduled', 'dataset_consumes_unknown_never_scheduled']) retrieved from /home/airflow/.local/lib/python3.8/site-packages/airflow/example_dags/example_datasets.py
[2025-01-24T05:42:06.217+0000] {logging_mixin.py:151} INFO - [2025-01-24T05:42:06.217+0000] {dag.py:2915} INFO - Sync 6 DAGs
[2025-01-24T05:42:06.230+0000] {logging_mixin.py:151} INFO - [2025-01-24T05:42:06.229+0000] {dag.py:3696} INFO - Setting next_dagrun for dataset_consumes_1 to None, run_after=None
[2025-01-24T05:42:06.231+0000] {logging_mixin.py:151} INFO - [2025-01-24T05:42:06.231+0000] {dag.py:3696} INFO - Setting next_dagrun for dataset_consumes_1_and_2 to None, run_after=None
[2025-01-24T05:42:06.233+0000] {logging_mixin.py:151} INFO - [2025-01-24T05:42:06.233+0000] {dag.py:3696} INFO - Setting next_dagrun for dataset_consumes_1_never_scheduled to None, run_after=None
[2025-01-24T05:42:06.234+0000] {logging_mixin.py:151} INFO - [2025-01-24T05:42:06.234+0000] {dag.py:3696} INFO - Setting next_dagrun for dataset_consumes_unknown_never_scheduled to None, run_after=None
[2025-01-24T05:42:06.236+0000] {logging_mixin.py:151} INFO - [2025-01-24T05:42:06.236+0000] {dag.py:3696} INFO - Setting next_dagrun for dataset_produces_1 to 2025-01-23T00:00:00+00:00, run_after=2025-01-24T00:00:00+00:00
[2025-01-24T05:42:06.238+0000] {logging_mixin.py:151} INFO - [2025-01-24T05:42:06.238+0000] {dag.py:3696} INFO - Setting next_dagrun for dataset_produces_2 to None, run_after=None
[2025-01-24T05:42:06.257+0000] {processor.py:179} INFO - Processing /home/airflow/.local/lib/python3.8/site-packages/airflow/example_dags/example_datasets.py took 0.076 seconds
[2025-01-24T05:42:36.946+0000] {processor.py:157} INFO - Started process (PID=593) to work on /home/airflow/.local/lib/python3.8/site-packages/airflow/example_dags/example_datasets.py
[2025-01-24T05:42:36.947+0000] {processor.py:829} INFO - Processing file /home/airflow/.local/lib/python3.8/site-packages/airflow/example_dags/example_datasets.py for tasks to queue
[2025-01-24T05:42:36.950+0000] {logging_mixin.py:151} INFO - [2025-01-24T05:42:36.949+0000] {dagbag.py:539} INFO - Filling up the DagBag from /home/airflow/.local/lib/python3.8/site-packages/airflow/example_dags/example_datasets.py
[2025-01-24T05:42:36.962+0000] {processor.py:839} INFO - DAG(s) dict_keys(['dataset_consumes_1_and_2', 'dataset_consumes_unknown_never_scheduled', 'dataset_consumes_1', 'dataset_produces_2', 'dataset_produces_1', 'dataset_consumes_1_never_scheduled']) retrieved from /home/airflow/.local/lib/python3.8/site-packages/airflow/example_dags/example_datasets.py
[2025-01-24T05:42:36.987+0000] {logging_mixin.py:151} INFO - [2025-01-24T05:42:36.987+0000] {dag.py:2915} INFO - Sync 6 DAGs
[2025-01-24T05:42:37.002+0000] {logging_mixin.py:151} INFO - [2025-01-24T05:42:37.002+0000] {dag.py:3696} INFO - Setting next_dagrun for dataset_consumes_1 to None, run_after=None
[2025-01-24T05:42:37.006+0000] {logging_mixin.py:151} INFO - [2025-01-24T05:42:37.006+0000] {dag.py:3696} INFO - Setting next_dagrun for dataset_consumes_1_and_2 to None, run_after=None
[2025-01-24T05:42:37.007+0000] {logging_mixin.py:151} INFO - [2025-01-24T05:42:37.007+0000] {dag.py:3696} INFO - Setting next_dagrun for dataset_consumes_1_never_scheduled to None, run_after=None
[2025-01-24T05:42:37.008+0000] {logging_mixin.py:151} INFO - [2025-01-24T05:42:37.008+0000] {dag.py:3696} INFO - Setting next_dagrun for dataset_consumes_unknown_never_scheduled to None, run_after=None
[2025-01-24T05:42:37.010+0000] {logging_mixin.py:151} INFO - [2025-01-24T05:42:37.010+0000] {dag.py:3696} INFO - Setting next_dagrun for dataset_produces_1 to 2025-01-23T00:00:00+00:00, run_after=2025-01-24T00:00:00+00:00
[2025-01-24T05:42:37.010+0000] {logging_mixin.py:151} INFO - [2025-01-24T05:42:37.010+0000] {dag.py:3696} INFO - Setting next_dagrun for dataset_produces_2 to None, run_after=None
[2025-01-24T05:42:37.025+0000] {processor.py:179} INFO - Processing /home/airflow/.local/lib/python3.8/site-packages/airflow/example_dags/example_datasets.py took 0.083 seconds
[2025-01-24T05:43:07.570+0000] {processor.py:157} INFO - Started process (PID=647) to work on /home/airflow/.local/lib/python3.8/site-packages/airflow/example_dags/example_datasets.py
[2025-01-24T05:43:07.573+0000] {processor.py:829} INFO - Processing file /home/airflow/.local/lib/python3.8/site-packages/airflow/example_dags/example_datasets.py for tasks to queue
[2025-01-24T05:43:07.575+0000] {logging_mixin.py:151} INFO - [2025-01-24T05:43:07.575+0000] {dagbag.py:539} INFO - Filling up the DagBag from /home/airflow/.local/lib/python3.8/site-packages/airflow/example_dags/example_datasets.py
[2025-01-24T05:43:07.581+0000] {processor.py:839} INFO - DAG(s) dict_keys(['dataset_produces_1', 'dataset_produces_2', 'dataset_consumes_1', 'dataset_consumes_1_never_scheduled', 'dataset_consumes_unknown_never_scheduled', 'dataset_consumes_1_and_2']) retrieved from /home/airflow/.local/lib/python3.8/site-packages/airflow/example_dags/example_datasets.py
[2025-01-24T05:43:07.603+0000] {logging_mixin.py:151} INFO - [2025-01-24T05:43:07.603+0000] {dag.py:2915} INFO - Sync 6 DAGs
[2025-01-24T05:43:07.616+0000] {logging_mixin.py:151} INFO - [2025-01-24T05:43:07.616+0000] {dag.py:3696} INFO - Setting next_dagrun for dataset_consumes_1 to None, run_after=None
[2025-01-24T05:43:07.620+0000] {logging_mixin.py:151} INFO - [2025-01-24T05:43:07.620+0000] {dag.py:3696} INFO - Setting next_dagrun for dataset_consumes_1_and_2 to None, run_after=None
[2025-01-24T05:43:07.621+0000] {logging_mixin.py:151} INFO - [2025-01-24T05:43:07.621+0000] {dag.py:3696} INFO - Setting next_dagrun for dataset_consumes_1_never_scheduled to None, run_after=None
[2025-01-24T05:43:07.622+0000] {logging_mixin.py:151} INFO - [2025-01-24T05:43:07.622+0000] {dag.py:3696} INFO - Setting next_dagrun for dataset_consumes_unknown_never_scheduled to None, run_after=None
[2025-01-24T05:43:07.624+0000] {logging_mixin.py:151} INFO - [2025-01-24T05:43:07.624+0000] {dag.py:3696} INFO - Setting next_dagrun for dataset_produces_1 to 2025-01-23T00:00:00+00:00, run_after=2025-01-24T00:00:00+00:00
[2025-01-24T05:43:07.626+0000] {logging_mixin.py:151} INFO - [2025-01-24T05:43:07.626+0000] {dag.py:3696} INFO - Setting next_dagrun for dataset_produces_2 to None, run_after=None
[2025-01-24T05:43:07.648+0000] {processor.py:179} INFO - Processing /home/airflow/.local/lib/python3.8/site-packages/airflow/example_dags/example_datasets.py took 0.080 seconds
[2025-01-24T05:43:38.405+0000] {processor.py:157} INFO - Started process (PID=700) to work on /home/airflow/.local/lib/python3.8/site-packages/airflow/example_dags/example_datasets.py
[2025-01-24T05:43:38.406+0000] {processor.py:829} INFO - Processing file /home/airflow/.local/lib/python3.8/site-packages/airflow/example_dags/example_datasets.py for tasks to queue
[2025-01-24T05:43:38.408+0000] {logging_mixin.py:151} INFO - [2025-01-24T05:43:38.408+0000] {dagbag.py:539} INFO - Filling up the DagBag from /home/airflow/.local/lib/python3.8/site-packages/airflow/example_dags/example_datasets.py
[2025-01-24T05:43:38.415+0000] {processor.py:839} INFO - DAG(s) dict_keys(['dataset_produces_2', 'dataset_consumes_1_never_scheduled', 'dataset_consumes_1_and_2', 'dataset_consumes_1', 'dataset_consumes_unknown_never_scheduled', 'dataset_produces_1']) retrieved from /home/airflow/.local/lib/python3.8/site-packages/airflow/example_dags/example_datasets.py
[2025-01-24T05:43:38.442+0000] {logging_mixin.py:151} INFO - [2025-01-24T05:43:38.442+0000] {dag.py:2915} INFO - Sync 6 DAGs
[2025-01-24T05:43:38.458+0000] {logging_mixin.py:151} INFO - [2025-01-24T05:43:38.457+0000] {dag.py:3696} INFO - Setting next_dagrun for dataset_consumes_1 to None, run_after=None
[2025-01-24T05:43:38.459+0000] {logging_mixin.py:151} INFO - [2025-01-24T05:43:38.459+0000] {dag.py:3696} INFO - Setting next_dagrun for dataset_consumes_1_and_2 to None, run_after=None
[2025-01-24T05:43:38.460+0000] {logging_mixin.py:151} INFO - [2025-01-24T05:43:38.460+0000] {dag.py:3696} INFO - Setting next_dagrun for dataset_consumes_1_never_scheduled to None, run_after=None
[2025-01-24T05:43:38.460+0000] {logging_mixin.py:151} INFO - [2025-01-24T05:43:38.460+0000] {dag.py:3696} INFO - Setting next_dagrun for dataset_consumes_unknown_never_scheduled to None, run_after=None
[2025-01-24T05:43:38.462+0000] {logging_mixin.py:151} INFO - [2025-01-24T05:43:38.462+0000] {dag.py:3696} INFO - Setting next_dagrun for dataset_produces_1 to 2025-01-23T00:00:00+00:00, run_after=2025-01-24T00:00:00+00:00
[2025-01-24T05:43:38.463+0000] {logging_mixin.py:151} INFO - [2025-01-24T05:43:38.462+0000] {dag.py:3696} INFO - Setting next_dagrun for dataset_produces_2 to None, run_after=None
[2025-01-24T05:43:38.480+0000] {processor.py:179} INFO - Processing /home/airflow/.local/lib/python3.8/site-packages/airflow/example_dags/example_datasets.py took 0.081 seconds
[2025-01-24T05:44:09.094+0000] {processor.py:157} INFO - Started process (PID=754) to work on /home/airflow/.local/lib/python3.8/site-packages/airflow/example_dags/example_datasets.py
[2025-01-24T05:44:09.095+0000] {processor.py:829} INFO - Processing file /home/airflow/.local/lib/python3.8/site-packages/airflow/example_dags/example_datasets.py for tasks to queue
[2025-01-24T05:44:09.096+0000] {logging_mixin.py:151} INFO - [2025-01-24T05:44:09.096+0000] {dagbag.py:539} INFO - Filling up the DagBag from /home/airflow/.local/lib/python3.8/site-packages/airflow/example_dags/example_datasets.py
[2025-01-24T05:44:09.103+0000] {processor.py:839} INFO - DAG(s) dict_keys(['dataset_consumes_1_never_scheduled', 'dataset_produces_1', 'dataset_consumes_1_and_2', 'dataset_produces_2', 'dataset_consumes_1', 'dataset_consumes_unknown_never_scheduled']) retrieved from /home/airflow/.local/lib/python3.8/site-packages/airflow/example_dags/example_datasets.py
[2025-01-24T05:44:09.124+0000] {logging_mixin.py:151} INFO - [2025-01-24T05:44:09.124+0000] {dag.py:2915} INFO - Sync 6 DAGs
[2025-01-24T05:44:09.137+0000] {logging_mixin.py:151} INFO - [2025-01-24T05:44:09.137+0000] {dag.py:3696} INFO - Setting next_dagrun for dataset_consumes_1 to None, run_after=None
[2025-01-24T05:44:09.140+0000] {logging_mixin.py:151} INFO - [2025-01-24T05:44:09.140+0000] {dag.py:3696} INFO - Setting next_dagrun for dataset_consumes_1_and_2 to None, run_after=None
[2025-01-24T05:44:09.142+0000] {logging_mixin.py:151} INFO - [2025-01-24T05:44:09.142+0000] {dag.py:3696} INFO - Setting next_dagrun for dataset_consumes_1_never_scheduled to None, run_after=None
[2025-01-24T05:44:09.143+0000] {logging_mixin.py:151} INFO - [2025-01-24T05:44:09.143+0000] {dag.py:3696} INFO - Setting next_dagrun for dataset_consumes_unknown_never_scheduled to None, run_after=None
[2025-01-24T05:44:09.144+0000] {logging_mixin.py:151} INFO - [2025-01-24T05:44:09.144+0000] {dag.py:3696} INFO - Setting next_dagrun for dataset_produces_1 to 2025-01-23T00:00:00+00:00, run_after=2025-01-24T00:00:00+00:00
[2025-01-24T05:44:09.145+0000] {logging_mixin.py:151} INFO - [2025-01-24T05:44:09.145+0000] {dag.py:3696} INFO - Setting next_dagrun for dataset_produces_2 to None, run_after=None
[2025-01-24T05:44:09.163+0000] {processor.py:179} INFO - Processing /home/airflow/.local/lib/python3.8/site-packages/airflow/example_dags/example_datasets.py took 0.072 seconds
[2025-01-24T05:44:39.234+0000] {processor.py:157} INFO - Started process (PID=808) to work on /home/airflow/.local/lib/python3.8/site-packages/airflow/example_dags/example_datasets.py
[2025-01-24T05:44:39.235+0000] {processor.py:829} INFO - Processing file /home/airflow/.local/lib/python3.8/site-packages/airflow/example_dags/example_datasets.py for tasks to queue
[2025-01-24T05:44:39.238+0000] {logging_mixin.py:151} INFO - [2025-01-24T05:44:39.238+0000] {dagbag.py:539} INFO - Filling up the DagBag from /home/airflow/.local/lib/python3.8/site-packages/airflow/example_dags/example_datasets.py
[2025-01-24T05:44:39.245+0000] {processor.py:839} INFO - DAG(s) dict_keys(['dataset_consumes_1', 'dataset_consumes_1_never_scheduled', 'dataset_consumes_1_and_2', 'dataset_produces_1', 'dataset_produces_2', 'dataset_consumes_unknown_never_scheduled']) retrieved from /home/airflow/.local/lib/python3.8/site-packages/airflow/example_dags/example_datasets.py
[2025-01-24T05:44:39.273+0000] {logging_mixin.py:151} INFO - [2025-01-24T05:44:39.273+0000] {dag.py:2915} INFO - Sync 6 DAGs
[2025-01-24T05:44:39.285+0000] {logging_mixin.py:151} INFO - [2025-01-24T05:44:39.285+0000] {dag.py:3696} INFO - Setting next_dagrun for dataset_consumes_1 to None, run_after=None
[2025-01-24T05:44:39.287+0000] {logging_mixin.py:151} INFO - [2025-01-24T05:44:39.287+0000] {dag.py:3696} INFO - Setting next_dagrun for dataset_consumes_1_and_2 to None, run_after=None
[2025-01-24T05:44:39.288+0000] {logging_mixin.py:151} INFO - [2025-01-24T05:44:39.288+0000] {dag.py:3696} INFO - Setting next_dagrun for dataset_consumes_1_never_scheduled to None, run_after=None
[2025-01-24T05:44:39.289+0000] {logging_mixin.py:151} INFO - [2025-01-24T05:44:39.289+0000] {dag.py:3696} INFO - Setting next_dagrun for dataset_consumes_unknown_never_scheduled to None, run_after=None
[2025-01-24T05:44:39.291+0000] {logging_mixin.py:151} INFO - [2025-01-24T05:44:39.291+0000] {dag.py:3696} INFO - Setting next_dagrun for dataset_produces_1 to 2025-01-23T00:00:00+00:00, run_after=2025-01-24T00:00:00+00:00
[2025-01-24T05:44:39.293+0000] {logging_mixin.py:151} INFO - [2025-01-24T05:44:39.293+0000] {dag.py:3696} INFO - Setting next_dagrun for dataset_produces_2 to None, run_after=None
[2025-01-24T05:44:39.308+0000] {processor.py:179} INFO - Processing /home/airflow/.local/lib/python3.8/site-packages/airflow/example_dags/example_datasets.py took 0.079 seconds
[2025-01-24T05:45:09.983+0000] {processor.py:157} INFO - Started process (PID=862) to work on /home/airflow/.local/lib/python3.8/site-packages/airflow/example_dags/example_datasets.py
[2025-01-24T05:45:09.985+0000] {processor.py:829} INFO - Processing file /home/airflow/.local/lib/python3.8/site-packages/airflow/example_dags/example_datasets.py for tasks to queue
[2025-01-24T05:45:09.987+0000] {logging_mixin.py:151} INFO - [2025-01-24T05:45:09.987+0000] {dagbag.py:539} INFO - Filling up the DagBag from /home/airflow/.local/lib/python3.8/site-packages/airflow/example_dags/example_datasets.py
[2025-01-24T05:45:09.996+0000] {processor.py:839} INFO - DAG(s) dict_keys(['dataset_consumes_1_and_2', 'dataset_consumes_1', 'dataset_consumes_1_never_scheduled', 'dataset_consumes_unknown_never_scheduled', 'dataset_produces_1', 'dataset_produces_2']) retrieved from /home/airflow/.local/lib/python3.8/site-packages/airflow/example_dags/example_datasets.py
[2025-01-24T05:45:10.026+0000] {logging_mixin.py:151} INFO - [2025-01-24T05:45:10.026+0000] {dag.py:2915} INFO - Sync 6 DAGs
[2025-01-24T05:45:10.038+0000] {logging_mixin.py:151} INFO - [2025-01-24T05:45:10.038+0000] {dag.py:3696} INFO - Setting next_dagrun for dataset_consumes_1 to None, run_after=None
[2025-01-24T05:45:10.040+0000] {logging_mixin.py:151} INFO - [2025-01-24T05:45:10.040+0000] {dag.py:3696} INFO - Setting next_dagrun for dataset_consumes_1_and_2 to None, run_after=None
[2025-01-24T05:45:10.042+0000] {logging_mixin.py:151} INFO - [2025-01-24T05:45:10.042+0000] {dag.py:3696} INFO - Setting next_dagrun for dataset_consumes_1_never_scheduled to None, run_after=None
[2025-01-24T05:45:10.043+0000] {logging_mixin.py:151} INFO - [2025-01-24T05:45:10.043+0000] {dag.py:3696} INFO - Setting next_dagrun for dataset_consumes_unknown_never_scheduled to None, run_after=None
[2025-01-24T05:45:10.045+0000] {logging_mixin.py:151} INFO - [2025-01-24T05:45:10.045+0000] {dag.py:3696} INFO - Setting next_dagrun for dataset_produces_1 to 2025-01-23T00:00:00+00:00, run_after=2025-01-24T00:00:00+00:00
[2025-01-24T05:45:10.047+0000] {logging_mixin.py:151} INFO - [2025-01-24T05:45:10.047+0000] {dag.py:3696} INFO - Setting next_dagrun for dataset_produces_2 to None, run_after=None
[2025-01-24T05:45:10.065+0000] {processor.py:179} INFO - Processing /home/airflow/.local/lib/python3.8/site-packages/airflow/example_dags/example_datasets.py took 0.090 seconds
[2025-01-24T05:45:51.370+0000] {processor.py:157} INFO - Started process (PID=46) to work on /home/airflow/.local/lib/python3.8/site-packages/airflow/example_dags/example_datasets.py
[2025-01-24T05:45:51.372+0000] {processor.py:829} INFO - Processing file /home/airflow/.local/lib/python3.8/site-packages/airflow/example_dags/example_datasets.py for tasks to queue
[2025-01-24T05:45:51.378+0000] {logging_mixin.py:151} INFO - [2025-01-24T05:45:51.377+0000] {dagbag.py:539} INFO - Filling up the DagBag from /home/airflow/.local/lib/python3.8/site-packages/airflow/example_dags/example_datasets.py
[2025-01-24T05:45:51.390+0000] {processor.py:839} INFO - DAG(s) dict_keys(['dataset_consumes_unknown_never_scheduled', 'dataset_consumes_1_never_scheduled', 'dataset_produces_1', 'dataset_consumes_1_and_2', 'dataset_produces_2', 'dataset_consumes_1']) retrieved from /home/airflow/.local/lib/python3.8/site-packages/airflow/example_dags/example_datasets.py
[2025-01-24T05:45:51.411+0000] {logging_mixin.py:151} INFO - [2025-01-24T05:45:51.411+0000] {dag.py:2915} INFO - Sync 6 DAGs
[2025-01-24T05:45:51.425+0000] {logging_mixin.py:151} INFO - [2025-01-24T05:45:51.425+0000] {dag.py:3696} INFO - Setting next_dagrun for dataset_consumes_1 to None, run_after=None
[2025-01-24T05:45:51.427+0000] {logging_mixin.py:151} INFO - [2025-01-24T05:45:51.427+0000] {dag.py:3696} INFO - Setting next_dagrun for dataset_consumes_1_and_2 to None, run_after=None
[2025-01-24T05:45:51.428+0000] {logging_mixin.py:151} INFO - [2025-01-24T05:45:51.428+0000] {dag.py:3696} INFO - Setting next_dagrun for dataset_consumes_1_never_scheduled to None, run_after=None
[2025-01-24T05:45:51.429+0000] {logging_mixin.py:151} INFO - [2025-01-24T05:45:51.429+0000] {dag.py:3696} INFO - Setting next_dagrun for dataset_consumes_unknown_never_scheduled to None, run_after=None
[2025-01-24T05:45:51.430+0000] {logging_mixin.py:151} INFO - [2025-01-24T05:45:51.430+0000] {dag.py:3696} INFO - Setting next_dagrun for dataset_produces_1 to 2025-01-23T00:00:00+00:00, run_after=2025-01-24T00:00:00+00:00
[2025-01-24T05:45:51.431+0000] {logging_mixin.py:151} INFO - [2025-01-24T05:45:51.431+0000] {dag.py:3696} INFO - Setting next_dagrun for dataset_produces_2 to None, run_after=None
[2025-01-24T05:45:51.448+0000] {processor.py:179} INFO - Processing /home/airflow/.local/lib/python3.8/site-packages/airflow/example_dags/example_datasets.py took 0.083 seconds
[2025-01-24T05:46:21.921+0000] {processor.py:157} INFO - Started process (PID=100) to work on /home/airflow/.local/lib/python3.8/site-packages/airflow/example_dags/example_datasets.py
[2025-01-24T05:46:21.923+0000] {processor.py:829} INFO - Processing file /home/airflow/.local/lib/python3.8/site-packages/airflow/example_dags/example_datasets.py for tasks to queue
[2025-01-24T05:46:21.924+0000] {logging_mixin.py:151} INFO - [2025-01-24T05:46:21.924+0000] {dagbag.py:539} INFO - Filling up the DagBag from /home/airflow/.local/lib/python3.8/site-packages/airflow/example_dags/example_datasets.py
[2025-01-24T05:46:21.929+0000] {processor.py:839} INFO - DAG(s) dict_keys(['dataset_produces_2', 'dataset_consumes_1_never_scheduled', 'dataset_consumes_1_and_2', 'dataset_consumes_1', 'dataset_produces_1', 'dataset_consumes_unknown_never_scheduled']) retrieved from /home/airflow/.local/lib/python3.8/site-packages/airflow/example_dags/example_datasets.py
[2025-01-24T05:46:21.945+0000] {logging_mixin.py:151} INFO - [2025-01-24T05:46:21.945+0000] {dag.py:2915} INFO - Sync 6 DAGs
[2025-01-24T05:46:21.958+0000] {logging_mixin.py:151} INFO - [2025-01-24T05:46:21.958+0000] {dag.py:3696} INFO - Setting next_dagrun for dataset_consumes_1 to None, run_after=None
[2025-01-24T05:46:21.960+0000] {logging_mixin.py:151} INFO - [2025-01-24T05:46:21.960+0000] {dag.py:3696} INFO - Setting next_dagrun for dataset_consumes_1_and_2 to None, run_after=None
[2025-01-24T05:46:21.964+0000] {logging_mixin.py:151} INFO - [2025-01-24T05:46:21.964+0000] {dag.py:3696} INFO - Setting next_dagrun for dataset_consumes_1_never_scheduled to None, run_after=None
[2025-01-24T05:46:21.965+0000] {logging_mixin.py:151} INFO - [2025-01-24T05:46:21.964+0000] {dag.py:3696} INFO - Setting next_dagrun for dataset_consumes_unknown_never_scheduled to None, run_after=None
[2025-01-24T05:46:21.966+0000] {logging_mixin.py:151} INFO - [2025-01-24T05:46:21.966+0000] {dag.py:3696} INFO - Setting next_dagrun for dataset_produces_1 to 2025-01-23T00:00:00+00:00, run_after=2025-01-24T00:00:00+00:00
[2025-01-24T05:46:21.967+0000] {logging_mixin.py:151} INFO - [2025-01-24T05:46:21.966+0000] {dag.py:3696} INFO - Setting next_dagrun for dataset_produces_2 to None, run_after=None
[2025-01-24T05:46:21.983+0000] {processor.py:179} INFO - Processing /home/airflow/.local/lib/python3.8/site-packages/airflow/example_dags/example_datasets.py took 0.063 seconds
[2025-01-24T05:46:52.616+0000] {processor.py:157} INFO - Started process (PID=154) to work on /home/airflow/.local/lib/python3.8/site-packages/airflow/example_dags/example_datasets.py
[2025-01-24T05:46:52.618+0000] {processor.py:829} INFO - Processing file /home/airflow/.local/lib/python3.8/site-packages/airflow/example_dags/example_datasets.py for tasks to queue
[2025-01-24T05:46:52.619+0000] {logging_mixin.py:151} INFO - [2025-01-24T05:46:52.619+0000] {dagbag.py:539} INFO - Filling up the DagBag from /home/airflow/.local/lib/python3.8/site-packages/airflow/example_dags/example_datasets.py
[2025-01-24T05:46:52.625+0000] {processor.py:839} INFO - DAG(s) dict_keys(['dataset_produces_2', 'dataset_consumes_1_and_2', 'dataset_consumes_1_never_scheduled', 'dataset_consumes_unknown_never_scheduled', 'dataset_consumes_1', 'dataset_produces_1']) retrieved from /home/airflow/.local/lib/python3.8/site-packages/airflow/example_dags/example_datasets.py
[2025-01-24T05:46:52.644+0000] {logging_mixin.py:151} INFO - [2025-01-24T05:46:52.643+0000] {dag.py:2915} INFO - Sync 6 DAGs
[2025-01-24T05:46:52.656+0000] {logging_mixin.py:151} INFO - [2025-01-24T05:46:52.656+0000] {dag.py:3696} INFO - Setting next_dagrun for dataset_consumes_1 to None, run_after=None
[2025-01-24T05:46:52.661+0000] {logging_mixin.py:151} INFO - [2025-01-24T05:46:52.661+0000] {dag.py:3696} INFO - Setting next_dagrun for dataset_consumes_1_and_2 to None, run_after=None
[2025-01-24T05:46:52.662+0000] {logging_mixin.py:151} INFO - [2025-01-24T05:46:52.662+0000] {dag.py:3696} INFO - Setting next_dagrun for dataset_consumes_1_never_scheduled to None, run_after=None
[2025-01-24T05:46:52.663+0000] {logging_mixin.py:151} INFO - [2025-01-24T05:46:52.663+0000] {dag.py:3696} INFO - Setting next_dagrun for dataset_consumes_unknown_never_scheduled to None, run_after=None
[2025-01-24T05:46:52.664+0000] {logging_mixin.py:151} INFO - [2025-01-24T05:46:52.664+0000] {dag.py:3696} INFO - Setting next_dagrun for dataset_produces_1 to 2025-01-23T00:00:00+00:00, run_after=2025-01-24T00:00:00+00:00
[2025-01-24T05:46:52.665+0000] {logging_mixin.py:151} INFO - [2025-01-24T05:46:52.665+0000] {dag.py:3696} INFO - Setting next_dagrun for dataset_produces_2 to None, run_after=None
[2025-01-24T05:46:52.680+0000] {processor.py:179} INFO - Processing /home/airflow/.local/lib/python3.8/site-packages/airflow/example_dags/example_datasets.py took 0.066 seconds
[2025-01-24T05:47:23.302+0000] {processor.py:157} INFO - Started process (PID=208) to work on /home/airflow/.local/lib/python3.8/site-packages/airflow/example_dags/example_datasets.py
[2025-01-24T05:47:23.303+0000] {processor.py:829} INFO - Processing file /home/airflow/.local/lib/python3.8/site-packages/airflow/example_dags/example_datasets.py for tasks to queue
[2025-01-24T05:47:23.304+0000] {logging_mixin.py:151} INFO - [2025-01-24T05:47:23.304+0000] {dagbag.py:539} INFO - Filling up the DagBag from /home/airflow/.local/lib/python3.8/site-packages/airflow/example_dags/example_datasets.py
[2025-01-24T05:47:23.309+0000] {processor.py:839} INFO - DAG(s) dict_keys(['dataset_produces_2', 'dataset_consumes_unknown_never_scheduled', 'dataset_consumes_1_never_scheduled', 'dataset_produces_1', 'dataset_consumes_1_and_2', 'dataset_consumes_1']) retrieved from /home/airflow/.local/lib/python3.8/site-packages/airflow/example_dags/example_datasets.py
[2025-01-24T05:47:23.327+0000] {logging_mixin.py:151} INFO - [2025-01-24T05:47:23.326+0000] {dag.py:2915} INFO - Sync 6 DAGs
[2025-01-24T05:47:23.339+0000] {logging_mixin.py:151} INFO - [2025-01-24T05:47:23.339+0000] {dag.py:3696} INFO - Setting next_dagrun for dataset_consumes_1 to None, run_after=None
[2025-01-24T05:47:23.341+0000] {logging_mixin.py:151} INFO - [2025-01-24T05:47:23.341+0000] {dag.py:3696} INFO - Setting next_dagrun for dataset_consumes_1_and_2 to None, run_after=None
[2025-01-24T05:47:23.341+0000] {logging_mixin.py:151} INFO - [2025-01-24T05:47:23.341+0000] {dag.py:3696} INFO - Setting next_dagrun for dataset_consumes_1_never_scheduled to None, run_after=None
[2025-01-24T05:47:23.342+0000] {logging_mixin.py:151} INFO - [2025-01-24T05:47:23.342+0000] {dag.py:3696} INFO - Setting next_dagrun for dataset_consumes_unknown_never_scheduled to None, run_after=None
[2025-01-24T05:47:23.344+0000] {logging_mixin.py:151} INFO - [2025-01-24T05:47:23.343+0000] {dag.py:3696} INFO - Setting next_dagrun for dataset_produces_1 to 2025-01-23T00:00:00+00:00, run_after=2025-01-24T00:00:00+00:00
[2025-01-24T05:47:23.344+0000] {logging_mixin.py:151} INFO - [2025-01-24T05:47:23.344+0000] {dag.py:3696} INFO - Setting next_dagrun for dataset_produces_2 to None, run_after=None
[2025-01-24T05:47:23.361+0000] {processor.py:179} INFO - Processing /home/airflow/.local/lib/python3.8/site-packages/airflow/example_dags/example_datasets.py took 0.060 seconds
[2025-01-24T05:47:54.052+0000] {processor.py:157} INFO - Started process (PID=262) to work on /home/airflow/.local/lib/python3.8/site-packages/airflow/example_dags/example_datasets.py
[2025-01-24T05:47:54.054+0000] {processor.py:829} INFO - Processing file /home/airflow/.local/lib/python3.8/site-packages/airflow/example_dags/example_datasets.py for tasks to queue
[2025-01-24T05:47:54.057+0000] {logging_mixin.py:151} INFO - [2025-01-24T05:47:54.056+0000] {dagbag.py:539} INFO - Filling up the DagBag from /home/airflow/.local/lib/python3.8/site-packages/airflow/example_dags/example_datasets.py
[2025-01-24T05:47:54.061+0000] {processor.py:839} INFO - DAG(s) dict_keys(['dataset_produces_2', 'dataset_consumes_1_and_2', 'dataset_consumes_1_never_scheduled', 'dataset_produces_1', 'dataset_consumes_unknown_never_scheduled', 'dataset_consumes_1']) retrieved from /home/airflow/.local/lib/python3.8/site-packages/airflow/example_dags/example_datasets.py
[2025-01-24T05:47:54.081+0000] {logging_mixin.py:151} INFO - [2025-01-24T05:47:54.081+0000] {dag.py:2915} INFO - Sync 6 DAGs
[2025-01-24T05:47:54.092+0000] {logging_mixin.py:151} INFO - [2025-01-24T05:47:54.092+0000] {dag.py:3696} INFO - Setting next_dagrun for dataset_consumes_1 to None, run_after=None
[2025-01-24T05:47:54.094+0000] {logging_mixin.py:151} INFO - [2025-01-24T05:47:54.094+0000] {dag.py:3696} INFO - Setting next_dagrun for dataset_consumes_1_and_2 to None, run_after=None
[2025-01-24T05:47:54.095+0000] {logging_mixin.py:151} INFO - [2025-01-24T05:47:54.095+0000] {dag.py:3696} INFO - Setting next_dagrun for dataset_consumes_1_never_scheduled to None, run_after=None
[2025-01-24T05:47:54.095+0000] {logging_mixin.py:151} INFO - [2025-01-24T05:47:54.095+0000] {dag.py:3696} INFO - Setting next_dagrun for dataset_consumes_unknown_never_scheduled to None, run_after=None
[2025-01-24T05:47:54.096+0000] {logging_mixin.py:151} INFO - [2025-01-24T05:47:54.096+0000] {dag.py:3696} INFO - Setting next_dagrun for dataset_produces_1 to 2025-01-23T00:00:00+00:00, run_after=2025-01-24T00:00:00+00:00
[2025-01-24T05:47:54.097+0000] {logging_mixin.py:151} INFO - [2025-01-24T05:47:54.097+0000] {dag.py:3696} INFO - Setting next_dagrun for dataset_produces_2 to None, run_after=None
[2025-01-24T05:47:54.112+0000] {processor.py:179} INFO - Processing /home/airflow/.local/lib/python3.8/site-packages/airflow/example_dags/example_datasets.py took 0.062 seconds
