[2025-01-24T05:37:30.627+0000] {processor.py:157} INFO - Started process (PID=64) to work on /home/airflow/.local/lib/python3.8/site-packages/airflow/example_dags/example_dynamic_task_mapping.py
[2025-01-24T05:37:30.628+0000] {processor.py:829} INFO - Processing file /home/airflow/.local/lib/python3.8/site-packages/airflow/example_dags/example_dynamic_task_mapping.py for tasks to queue
[2025-01-24T05:37:30.631+0000] {logging_mixin.py:151} INFO - [2025-01-24T05:37:30.630+0000] {dagbag.py:539} INFO - Filling up the DagBag from /home/airflow/.local/lib/python3.8/site-packages/airflow/example_dags/example_dynamic_task_mapping.py
[2025-01-24T05:37:30.635+0000] {processor.py:839} INFO - DAG(s) dict_keys(['example_dynamic_task_mapping']) retrieved from /home/airflow/.local/lib/python3.8/site-packages/airflow/example_dags/example_dynamic_task_mapping.py
[2025-01-24T05:37:30.641+0000] {logging_mixin.py:151} INFO - [2025-01-24T05:37:30.641+0000] {dag.py:2915} INFO - Sync 1 DAGs
[2025-01-24T05:37:30.653+0000] {logging_mixin.py:151} INFO - [2025-01-24T05:37:30.653+0000] {dag.py:3696} INFO - Setting next_dagrun for example_dynamic_task_mapping to 2022-03-04T00:00:00+00:00, run_after=2022-03-05T00:00:00+00:00
[2025-01-24T05:37:30.662+0000] {processor.py:179} INFO - Processing /home/airflow/.local/lib/python3.8/site-packages/airflow/example_dags/example_dynamic_task_mapping.py took 0.037 seconds
[2025-01-24T05:38:00.929+0000] {processor.py:157} INFO - Started process (PID=117) to work on /home/airflow/.local/lib/python3.8/site-packages/airflow/example_dags/example_dynamic_task_mapping.py
[2025-01-24T05:38:00.931+0000] {processor.py:829} INFO - Processing file /home/airflow/.local/lib/python3.8/site-packages/airflow/example_dags/example_dynamic_task_mapping.py for tasks to queue
[2025-01-24T05:38:00.932+0000] {logging_mixin.py:151} INFO - [2025-01-24T05:38:00.932+0000] {dagbag.py:539} INFO - Filling up the DagBag from /home/airflow/.local/lib/python3.8/site-packages/airflow/example_dags/example_dynamic_task_mapping.py
[2025-01-24T05:38:00.936+0000] {processor.py:839} INFO - DAG(s) dict_keys(['example_dynamic_task_mapping']) retrieved from /home/airflow/.local/lib/python3.8/site-packages/airflow/example_dags/example_dynamic_task_mapping.py
[2025-01-24T05:38:00.949+0000] {logging_mixin.py:151} INFO - [2025-01-24T05:38:00.949+0000] {dag.py:2915} INFO - Sync 1 DAGs
[2025-01-24T05:38:00.961+0000] {logging_mixin.py:151} INFO - [2025-01-24T05:38:00.961+0000] {dag.py:3696} INFO - Setting next_dagrun for example_dynamic_task_mapping to 2022-03-04T00:00:00+00:00, run_after=2022-03-05T00:00:00+00:00
[2025-01-24T05:38:00.977+0000] {processor.py:179} INFO - Processing /home/airflow/.local/lib/python3.8/site-packages/airflow/example_dags/example_dynamic_task_mapping.py took 0.049 seconds
[2025-01-24T05:38:31.690+0000] {processor.py:157} INFO - Started process (PID=171) to work on /home/airflow/.local/lib/python3.8/site-packages/airflow/example_dags/example_dynamic_task_mapping.py
[2025-01-24T05:38:31.691+0000] {processor.py:829} INFO - Processing file /home/airflow/.local/lib/python3.8/site-packages/airflow/example_dags/example_dynamic_task_mapping.py for tasks to queue
[2025-01-24T05:38:31.692+0000] {logging_mixin.py:151} INFO - [2025-01-24T05:38:31.692+0000] {dagbag.py:539} INFO - Filling up the DagBag from /home/airflow/.local/lib/python3.8/site-packages/airflow/example_dags/example_dynamic_task_mapping.py
[2025-01-24T05:38:31.696+0000] {processor.py:839} INFO - DAG(s) dict_keys(['example_dynamic_task_mapping']) retrieved from /home/airflow/.local/lib/python3.8/site-packages/airflow/example_dags/example_dynamic_task_mapping.py
[2025-01-24T05:38:31.707+0000] {logging_mixin.py:151} INFO - [2025-01-24T05:38:31.706+0000] {dag.py:2915} INFO - Sync 1 DAGs
[2025-01-24T05:38:31.720+0000] {logging_mixin.py:151} INFO - [2025-01-24T05:38:31.720+0000] {dag.py:3696} INFO - Setting next_dagrun for example_dynamic_task_mapping to 2022-03-04T00:00:00+00:00, run_after=2022-03-05T00:00:00+00:00
[2025-01-24T05:38:31.731+0000] {processor.py:179} INFO - Processing /home/airflow/.local/lib/python3.8/site-packages/airflow/example_dags/example_dynamic_task_mapping.py took 0.043 seconds
[2025-01-24T05:39:02.566+0000] {processor.py:157} INFO - Started process (PID=224) to work on /home/airflow/.local/lib/python3.8/site-packages/airflow/example_dags/example_dynamic_task_mapping.py
[2025-01-24T05:39:02.566+0000] {processor.py:829} INFO - Processing file /home/airflow/.local/lib/python3.8/site-packages/airflow/example_dags/example_dynamic_task_mapping.py for tasks to queue
[2025-01-24T05:39:02.568+0000] {logging_mixin.py:151} INFO - [2025-01-24T05:39:02.567+0000] {dagbag.py:539} INFO - Filling up the DagBag from /home/airflow/.local/lib/python3.8/site-packages/airflow/example_dags/example_dynamic_task_mapping.py
[2025-01-24T05:39:02.572+0000] {processor.py:839} INFO - DAG(s) dict_keys(['example_dynamic_task_mapping']) retrieved from /home/airflow/.local/lib/python3.8/site-packages/airflow/example_dags/example_dynamic_task_mapping.py
[2025-01-24T05:39:02.584+0000] {logging_mixin.py:151} INFO - [2025-01-24T05:39:02.584+0000] {dag.py:2915} INFO - Sync 1 DAGs
[2025-01-24T05:39:02.596+0000] {logging_mixin.py:151} INFO - [2025-01-24T05:39:02.596+0000] {dag.py:3696} INFO - Setting next_dagrun for example_dynamic_task_mapping to 2022-03-04T00:00:00+00:00, run_after=2022-03-05T00:00:00+00:00
[2025-01-24T05:39:02.607+0000] {processor.py:179} INFO - Processing /home/airflow/.local/lib/python3.8/site-packages/airflow/example_dags/example_dynamic_task_mapping.py took 0.043 seconds
[2025-01-24T05:39:32.699+0000] {processor.py:157} INFO - Started process (PID=278) to work on /home/airflow/.local/lib/python3.8/site-packages/airflow/example_dags/example_dynamic_task_mapping.py
[2025-01-24T05:39:32.700+0000] {processor.py:829} INFO - Processing file /home/airflow/.local/lib/python3.8/site-packages/airflow/example_dags/example_dynamic_task_mapping.py for tasks to queue
[2025-01-24T05:39:32.701+0000] {logging_mixin.py:151} INFO - [2025-01-24T05:39:32.701+0000] {dagbag.py:539} INFO - Filling up the DagBag from /home/airflow/.local/lib/python3.8/site-packages/airflow/example_dags/example_dynamic_task_mapping.py
[2025-01-24T05:39:32.704+0000] {processor.py:839} INFO - DAG(s) dict_keys(['example_dynamic_task_mapping']) retrieved from /home/airflow/.local/lib/python3.8/site-packages/airflow/example_dags/example_dynamic_task_mapping.py
[2025-01-24T05:39:32.714+0000] {logging_mixin.py:151} INFO - [2025-01-24T05:39:32.714+0000] {dag.py:2915} INFO - Sync 1 DAGs
[2025-01-24T05:39:32.724+0000] {logging_mixin.py:151} INFO - [2025-01-24T05:39:32.724+0000] {dag.py:3696} INFO - Setting next_dagrun for example_dynamic_task_mapping to 2022-03-04T00:00:00+00:00, run_after=2022-03-05T00:00:00+00:00
[2025-01-24T05:39:32.732+0000] {processor.py:179} INFO - Processing /home/airflow/.local/lib/python3.8/site-packages/airflow/example_dags/example_dynamic_task_mapping.py took 0.034 seconds
[2025-01-24T05:40:03.738+0000] {processor.py:157} INFO - Started process (PID=332) to work on /home/airflow/.local/lib/python3.8/site-packages/airflow/example_dags/example_dynamic_task_mapping.py
[2025-01-24T05:40:03.741+0000] {processor.py:829} INFO - Processing file /home/airflow/.local/lib/python3.8/site-packages/airflow/example_dags/example_dynamic_task_mapping.py for tasks to queue
[2025-01-24T05:40:03.742+0000] {logging_mixin.py:151} INFO - [2025-01-24T05:40:03.742+0000] {dagbag.py:539} INFO - Filling up the DagBag from /home/airflow/.local/lib/python3.8/site-packages/airflow/example_dags/example_dynamic_task_mapping.py
[2025-01-24T05:40:03.746+0000] {processor.py:839} INFO - DAG(s) dict_keys(['example_dynamic_task_mapping']) retrieved from /home/airflow/.local/lib/python3.8/site-packages/airflow/example_dags/example_dynamic_task_mapping.py
[2025-01-24T05:40:03.756+0000] {logging_mixin.py:151} INFO - [2025-01-24T05:40:03.756+0000] {dag.py:2915} INFO - Sync 1 DAGs
[2025-01-24T05:40:03.767+0000] {logging_mixin.py:151} INFO - [2025-01-24T05:40:03.767+0000] {dag.py:3696} INFO - Setting next_dagrun for example_dynamic_task_mapping to 2022-03-04T00:00:00+00:00, run_after=2022-03-05T00:00:00+00:00
[2025-01-24T05:40:03.778+0000] {processor.py:179} INFO - Processing /home/airflow/.local/lib/python3.8/site-packages/airflow/example_dags/example_dynamic_task_mapping.py took 0.042 seconds
[2025-01-24T05:40:34.486+0000] {processor.py:157} INFO - Started process (PID=393) to work on /home/airflow/.local/lib/python3.8/site-packages/airflow/example_dags/example_dynamic_task_mapping.py
[2025-01-24T05:40:34.487+0000] {processor.py:829} INFO - Processing file /home/airflow/.local/lib/python3.8/site-packages/airflow/example_dags/example_dynamic_task_mapping.py for tasks to queue
[2025-01-24T05:40:34.489+0000] {logging_mixin.py:151} INFO - [2025-01-24T05:40:34.488+0000] {dagbag.py:539} INFO - Filling up the DagBag from /home/airflow/.local/lib/python3.8/site-packages/airflow/example_dags/example_dynamic_task_mapping.py
[2025-01-24T05:40:34.493+0000] {processor.py:839} INFO - DAG(s) dict_keys(['example_dynamic_task_mapping']) retrieved from /home/airflow/.local/lib/python3.8/site-packages/airflow/example_dags/example_dynamic_task_mapping.py
[2025-01-24T05:40:34.504+0000] {logging_mixin.py:151} INFO - [2025-01-24T05:40:34.504+0000] {dag.py:2915} INFO - Sync 1 DAGs
[2025-01-24T05:40:34.517+0000] {logging_mixin.py:151} INFO - [2025-01-24T05:40:34.517+0000] {dag.py:3696} INFO - Setting next_dagrun for example_dynamic_task_mapping to 2022-03-04T00:00:00+00:00, run_after=2022-03-05T00:00:00+00:00
[2025-01-24T05:40:34.526+0000] {processor.py:179} INFO - Processing /home/airflow/.local/lib/python3.8/site-packages/airflow/example_dags/example_dynamic_task_mapping.py took 0.043 seconds
[2025-01-24T05:41:05.209+0000] {processor.py:157} INFO - Started process (PID=447) to work on /home/airflow/.local/lib/python3.8/site-packages/airflow/example_dags/example_dynamic_task_mapping.py
[2025-01-24T05:41:05.210+0000] {processor.py:829} INFO - Processing file /home/airflow/.local/lib/python3.8/site-packages/airflow/example_dags/example_dynamic_task_mapping.py for tasks to queue
[2025-01-24T05:41:05.212+0000] {logging_mixin.py:151} INFO - [2025-01-24T05:41:05.212+0000] {dagbag.py:539} INFO - Filling up the DagBag from /home/airflow/.local/lib/python3.8/site-packages/airflow/example_dags/example_dynamic_task_mapping.py
[2025-01-24T05:41:05.216+0000] {processor.py:839} INFO - DAG(s) dict_keys(['example_dynamic_task_mapping']) retrieved from /home/airflow/.local/lib/python3.8/site-packages/airflow/example_dags/example_dynamic_task_mapping.py
[2025-01-24T05:41:05.226+0000] {logging_mixin.py:151} INFO - [2025-01-24T05:41:05.226+0000] {dag.py:2915} INFO - Sync 1 DAGs
[2025-01-24T05:41:05.237+0000] {logging_mixin.py:151} INFO - [2025-01-24T05:41:05.237+0000] {dag.py:3696} INFO - Setting next_dagrun for example_dynamic_task_mapping to 2022-03-04T00:00:00+00:00, run_after=2022-03-05T00:00:00+00:00
[2025-01-24T05:41:05.245+0000] {processor.py:179} INFO - Processing /home/airflow/.local/lib/python3.8/site-packages/airflow/example_dags/example_dynamic_task_mapping.py took 0.038 seconds
[2025-01-24T05:41:35.965+0000] {processor.py:157} INFO - Started process (PID=501) to work on /home/airflow/.local/lib/python3.8/site-packages/airflow/example_dags/example_dynamic_task_mapping.py
[2025-01-24T05:41:35.965+0000] {processor.py:829} INFO - Processing file /home/airflow/.local/lib/python3.8/site-packages/airflow/example_dags/example_dynamic_task_mapping.py for tasks to queue
[2025-01-24T05:41:35.967+0000] {logging_mixin.py:151} INFO - [2025-01-24T05:41:35.967+0000] {dagbag.py:539} INFO - Filling up the DagBag from /home/airflow/.local/lib/python3.8/site-packages/airflow/example_dags/example_dynamic_task_mapping.py
[2025-01-24T05:41:35.972+0000] {processor.py:839} INFO - DAG(s) dict_keys(['example_dynamic_task_mapping']) retrieved from /home/airflow/.local/lib/python3.8/site-packages/airflow/example_dags/example_dynamic_task_mapping.py
[2025-01-24T05:41:35.985+0000] {logging_mixin.py:151} INFO - [2025-01-24T05:41:35.985+0000] {dag.py:2915} INFO - Sync 1 DAGs
[2025-01-24T05:41:35.997+0000] {logging_mixin.py:151} INFO - [2025-01-24T05:41:35.997+0000] {dag.py:3696} INFO - Setting next_dagrun for example_dynamic_task_mapping to 2022-03-04T00:00:00+00:00, run_after=2022-03-05T00:00:00+00:00
[2025-01-24T05:41:36.007+0000] {processor.py:179} INFO - Processing /home/airflow/.local/lib/python3.8/site-packages/airflow/example_dags/example_dynamic_task_mapping.py took 0.044 seconds
[2025-01-24T05:42:06.647+0000] {processor.py:157} INFO - Started process (PID=554) to work on /home/airflow/.local/lib/python3.8/site-packages/airflow/example_dags/example_dynamic_task_mapping.py
[2025-01-24T05:42:06.648+0000] {processor.py:829} INFO - Processing file /home/airflow/.local/lib/python3.8/site-packages/airflow/example_dags/example_dynamic_task_mapping.py for tasks to queue
[2025-01-24T05:42:06.649+0000] {logging_mixin.py:151} INFO - [2025-01-24T05:42:06.649+0000] {dagbag.py:539} INFO - Filling up the DagBag from /home/airflow/.local/lib/python3.8/site-packages/airflow/example_dags/example_dynamic_task_mapping.py
[2025-01-24T05:42:06.652+0000] {processor.py:839} INFO - DAG(s) dict_keys(['example_dynamic_task_mapping']) retrieved from /home/airflow/.local/lib/python3.8/site-packages/airflow/example_dags/example_dynamic_task_mapping.py
[2025-01-24T05:42:06.663+0000] {logging_mixin.py:151} INFO - [2025-01-24T05:42:06.663+0000] {dag.py:2915} INFO - Sync 1 DAGs
[2025-01-24T05:42:06.674+0000] {logging_mixin.py:151} INFO - [2025-01-24T05:42:06.674+0000] {dag.py:3696} INFO - Setting next_dagrun for example_dynamic_task_mapping to 2022-03-04T00:00:00+00:00, run_after=2022-03-05T00:00:00+00:00
[2025-01-24T05:42:06.683+0000] {processor.py:179} INFO - Processing /home/airflow/.local/lib/python3.8/site-packages/airflow/example_dags/example_dynamic_task_mapping.py took 0.038 seconds
[2025-01-24T05:42:37.374+0000] {processor.py:157} INFO - Started process (PID=608) to work on /home/airflow/.local/lib/python3.8/site-packages/airflow/example_dags/example_dynamic_task_mapping.py
[2025-01-24T05:42:37.378+0000] {processor.py:829} INFO - Processing file /home/airflow/.local/lib/python3.8/site-packages/airflow/example_dags/example_dynamic_task_mapping.py for tasks to queue
[2025-01-24T05:42:37.379+0000] {logging_mixin.py:151} INFO - [2025-01-24T05:42:37.379+0000] {dagbag.py:539} INFO - Filling up the DagBag from /home/airflow/.local/lib/python3.8/site-packages/airflow/example_dags/example_dynamic_task_mapping.py
[2025-01-24T05:42:37.382+0000] {processor.py:839} INFO - DAG(s) dict_keys(['example_dynamic_task_mapping']) retrieved from /home/airflow/.local/lib/python3.8/site-packages/airflow/example_dags/example_dynamic_task_mapping.py
[2025-01-24T05:42:37.394+0000] {logging_mixin.py:151} INFO - [2025-01-24T05:42:37.394+0000] {dag.py:2915} INFO - Sync 1 DAGs
[2025-01-24T05:42:37.406+0000] {logging_mixin.py:151} INFO - [2025-01-24T05:42:37.406+0000] {dag.py:3696} INFO - Setting next_dagrun for example_dynamic_task_mapping to 2022-03-04T00:00:00+00:00, run_after=2022-03-05T00:00:00+00:00
[2025-01-24T05:42:37.414+0000] {processor.py:179} INFO - Processing /home/airflow/.local/lib/python3.8/site-packages/airflow/example_dags/example_dynamic_task_mapping.py took 0.042 seconds
[2025-01-24T05:43:08.056+0000] {processor.py:157} INFO - Started process (PID=662) to work on /home/airflow/.local/lib/python3.8/site-packages/airflow/example_dags/example_dynamic_task_mapping.py
[2025-01-24T05:43:08.057+0000] {processor.py:829} INFO - Processing file /home/airflow/.local/lib/python3.8/site-packages/airflow/example_dags/example_dynamic_task_mapping.py for tasks to queue
[2025-01-24T05:43:08.058+0000] {logging_mixin.py:151} INFO - [2025-01-24T05:43:08.058+0000] {dagbag.py:539} INFO - Filling up the DagBag from /home/airflow/.local/lib/python3.8/site-packages/airflow/example_dags/example_dynamic_task_mapping.py
[2025-01-24T05:43:08.064+0000] {processor.py:839} INFO - DAG(s) dict_keys(['example_dynamic_task_mapping']) retrieved from /home/airflow/.local/lib/python3.8/site-packages/airflow/example_dags/example_dynamic_task_mapping.py
[2025-01-24T05:43:08.078+0000] {logging_mixin.py:151} INFO - [2025-01-24T05:43:08.078+0000] {dag.py:2915} INFO - Sync 1 DAGs
[2025-01-24T05:43:08.089+0000] {logging_mixin.py:151} INFO - [2025-01-24T05:43:08.089+0000] {dag.py:3696} INFO - Setting next_dagrun for example_dynamic_task_mapping to 2022-03-04T00:00:00+00:00, run_after=2022-03-05T00:00:00+00:00
[2025-01-24T05:43:08.099+0000] {processor.py:179} INFO - Processing /home/airflow/.local/lib/python3.8/site-packages/airflow/example_dags/example_dynamic_task_mapping.py took 0.045 seconds
[2025-01-24T05:43:38.859+0000] {processor.py:157} INFO - Started process (PID=715) to work on /home/airflow/.local/lib/python3.8/site-packages/airflow/example_dags/example_dynamic_task_mapping.py
[2025-01-24T05:43:38.861+0000] {processor.py:829} INFO - Processing file /home/airflow/.local/lib/python3.8/site-packages/airflow/example_dags/example_dynamic_task_mapping.py for tasks to queue
[2025-01-24T05:43:38.862+0000] {logging_mixin.py:151} INFO - [2025-01-24T05:43:38.862+0000] {dagbag.py:539} INFO - Filling up the DagBag from /home/airflow/.local/lib/python3.8/site-packages/airflow/example_dags/example_dynamic_task_mapping.py
[2025-01-24T05:43:38.866+0000] {processor.py:839} INFO - DAG(s) dict_keys(['example_dynamic_task_mapping']) retrieved from /home/airflow/.local/lib/python3.8/site-packages/airflow/example_dags/example_dynamic_task_mapping.py
[2025-01-24T05:43:38.877+0000] {logging_mixin.py:151} INFO - [2025-01-24T05:43:38.877+0000] {dag.py:2915} INFO - Sync 1 DAGs
[2025-01-24T05:43:38.888+0000] {logging_mixin.py:151} INFO - [2025-01-24T05:43:38.888+0000] {dag.py:3696} INFO - Setting next_dagrun for example_dynamic_task_mapping to 2022-03-04T00:00:00+00:00, run_after=2022-03-05T00:00:00+00:00
[2025-01-24T05:43:38.899+0000] {processor.py:179} INFO - Processing /home/airflow/.local/lib/python3.8/site-packages/airflow/example_dags/example_dynamic_task_mapping.py took 0.041 seconds
[2025-01-24T05:44:09.520+0000] {processor.py:157} INFO - Started process (PID=769) to work on /home/airflow/.local/lib/python3.8/site-packages/airflow/example_dags/example_dynamic_task_mapping.py
[2025-01-24T05:44:09.521+0000] {processor.py:829} INFO - Processing file /home/airflow/.local/lib/python3.8/site-packages/airflow/example_dags/example_dynamic_task_mapping.py for tasks to queue
[2025-01-24T05:44:09.522+0000] {logging_mixin.py:151} INFO - [2025-01-24T05:44:09.522+0000] {dagbag.py:539} INFO - Filling up the DagBag from /home/airflow/.local/lib/python3.8/site-packages/airflow/example_dags/example_dynamic_task_mapping.py
[2025-01-24T05:44:09.525+0000] {processor.py:839} INFO - DAG(s) dict_keys(['example_dynamic_task_mapping']) retrieved from /home/airflow/.local/lib/python3.8/site-packages/airflow/example_dags/example_dynamic_task_mapping.py
[2025-01-24T05:44:09.538+0000] {logging_mixin.py:151} INFO - [2025-01-24T05:44:09.538+0000] {dag.py:2915} INFO - Sync 1 DAGs
[2025-01-24T05:44:09.548+0000] {logging_mixin.py:151} INFO - [2025-01-24T05:44:09.548+0000] {dag.py:3696} INFO - Setting next_dagrun for example_dynamic_task_mapping to 2022-03-04T00:00:00+00:00, run_after=2022-03-05T00:00:00+00:00
[2025-01-24T05:44:09.557+0000] {processor.py:179} INFO - Processing /home/airflow/.local/lib/python3.8/site-packages/airflow/example_dags/example_dynamic_task_mapping.py took 0.039 seconds
[2025-01-24T05:44:39.717+0000] {processor.py:157} INFO - Started process (PID=823) to work on /home/airflow/.local/lib/python3.8/site-packages/airflow/example_dags/example_dynamic_task_mapping.py
[2025-01-24T05:44:39.719+0000] {processor.py:829} INFO - Processing file /home/airflow/.local/lib/python3.8/site-packages/airflow/example_dags/example_dynamic_task_mapping.py for tasks to queue
[2025-01-24T05:44:39.720+0000] {logging_mixin.py:151} INFO - [2025-01-24T05:44:39.720+0000] {dagbag.py:539} INFO - Filling up the DagBag from /home/airflow/.local/lib/python3.8/site-packages/airflow/example_dags/example_dynamic_task_mapping.py
[2025-01-24T05:44:39.724+0000] {processor.py:839} INFO - DAG(s) dict_keys(['example_dynamic_task_mapping']) retrieved from /home/airflow/.local/lib/python3.8/site-packages/airflow/example_dags/example_dynamic_task_mapping.py
[2025-01-24T05:44:39.736+0000] {logging_mixin.py:151} INFO - [2025-01-24T05:44:39.736+0000] {dag.py:2915} INFO - Sync 1 DAGs
[2025-01-24T05:44:39.748+0000] {logging_mixin.py:151} INFO - [2025-01-24T05:44:39.748+0000] {dag.py:3696} INFO - Setting next_dagrun for example_dynamic_task_mapping to 2022-03-04T00:00:00+00:00, run_after=2022-03-05T00:00:00+00:00
[2025-01-24T05:44:39.759+0000] {processor.py:179} INFO - Processing /home/airflow/.local/lib/python3.8/site-packages/airflow/example_dags/example_dynamic_task_mapping.py took 0.044 seconds
[2025-01-24T05:45:10.475+0000] {processor.py:157} INFO - Started process (PID=877) to work on /home/airflow/.local/lib/python3.8/site-packages/airflow/example_dags/example_dynamic_task_mapping.py
[2025-01-24T05:45:10.476+0000] {processor.py:829} INFO - Processing file /home/airflow/.local/lib/python3.8/site-packages/airflow/example_dags/example_dynamic_task_mapping.py for tasks to queue
[2025-01-24T05:45:10.477+0000] {logging_mixin.py:151} INFO - [2025-01-24T05:45:10.477+0000] {dagbag.py:539} INFO - Filling up the DagBag from /home/airflow/.local/lib/python3.8/site-packages/airflow/example_dags/example_dynamic_task_mapping.py
[2025-01-24T05:45:10.480+0000] {processor.py:839} INFO - DAG(s) dict_keys(['example_dynamic_task_mapping']) retrieved from /home/airflow/.local/lib/python3.8/site-packages/airflow/example_dags/example_dynamic_task_mapping.py
[2025-01-24T05:45:10.491+0000] {logging_mixin.py:151} INFO - [2025-01-24T05:45:10.491+0000] {dag.py:2915} INFO - Sync 1 DAGs
[2025-01-24T05:45:10.505+0000] {logging_mixin.py:151} INFO - [2025-01-24T05:45:10.504+0000] {dag.py:3696} INFO - Setting next_dagrun for example_dynamic_task_mapping to 2022-03-04T00:00:00+00:00, run_after=2022-03-05T00:00:00+00:00
[2025-01-24T05:45:10.514+0000] {processor.py:179} INFO - Processing /home/airflow/.local/lib/python3.8/site-packages/airflow/example_dags/example_dynamic_task_mapping.py took 0.040 seconds
[2025-01-24T05:45:51.845+0000] {processor.py:157} INFO - Started process (PID=62) to work on /home/airflow/.local/lib/python3.8/site-packages/airflow/example_dags/example_dynamic_task_mapping.py
[2025-01-24T05:45:51.846+0000] {processor.py:829} INFO - Processing file /home/airflow/.local/lib/python3.8/site-packages/airflow/example_dags/example_dynamic_task_mapping.py for tasks to queue
[2025-01-24T05:45:51.847+0000] {logging_mixin.py:151} INFO - [2025-01-24T05:45:51.847+0000] {dagbag.py:539} INFO - Filling up the DagBag from /home/airflow/.local/lib/python3.8/site-packages/airflow/example_dags/example_dynamic_task_mapping.py
[2025-01-24T05:45:51.851+0000] {processor.py:839} INFO - DAG(s) dict_keys(['example_dynamic_task_mapping']) retrieved from /home/airflow/.local/lib/python3.8/site-packages/airflow/example_dags/example_dynamic_task_mapping.py
[2025-01-24T05:45:51.860+0000] {logging_mixin.py:151} INFO - [2025-01-24T05:45:51.860+0000] {dag.py:2915} INFO - Sync 1 DAGs
[2025-01-24T05:45:51.871+0000] {logging_mixin.py:151} INFO - [2025-01-24T05:45:51.871+0000] {dag.py:3696} INFO - Setting next_dagrun for example_dynamic_task_mapping to 2022-03-04T00:00:00+00:00, run_after=2022-03-05T00:00:00+00:00
[2025-01-24T05:45:51.881+0000] {processor.py:179} INFO - Processing /home/airflow/.local/lib/python3.8/site-packages/airflow/example_dags/example_dynamic_task_mapping.py took 0.038 seconds
[2025-01-24T05:46:22.425+0000] {processor.py:157} INFO - Started process (PID=115) to work on /home/airflow/.local/lib/python3.8/site-packages/airflow/example_dags/example_dynamic_task_mapping.py
[2025-01-24T05:46:22.427+0000] {processor.py:829} INFO - Processing file /home/airflow/.local/lib/python3.8/site-packages/airflow/example_dags/example_dynamic_task_mapping.py for tasks to queue
[2025-01-24T05:46:22.429+0000] {logging_mixin.py:151} INFO - [2025-01-24T05:46:22.428+0000] {dagbag.py:539} INFO - Filling up the DagBag from /home/airflow/.local/lib/python3.8/site-packages/airflow/example_dags/example_dynamic_task_mapping.py
[2025-01-24T05:46:22.433+0000] {processor.py:839} INFO - DAG(s) dict_keys(['example_dynamic_task_mapping']) retrieved from /home/airflow/.local/lib/python3.8/site-packages/airflow/example_dags/example_dynamic_task_mapping.py
[2025-01-24T05:46:22.445+0000] {logging_mixin.py:151} INFO - [2025-01-24T05:46:22.445+0000] {dag.py:2915} INFO - Sync 1 DAGs
[2025-01-24T05:46:22.456+0000] {logging_mixin.py:151} INFO - [2025-01-24T05:46:22.456+0000] {dag.py:3696} INFO - Setting next_dagrun for example_dynamic_task_mapping to 2022-03-04T00:00:00+00:00, run_after=2022-03-05T00:00:00+00:00
[2025-01-24T05:46:22.464+0000] {processor.py:179} INFO - Processing /home/airflow/.local/lib/python3.8/site-packages/airflow/example_dags/example_dynamic_task_mapping.py took 0.041 seconds
[2025-01-24T05:46:53.076+0000] {processor.py:157} INFO - Started process (PID=169) to work on /home/airflow/.local/lib/python3.8/site-packages/airflow/example_dags/example_dynamic_task_mapping.py
[2025-01-24T05:46:53.078+0000] {processor.py:829} INFO - Processing file /home/airflow/.local/lib/python3.8/site-packages/airflow/example_dags/example_dynamic_task_mapping.py for tasks to queue
[2025-01-24T05:46:53.079+0000] {logging_mixin.py:151} INFO - [2025-01-24T05:46:53.079+0000] {dagbag.py:539} INFO - Filling up the DagBag from /home/airflow/.local/lib/python3.8/site-packages/airflow/example_dags/example_dynamic_task_mapping.py
[2025-01-24T05:46:53.082+0000] {processor.py:839} INFO - DAG(s) dict_keys(['example_dynamic_task_mapping']) retrieved from /home/airflow/.local/lib/python3.8/site-packages/airflow/example_dags/example_dynamic_task_mapping.py
[2025-01-24T05:46:53.093+0000] {logging_mixin.py:151} INFO - [2025-01-24T05:46:53.093+0000] {dag.py:2915} INFO - Sync 1 DAGs
[2025-01-24T05:46:53.111+0000] {logging_mixin.py:151} INFO - [2025-01-24T05:46:53.111+0000] {dag.py:3696} INFO - Setting next_dagrun for example_dynamic_task_mapping to 2022-03-04T00:00:00+00:00, run_after=2022-03-05T00:00:00+00:00
[2025-01-24T05:46:53.120+0000] {processor.py:179} INFO - Processing /home/airflow/.local/lib/python3.8/site-packages/airflow/example_dags/example_dynamic_task_mapping.py took 0.046 seconds
[2025-01-24T05:47:23.754+0000] {processor.py:157} INFO - Started process (PID=223) to work on /home/airflow/.local/lib/python3.8/site-packages/airflow/example_dags/example_dynamic_task_mapping.py
[2025-01-24T05:47:23.755+0000] {processor.py:829} INFO - Processing file /home/airflow/.local/lib/python3.8/site-packages/airflow/example_dags/example_dynamic_task_mapping.py for tasks to queue
[2025-01-24T05:47:23.757+0000] {logging_mixin.py:151} INFO - [2025-01-24T05:47:23.757+0000] {dagbag.py:539} INFO - Filling up the DagBag from /home/airflow/.local/lib/python3.8/site-packages/airflow/example_dags/example_dynamic_task_mapping.py
[2025-01-24T05:47:23.761+0000] {processor.py:839} INFO - DAG(s) dict_keys(['example_dynamic_task_mapping']) retrieved from /home/airflow/.local/lib/python3.8/site-packages/airflow/example_dags/example_dynamic_task_mapping.py
[2025-01-24T05:47:23.771+0000] {logging_mixin.py:151} INFO - [2025-01-24T05:47:23.771+0000] {dag.py:2915} INFO - Sync 1 DAGs
[2025-01-24T05:47:23.781+0000] {logging_mixin.py:151} INFO - [2025-01-24T05:47:23.781+0000] {dag.py:3696} INFO - Setting next_dagrun for example_dynamic_task_mapping to 2022-03-04T00:00:00+00:00, run_after=2022-03-05T00:00:00+00:00
[2025-01-24T05:47:23.790+0000] {processor.py:179} INFO - Processing /home/airflow/.local/lib/python3.8/site-packages/airflow/example_dags/example_dynamic_task_mapping.py took 0.037 seconds
[2025-01-24T05:47:54.499+0000] {processor.py:157} INFO - Started process (PID=277) to work on /home/airflow/.local/lib/python3.8/site-packages/airflow/example_dags/example_dynamic_task_mapping.py
[2025-01-24T05:47:54.500+0000] {processor.py:829} INFO - Processing file /home/airflow/.local/lib/python3.8/site-packages/airflow/example_dags/example_dynamic_task_mapping.py for tasks to queue
[2025-01-24T05:47:54.503+0000] {logging_mixin.py:151} INFO - [2025-01-24T05:47:54.503+0000] {dagbag.py:539} INFO - Filling up the DagBag from /home/airflow/.local/lib/python3.8/site-packages/airflow/example_dags/example_dynamic_task_mapping.py
[2025-01-24T05:47:54.507+0000] {processor.py:839} INFO - DAG(s) dict_keys(['example_dynamic_task_mapping']) retrieved from /home/airflow/.local/lib/python3.8/site-packages/airflow/example_dags/example_dynamic_task_mapping.py
[2025-01-24T05:47:54.518+0000] {logging_mixin.py:151} INFO - [2025-01-24T05:47:54.517+0000] {dag.py:2915} INFO - Sync 1 DAGs
[2025-01-24T05:47:54.531+0000] {logging_mixin.py:151} INFO - [2025-01-24T05:47:54.530+0000] {dag.py:3696} INFO - Setting next_dagrun for example_dynamic_task_mapping to 2022-03-04T00:00:00+00:00, run_after=2022-03-05T00:00:00+00:00
[2025-01-24T05:47:54.539+0000] {processor.py:179} INFO - Processing /home/airflow/.local/lib/python3.8/site-packages/airflow/example_dags/example_dynamic_task_mapping.py took 0.042 seconds
