[2025-01-24T05:37:31.141+0000] {processor.py:157} INFO - Started process (PID=72) to work on /home/airflow/.local/lib/python3.8/site-packages/airflow/example_dags/example_xcom.py
[2025-01-24T05:37:31.143+0000] {processor.py:829} INFO - Processing file /home/airflow/.local/lib/python3.8/site-packages/airflow/example_dags/example_xcom.py for tasks to queue
[2025-01-24T05:37:31.144+0000] {logging_mixin.py:151} INFO - [2025-01-24T05:37:31.144+0000] {dagbag.py:539} INFO - Filling up the DagBag from /home/airflow/.local/lib/python3.8/site-packages/airflow/example_dags/example_xcom.py
[2025-01-24T05:37:31.150+0000] {processor.py:839} INFO - DAG(s) dict_keys(['example_xcom']) retrieved from /home/airflow/.local/lib/python3.8/site-packages/airflow/example_dags/example_xcom.py
[2025-01-24T05:37:31.162+0000] {logging_mixin.py:151} INFO - [2025-01-24T05:37:31.162+0000] {dag.py:2915} INFO - Sync 1 DAGs
[2025-01-24T05:37:31.175+0000] {logging_mixin.py:151} INFO - [2025-01-24T05:37:31.175+0000] {dag.py:3696} INFO - Setting next_dagrun for example_xcom to 2021-01-01T00:00:00+00:00, run_after=2021-01-01T00:00:00+00:00
[2025-01-24T05:37:31.191+0000] {processor.py:179} INFO - Processing /home/airflow/.local/lib/python3.8/site-packages/airflow/example_dags/example_xcom.py took 0.055 seconds
[2025-01-24T05:38:02.163+0000] {processor.py:157} INFO - Started process (PID=126) to work on /home/airflow/.local/lib/python3.8/site-packages/airflow/example_dags/example_xcom.py
[2025-01-24T05:38:02.168+0000] {processor.py:829} INFO - Processing file /home/airflow/.local/lib/python3.8/site-packages/airflow/example_dags/example_xcom.py for tasks to queue
[2025-01-24T05:38:02.172+0000] {logging_mixin.py:151} INFO - [2025-01-24T05:38:02.172+0000] {dagbag.py:539} INFO - Filling up the DagBag from /home/airflow/.local/lib/python3.8/site-packages/airflow/example_dags/example_xcom.py
[2025-01-24T05:38:02.178+0000] {processor.py:839} INFO - DAG(s) dict_keys(['example_xcom']) retrieved from /home/airflow/.local/lib/python3.8/site-packages/airflow/example_dags/example_xcom.py
[2025-01-24T05:38:02.194+0000] {logging_mixin.py:151} INFO - [2025-01-24T05:38:02.194+0000] {dag.py:2915} INFO - Sync 1 DAGs
[2025-01-24T05:38:02.205+0000] {logging_mixin.py:151} INFO - [2025-01-24T05:38:02.205+0000] {dag.py:3696} INFO - Setting next_dagrun for example_xcom to 2021-01-01T00:00:00+00:00, run_after=2021-01-01T00:00:00+00:00
[2025-01-24T05:38:02.214+0000] {processor.py:179} INFO - Processing /home/airflow/.local/lib/python3.8/site-packages/airflow/example_dags/example_xcom.py took 0.054 seconds
[2025-01-24T05:38:32.925+0000] {processor.py:157} INFO - Started process (PID=180) to work on /home/airflow/.local/lib/python3.8/site-packages/airflow/example_dags/example_xcom.py
[2025-01-24T05:38:32.927+0000] {processor.py:829} INFO - Processing file /home/airflow/.local/lib/python3.8/site-packages/airflow/example_dags/example_xcom.py for tasks to queue
[2025-01-24T05:38:32.929+0000] {logging_mixin.py:151} INFO - [2025-01-24T05:38:32.928+0000] {dagbag.py:539} INFO - Filling up the DagBag from /home/airflow/.local/lib/python3.8/site-packages/airflow/example_dags/example_xcom.py
[2025-01-24T05:38:32.935+0000] {processor.py:839} INFO - DAG(s) dict_keys(['example_xcom']) retrieved from /home/airflow/.local/lib/python3.8/site-packages/airflow/example_dags/example_xcom.py
[2025-01-24T05:38:32.955+0000] {logging_mixin.py:151} INFO - [2025-01-24T05:38:32.955+0000] {dag.py:2915} INFO - Sync 1 DAGs
[2025-01-24T05:38:32.968+0000] {logging_mixin.py:151} INFO - [2025-01-24T05:38:32.968+0000] {dag.py:3696} INFO - Setting next_dagrun for example_xcom to 2021-01-01T00:00:00+00:00, run_after=2021-01-01T00:00:00+00:00
[2025-01-24T05:38:32.978+0000] {processor.py:179} INFO - Processing /home/airflow/.local/lib/python3.8/site-packages/airflow/example_dags/example_xcom.py took 0.057 seconds
[2025-01-24T05:39:03.863+0000] {processor.py:157} INFO - Started process (PID=233) to work on /home/airflow/.local/lib/python3.8/site-packages/airflow/example_dags/example_xcom.py
[2025-01-24T05:39:03.866+0000] {processor.py:829} INFO - Processing file /home/airflow/.local/lib/python3.8/site-packages/airflow/example_dags/example_xcom.py for tasks to queue
[2025-01-24T05:39:03.870+0000] {logging_mixin.py:151} INFO - [2025-01-24T05:39:03.870+0000] {dagbag.py:539} INFO - Filling up the DagBag from /home/airflow/.local/lib/python3.8/site-packages/airflow/example_dags/example_xcom.py
[2025-01-24T05:39:03.877+0000] {processor.py:839} INFO - DAG(s) dict_keys(['example_xcom']) retrieved from /home/airflow/.local/lib/python3.8/site-packages/airflow/example_dags/example_xcom.py
[2025-01-24T05:39:03.893+0000] {logging_mixin.py:151} INFO - [2025-01-24T05:39:03.893+0000] {dag.py:2915} INFO - Sync 1 DAGs
[2025-01-24T05:39:03.908+0000] {logging_mixin.py:151} INFO - [2025-01-24T05:39:03.908+0000] {dag.py:3696} INFO - Setting next_dagrun for example_xcom to 2021-01-01T00:00:00+00:00, run_after=2021-01-01T00:00:00+00:00
[2025-01-24T05:39:03.920+0000] {processor.py:179} INFO - Processing /home/airflow/.local/lib/python3.8/site-packages/airflow/example_dags/example_xcom.py took 0.059 seconds
[2025-01-24T05:39:33.942+0000] {processor.py:157} INFO - Started process (PID=286) to work on /home/airflow/.local/lib/python3.8/site-packages/airflow/example_dags/example_xcom.py
[2025-01-24T05:39:33.944+0000] {processor.py:829} INFO - Processing file /home/airflow/.local/lib/python3.8/site-packages/airflow/example_dags/example_xcom.py for tasks to queue
[2025-01-24T05:39:33.946+0000] {logging_mixin.py:151} INFO - [2025-01-24T05:39:33.945+0000] {dagbag.py:539} INFO - Filling up the DagBag from /home/airflow/.local/lib/python3.8/site-packages/airflow/example_dags/example_xcom.py
[2025-01-24T05:39:33.951+0000] {processor.py:839} INFO - DAG(s) dict_keys(['example_xcom']) retrieved from /home/airflow/.local/lib/python3.8/site-packages/airflow/example_dags/example_xcom.py
[2025-01-24T05:39:33.964+0000] {logging_mixin.py:151} INFO - [2025-01-24T05:39:33.964+0000] {dag.py:2915} INFO - Sync 1 DAGs
[2025-01-24T05:39:33.978+0000] {logging_mixin.py:151} INFO - [2025-01-24T05:39:33.978+0000] {dag.py:3696} INFO - Setting next_dagrun for example_xcom to 2021-01-01T00:00:00+00:00, run_after=2021-01-01T00:00:00+00:00
[2025-01-24T05:39:33.989+0000] {processor.py:179} INFO - Processing /home/airflow/.local/lib/python3.8/site-packages/airflow/example_dags/example_xcom.py took 0.050 seconds
[2025-01-24T05:40:04.983+0000] {processor.py:157} INFO - Started process (PID=348) to work on /home/airflow/.local/lib/python3.8/site-packages/airflow/example_dags/example_xcom.py
[2025-01-24T05:40:04.986+0000] {processor.py:829} INFO - Processing file /home/airflow/.local/lib/python3.8/site-packages/airflow/example_dags/example_xcom.py for tasks to queue
[2025-01-24T05:40:04.988+0000] {logging_mixin.py:151} INFO - [2025-01-24T05:40:04.988+0000] {dagbag.py:539} INFO - Filling up the DagBag from /home/airflow/.local/lib/python3.8/site-packages/airflow/example_dags/example_xcom.py
[2025-01-24T05:40:04.993+0000] {processor.py:839} INFO - DAG(s) dict_keys(['example_xcom']) retrieved from /home/airflow/.local/lib/python3.8/site-packages/airflow/example_dags/example_xcom.py
[2025-01-24T05:40:05.008+0000] {logging_mixin.py:151} INFO - [2025-01-24T05:40:05.007+0000] {dag.py:2915} INFO - Sync 1 DAGs
[2025-01-24T05:40:05.019+0000] {logging_mixin.py:151} INFO - [2025-01-24T05:40:05.018+0000] {dag.py:3696} INFO - Setting next_dagrun for example_xcom to 2021-01-01T00:00:00+00:00, run_after=2021-01-01T00:00:00+00:00
[2025-01-24T05:40:05.030+0000] {processor.py:179} INFO - Processing /home/airflow/.local/lib/python3.8/site-packages/airflow/example_dags/example_xcom.py took 0.049 seconds
[2025-01-24T05:40:35.724+0000] {processor.py:157} INFO - Started process (PID=402) to work on /home/airflow/.local/lib/python3.8/site-packages/airflow/example_dags/example_xcom.py
[2025-01-24T05:40:35.725+0000] {processor.py:829} INFO - Processing file /home/airflow/.local/lib/python3.8/site-packages/airflow/example_dags/example_xcom.py for tasks to queue
[2025-01-24T05:40:35.726+0000] {logging_mixin.py:151} INFO - [2025-01-24T05:40:35.726+0000] {dagbag.py:539} INFO - Filling up the DagBag from /home/airflow/.local/lib/python3.8/site-packages/airflow/example_dags/example_xcom.py
[2025-01-24T05:40:35.732+0000] {processor.py:839} INFO - DAG(s) dict_keys(['example_xcom']) retrieved from /home/airflow/.local/lib/python3.8/site-packages/airflow/example_dags/example_xcom.py
[2025-01-24T05:40:35.746+0000] {logging_mixin.py:151} INFO - [2025-01-24T05:40:35.746+0000] {dag.py:2915} INFO - Sync 1 DAGs
[2025-01-24T05:40:35.758+0000] {logging_mixin.py:151} INFO - [2025-01-24T05:40:35.758+0000] {dag.py:3696} INFO - Setting next_dagrun for example_xcom to 2021-01-01T00:00:00+00:00, run_after=2021-01-01T00:00:00+00:00
[2025-01-24T05:40:35.768+0000] {processor.py:179} INFO - Processing /home/airflow/.local/lib/python3.8/site-packages/airflow/example_dags/example_xcom.py took 0.046 seconds
[2025-01-24T05:41:06.432+0000] {processor.py:157} INFO - Started process (PID=456) to work on /home/airflow/.local/lib/python3.8/site-packages/airflow/example_dags/example_xcom.py
[2025-01-24T05:41:06.433+0000] {processor.py:829} INFO - Processing file /home/airflow/.local/lib/python3.8/site-packages/airflow/example_dags/example_xcom.py for tasks to queue
[2025-01-24T05:41:06.437+0000] {logging_mixin.py:151} INFO - [2025-01-24T05:41:06.436+0000] {dagbag.py:539} INFO - Filling up the DagBag from /home/airflow/.local/lib/python3.8/site-packages/airflow/example_dags/example_xcom.py
[2025-01-24T05:41:06.441+0000] {processor.py:839} INFO - DAG(s) dict_keys(['example_xcom']) retrieved from /home/airflow/.local/lib/python3.8/site-packages/airflow/example_dags/example_xcom.py
[2025-01-24T05:41:06.452+0000] {logging_mixin.py:151} INFO - [2025-01-24T05:41:06.452+0000] {dag.py:2915} INFO - Sync 1 DAGs
[2025-01-24T05:41:06.462+0000] {logging_mixin.py:151} INFO - [2025-01-24T05:41:06.462+0000] {dag.py:3696} INFO - Setting next_dagrun for example_xcom to 2021-01-01T00:00:00+00:00, run_after=2021-01-01T00:00:00+00:00
[2025-01-24T05:41:06.471+0000] {processor.py:179} INFO - Processing /home/airflow/.local/lib/python3.8/site-packages/airflow/example_dags/example_xcom.py took 0.041 seconds
[2025-01-24T05:41:37.189+0000] {processor.py:157} INFO - Started process (PID=510) to work on /home/airflow/.local/lib/python3.8/site-packages/airflow/example_dags/example_xcom.py
[2025-01-24T05:41:37.189+0000] {processor.py:829} INFO - Processing file /home/airflow/.local/lib/python3.8/site-packages/airflow/example_dags/example_xcom.py for tasks to queue
[2025-01-24T05:41:37.194+0000] {logging_mixin.py:151} INFO - [2025-01-24T05:41:37.193+0000] {dagbag.py:539} INFO - Filling up the DagBag from /home/airflow/.local/lib/python3.8/site-packages/airflow/example_dags/example_xcom.py
[2025-01-24T05:41:37.197+0000] {processor.py:839} INFO - DAG(s) dict_keys(['example_xcom']) retrieved from /home/airflow/.local/lib/python3.8/site-packages/airflow/example_dags/example_xcom.py
[2025-01-24T05:41:37.213+0000] {logging_mixin.py:151} INFO - [2025-01-24T05:41:37.213+0000] {dag.py:2915} INFO - Sync 1 DAGs
[2025-01-24T05:41:37.224+0000] {logging_mixin.py:151} INFO - [2025-01-24T05:41:37.224+0000] {dag.py:3696} INFO - Setting next_dagrun for example_xcom to 2021-01-01T00:00:00+00:00, run_after=2021-01-01T00:00:00+00:00
[2025-01-24T05:41:37.234+0000] {processor.py:179} INFO - Processing /home/airflow/.local/lib/python3.8/site-packages/airflow/example_dags/example_xcom.py took 0.047 seconds
[2025-01-24T05:42:07.937+0000] {processor.py:157} INFO - Started process (PID=563) to work on /home/airflow/.local/lib/python3.8/site-packages/airflow/example_dags/example_xcom.py
[2025-01-24T05:42:07.942+0000] {processor.py:829} INFO - Processing file /home/airflow/.local/lib/python3.8/site-packages/airflow/example_dags/example_xcom.py for tasks to queue
[2025-01-24T05:42:07.944+0000] {logging_mixin.py:151} INFO - [2025-01-24T05:42:07.944+0000] {dagbag.py:539} INFO - Filling up the DagBag from /home/airflow/.local/lib/python3.8/site-packages/airflow/example_dags/example_xcom.py
[2025-01-24T05:42:07.951+0000] {processor.py:839} INFO - DAG(s) dict_keys(['example_xcom']) retrieved from /home/airflow/.local/lib/python3.8/site-packages/airflow/example_dags/example_xcom.py
[2025-01-24T05:42:07.968+0000] {logging_mixin.py:151} INFO - [2025-01-24T05:42:07.968+0000] {dag.py:2915} INFO - Sync 1 DAGs
[2025-01-24T05:42:07.981+0000] {logging_mixin.py:151} INFO - [2025-01-24T05:42:07.981+0000] {dag.py:3696} INFO - Setting next_dagrun for example_xcom to 2021-01-01T00:00:00+00:00, run_after=2021-01-01T00:00:00+00:00
[2025-01-24T05:42:07.990+0000] {processor.py:179} INFO - Processing /home/airflow/.local/lib/python3.8/site-packages/airflow/example_dags/example_xcom.py took 0.057 seconds
[2025-01-24T05:42:38.574+0000] {processor.py:157} INFO - Started process (PID=617) to work on /home/airflow/.local/lib/python3.8/site-packages/airflow/example_dags/example_xcom.py
[2025-01-24T05:42:38.577+0000] {processor.py:829} INFO - Processing file /home/airflow/.local/lib/python3.8/site-packages/airflow/example_dags/example_xcom.py for tasks to queue
[2025-01-24T05:42:38.581+0000] {logging_mixin.py:151} INFO - [2025-01-24T05:42:38.580+0000] {dagbag.py:539} INFO - Filling up the DagBag from /home/airflow/.local/lib/python3.8/site-packages/airflow/example_dags/example_xcom.py
[2025-01-24T05:42:38.587+0000] {processor.py:839} INFO - DAG(s) dict_keys(['example_xcom']) retrieved from /home/airflow/.local/lib/python3.8/site-packages/airflow/example_dags/example_xcom.py
[2025-01-24T05:42:38.604+0000] {logging_mixin.py:151} INFO - [2025-01-24T05:42:38.603+0000] {dag.py:2915} INFO - Sync 1 DAGs
[2025-01-24T05:42:38.615+0000] {logging_mixin.py:151} INFO - [2025-01-24T05:42:38.615+0000] {dag.py:3696} INFO - Setting next_dagrun for example_xcom to 2021-01-01T00:00:00+00:00, run_after=2021-01-01T00:00:00+00:00
[2025-01-24T05:42:38.625+0000] {processor.py:179} INFO - Processing /home/airflow/.local/lib/python3.8/site-packages/airflow/example_dags/example_xcom.py took 0.053 seconds
[2025-01-24T05:43:09.292+0000] {processor.py:157} INFO - Started process (PID=671) to work on /home/airflow/.local/lib/python3.8/site-packages/airflow/example_dags/example_xcom.py
[2025-01-24T05:43:09.297+0000] {processor.py:829} INFO - Processing file /home/airflow/.local/lib/python3.8/site-packages/airflow/example_dags/example_xcom.py for tasks to queue
[2025-01-24T05:43:09.301+0000] {logging_mixin.py:151} INFO - [2025-01-24T05:43:09.300+0000] {dagbag.py:539} INFO - Filling up the DagBag from /home/airflow/.local/lib/python3.8/site-packages/airflow/example_dags/example_xcom.py
[2025-01-24T05:43:09.310+0000] {processor.py:839} INFO - DAG(s) dict_keys(['example_xcom']) retrieved from /home/airflow/.local/lib/python3.8/site-packages/airflow/example_dags/example_xcom.py
[2025-01-24T05:43:09.325+0000] {logging_mixin.py:151} INFO - [2025-01-24T05:43:09.325+0000] {dag.py:2915} INFO - Sync 1 DAGs
[2025-01-24T05:43:09.338+0000] {logging_mixin.py:151} INFO - [2025-01-24T05:43:09.338+0000] {dag.py:3696} INFO - Setting next_dagrun for example_xcom to 2021-01-01T00:00:00+00:00, run_after=2021-01-01T00:00:00+00:00
[2025-01-24T05:43:09.350+0000] {processor.py:179} INFO - Processing /home/airflow/.local/lib/python3.8/site-packages/airflow/example_dags/example_xcom.py took 0.062 seconds
[2025-01-24T05:43:40.088+0000] {processor.py:157} INFO - Started process (PID=724) to work on /home/airflow/.local/lib/python3.8/site-packages/airflow/example_dags/example_xcom.py
[2025-01-24T05:43:40.090+0000] {processor.py:829} INFO - Processing file /home/airflow/.local/lib/python3.8/site-packages/airflow/example_dags/example_xcom.py for tasks to queue
[2025-01-24T05:43:40.091+0000] {logging_mixin.py:151} INFO - [2025-01-24T05:43:40.091+0000] {dagbag.py:539} INFO - Filling up the DagBag from /home/airflow/.local/lib/python3.8/site-packages/airflow/example_dags/example_xcom.py
[2025-01-24T05:43:40.098+0000] {processor.py:839} INFO - DAG(s) dict_keys(['example_xcom']) retrieved from /home/airflow/.local/lib/python3.8/site-packages/airflow/example_dags/example_xcom.py
[2025-01-24T05:43:40.115+0000] {logging_mixin.py:151} INFO - [2025-01-24T05:43:40.115+0000] {dag.py:2915} INFO - Sync 1 DAGs
[2025-01-24T05:43:40.129+0000] {logging_mixin.py:151} INFO - [2025-01-24T05:43:40.129+0000] {dag.py:3696} INFO - Setting next_dagrun for example_xcom to 2021-01-01T00:00:00+00:00, run_after=2021-01-01T00:00:00+00:00
[2025-01-24T05:43:40.140+0000] {processor.py:179} INFO - Processing /home/airflow/.local/lib/python3.8/site-packages/airflow/example_dags/example_xcom.py took 0.054 seconds
[2025-01-24T05:44:10.758+0000] {processor.py:157} INFO - Started process (PID=778) to work on /home/airflow/.local/lib/python3.8/site-packages/airflow/example_dags/example_xcom.py
[2025-01-24T05:44:10.758+0000] {processor.py:829} INFO - Processing file /home/airflow/.local/lib/python3.8/site-packages/airflow/example_dags/example_xcom.py for tasks to queue
[2025-01-24T05:44:10.763+0000] {logging_mixin.py:151} INFO - [2025-01-24T05:44:10.763+0000] {dagbag.py:539} INFO - Filling up the DagBag from /home/airflow/.local/lib/python3.8/site-packages/airflow/example_dags/example_xcom.py
[2025-01-24T05:44:10.770+0000] {processor.py:839} INFO - DAG(s) dict_keys(['example_xcom']) retrieved from /home/airflow/.local/lib/python3.8/site-packages/airflow/example_dags/example_xcom.py
[2025-01-24T05:44:10.795+0000] {logging_mixin.py:151} INFO - [2025-01-24T05:44:10.794+0000] {dag.py:2915} INFO - Sync 1 DAGs
[2025-01-24T05:44:10.808+0000] {logging_mixin.py:151} INFO - [2025-01-24T05:44:10.807+0000] {dag.py:3696} INFO - Setting next_dagrun for example_xcom to 2021-01-01T00:00:00+00:00, run_after=2021-01-01T00:00:00+00:00
[2025-01-24T05:44:10.819+0000] {processor.py:179} INFO - Processing /home/airflow/.local/lib/python3.8/site-packages/airflow/example_dags/example_xcom.py took 0.064 seconds
[2025-01-24T05:44:40.941+0000] {processor.py:157} INFO - Started process (PID=831) to work on /home/airflow/.local/lib/python3.8/site-packages/airflow/example_dags/example_xcom.py
[2025-01-24T05:44:40.942+0000] {processor.py:829} INFO - Processing file /home/airflow/.local/lib/python3.8/site-packages/airflow/example_dags/example_xcom.py for tasks to queue
[2025-01-24T05:44:40.943+0000] {logging_mixin.py:151} INFO - [2025-01-24T05:44:40.943+0000] {dagbag.py:539} INFO - Filling up the DagBag from /home/airflow/.local/lib/python3.8/site-packages/airflow/example_dags/example_xcom.py
[2025-01-24T05:44:40.947+0000] {processor.py:839} INFO - DAG(s) dict_keys(['example_xcom']) retrieved from /home/airflow/.local/lib/python3.8/site-packages/airflow/example_dags/example_xcom.py
[2025-01-24T05:44:40.966+0000] {logging_mixin.py:151} INFO - [2025-01-24T05:44:40.966+0000] {dag.py:2915} INFO - Sync 1 DAGs
[2025-01-24T05:44:40.978+0000] {logging_mixin.py:151} INFO - [2025-01-24T05:44:40.978+0000] {dag.py:3696} INFO - Setting next_dagrun for example_xcom to 2021-01-01T00:00:00+00:00, run_after=2021-01-01T00:00:00+00:00
[2025-01-24T05:44:40.992+0000] {processor.py:179} INFO - Processing /home/airflow/.local/lib/python3.8/site-packages/airflow/example_dags/example_xcom.py took 0.053 seconds
[2025-01-24T05:45:11.721+0000] {processor.py:157} INFO - Started process (PID=886) to work on /home/airflow/.local/lib/python3.8/site-packages/airflow/example_dags/example_xcom.py
[2025-01-24T05:45:11.722+0000] {processor.py:829} INFO - Processing file /home/airflow/.local/lib/python3.8/site-packages/airflow/example_dags/example_xcom.py for tasks to queue
[2025-01-24T05:45:11.723+0000] {logging_mixin.py:151} INFO - [2025-01-24T05:45:11.723+0000] {dagbag.py:539} INFO - Filling up the DagBag from /home/airflow/.local/lib/python3.8/site-packages/airflow/example_dags/example_xcom.py
[2025-01-24T05:45:11.728+0000] {processor.py:839} INFO - DAG(s) dict_keys(['example_xcom']) retrieved from /home/airflow/.local/lib/python3.8/site-packages/airflow/example_dags/example_xcom.py
[2025-01-24T05:45:11.743+0000] {logging_mixin.py:151} INFO - [2025-01-24T05:45:11.743+0000] {dag.py:2915} INFO - Sync 1 DAGs
[2025-01-24T05:45:11.753+0000] {logging_mixin.py:151} INFO - [2025-01-24T05:45:11.753+0000] {dag.py:3696} INFO - Setting next_dagrun for example_xcom to 2021-01-01T00:00:00+00:00, run_after=2021-01-01T00:00:00+00:00
[2025-01-24T05:45:11.762+0000] {processor.py:179} INFO - Processing /home/airflow/.local/lib/python3.8/site-packages/airflow/example_dags/example_xcom.py took 0.043 seconds
[2025-01-24T05:45:52.230+0000] {processor.py:157} INFO - Started process (PID=70) to work on /home/airflow/.local/lib/python3.8/site-packages/airflow/example_dags/example_xcom.py
[2025-01-24T05:45:52.232+0000] {processor.py:829} INFO - Processing file /home/airflow/.local/lib/python3.8/site-packages/airflow/example_dags/example_xcom.py for tasks to queue
[2025-01-24T05:45:52.234+0000] {logging_mixin.py:151} INFO - [2025-01-24T05:45:52.234+0000] {dagbag.py:539} INFO - Filling up the DagBag from /home/airflow/.local/lib/python3.8/site-packages/airflow/example_dags/example_xcom.py
[2025-01-24T05:45:52.240+0000] {processor.py:839} INFO - DAG(s) dict_keys(['example_xcom']) retrieved from /home/airflow/.local/lib/python3.8/site-packages/airflow/example_dags/example_xcom.py
[2025-01-24T05:45:52.248+0000] {logging_mixin.py:151} INFO - [2025-01-24T05:45:52.248+0000] {dag.py:2915} INFO - Sync 1 DAGs
[2025-01-24T05:45:52.262+0000] {logging_mixin.py:151} INFO - [2025-01-24T05:45:52.261+0000] {dag.py:3696} INFO - Setting next_dagrun for example_xcom to 2021-01-01T00:00:00+00:00, run_after=2021-01-01T00:00:00+00:00
[2025-01-24T05:45:52.271+0000] {processor.py:179} INFO - Processing /home/airflow/.local/lib/python3.8/site-packages/airflow/example_dags/example_xcom.py took 0.046 seconds
[2025-01-24T05:46:22.619+0000] {processor.py:157} INFO - Started process (PID=123) to work on /home/airflow/.local/lib/python3.8/site-packages/airflow/example_dags/example_xcom.py
[2025-01-24T05:46:22.620+0000] {processor.py:829} INFO - Processing file /home/airflow/.local/lib/python3.8/site-packages/airflow/example_dags/example_xcom.py for tasks to queue
[2025-01-24T05:46:22.622+0000] {logging_mixin.py:151} INFO - [2025-01-24T05:46:22.621+0000] {dagbag.py:539} INFO - Filling up the DagBag from /home/airflow/.local/lib/python3.8/site-packages/airflow/example_dags/example_xcom.py
[2025-01-24T05:46:22.625+0000] {processor.py:839} INFO - DAG(s) dict_keys(['example_xcom']) retrieved from /home/airflow/.local/lib/python3.8/site-packages/airflow/example_dags/example_xcom.py
[2025-01-24T05:46:22.639+0000] {logging_mixin.py:151} INFO - [2025-01-24T05:46:22.638+0000] {dag.py:2915} INFO - Sync 1 DAGs
[2025-01-24T05:46:22.650+0000] {logging_mixin.py:151} INFO - [2025-01-24T05:46:22.650+0000] {dag.py:3696} INFO - Setting next_dagrun for example_xcom to 2021-01-01T00:00:00+00:00, run_after=2021-01-01T00:00:00+00:00
[2025-01-24T05:46:22.659+0000] {processor.py:179} INFO - Processing /home/airflow/.local/lib/python3.8/site-packages/airflow/example_dags/example_xcom.py took 0.043 seconds
[2025-01-24T05:46:53.352+0000] {processor.py:157} INFO - Started process (PID=178) to work on /home/airflow/.local/lib/python3.8/site-packages/airflow/example_dags/example_xcom.py
[2025-01-24T05:46:53.354+0000] {processor.py:829} INFO - Processing file /home/airflow/.local/lib/python3.8/site-packages/airflow/example_dags/example_xcom.py for tasks to queue
[2025-01-24T05:46:53.355+0000] {logging_mixin.py:151} INFO - [2025-01-24T05:46:53.355+0000] {dagbag.py:539} INFO - Filling up the DagBag from /home/airflow/.local/lib/python3.8/site-packages/airflow/example_dags/example_xcom.py
[2025-01-24T05:46:53.361+0000] {processor.py:839} INFO - DAG(s) dict_keys(['example_xcom']) retrieved from /home/airflow/.local/lib/python3.8/site-packages/airflow/example_dags/example_xcom.py
[2025-01-24T05:46:53.375+0000] {logging_mixin.py:151} INFO - [2025-01-24T05:46:53.375+0000] {dag.py:2915} INFO - Sync 1 DAGs
[2025-01-24T05:46:53.387+0000] {logging_mixin.py:151} INFO - [2025-01-24T05:46:53.387+0000] {dag.py:3696} INFO - Setting next_dagrun for example_xcom to 2021-01-01T00:00:00+00:00, run_after=2021-01-01T00:00:00+00:00
[2025-01-24T05:46:53.400+0000] {processor.py:179} INFO - Processing /home/airflow/.local/lib/python3.8/site-packages/airflow/example_dags/example_xcom.py took 0.050 seconds
[2025-01-24T05:47:24.034+0000] {processor.py:157} INFO - Started process (PID=232) to work on /home/airflow/.local/lib/python3.8/site-packages/airflow/example_dags/example_xcom.py
[2025-01-24T05:47:24.038+0000] {processor.py:829} INFO - Processing file /home/airflow/.local/lib/python3.8/site-packages/airflow/example_dags/example_xcom.py for tasks to queue
[2025-01-24T05:47:24.040+0000] {logging_mixin.py:151} INFO - [2025-01-24T05:47:24.039+0000] {dagbag.py:539} INFO - Filling up the DagBag from /home/airflow/.local/lib/python3.8/site-packages/airflow/example_dags/example_xcom.py
[2025-01-24T05:47:24.044+0000] {processor.py:839} INFO - DAG(s) dict_keys(['example_xcom']) retrieved from /home/airflow/.local/lib/python3.8/site-packages/airflow/example_dags/example_xcom.py
[2025-01-24T05:47:24.055+0000] {logging_mixin.py:151} INFO - [2025-01-24T05:47:24.054+0000] {dag.py:2915} INFO - Sync 1 DAGs
[2025-01-24T05:47:24.070+0000] {logging_mixin.py:151} INFO - [2025-01-24T05:47:24.070+0000] {dag.py:3696} INFO - Setting next_dagrun for example_xcom to 2021-01-01T00:00:00+00:00, run_after=2021-01-01T00:00:00+00:00
[2025-01-24T05:47:24.080+0000] {processor.py:179} INFO - Processing /home/airflow/.local/lib/python3.8/site-packages/airflow/example_dags/example_xcom.py took 0.047 seconds
[2025-01-24T05:47:54.781+0000] {processor.py:157} INFO - Started process (PID=286) to work on /home/airflow/.local/lib/python3.8/site-packages/airflow/example_dags/example_xcom.py
[2025-01-24T05:47:54.782+0000] {processor.py:829} INFO - Processing file /home/airflow/.local/lib/python3.8/site-packages/airflow/example_dags/example_xcom.py for tasks to queue
[2025-01-24T05:47:54.783+0000] {logging_mixin.py:151} INFO - [2025-01-24T05:47:54.783+0000] {dagbag.py:539} INFO - Filling up the DagBag from /home/airflow/.local/lib/python3.8/site-packages/airflow/example_dags/example_xcom.py
[2025-01-24T05:47:54.788+0000] {processor.py:839} INFO - DAG(s) dict_keys(['example_xcom']) retrieved from /home/airflow/.local/lib/python3.8/site-packages/airflow/example_dags/example_xcom.py
[2025-01-24T05:47:54.799+0000] {logging_mixin.py:151} INFO - [2025-01-24T05:47:54.798+0000] {dag.py:2915} INFO - Sync 1 DAGs
[2025-01-24T05:47:54.810+0000] {logging_mixin.py:151} INFO - [2025-01-24T05:47:54.810+0000] {dag.py:3696} INFO - Setting next_dagrun for example_xcom to 2021-01-01T00:00:00+00:00, run_after=2021-01-01T00:00:00+00:00
[2025-01-24T05:47:54.820+0000] {processor.py:179} INFO - Processing /home/airflow/.local/lib/python3.8/site-packages/airflow/example_dags/example_xcom.py took 0.041 seconds
