[2025-01-24T05:37:30.234+0000] {processor.py:157} INFO - Started process (PID=52) to work on /home/airflow/.local/lib/python3.8/site-packages/airflow/example_dags/example_latest_only.py
[2025-01-24T05:37:30.235+0000] {processor.py:829} INFO - Processing file /home/airflow/.local/lib/python3.8/site-packages/airflow/example_dags/example_latest_only.py for tasks to queue
[2025-01-24T05:37:30.236+0000] {logging_mixin.py:151} INFO - [2025-01-24T05:37:30.236+0000] {dagbag.py:539} INFO - Filling up the DagBag from /home/airflow/.local/lib/python3.8/site-packages/airflow/example_dags/example_latest_only.py
[2025-01-24T05:37:30.239+0000] {processor.py:839} INFO - DAG(s) dict_keys(['latest_only']) retrieved from /home/airflow/.local/lib/python3.8/site-packages/airflow/example_dags/example_latest_only.py
[2025-01-24T05:37:30.252+0000] {logging_mixin.py:151} INFO - [2025-01-24T05:37:30.251+0000] {dag.py:2915} INFO - Sync 1 DAGs
[2025-01-24T05:37:30.264+0000] {logging_mixin.py:151} INFO - [2025-01-24T05:37:30.263+0000] {dag.py:3696} INFO - Setting next_dagrun for latest_only to 2025-01-24T01:37:30.263858+00:00, run_after=2025-01-24T05:37:30.263858+00:00
[2025-01-24T05:37:30.273+0000] {processor.py:179} INFO - Processing /home/airflow/.local/lib/python3.8/site-packages/airflow/example_dags/example_latest_only.py took 0.041 seconds
[2025-01-24T05:38:00.521+0000] {processor.py:157} INFO - Started process (PID=106) to work on /home/airflow/.local/lib/python3.8/site-packages/airflow/example_dags/example_latest_only.py
[2025-01-24T05:38:00.521+0000] {processor.py:829} INFO - Processing file /home/airflow/.local/lib/python3.8/site-packages/airflow/example_dags/example_latest_only.py for tasks to queue
[2025-01-24T05:38:00.523+0000] {logging_mixin.py:151} INFO - [2025-01-24T05:38:00.522+0000] {dagbag.py:539} INFO - Filling up the DagBag from /home/airflow/.local/lib/python3.8/site-packages/airflow/example_dags/example_latest_only.py
[2025-01-24T05:38:00.525+0000] {processor.py:839} INFO - DAG(s) dict_keys(['latest_only']) retrieved from /home/airflow/.local/lib/python3.8/site-packages/airflow/example_dags/example_latest_only.py
[2025-01-24T05:38:00.536+0000] {logging_mixin.py:151} INFO - [2025-01-24T05:38:00.536+0000] {dag.py:2915} INFO - Sync 1 DAGs
[2025-01-24T05:38:00.548+0000] {logging_mixin.py:151} INFO - [2025-01-24T05:38:00.547+0000] {dag.py:3696} INFO - Setting next_dagrun for latest_only to 2025-01-24T01:38:00.547766+00:00, run_after=2025-01-24T05:38:00.547766+00:00
[2025-01-24T05:38:00.556+0000] {processor.py:179} INFO - Processing /home/airflow/.local/lib/python3.8/site-packages/airflow/example_dags/example_latest_only.py took 0.037 seconds
[2025-01-24T05:38:31.330+0000] {processor.py:157} INFO - Started process (PID=160) to work on /home/airflow/.local/lib/python3.8/site-packages/airflow/example_dags/example_latest_only.py
[2025-01-24T05:38:31.333+0000] {processor.py:829} INFO - Processing file /home/airflow/.local/lib/python3.8/site-packages/airflow/example_dags/example_latest_only.py for tasks to queue
[2025-01-24T05:38:31.335+0000] {logging_mixin.py:151} INFO - [2025-01-24T05:38:31.335+0000] {dagbag.py:539} INFO - Filling up the DagBag from /home/airflow/.local/lib/python3.8/site-packages/airflow/example_dags/example_latest_only.py
[2025-01-24T05:38:31.339+0000] {processor.py:839} INFO - DAG(s) dict_keys(['latest_only']) retrieved from /home/airflow/.local/lib/python3.8/site-packages/airflow/example_dags/example_latest_only.py
[2025-01-24T05:38:31.350+0000] {logging_mixin.py:151} INFO - [2025-01-24T05:38:31.350+0000] {dag.py:2915} INFO - Sync 1 DAGs
[2025-01-24T05:38:31.364+0000] {logging_mixin.py:151} INFO - [2025-01-24T05:38:31.364+0000] {dag.py:3696} INFO - Setting next_dagrun for latest_only to 2025-01-24T01:38:31.364387+00:00, run_after=2025-01-24T05:38:31.364387+00:00
[2025-01-24T05:38:31.374+0000] {processor.py:179} INFO - Processing /home/airflow/.local/lib/python3.8/site-packages/airflow/example_dags/example_latest_only.py took 0.046 seconds
[2025-01-24T05:39:02.162+0000] {processor.py:157} INFO - Started process (PID=213) to work on /home/airflow/.local/lib/python3.8/site-packages/airflow/example_dags/example_latest_only.py
[2025-01-24T05:39:02.165+0000] {processor.py:829} INFO - Processing file /home/airflow/.local/lib/python3.8/site-packages/airflow/example_dags/example_latest_only.py for tasks to queue
[2025-01-24T05:39:02.167+0000] {logging_mixin.py:151} INFO - [2025-01-24T05:39:02.167+0000] {dagbag.py:539} INFO - Filling up the DagBag from /home/airflow/.local/lib/python3.8/site-packages/airflow/example_dags/example_latest_only.py
[2025-01-24T05:39:02.171+0000] {processor.py:839} INFO - DAG(s) dict_keys(['latest_only']) retrieved from /home/airflow/.local/lib/python3.8/site-packages/airflow/example_dags/example_latest_only.py
[2025-01-24T05:39:02.187+0000] {logging_mixin.py:151} INFO - [2025-01-24T05:39:02.187+0000] {dag.py:2915} INFO - Sync 1 DAGs
[2025-01-24T05:39:02.199+0000] {logging_mixin.py:151} INFO - [2025-01-24T05:39:02.199+0000] {dag.py:3696} INFO - Setting next_dagrun for latest_only to 2025-01-24T01:39:02.199046+00:00, run_after=2025-01-24T05:39:02.199046+00:00
[2025-01-24T05:39:02.212+0000] {processor.py:179} INFO - Processing /home/airflow/.local/lib/python3.8/site-packages/airflow/example_dags/example_latest_only.py took 0.052 seconds
[2025-01-24T05:39:32.318+0000] {processor.py:157} INFO - Started process (PID=267) to work on /home/airflow/.local/lib/python3.8/site-packages/airflow/example_dags/example_latest_only.py
[2025-01-24T05:39:32.322+0000] {processor.py:829} INFO - Processing file /home/airflow/.local/lib/python3.8/site-packages/airflow/example_dags/example_latest_only.py for tasks to queue
[2025-01-24T05:39:32.324+0000] {logging_mixin.py:151} INFO - [2025-01-24T05:39:32.324+0000] {dagbag.py:539} INFO - Filling up the DagBag from /home/airflow/.local/lib/python3.8/site-packages/airflow/example_dags/example_latest_only.py
[2025-01-24T05:39:32.326+0000] {processor.py:839} INFO - DAG(s) dict_keys(['latest_only']) retrieved from /home/airflow/.local/lib/python3.8/site-packages/airflow/example_dags/example_latest_only.py
[2025-01-24T05:39:32.339+0000] {logging_mixin.py:151} INFO - [2025-01-24T05:39:32.339+0000] {dag.py:2915} INFO - Sync 1 DAGs
[2025-01-24T05:39:32.352+0000] {logging_mixin.py:151} INFO - [2025-01-24T05:39:32.352+0000] {dag.py:3696} INFO - Setting next_dagrun for latest_only to 2025-01-24T01:39:32.352481+00:00, run_after=2025-01-24T05:39:32.352481+00:00
[2025-01-24T05:39:32.362+0000] {processor.py:179} INFO - Processing /home/airflow/.local/lib/python3.8/site-packages/airflow/example_dags/example_latest_only.py took 0.046 seconds
[2025-01-24T05:40:03.376+0000] {processor.py:157} INFO - Started process (PID=321) to work on /home/airflow/.local/lib/python3.8/site-packages/airflow/example_dags/example_latest_only.py
[2025-01-24T05:40:03.378+0000] {processor.py:829} INFO - Processing file /home/airflow/.local/lib/python3.8/site-packages/airflow/example_dags/example_latest_only.py for tasks to queue
[2025-01-24T05:40:03.380+0000] {logging_mixin.py:151} INFO - [2025-01-24T05:40:03.380+0000] {dagbag.py:539} INFO - Filling up the DagBag from /home/airflow/.local/lib/python3.8/site-packages/airflow/example_dags/example_latest_only.py
[2025-01-24T05:40:03.383+0000] {processor.py:839} INFO - DAG(s) dict_keys(['latest_only']) retrieved from /home/airflow/.local/lib/python3.8/site-packages/airflow/example_dags/example_latest_only.py
[2025-01-24T05:40:03.395+0000] {logging_mixin.py:151} INFO - [2025-01-24T05:40:03.395+0000] {dag.py:2915} INFO - Sync 1 DAGs
[2025-01-24T05:40:03.405+0000] {logging_mixin.py:151} INFO - [2025-01-24T05:40:03.405+0000] {dag.py:3696} INFO - Setting next_dagrun for latest_only to 2025-01-24T01:40:03.405243+00:00, run_after=2025-01-24T05:40:03.405243+00:00
[2025-01-24T05:40:03.418+0000] {processor.py:179} INFO - Processing /home/airflow/.local/lib/python3.8/site-packages/airflow/example_dags/example_latest_only.py took 0.043 seconds
[2025-01-24T05:40:34.152+0000] {processor.py:157} INFO - Started process (PID=382) to work on /home/airflow/.local/lib/python3.8/site-packages/airflow/example_dags/example_latest_only.py
[2025-01-24T05:40:34.153+0000] {processor.py:829} INFO - Processing file /home/airflow/.local/lib/python3.8/site-packages/airflow/example_dags/example_latest_only.py for tasks to queue
[2025-01-24T05:40:34.154+0000] {logging_mixin.py:151} INFO - [2025-01-24T05:40:34.154+0000] {dagbag.py:539} INFO - Filling up the DagBag from /home/airflow/.local/lib/python3.8/site-packages/airflow/example_dags/example_latest_only.py
[2025-01-24T05:40:34.157+0000] {processor.py:839} INFO - DAG(s) dict_keys(['latest_only']) retrieved from /home/airflow/.local/lib/python3.8/site-packages/airflow/example_dags/example_latest_only.py
[2025-01-24T05:40:34.170+0000] {logging_mixin.py:151} INFO - [2025-01-24T05:40:34.170+0000] {dag.py:2915} INFO - Sync 1 DAGs
[2025-01-24T05:40:34.181+0000] {logging_mixin.py:151} INFO - [2025-01-24T05:40:34.180+0000] {dag.py:3696} INFO - Setting next_dagrun for latest_only to 2025-01-24T01:40:34.180748+00:00, run_after=2025-01-24T05:40:34.180748+00:00
[2025-01-24T05:40:34.195+0000] {processor.py:179} INFO - Processing /home/airflow/.local/lib/python3.8/site-packages/airflow/example_dags/example_latest_only.py took 0.044 seconds
[2025-01-24T05:41:04.867+0000] {processor.py:157} INFO - Started process (PID=436) to work on /home/airflow/.local/lib/python3.8/site-packages/airflow/example_dags/example_latest_only.py
[2025-01-24T05:41:04.869+0000] {processor.py:829} INFO - Processing file /home/airflow/.local/lib/python3.8/site-packages/airflow/example_dags/example_latest_only.py for tasks to queue
[2025-01-24T05:41:04.871+0000] {logging_mixin.py:151} INFO - [2025-01-24T05:41:04.871+0000] {dagbag.py:539} INFO - Filling up the DagBag from /home/airflow/.local/lib/python3.8/site-packages/airflow/example_dags/example_latest_only.py
[2025-01-24T05:41:04.873+0000] {processor.py:839} INFO - DAG(s) dict_keys(['latest_only']) retrieved from /home/airflow/.local/lib/python3.8/site-packages/airflow/example_dags/example_latest_only.py
[2025-01-24T05:41:04.884+0000] {logging_mixin.py:151} INFO - [2025-01-24T05:41:04.884+0000] {dag.py:2915} INFO - Sync 1 DAGs
[2025-01-24T05:41:04.896+0000] {logging_mixin.py:151} INFO - [2025-01-24T05:41:04.896+0000] {dag.py:3696} INFO - Setting next_dagrun for latest_only to 2025-01-24T01:41:04.896384+00:00, run_after=2025-01-24T05:41:04.896384+00:00
[2025-01-24T05:41:04.908+0000] {processor.py:179} INFO - Processing /home/airflow/.local/lib/python3.8/site-packages/airflow/example_dags/example_latest_only.py took 0.042 seconds
[2025-01-24T05:41:35.650+0000] {processor.py:157} INFO - Started process (PID=490) to work on /home/airflow/.local/lib/python3.8/site-packages/airflow/example_dags/example_latest_only.py
[2025-01-24T05:41:35.651+0000] {processor.py:829} INFO - Processing file /home/airflow/.local/lib/python3.8/site-packages/airflow/example_dags/example_latest_only.py for tasks to queue
[2025-01-24T05:41:35.652+0000] {logging_mixin.py:151} INFO - [2025-01-24T05:41:35.651+0000] {dagbag.py:539} INFO - Filling up the DagBag from /home/airflow/.local/lib/python3.8/site-packages/airflow/example_dags/example_latest_only.py
[2025-01-24T05:41:35.654+0000] {processor.py:839} INFO - DAG(s) dict_keys(['latest_only']) retrieved from /home/airflow/.local/lib/python3.8/site-packages/airflow/example_dags/example_latest_only.py
[2025-01-24T05:41:35.665+0000] {logging_mixin.py:151} INFO - [2025-01-24T05:41:35.665+0000] {dag.py:2915} INFO - Sync 1 DAGs
[2025-01-24T05:41:35.676+0000] {logging_mixin.py:151} INFO - [2025-01-24T05:41:35.676+0000] {dag.py:3696} INFO - Setting next_dagrun for latest_only to 2025-01-24T01:41:35.676459+00:00, run_after=2025-01-24T05:41:35.676459+00:00
[2025-01-24T05:41:35.687+0000] {processor.py:179} INFO - Processing /home/airflow/.local/lib/python3.8/site-packages/airflow/example_dags/example_latest_only.py took 0.039 seconds
[2025-01-24T05:42:06.311+0000] {processor.py:157} INFO - Started process (PID=543) to work on /home/airflow/.local/lib/python3.8/site-packages/airflow/example_dags/example_latest_only.py
[2025-01-24T05:42:06.312+0000] {processor.py:829} INFO - Processing file /home/airflow/.local/lib/python3.8/site-packages/airflow/example_dags/example_latest_only.py for tasks to queue
[2025-01-24T05:42:06.313+0000] {logging_mixin.py:151} INFO - [2025-01-24T05:42:06.313+0000] {dagbag.py:539} INFO - Filling up the DagBag from /home/airflow/.local/lib/python3.8/site-packages/airflow/example_dags/example_latest_only.py
[2025-01-24T05:42:06.315+0000] {processor.py:839} INFO - DAG(s) dict_keys(['latest_only']) retrieved from /home/airflow/.local/lib/python3.8/site-packages/airflow/example_dags/example_latest_only.py
[2025-01-24T05:42:06.327+0000] {logging_mixin.py:151} INFO - [2025-01-24T05:42:06.327+0000] {dag.py:2915} INFO - Sync 1 DAGs
[2025-01-24T05:42:06.338+0000] {logging_mixin.py:151} INFO - [2025-01-24T05:42:06.338+0000] {dag.py:3696} INFO - Setting next_dagrun for latest_only to 2025-01-24T01:42:06.338361+00:00, run_after=2025-01-24T05:42:06.338361+00:00
[2025-01-24T05:42:06.352+0000] {processor.py:179} INFO - Processing /home/airflow/.local/lib/python3.8/site-packages/airflow/example_dags/example_latest_only.py took 0.043 seconds
[2025-01-24T05:42:37.079+0000] {processor.py:157} INFO - Started process (PID=597) to work on /home/airflow/.local/lib/python3.8/site-packages/airflow/example_dags/example_latest_only.py
[2025-01-24T05:42:37.079+0000] {processor.py:829} INFO - Processing file /home/airflow/.local/lib/python3.8/site-packages/airflow/example_dags/example_latest_only.py for tasks to queue
[2025-01-24T05:42:37.080+0000] {logging_mixin.py:151} INFO - [2025-01-24T05:42:37.080+0000] {dagbag.py:539} INFO - Filling up the DagBag from /home/airflow/.local/lib/python3.8/site-packages/airflow/example_dags/example_latest_only.py
[2025-01-24T05:42:37.083+0000] {processor.py:839} INFO - DAG(s) dict_keys(['latest_only']) retrieved from /home/airflow/.local/lib/python3.8/site-packages/airflow/example_dags/example_latest_only.py
[2025-01-24T05:42:37.095+0000] {logging_mixin.py:151} INFO - [2025-01-24T05:42:37.095+0000] {dag.py:2915} INFO - Sync 1 DAGs
[2025-01-24T05:42:37.106+0000] {logging_mixin.py:151} INFO - [2025-01-24T05:42:37.106+0000] {dag.py:3696} INFO - Setting next_dagrun for latest_only to 2025-01-24T01:42:37.106291+00:00, run_after=2025-01-24T05:42:37.106291+00:00
[2025-01-24T05:42:37.119+0000] {processor.py:179} INFO - Processing /home/airflow/.local/lib/python3.8/site-packages/airflow/example_dags/example_latest_only.py took 0.042 seconds
[2025-01-24T05:43:07.704+0000] {processor.py:157} INFO - Started process (PID=651) to work on /home/airflow/.local/lib/python3.8/site-packages/airflow/example_dags/example_latest_only.py
[2025-01-24T05:43:07.705+0000] {processor.py:829} INFO - Processing file /home/airflow/.local/lib/python3.8/site-packages/airflow/example_dags/example_latest_only.py for tasks to queue
[2025-01-24T05:43:07.707+0000] {logging_mixin.py:151} INFO - [2025-01-24T05:43:07.707+0000] {dagbag.py:539} INFO - Filling up the DagBag from /home/airflow/.local/lib/python3.8/site-packages/airflow/example_dags/example_latest_only.py
[2025-01-24T05:43:07.711+0000] {processor.py:839} INFO - DAG(s) dict_keys(['latest_only']) retrieved from /home/airflow/.local/lib/python3.8/site-packages/airflow/example_dags/example_latest_only.py
[2025-01-24T05:43:07.722+0000] {logging_mixin.py:151} INFO - [2025-01-24T05:43:07.722+0000] {dag.py:2915} INFO - Sync 1 DAGs
[2025-01-24T05:43:07.734+0000] {logging_mixin.py:151} INFO - [2025-01-24T05:43:07.734+0000] {dag.py:3696} INFO - Setting next_dagrun for latest_only to 2025-01-24T01:43:07.734552+00:00, run_after=2025-01-24T05:43:07.734552+00:00
[2025-01-24T05:43:07.744+0000] {processor.py:179} INFO - Processing /home/airflow/.local/lib/python3.8/site-packages/airflow/example_dags/example_latest_only.py took 0.042 seconds
[2025-01-24T05:43:38.534+0000] {processor.py:157} INFO - Started process (PID=704) to work on /home/airflow/.local/lib/python3.8/site-packages/airflow/example_dags/example_latest_only.py
[2025-01-24T05:43:38.535+0000] {processor.py:829} INFO - Processing file /home/airflow/.local/lib/python3.8/site-packages/airflow/example_dags/example_latest_only.py for tasks to queue
[2025-01-24T05:43:38.536+0000] {logging_mixin.py:151} INFO - [2025-01-24T05:43:38.536+0000] {dagbag.py:539} INFO - Filling up the DagBag from /home/airflow/.local/lib/python3.8/site-packages/airflow/example_dags/example_latest_only.py
[2025-01-24T05:43:38.539+0000] {processor.py:839} INFO - DAG(s) dict_keys(['latest_only']) retrieved from /home/airflow/.local/lib/python3.8/site-packages/airflow/example_dags/example_latest_only.py
[2025-01-24T05:43:38.550+0000] {logging_mixin.py:151} INFO - [2025-01-24T05:43:38.550+0000] {dag.py:2915} INFO - Sync 1 DAGs
[2025-01-24T05:43:38.561+0000] {logging_mixin.py:151} INFO - [2025-01-24T05:43:38.561+0000] {dag.py:3696} INFO - Setting next_dagrun for latest_only to 2025-01-24T01:43:38.561384+00:00, run_after=2025-01-24T05:43:38.561384+00:00
[2025-01-24T05:43:38.572+0000] {processor.py:179} INFO - Processing /home/airflow/.local/lib/python3.8/site-packages/airflow/example_dags/example_latest_only.py took 0.041 seconds
[2025-01-24T05:44:09.221+0000] {processor.py:157} INFO - Started process (PID=758) to work on /home/airflow/.local/lib/python3.8/site-packages/airflow/example_dags/example_latest_only.py
[2025-01-24T05:44:09.222+0000] {processor.py:829} INFO - Processing file /home/airflow/.local/lib/python3.8/site-packages/airflow/example_dags/example_latest_only.py for tasks to queue
[2025-01-24T05:44:09.223+0000] {logging_mixin.py:151} INFO - [2025-01-24T05:44:09.223+0000] {dagbag.py:539} INFO - Filling up the DagBag from /home/airflow/.local/lib/python3.8/site-packages/airflow/example_dags/example_latest_only.py
[2025-01-24T05:44:09.225+0000] {processor.py:839} INFO - DAG(s) dict_keys(['latest_only']) retrieved from /home/airflow/.local/lib/python3.8/site-packages/airflow/example_dags/example_latest_only.py
[2025-01-24T05:44:09.237+0000] {logging_mixin.py:151} INFO - [2025-01-24T05:44:09.236+0000] {dag.py:2915} INFO - Sync 1 DAGs
[2025-01-24T05:44:09.249+0000] {logging_mixin.py:151} INFO - [2025-01-24T05:44:09.249+0000] {dag.py:3696} INFO - Setting next_dagrun for latest_only to 2025-01-24T01:44:09.249180+00:00, run_after=2025-01-24T05:44:09.249180+00:00
[2025-01-24T05:44:09.262+0000] {processor.py:179} INFO - Processing /home/airflow/.local/lib/python3.8/site-packages/airflow/example_dags/example_latest_only.py took 0.042 seconds
[2025-01-24T05:44:39.371+0000] {processor.py:157} INFO - Started process (PID=812) to work on /home/airflow/.local/lib/python3.8/site-packages/airflow/example_dags/example_latest_only.py
[2025-01-24T05:44:39.371+0000] {processor.py:829} INFO - Processing file /home/airflow/.local/lib/python3.8/site-packages/airflow/example_dags/example_latest_only.py for tasks to queue
[2025-01-24T05:44:39.372+0000] {logging_mixin.py:151} INFO - [2025-01-24T05:44:39.372+0000] {dagbag.py:539} INFO - Filling up the DagBag from /home/airflow/.local/lib/python3.8/site-packages/airflow/example_dags/example_latest_only.py
[2025-01-24T05:44:39.374+0000] {processor.py:839} INFO - DAG(s) dict_keys(['latest_only']) retrieved from /home/airflow/.local/lib/python3.8/site-packages/airflow/example_dags/example_latest_only.py
[2025-01-24T05:44:39.384+0000] {logging_mixin.py:151} INFO - [2025-01-24T05:44:39.384+0000] {dag.py:2915} INFO - Sync 1 DAGs
[2025-01-24T05:44:39.394+0000] {logging_mixin.py:151} INFO - [2025-01-24T05:44:39.394+0000] {dag.py:3696} INFO - Setting next_dagrun for latest_only to 2025-01-24T01:44:39.394435+00:00, run_after=2025-01-24T05:44:39.394435+00:00
[2025-01-24T05:44:39.402+0000] {processor.py:179} INFO - Processing /home/airflow/.local/lib/python3.8/site-packages/airflow/example_dags/example_latest_only.py took 0.033 seconds
[2025-01-24T05:45:10.125+0000] {processor.py:157} INFO - Started process (PID=866) to work on /home/airflow/.local/lib/python3.8/site-packages/airflow/example_dags/example_latest_only.py
[2025-01-24T05:45:10.125+0000] {processor.py:829} INFO - Processing file /home/airflow/.local/lib/python3.8/site-packages/airflow/example_dags/example_latest_only.py for tasks to queue
[2025-01-24T05:45:10.126+0000] {logging_mixin.py:151} INFO - [2025-01-24T05:45:10.126+0000] {dagbag.py:539} INFO - Filling up the DagBag from /home/airflow/.local/lib/python3.8/site-packages/airflow/example_dags/example_latest_only.py
[2025-01-24T05:45:10.129+0000] {processor.py:839} INFO - DAG(s) dict_keys(['latest_only']) retrieved from /home/airflow/.local/lib/python3.8/site-packages/airflow/example_dags/example_latest_only.py
[2025-01-24T05:45:10.138+0000] {logging_mixin.py:151} INFO - [2025-01-24T05:45:10.138+0000] {dag.py:2915} INFO - Sync 1 DAGs
[2025-01-24T05:45:10.147+0000] {logging_mixin.py:151} INFO - [2025-01-24T05:45:10.147+0000] {dag.py:3696} INFO - Setting next_dagrun for latest_only to 2025-01-24T01:45:10.147567+00:00, run_after=2025-01-24T05:45:10.147567+00:00
[2025-01-24T05:45:10.155+0000] {processor.py:179} INFO - Processing /home/airflow/.local/lib/python3.8/site-packages/airflow/example_dags/example_latest_only.py took 0.032 seconds
[2025-01-24T05:45:51.512+0000] {processor.py:157} INFO - Started process (PID=50) to work on /home/airflow/.local/lib/python3.8/site-packages/airflow/example_dags/example_latest_only.py
[2025-01-24T05:45:51.512+0000] {processor.py:829} INFO - Processing file /home/airflow/.local/lib/python3.8/site-packages/airflow/example_dags/example_latest_only.py for tasks to queue
[2025-01-24T05:45:51.513+0000] {logging_mixin.py:151} INFO - [2025-01-24T05:45:51.513+0000] {dagbag.py:539} INFO - Filling up the DagBag from /home/airflow/.local/lib/python3.8/site-packages/airflow/example_dags/example_latest_only.py
[2025-01-24T05:45:51.517+0000] {processor.py:839} INFO - DAG(s) dict_keys(['latest_only']) retrieved from /home/airflow/.local/lib/python3.8/site-packages/airflow/example_dags/example_latest_only.py
[2025-01-24T05:45:51.526+0000] {logging_mixin.py:151} INFO - [2025-01-24T05:45:51.526+0000] {dag.py:2915} INFO - Sync 1 DAGs
[2025-01-24T05:45:51.538+0000] {logging_mixin.py:151} INFO - [2025-01-24T05:45:51.538+0000] {dag.py:3696} INFO - Setting next_dagrun for latest_only to 2025-01-24T01:45:51.538530+00:00, run_after=2025-01-24T05:45:51.538530+00:00
[2025-01-24T05:45:51.546+0000] {processor.py:179} INFO - Processing /home/airflow/.local/lib/python3.8/site-packages/airflow/example_dags/example_latest_only.py took 0.037 seconds
[2025-01-24T05:46:22.051+0000] {processor.py:157} INFO - Started process (PID=104) to work on /home/airflow/.local/lib/python3.8/site-packages/airflow/example_dags/example_latest_only.py
[2025-01-24T05:46:22.055+0000] {processor.py:829} INFO - Processing file /home/airflow/.local/lib/python3.8/site-packages/airflow/example_dags/example_latest_only.py for tasks to queue
[2025-01-24T05:46:22.057+0000] {logging_mixin.py:151} INFO - [2025-01-24T05:46:22.057+0000] {dagbag.py:539} INFO - Filling up the DagBag from /home/airflow/.local/lib/python3.8/site-packages/airflow/example_dags/example_latest_only.py
[2025-01-24T05:46:22.060+0000] {processor.py:839} INFO - DAG(s) dict_keys(['latest_only']) retrieved from /home/airflow/.local/lib/python3.8/site-packages/airflow/example_dags/example_latest_only.py
[2025-01-24T05:46:22.072+0000] {logging_mixin.py:151} INFO - [2025-01-24T05:46:22.072+0000] {dag.py:2915} INFO - Sync 1 DAGs
[2025-01-24T05:46:22.082+0000] {logging_mixin.py:151} INFO - [2025-01-24T05:46:22.082+0000] {dag.py:3696} INFO - Setting next_dagrun for latest_only to 2025-01-24T01:46:22.082508+00:00, run_after=2025-01-24T05:46:22.082508+00:00
[2025-01-24T05:46:22.091+0000] {processor.py:179} INFO - Processing /home/airflow/.local/lib/python3.8/site-packages/airflow/example_dags/example_latest_only.py took 0.042 seconds
[2025-01-24T05:46:52.746+0000] {processor.py:157} INFO - Started process (PID=158) to work on /home/airflow/.local/lib/python3.8/site-packages/airflow/example_dags/example_latest_only.py
[2025-01-24T05:46:52.747+0000] {processor.py:829} INFO - Processing file /home/airflow/.local/lib/python3.8/site-packages/airflow/example_dags/example_latest_only.py for tasks to queue
[2025-01-24T05:46:52.750+0000] {logging_mixin.py:151} INFO - [2025-01-24T05:46:52.750+0000] {dagbag.py:539} INFO - Filling up the DagBag from /home/airflow/.local/lib/python3.8/site-packages/airflow/example_dags/example_latest_only.py
[2025-01-24T05:46:52.754+0000] {processor.py:839} INFO - DAG(s) dict_keys(['latest_only']) retrieved from /home/airflow/.local/lib/python3.8/site-packages/airflow/example_dags/example_latest_only.py
[2025-01-24T05:46:52.766+0000] {logging_mixin.py:151} INFO - [2025-01-24T05:46:52.766+0000] {dag.py:2915} INFO - Sync 1 DAGs
[2025-01-24T05:46:52.781+0000] {logging_mixin.py:151} INFO - [2025-01-24T05:46:52.781+0000] {dag.py:3696} INFO - Setting next_dagrun for latest_only to 2025-01-24T01:46:52.781281+00:00, run_after=2025-01-24T05:46:52.781281+00:00
[2025-01-24T05:46:52.791+0000] {processor.py:179} INFO - Processing /home/airflow/.local/lib/python3.8/site-packages/airflow/example_dags/example_latest_only.py took 0.047 seconds
[2025-01-24T05:47:23.423+0000] {processor.py:157} INFO - Started process (PID=212) to work on /home/airflow/.local/lib/python3.8/site-packages/airflow/example_dags/example_latest_only.py
[2025-01-24T05:47:23.424+0000] {processor.py:829} INFO - Processing file /home/airflow/.local/lib/python3.8/site-packages/airflow/example_dags/example_latest_only.py for tasks to queue
[2025-01-24T05:47:23.425+0000] {logging_mixin.py:151} INFO - [2025-01-24T05:47:23.425+0000] {dagbag.py:539} INFO - Filling up the DagBag from /home/airflow/.local/lib/python3.8/site-packages/airflow/example_dags/example_latest_only.py
[2025-01-24T05:47:23.428+0000] {processor.py:839} INFO - DAG(s) dict_keys(['latest_only']) retrieved from /home/airflow/.local/lib/python3.8/site-packages/airflow/example_dags/example_latest_only.py
[2025-01-24T05:47:23.439+0000] {logging_mixin.py:151} INFO - [2025-01-24T05:47:23.439+0000] {dag.py:2915} INFO - Sync 1 DAGs
[2025-01-24T05:47:23.449+0000] {logging_mixin.py:151} INFO - [2025-01-24T05:47:23.449+0000] {dag.py:3696} INFO - Setting next_dagrun for latest_only to 2025-01-24T01:47:23.448997+00:00, run_after=2025-01-24T05:47:23.448997+00:00
[2025-01-24T05:47:23.458+0000] {processor.py:179} INFO - Processing /home/airflow/.local/lib/python3.8/site-packages/airflow/example_dags/example_latest_only.py took 0.037 seconds
[2025-01-24T05:47:54.173+0000] {processor.py:157} INFO - Started process (PID=266) to work on /home/airflow/.local/lib/python3.8/site-packages/airflow/example_dags/example_latest_only.py
[2025-01-24T05:47:54.173+0000] {processor.py:829} INFO - Processing file /home/airflow/.local/lib/python3.8/site-packages/airflow/example_dags/example_latest_only.py for tasks to queue
[2025-01-24T05:47:54.175+0000] {logging_mixin.py:151} INFO - [2025-01-24T05:47:54.175+0000] {dagbag.py:539} INFO - Filling up the DagBag from /home/airflow/.local/lib/python3.8/site-packages/airflow/example_dags/example_latest_only.py
[2025-01-24T05:47:54.177+0000] {processor.py:839} INFO - DAG(s) dict_keys(['latest_only']) retrieved from /home/airflow/.local/lib/python3.8/site-packages/airflow/example_dags/example_latest_only.py
[2025-01-24T05:47:54.190+0000] {logging_mixin.py:151} INFO - [2025-01-24T05:47:54.190+0000] {dag.py:2915} INFO - Sync 1 DAGs
[2025-01-24T05:47:54.211+0000] {logging_mixin.py:151} INFO - [2025-01-24T05:47:54.211+0000] {dag.py:3696} INFO - Setting next_dagrun for latest_only to 2025-01-24T01:47:54.211400+00:00, run_after=2025-01-24T05:47:54.211400+00:00
[2025-01-24T05:47:54.224+0000] {processor.py:179} INFO - Processing /home/airflow/.local/lib/python3.8/site-packages/airflow/example_dags/example_latest_only.py took 0.053 seconds
