[2025-01-24T05:37:31.208+0000] {processor.py:157} INFO - Started process (PID=73) to work on /home/airflow/.local/lib/python3.8/site-packages/airflow/example_dags/example_nested_branch_dag.py
[2025-01-24T05:37:31.210+0000] {processor.py:829} INFO - Processing file /home/airflow/.local/lib/python3.8/site-packages/airflow/example_dags/example_nested_branch_dag.py for tasks to queue
[2025-01-24T05:37:31.212+0000] {logging_mixin.py:151} INFO - [2025-01-24T05:37:31.212+0000] {dagbag.py:539} INFO - Filling up the DagBag from /home/airflow/.local/lib/python3.8/site-packages/airflow/example_dags/example_nested_branch_dag.py
[2025-01-24T05:37:31.223+0000] {processor.py:839} INFO - DAG(s) dict_keys(['example_nested_branch_dag']) retrieved from /home/airflow/.local/lib/python3.8/site-packages/airflow/example_dags/example_nested_branch_dag.py
[2025-01-24T05:37:31.232+0000] {logging_mixin.py:151} INFO - [2025-01-24T05:37:31.232+0000] {dag.py:2915} INFO - Sync 1 DAGs
[2025-01-24T05:37:31.247+0000] {logging_mixin.py:151} INFO - [2025-01-24T05:37:31.246+0000] {dag.py:3696} INFO - Setting next_dagrun for example_nested_branch_dag to 2025-01-23T00:00:00+00:00, run_after=2025-01-24T00:00:00+00:00
[2025-01-24T05:37:31.260+0000] {processor.py:179} INFO - Processing /home/airflow/.local/lib/python3.8/site-packages/airflow/example_dags/example_nested_branch_dag.py took 0.056 seconds
[2025-01-24T05:38:02.224+0000] {processor.py:157} INFO - Started process (PID=127) to work on /home/airflow/.local/lib/python3.8/site-packages/airflow/example_dags/example_nested_branch_dag.py
[2025-01-24T05:38:02.225+0000] {processor.py:829} INFO - Processing file /home/airflow/.local/lib/python3.8/site-packages/airflow/example_dags/example_nested_branch_dag.py for tasks to queue
[2025-01-24T05:38:02.226+0000] {logging_mixin.py:151} INFO - [2025-01-24T05:38:02.226+0000] {dagbag.py:539} INFO - Filling up the DagBag from /home/airflow/.local/lib/python3.8/site-packages/airflow/example_dags/example_nested_branch_dag.py
[2025-01-24T05:38:02.232+0000] {processor.py:839} INFO - DAG(s) dict_keys(['example_nested_branch_dag']) retrieved from /home/airflow/.local/lib/python3.8/site-packages/airflow/example_dags/example_nested_branch_dag.py
[2025-01-24T05:38:02.244+0000] {logging_mixin.py:151} INFO - [2025-01-24T05:38:02.244+0000] {dag.py:2915} INFO - Sync 1 DAGs
[2025-01-24T05:38:02.256+0000] {logging_mixin.py:151} INFO - [2025-01-24T05:38:02.256+0000] {dag.py:3696} INFO - Setting next_dagrun for example_nested_branch_dag to 2025-01-23T00:00:00+00:00, run_after=2025-01-24T00:00:00+00:00
[2025-01-24T05:38:02.264+0000] {processor.py:179} INFO - Processing /home/airflow/.local/lib/python3.8/site-packages/airflow/example_dags/example_nested_branch_dag.py took 0.042 seconds
[2025-01-24T05:38:32.988+0000] {processor.py:157} INFO - Started process (PID=181) to work on /home/airflow/.local/lib/python3.8/site-packages/airflow/example_dags/example_nested_branch_dag.py
[2025-01-24T05:38:32.988+0000] {processor.py:829} INFO - Processing file /home/airflow/.local/lib/python3.8/site-packages/airflow/example_dags/example_nested_branch_dag.py for tasks to queue
[2025-01-24T05:38:32.990+0000] {logging_mixin.py:151} INFO - [2025-01-24T05:38:32.990+0000] {dagbag.py:539} INFO - Filling up the DagBag from /home/airflow/.local/lib/python3.8/site-packages/airflow/example_dags/example_nested_branch_dag.py
[2025-01-24T05:38:32.996+0000] {processor.py:839} INFO - DAG(s) dict_keys(['example_nested_branch_dag']) retrieved from /home/airflow/.local/lib/python3.8/site-packages/airflow/example_dags/example_nested_branch_dag.py
[2025-01-24T05:38:33.008+0000] {logging_mixin.py:151} INFO - [2025-01-24T05:38:33.008+0000] {dag.py:2915} INFO - Sync 1 DAGs
[2025-01-24T05:38:33.021+0000] {logging_mixin.py:151} INFO - [2025-01-24T05:38:33.021+0000] {dag.py:3696} INFO - Setting next_dagrun for example_nested_branch_dag to 2025-01-23T00:00:00+00:00, run_after=2025-01-24T00:00:00+00:00
[2025-01-24T05:38:33.030+0000] {processor.py:179} INFO - Processing /home/airflow/.local/lib/python3.8/site-packages/airflow/example_dags/example_nested_branch_dag.py took 0.044 seconds
[2025-01-24T05:39:03.932+0000] {processor.py:157} INFO - Started process (PID=240) to work on /home/airflow/.local/lib/python3.8/site-packages/airflow/example_dags/example_nested_branch_dag.py
[2025-01-24T05:39:03.933+0000] {processor.py:829} INFO - Processing file /home/airflow/.local/lib/python3.8/site-packages/airflow/example_dags/example_nested_branch_dag.py for tasks to queue
[2025-01-24T05:39:03.934+0000] {logging_mixin.py:151} INFO - [2025-01-24T05:39:03.934+0000] {dagbag.py:539} INFO - Filling up the DagBag from /home/airflow/.local/lib/python3.8/site-packages/airflow/example_dags/example_nested_branch_dag.py
[2025-01-24T05:39:03.942+0000] {processor.py:839} INFO - DAG(s) dict_keys(['example_nested_branch_dag']) retrieved from /home/airflow/.local/lib/python3.8/site-packages/airflow/example_dags/example_nested_branch_dag.py
[2025-01-24T05:39:03.955+0000] {logging_mixin.py:151} INFO - [2025-01-24T05:39:03.955+0000] {dag.py:2915} INFO - Sync 1 DAGs
[2025-01-24T05:39:03.968+0000] {logging_mixin.py:151} INFO - [2025-01-24T05:39:03.968+0000] {dag.py:3696} INFO - Setting next_dagrun for example_nested_branch_dag to 2025-01-23T00:00:00+00:00, run_after=2025-01-24T00:00:00+00:00
[2025-01-24T05:39:03.979+0000] {processor.py:179} INFO - Processing /home/airflow/.local/lib/python3.8/site-packages/airflow/example_dags/example_nested_branch_dag.py took 0.050 seconds
[2025-01-24T05:39:34.001+0000] {processor.py:157} INFO - Started process (PID=294) to work on /home/airflow/.local/lib/python3.8/site-packages/airflow/example_dags/example_nested_branch_dag.py
[2025-01-24T05:39:34.002+0000] {processor.py:829} INFO - Processing file /home/airflow/.local/lib/python3.8/site-packages/airflow/example_dags/example_nested_branch_dag.py for tasks to queue
[2025-01-24T05:39:34.004+0000] {logging_mixin.py:151} INFO - [2025-01-24T05:39:34.004+0000] {dagbag.py:539} INFO - Filling up the DagBag from /home/airflow/.local/lib/python3.8/site-packages/airflow/example_dags/example_nested_branch_dag.py
[2025-01-24T05:39:34.010+0000] {processor.py:839} INFO - DAG(s) dict_keys(['example_nested_branch_dag']) retrieved from /home/airflow/.local/lib/python3.8/site-packages/airflow/example_dags/example_nested_branch_dag.py
[2025-01-24T05:39:34.024+0000] {logging_mixin.py:151} INFO - [2025-01-24T05:39:34.024+0000] {dag.py:2915} INFO - Sync 1 DAGs
[2025-01-24T05:39:34.036+0000] {logging_mixin.py:151} INFO - [2025-01-24T05:39:34.036+0000] {dag.py:3696} INFO - Setting next_dagrun for example_nested_branch_dag to 2025-01-23T00:00:00+00:00, run_after=2025-01-24T00:00:00+00:00
[2025-01-24T05:39:34.046+0000] {processor.py:179} INFO - Processing /home/airflow/.local/lib/python3.8/site-packages/airflow/example_dags/example_nested_branch_dag.py took 0.048 seconds
[2025-01-24T05:40:05.041+0000] {processor.py:157} INFO - Started process (PID=349) to work on /home/airflow/.local/lib/python3.8/site-packages/airflow/example_dags/example_nested_branch_dag.py
[2025-01-24T05:40:05.041+0000] {processor.py:829} INFO - Processing file /home/airflow/.local/lib/python3.8/site-packages/airflow/example_dags/example_nested_branch_dag.py for tasks to queue
[2025-01-24T05:40:05.043+0000] {logging_mixin.py:151} INFO - [2025-01-24T05:40:05.042+0000] {dagbag.py:539} INFO - Filling up the DagBag from /home/airflow/.local/lib/python3.8/site-packages/airflow/example_dags/example_nested_branch_dag.py
[2025-01-24T05:40:05.048+0000] {processor.py:839} INFO - DAG(s) dict_keys(['example_nested_branch_dag']) retrieved from /home/airflow/.local/lib/python3.8/site-packages/airflow/example_dags/example_nested_branch_dag.py
[2025-01-24T05:40:05.059+0000] {logging_mixin.py:151} INFO - [2025-01-24T05:40:05.059+0000] {dag.py:2915} INFO - Sync 1 DAGs
[2025-01-24T05:40:05.069+0000] {logging_mixin.py:151} INFO - [2025-01-24T05:40:05.069+0000] {dag.py:3696} INFO - Setting next_dagrun for example_nested_branch_dag to 2025-01-23T00:00:00+00:00, run_after=2025-01-24T00:00:00+00:00
[2025-01-24T05:40:05.077+0000] {processor.py:179} INFO - Processing /home/airflow/.local/lib/python3.8/site-packages/airflow/example_dags/example_nested_branch_dag.py took 0.038 seconds
[2025-01-24T05:40:35.778+0000] {processor.py:157} INFO - Started process (PID=403) to work on /home/airflow/.local/lib/python3.8/site-packages/airflow/example_dags/example_nested_branch_dag.py
[2025-01-24T05:40:35.779+0000] {processor.py:829} INFO - Processing file /home/airflow/.local/lib/python3.8/site-packages/airflow/example_dags/example_nested_branch_dag.py for tasks to queue
[2025-01-24T05:40:35.780+0000] {logging_mixin.py:151} INFO - [2025-01-24T05:40:35.780+0000] {dagbag.py:539} INFO - Filling up the DagBag from /home/airflow/.local/lib/python3.8/site-packages/airflow/example_dags/example_nested_branch_dag.py
[2025-01-24T05:40:35.785+0000] {processor.py:839} INFO - DAG(s) dict_keys(['example_nested_branch_dag']) retrieved from /home/airflow/.local/lib/python3.8/site-packages/airflow/example_dags/example_nested_branch_dag.py
[2025-01-24T05:40:35.798+0000] {logging_mixin.py:151} INFO - [2025-01-24T05:40:35.798+0000] {dag.py:2915} INFO - Sync 1 DAGs
[2025-01-24T05:40:35.809+0000] {logging_mixin.py:151} INFO - [2025-01-24T05:40:35.809+0000] {dag.py:3696} INFO - Setting next_dagrun for example_nested_branch_dag to 2025-01-23T00:00:00+00:00, run_after=2025-01-24T00:00:00+00:00
[2025-01-24T05:40:35.818+0000] {processor.py:179} INFO - Processing /home/airflow/.local/lib/python3.8/site-packages/airflow/example_dags/example_nested_branch_dag.py took 0.042 seconds
[2025-01-24T05:41:06.481+0000] {processor.py:157} INFO - Started process (PID=457) to work on /home/airflow/.local/lib/python3.8/site-packages/airflow/example_dags/example_nested_branch_dag.py
[2025-01-24T05:41:06.481+0000] {processor.py:829} INFO - Processing file /home/airflow/.local/lib/python3.8/site-packages/airflow/example_dags/example_nested_branch_dag.py for tasks to queue
[2025-01-24T05:41:06.483+0000] {logging_mixin.py:151} INFO - [2025-01-24T05:41:06.482+0000] {dagbag.py:539} INFO - Filling up the DagBag from /home/airflow/.local/lib/python3.8/site-packages/airflow/example_dags/example_nested_branch_dag.py
[2025-01-24T05:41:06.488+0000] {processor.py:839} INFO - DAG(s) dict_keys(['example_nested_branch_dag']) retrieved from /home/airflow/.local/lib/python3.8/site-packages/airflow/example_dags/example_nested_branch_dag.py
[2025-01-24T05:41:06.501+0000] {logging_mixin.py:151} INFO - [2025-01-24T05:41:06.501+0000] {dag.py:2915} INFO - Sync 1 DAGs
[2025-01-24T05:41:06.513+0000] {logging_mixin.py:151} INFO - [2025-01-24T05:41:06.513+0000] {dag.py:3696} INFO - Setting next_dagrun for example_nested_branch_dag to 2025-01-23T00:00:00+00:00, run_after=2025-01-24T00:00:00+00:00
[2025-01-24T05:41:06.522+0000] {processor.py:179} INFO - Processing /home/airflow/.local/lib/python3.8/site-packages/airflow/example_dags/example_nested_branch_dag.py took 0.043 seconds
[2025-01-24T05:41:37.244+0000] {processor.py:157} INFO - Started process (PID=511) to work on /home/airflow/.local/lib/python3.8/site-packages/airflow/example_dags/example_nested_branch_dag.py
[2025-01-24T05:41:37.244+0000] {processor.py:829} INFO - Processing file /home/airflow/.local/lib/python3.8/site-packages/airflow/example_dags/example_nested_branch_dag.py for tasks to queue
[2025-01-24T05:41:37.245+0000] {logging_mixin.py:151} INFO - [2025-01-24T05:41:37.245+0000] {dagbag.py:539} INFO - Filling up the DagBag from /home/airflow/.local/lib/python3.8/site-packages/airflow/example_dags/example_nested_branch_dag.py
[2025-01-24T05:41:37.251+0000] {processor.py:839} INFO - DAG(s) dict_keys(['example_nested_branch_dag']) retrieved from /home/airflow/.local/lib/python3.8/site-packages/airflow/example_dags/example_nested_branch_dag.py
[2025-01-24T05:41:37.262+0000] {logging_mixin.py:151} INFO - [2025-01-24T05:41:37.262+0000] {dag.py:2915} INFO - Sync 1 DAGs
[2025-01-24T05:41:37.274+0000] {logging_mixin.py:151} INFO - [2025-01-24T05:41:37.274+0000] {dag.py:3696} INFO - Setting next_dagrun for example_nested_branch_dag to 2025-01-23T00:00:00+00:00, run_after=2025-01-24T00:00:00+00:00
[2025-01-24T05:41:37.282+0000] {processor.py:179} INFO - Processing /home/airflow/.local/lib/python3.8/site-packages/airflow/example_dags/example_nested_branch_dag.py took 0.040 seconds
[2025-01-24T05:42:08.000+0000] {processor.py:157} INFO - Started process (PID=564) to work on /home/airflow/.local/lib/python3.8/site-packages/airflow/example_dags/example_nested_branch_dag.py
[2025-01-24T05:42:08.001+0000] {processor.py:829} INFO - Processing file /home/airflow/.local/lib/python3.8/site-packages/airflow/example_dags/example_nested_branch_dag.py for tasks to queue
[2025-01-24T05:42:08.003+0000] {logging_mixin.py:151} INFO - [2025-01-24T05:42:08.003+0000] {dagbag.py:539} INFO - Filling up the DagBag from /home/airflow/.local/lib/python3.8/site-packages/airflow/example_dags/example_nested_branch_dag.py
[2025-01-24T05:42:08.009+0000] {processor.py:839} INFO - DAG(s) dict_keys(['example_nested_branch_dag']) retrieved from /home/airflow/.local/lib/python3.8/site-packages/airflow/example_dags/example_nested_branch_dag.py
[2025-01-24T05:42:08.020+0000] {logging_mixin.py:151} INFO - [2025-01-24T05:42:08.020+0000] {dag.py:2915} INFO - Sync 1 DAGs
[2025-01-24T05:42:08.031+0000] {logging_mixin.py:151} INFO - [2025-01-24T05:42:08.031+0000] {dag.py:3696} INFO - Setting next_dagrun for example_nested_branch_dag to 2025-01-23T00:00:00+00:00, run_after=2025-01-24T00:00:00+00:00
[2025-01-24T05:42:08.040+0000] {processor.py:179} INFO - Processing /home/airflow/.local/lib/python3.8/site-packages/airflow/example_dags/example_nested_branch_dag.py took 0.042 seconds
[2025-01-24T05:42:38.634+0000] {processor.py:157} INFO - Started process (PID=618) to work on /home/airflow/.local/lib/python3.8/site-packages/airflow/example_dags/example_nested_branch_dag.py
[2025-01-24T05:42:38.634+0000] {processor.py:829} INFO - Processing file /home/airflow/.local/lib/python3.8/site-packages/airflow/example_dags/example_nested_branch_dag.py for tasks to queue
[2025-01-24T05:42:38.635+0000] {logging_mixin.py:151} INFO - [2025-01-24T05:42:38.635+0000] {dagbag.py:539} INFO - Filling up the DagBag from /home/airflow/.local/lib/python3.8/site-packages/airflow/example_dags/example_nested_branch_dag.py
[2025-01-24T05:42:38.640+0000] {processor.py:839} INFO - DAG(s) dict_keys(['example_nested_branch_dag']) retrieved from /home/airflow/.local/lib/python3.8/site-packages/airflow/example_dags/example_nested_branch_dag.py
[2025-01-24T05:42:38.652+0000] {logging_mixin.py:151} INFO - [2025-01-24T05:42:38.652+0000] {dag.py:2915} INFO - Sync 1 DAGs
[2025-01-24T05:42:38.663+0000] {logging_mixin.py:151} INFO - [2025-01-24T05:42:38.663+0000] {dag.py:3696} INFO - Setting next_dagrun for example_nested_branch_dag to 2025-01-23T00:00:00+00:00, run_after=2025-01-24T00:00:00+00:00
[2025-01-24T05:42:38.671+0000] {processor.py:179} INFO - Processing /home/airflow/.local/lib/python3.8/site-packages/airflow/example_dags/example_nested_branch_dag.py took 0.039 seconds
[2025-01-24T05:43:09.361+0000] {processor.py:157} INFO - Started process (PID=672) to work on /home/airflow/.local/lib/python3.8/site-packages/airflow/example_dags/example_nested_branch_dag.py
[2025-01-24T05:43:09.362+0000] {processor.py:829} INFO - Processing file /home/airflow/.local/lib/python3.8/site-packages/airflow/example_dags/example_nested_branch_dag.py for tasks to queue
[2025-01-24T05:43:09.363+0000] {logging_mixin.py:151} INFO - [2025-01-24T05:43:09.363+0000] {dagbag.py:539} INFO - Filling up the DagBag from /home/airflow/.local/lib/python3.8/site-packages/airflow/example_dags/example_nested_branch_dag.py
[2025-01-24T05:43:09.369+0000] {processor.py:839} INFO - DAG(s) dict_keys(['example_nested_branch_dag']) retrieved from /home/airflow/.local/lib/python3.8/site-packages/airflow/example_dags/example_nested_branch_dag.py
[2025-01-24T05:43:09.383+0000] {logging_mixin.py:151} INFO - [2025-01-24T05:43:09.382+0000] {dag.py:2915} INFO - Sync 1 DAGs
[2025-01-24T05:43:09.395+0000] {logging_mixin.py:151} INFO - [2025-01-24T05:43:09.395+0000] {dag.py:3696} INFO - Setting next_dagrun for example_nested_branch_dag to 2025-01-23T00:00:00+00:00, run_after=2025-01-24T00:00:00+00:00
[2025-01-24T05:43:09.406+0000] {processor.py:179} INFO - Processing /home/airflow/.local/lib/python3.8/site-packages/airflow/example_dags/example_nested_branch_dag.py took 0.046 seconds
[2025-01-24T05:43:40.150+0000] {processor.py:157} INFO - Started process (PID=725) to work on /home/airflow/.local/lib/python3.8/site-packages/airflow/example_dags/example_nested_branch_dag.py
[2025-01-24T05:43:40.151+0000] {processor.py:829} INFO - Processing file /home/airflow/.local/lib/python3.8/site-packages/airflow/example_dags/example_nested_branch_dag.py for tasks to queue
[2025-01-24T05:43:40.152+0000] {logging_mixin.py:151} INFO - [2025-01-24T05:43:40.152+0000] {dagbag.py:539} INFO - Filling up the DagBag from /home/airflow/.local/lib/python3.8/site-packages/airflow/example_dags/example_nested_branch_dag.py
[2025-01-24T05:43:40.158+0000] {processor.py:839} INFO - DAG(s) dict_keys(['example_nested_branch_dag']) retrieved from /home/airflow/.local/lib/python3.8/site-packages/airflow/example_dags/example_nested_branch_dag.py
[2025-01-24T05:43:40.169+0000] {logging_mixin.py:151} INFO - [2025-01-24T05:43:40.169+0000] {dag.py:2915} INFO - Sync 1 DAGs
[2025-01-24T05:43:40.180+0000] {logging_mixin.py:151} INFO - [2025-01-24T05:43:40.179+0000] {dag.py:3696} INFO - Setting next_dagrun for example_nested_branch_dag to 2025-01-23T00:00:00+00:00, run_after=2025-01-24T00:00:00+00:00
[2025-01-24T05:43:40.189+0000] {processor.py:179} INFO - Processing /home/airflow/.local/lib/python3.8/site-packages/airflow/example_dags/example_nested_branch_dag.py took 0.040 seconds
[2025-01-24T05:44:10.830+0000] {processor.py:157} INFO - Started process (PID=779) to work on /home/airflow/.local/lib/python3.8/site-packages/airflow/example_dags/example_nested_branch_dag.py
[2025-01-24T05:44:10.831+0000] {processor.py:829} INFO - Processing file /home/airflow/.local/lib/python3.8/site-packages/airflow/example_dags/example_nested_branch_dag.py for tasks to queue
[2025-01-24T05:44:10.832+0000] {logging_mixin.py:151} INFO - [2025-01-24T05:44:10.832+0000] {dagbag.py:539} INFO - Filling up the DagBag from /home/airflow/.local/lib/python3.8/site-packages/airflow/example_dags/example_nested_branch_dag.py
[2025-01-24T05:44:10.839+0000] {processor.py:839} INFO - DAG(s) dict_keys(['example_nested_branch_dag']) retrieved from /home/airflow/.local/lib/python3.8/site-packages/airflow/example_dags/example_nested_branch_dag.py
[2025-01-24T05:44:10.853+0000] {logging_mixin.py:151} INFO - [2025-01-24T05:44:10.853+0000] {dag.py:2915} INFO - Sync 1 DAGs
[2025-01-24T05:44:10.868+0000] {logging_mixin.py:151} INFO - [2025-01-24T05:44:10.868+0000] {dag.py:3696} INFO - Setting next_dagrun for example_nested_branch_dag to 2025-01-23T00:00:00+00:00, run_after=2025-01-24T00:00:00+00:00
[2025-01-24T05:44:10.878+0000] {processor.py:179} INFO - Processing /home/airflow/.local/lib/python3.8/site-packages/airflow/example_dags/example_nested_branch_dag.py took 0.051 seconds
[2025-01-24T05:44:40.943+0000] {processor.py:157} INFO - Started process (PID=832) to work on /home/airflow/.local/lib/python3.8/site-packages/airflow/example_dags/example_nested_branch_dag.py
[2025-01-24T05:44:40.947+0000] {processor.py:829} INFO - Processing file /home/airflow/.local/lib/python3.8/site-packages/airflow/example_dags/example_nested_branch_dag.py for tasks to queue
[2025-01-24T05:44:40.950+0000] {logging_mixin.py:151} INFO - [2025-01-24T05:44:40.950+0000] {dagbag.py:539} INFO - Filling up the DagBag from /home/airflow/.local/lib/python3.8/site-packages/airflow/example_dags/example_nested_branch_dag.py
[2025-01-24T05:44:40.958+0000] {processor.py:839} INFO - DAG(s) dict_keys(['example_nested_branch_dag']) retrieved from /home/airflow/.local/lib/python3.8/site-packages/airflow/example_dags/example_nested_branch_dag.py
[2025-01-24T05:44:40.972+0000] {logging_mixin.py:151} INFO - [2025-01-24T05:44:40.972+0000] {dag.py:2915} INFO - Sync 1 DAGs
[2025-01-24T05:44:40.986+0000] {logging_mixin.py:151} INFO - [2025-01-24T05:44:40.986+0000] {dag.py:3696} INFO - Setting next_dagrun for example_nested_branch_dag to 2025-01-23T00:00:00+00:00, run_after=2025-01-24T00:00:00+00:00
[2025-01-24T05:44:40.999+0000] {processor.py:179} INFO - Processing /home/airflow/.local/lib/python3.8/site-packages/airflow/example_dags/example_nested_branch_dag.py took 0.058 seconds
[2025-01-24T05:45:11.770+0000] {processor.py:157} INFO - Started process (PID=887) to work on /home/airflow/.local/lib/python3.8/site-packages/airflow/example_dags/example_nested_branch_dag.py
[2025-01-24T05:45:11.771+0000] {processor.py:829} INFO - Processing file /home/airflow/.local/lib/python3.8/site-packages/airflow/example_dags/example_nested_branch_dag.py for tasks to queue
[2025-01-24T05:45:11.772+0000] {logging_mixin.py:151} INFO - [2025-01-24T05:45:11.772+0000] {dagbag.py:539} INFO - Filling up the DagBag from /home/airflow/.local/lib/python3.8/site-packages/airflow/example_dags/example_nested_branch_dag.py
[2025-01-24T05:45:11.776+0000] {processor.py:839} INFO - DAG(s) dict_keys(['example_nested_branch_dag']) retrieved from /home/airflow/.local/lib/python3.8/site-packages/airflow/example_dags/example_nested_branch_dag.py
[2025-01-24T05:45:11.789+0000] {logging_mixin.py:151} INFO - [2025-01-24T05:45:11.789+0000] {dag.py:2915} INFO - Sync 1 DAGs
[2025-01-24T05:45:11.800+0000] {logging_mixin.py:151} INFO - [2025-01-24T05:45:11.800+0000] {dag.py:3696} INFO - Setting next_dagrun for example_nested_branch_dag to 2025-01-23T00:00:00+00:00, run_after=2025-01-24T00:00:00+00:00
[2025-01-24T05:45:11.809+0000] {processor.py:179} INFO - Processing /home/airflow/.local/lib/python3.8/site-packages/airflow/example_dags/example_nested_branch_dag.py took 0.040 seconds
[2025-01-24T05:45:52.284+0000] {processor.py:157} INFO - Started process (PID=71) to work on /home/airflow/.local/lib/python3.8/site-packages/airflow/example_dags/example_nested_branch_dag.py
[2025-01-24T05:45:52.284+0000] {processor.py:829} INFO - Processing file /home/airflow/.local/lib/python3.8/site-packages/airflow/example_dags/example_nested_branch_dag.py for tasks to queue
[2025-01-24T05:45:52.285+0000] {logging_mixin.py:151} INFO - [2025-01-24T05:45:52.285+0000] {dagbag.py:539} INFO - Filling up the DagBag from /home/airflow/.local/lib/python3.8/site-packages/airflow/example_dags/example_nested_branch_dag.py
[2025-01-24T05:45:52.292+0000] {processor.py:839} INFO - DAG(s) dict_keys(['example_nested_branch_dag']) retrieved from /home/airflow/.local/lib/python3.8/site-packages/airflow/example_dags/example_nested_branch_dag.py
[2025-01-24T05:45:52.299+0000] {logging_mixin.py:151} INFO - [2025-01-24T05:45:52.299+0000] {dag.py:2915} INFO - Sync 1 DAGs
[2025-01-24T05:45:52.313+0000] {logging_mixin.py:151} INFO - [2025-01-24T05:45:52.312+0000] {dag.py:3696} INFO - Setting next_dagrun for example_nested_branch_dag to 2025-01-23T00:00:00+00:00, run_after=2025-01-24T00:00:00+00:00
[2025-01-24T05:45:52.324+0000] {processor.py:179} INFO - Processing /home/airflow/.local/lib/python3.8/site-packages/airflow/example_dags/example_nested_branch_dag.py took 0.042 seconds
[2025-01-24T05:46:22.657+0000] {processor.py:157} INFO - Started process (PID=124) to work on /home/airflow/.local/lib/python3.8/site-packages/airflow/example_dags/example_nested_branch_dag.py
[2025-01-24T05:46:22.658+0000] {processor.py:829} INFO - Processing file /home/airflow/.local/lib/python3.8/site-packages/airflow/example_dags/example_nested_branch_dag.py for tasks to queue
[2025-01-24T05:46:22.659+0000] {logging_mixin.py:151} INFO - [2025-01-24T05:46:22.659+0000] {dagbag.py:539} INFO - Filling up the DagBag from /home/airflow/.local/lib/python3.8/site-packages/airflow/example_dags/example_nested_branch_dag.py
[2025-01-24T05:46:22.665+0000] {processor.py:839} INFO - DAG(s) dict_keys(['example_nested_branch_dag']) retrieved from /home/airflow/.local/lib/python3.8/site-packages/airflow/example_dags/example_nested_branch_dag.py
[2025-01-24T05:46:22.678+0000] {logging_mixin.py:151} INFO - [2025-01-24T05:46:22.678+0000] {dag.py:2915} INFO - Sync 1 DAGs
[2025-01-24T05:46:22.689+0000] {logging_mixin.py:151} INFO - [2025-01-24T05:46:22.689+0000] {dag.py:3696} INFO - Setting next_dagrun for example_nested_branch_dag to 2025-01-23T00:00:00+00:00, run_after=2025-01-24T00:00:00+00:00
[2025-01-24T05:46:22.698+0000] {processor.py:179} INFO - Processing /home/airflow/.local/lib/python3.8/site-packages/airflow/example_dags/example_nested_branch_dag.py took 0.042 seconds
[2025-01-24T05:46:53.393+0000] {processor.py:157} INFO - Started process (PID=179) to work on /home/airflow/.local/lib/python3.8/site-packages/airflow/example_dags/example_nested_branch_dag.py
[2025-01-24T05:46:53.394+0000] {processor.py:829} INFO - Processing file /home/airflow/.local/lib/python3.8/site-packages/airflow/example_dags/example_nested_branch_dag.py for tasks to queue
[2025-01-24T05:46:53.396+0000] {logging_mixin.py:151} INFO - [2025-01-24T05:46:53.395+0000] {dagbag.py:539} INFO - Filling up the DagBag from /home/airflow/.local/lib/python3.8/site-packages/airflow/example_dags/example_nested_branch_dag.py
[2025-01-24T05:46:53.401+0000] {processor.py:839} INFO - DAG(s) dict_keys(['example_nested_branch_dag']) retrieved from /home/airflow/.local/lib/python3.8/site-packages/airflow/example_dags/example_nested_branch_dag.py
[2025-01-24T05:46:53.420+0000] {logging_mixin.py:151} INFO - [2025-01-24T05:46:53.420+0000] {dag.py:2915} INFO - Sync 1 DAGs
[2025-01-24T05:46:53.433+0000] {logging_mixin.py:151} INFO - [2025-01-24T05:46:53.433+0000] {dag.py:3696} INFO - Setting next_dagrun for example_nested_branch_dag to 2025-01-23T00:00:00+00:00, run_after=2025-01-24T00:00:00+00:00
[2025-01-24T05:46:53.443+0000] {processor.py:179} INFO - Processing /home/airflow/.local/lib/python3.8/site-packages/airflow/example_dags/example_nested_branch_dag.py took 0.052 seconds
[2025-01-24T05:47:24.067+0000] {processor.py:157} INFO - Started process (PID=233) to work on /home/airflow/.local/lib/python3.8/site-packages/airflow/example_dags/example_nested_branch_dag.py
[2025-01-24T05:47:24.068+0000] {processor.py:829} INFO - Processing file /home/airflow/.local/lib/python3.8/site-packages/airflow/example_dags/example_nested_branch_dag.py for tasks to queue
[2025-01-24T05:47:24.070+0000] {logging_mixin.py:151} INFO - [2025-01-24T05:47:24.070+0000] {dagbag.py:539} INFO - Filling up the DagBag from /home/airflow/.local/lib/python3.8/site-packages/airflow/example_dags/example_nested_branch_dag.py
[2025-01-24T05:47:24.075+0000] {processor.py:839} INFO - DAG(s) dict_keys(['example_nested_branch_dag']) retrieved from /home/airflow/.local/lib/python3.8/site-packages/airflow/example_dags/example_nested_branch_dag.py
[2025-01-24T05:47:24.086+0000] {logging_mixin.py:151} INFO - [2025-01-24T05:47:24.086+0000] {dag.py:2915} INFO - Sync 1 DAGs
[2025-01-24T05:47:24.098+0000] {logging_mixin.py:151} INFO - [2025-01-24T05:47:24.098+0000] {dag.py:3696} INFO - Setting next_dagrun for example_nested_branch_dag to 2025-01-23T00:00:00+00:00, run_after=2025-01-24T00:00:00+00:00
[2025-01-24T05:47:24.107+0000] {processor.py:179} INFO - Processing /home/airflow/.local/lib/python3.8/site-packages/airflow/example_dags/example_nested_branch_dag.py took 0.042 seconds
[2025-01-24T05:47:54.805+0000] {processor.py:157} INFO - Started process (PID=287) to work on /home/airflow/.local/lib/python3.8/site-packages/airflow/example_dags/example_nested_branch_dag.py
[2025-01-24T05:47:54.805+0000] {processor.py:829} INFO - Processing file /home/airflow/.local/lib/python3.8/site-packages/airflow/example_dags/example_nested_branch_dag.py for tasks to queue
[2025-01-24T05:47:54.807+0000] {logging_mixin.py:151} INFO - [2025-01-24T05:47:54.807+0000] {dagbag.py:539} INFO - Filling up the DagBag from /home/airflow/.local/lib/python3.8/site-packages/airflow/example_dags/example_nested_branch_dag.py
[2025-01-24T05:47:54.812+0000] {processor.py:839} INFO - DAG(s) dict_keys(['example_nested_branch_dag']) retrieved from /home/airflow/.local/lib/python3.8/site-packages/airflow/example_dags/example_nested_branch_dag.py
[2025-01-24T05:47:54.826+0000] {logging_mixin.py:151} INFO - [2025-01-24T05:47:54.825+0000] {dag.py:2915} INFO - Sync 1 DAGs
[2025-01-24T05:47:54.840+0000] {logging_mixin.py:151} INFO - [2025-01-24T05:47:54.840+0000] {dag.py:3696} INFO - Setting next_dagrun for example_nested_branch_dag to 2025-01-23T00:00:00+00:00, run_after=2025-01-24T00:00:00+00:00
[2025-01-24T05:47:54.850+0000] {processor.py:179} INFO - Processing /home/airflow/.local/lib/python3.8/site-packages/airflow/example_dags/example_nested_branch_dag.py took 0.047 seconds
