[2025-01-24T05:37:30.508+0000] {processor.py:157} INFO - Started process (PID=60) to work on /home/airflow/.local/lib/python3.8/site-packages/airflow/example_dags/example_task_group_decorator.py
[2025-01-24T05:37:30.509+0000] {processor.py:829} INFO - Processing file /home/airflow/.local/lib/python3.8/site-packages/airflow/example_dags/example_task_group_decorator.py for tasks to queue
[2025-01-24T05:37:30.511+0000] {logging_mixin.py:151} INFO - [2025-01-24T05:37:30.511+0000] {dagbag.py:539} INFO - Filling up the DagBag from /home/airflow/.local/lib/python3.8/site-packages/airflow/example_dags/example_task_group_decorator.py
[2025-01-24T05:37:30.518+0000] {processor.py:839} INFO - DAG(s) dict_keys(['example_task_group_decorator']) retrieved from /home/airflow/.local/lib/python3.8/site-packages/airflow/example_dags/example_task_group_decorator.py
[2025-01-24T05:37:30.526+0000] {logging_mixin.py:151} INFO - [2025-01-24T05:37:30.526+0000] {dag.py:2915} INFO - Sync 1 DAGs
[2025-01-24T05:37:30.538+0000] {logging_mixin.py:151} INFO - [2025-01-24T05:37:30.538+0000] {dag.py:3696} INFO - Setting next_dagrun for example_task_group_decorator to 2025-01-23T05:37:30.538515+00:00, run_after=2025-01-24T05:37:30.538515+00:00
[2025-01-24T05:37:30.552+0000] {processor.py:179} INFO - Processing /home/airflow/.local/lib/python3.8/site-packages/airflow/example_dags/example_task_group_decorator.py took 0.045 seconds
[2025-01-24T05:38:00.844+0000] {processor.py:157} INFO - Started process (PID=114) to work on /home/airflow/.local/lib/python3.8/site-packages/airflow/example_dags/example_task_group_decorator.py
[2025-01-24T05:38:00.845+0000] {processor.py:829} INFO - Processing file /home/airflow/.local/lib/python3.8/site-packages/airflow/example_dags/example_task_group_decorator.py for tasks to queue
[2025-01-24T05:38:00.847+0000] {logging_mixin.py:151} INFO - [2025-01-24T05:38:00.847+0000] {dagbag.py:539} INFO - Filling up the DagBag from /home/airflow/.local/lib/python3.8/site-packages/airflow/example_dags/example_task_group_decorator.py
[2025-01-24T05:38:00.854+0000] {processor.py:839} INFO - DAG(s) dict_keys(['example_task_group_decorator']) retrieved from /home/airflow/.local/lib/python3.8/site-packages/airflow/example_dags/example_task_group_decorator.py
[2025-01-24T05:38:00.869+0000] {logging_mixin.py:151} INFO - [2025-01-24T05:38:00.869+0000] {dag.py:2915} INFO - Sync 1 DAGs
[2025-01-24T05:38:00.883+0000] {logging_mixin.py:151} INFO - [2025-01-24T05:38:00.883+0000] {dag.py:3696} INFO - Setting next_dagrun for example_task_group_decorator to 2025-01-23T05:38:00.882999+00:00, run_after=2025-01-24T05:38:00.882999+00:00
[2025-01-24T05:38:00.894+0000] {processor.py:179} INFO - Processing /home/airflow/.local/lib/python3.8/site-packages/airflow/example_dags/example_task_group_decorator.py took 0.052 seconds
[2025-01-24T05:38:31.586+0000] {processor.py:157} INFO - Started process (PID=168) to work on /home/airflow/.local/lib/python3.8/site-packages/airflow/example_dags/example_task_group_decorator.py
[2025-01-24T05:38:31.587+0000] {processor.py:829} INFO - Processing file /home/airflow/.local/lib/python3.8/site-packages/airflow/example_dags/example_task_group_decorator.py for tasks to queue
[2025-01-24T05:38:31.588+0000] {logging_mixin.py:151} INFO - [2025-01-24T05:38:31.588+0000] {dagbag.py:539} INFO - Filling up the DagBag from /home/airflow/.local/lib/python3.8/site-packages/airflow/example_dags/example_task_group_decorator.py
[2025-01-24T05:38:31.599+0000] {processor.py:839} INFO - DAG(s) dict_keys(['example_task_group_decorator']) retrieved from /home/airflow/.local/lib/python3.8/site-packages/airflow/example_dags/example_task_group_decorator.py
[2025-01-24T05:38:31.617+0000] {logging_mixin.py:151} INFO - [2025-01-24T05:38:31.617+0000] {dag.py:2915} INFO - Sync 1 DAGs
[2025-01-24T05:38:31.628+0000] {logging_mixin.py:151} INFO - [2025-01-24T05:38:31.628+0000] {dag.py:3696} INFO - Setting next_dagrun for example_task_group_decorator to 2025-01-23T05:38:31.628424+00:00, run_after=2025-01-24T05:38:31.628424+00:00
[2025-01-24T05:38:31.639+0000] {processor.py:179} INFO - Processing /home/airflow/.local/lib/python3.8/site-packages/airflow/example_dags/example_task_group_decorator.py took 0.054 seconds
[2025-01-24T05:39:02.443+0000] {processor.py:157} INFO - Started process (PID=221) to work on /home/airflow/.local/lib/python3.8/site-packages/airflow/example_dags/example_task_group_decorator.py
[2025-01-24T05:39:02.444+0000] {processor.py:829} INFO - Processing file /home/airflow/.local/lib/python3.8/site-packages/airflow/example_dags/example_task_group_decorator.py for tasks to queue
[2025-01-24T05:39:02.445+0000] {logging_mixin.py:151} INFO - [2025-01-24T05:39:02.445+0000] {dagbag.py:539} INFO - Filling up the DagBag from /home/airflow/.local/lib/python3.8/site-packages/airflow/example_dags/example_task_group_decorator.py
[2025-01-24T05:39:02.453+0000] {processor.py:839} INFO - DAG(s) dict_keys(['example_task_group_decorator']) retrieved from /home/airflow/.local/lib/python3.8/site-packages/airflow/example_dags/example_task_group_decorator.py
[2025-01-24T05:39:02.469+0000] {logging_mixin.py:151} INFO - [2025-01-24T05:39:02.469+0000] {dag.py:2915} INFO - Sync 1 DAGs
[2025-01-24T05:39:02.481+0000] {logging_mixin.py:151} INFO - [2025-01-24T05:39:02.481+0000] {dag.py:3696} INFO - Setting next_dagrun for example_task_group_decorator to 2025-01-23T05:39:02.481591+00:00, run_after=2025-01-24T05:39:02.481591+00:00
[2025-01-24T05:39:02.495+0000] {processor.py:179} INFO - Processing /home/airflow/.local/lib/python3.8/site-packages/airflow/example_dags/example_task_group_decorator.py took 0.054 seconds
[2025-01-24T05:39:32.600+0000] {processor.py:157} INFO - Started process (PID=275) to work on /home/airflow/.local/lib/python3.8/site-packages/airflow/example_dags/example_task_group_decorator.py
[2025-01-24T05:39:32.601+0000] {processor.py:829} INFO - Processing file /home/airflow/.local/lib/python3.8/site-packages/airflow/example_dags/example_task_group_decorator.py for tasks to queue
[2025-01-24T05:39:32.602+0000] {logging_mixin.py:151} INFO - [2025-01-24T05:39:32.602+0000] {dagbag.py:539} INFO - Filling up the DagBag from /home/airflow/.local/lib/python3.8/site-packages/airflow/example_dags/example_task_group_decorator.py
[2025-01-24T05:39:32.609+0000] {processor.py:839} INFO - DAG(s) dict_keys(['example_task_group_decorator']) retrieved from /home/airflow/.local/lib/python3.8/site-packages/airflow/example_dags/example_task_group_decorator.py
[2025-01-24T05:39:32.621+0000] {logging_mixin.py:151} INFO - [2025-01-24T05:39:32.621+0000] {dag.py:2915} INFO - Sync 1 DAGs
[2025-01-24T05:39:32.631+0000] {logging_mixin.py:151} INFO - [2025-01-24T05:39:32.631+0000] {dag.py:3696} INFO - Setting next_dagrun for example_task_group_decorator to 2025-01-23T05:39:32.630868+00:00, run_after=2025-01-24T05:39:32.630868+00:00
[2025-01-24T05:39:32.638+0000] {processor.py:179} INFO - Processing /home/airflow/.local/lib/python3.8/site-packages/airflow/example_dags/example_task_group_decorator.py took 0.040 seconds
[2025-01-24T05:40:03.647+0000] {processor.py:157} INFO - Started process (PID=329) to work on /home/airflow/.local/lib/python3.8/site-packages/airflow/example_dags/example_task_group_decorator.py
[2025-01-24T05:40:03.650+0000] {processor.py:829} INFO - Processing file /home/airflow/.local/lib/python3.8/site-packages/airflow/example_dags/example_task_group_decorator.py for tasks to queue
[2025-01-24T05:40:03.651+0000] {logging_mixin.py:151} INFO - [2025-01-24T05:40:03.651+0000] {dagbag.py:539} INFO - Filling up the DagBag from /home/airflow/.local/lib/python3.8/site-packages/airflow/example_dags/example_task_group_decorator.py
[2025-01-24T05:40:03.657+0000] {processor.py:839} INFO - DAG(s) dict_keys(['example_task_group_decorator']) retrieved from /home/airflow/.local/lib/python3.8/site-packages/airflow/example_dags/example_task_group_decorator.py
[2025-01-24T05:40:03.670+0000] {logging_mixin.py:151} INFO - [2025-01-24T05:40:03.670+0000] {dag.py:2915} INFO - Sync 1 DAGs
[2025-01-24T05:40:03.680+0000] {logging_mixin.py:151} INFO - [2025-01-24T05:40:03.680+0000] {dag.py:3696} INFO - Setting next_dagrun for example_task_group_decorator to 2025-01-23T05:40:03.680164+00:00, run_after=2025-01-24T05:40:03.680164+00:00
[2025-01-24T05:40:03.691+0000] {processor.py:179} INFO - Processing /home/airflow/.local/lib/python3.8/site-packages/airflow/example_dags/example_task_group_decorator.py took 0.046 seconds
[2025-01-24T05:40:34.384+0000] {processor.py:157} INFO - Started process (PID=390) to work on /home/airflow/.local/lib/python3.8/site-packages/airflow/example_dags/example_task_group_decorator.py
[2025-01-24T05:40:34.387+0000] {processor.py:829} INFO - Processing file /home/airflow/.local/lib/python3.8/site-packages/airflow/example_dags/example_task_group_decorator.py for tasks to queue
[2025-01-24T05:40:34.388+0000] {logging_mixin.py:151} INFO - [2025-01-24T05:40:34.388+0000] {dagbag.py:539} INFO - Filling up the DagBag from /home/airflow/.local/lib/python3.8/site-packages/airflow/example_dags/example_task_group_decorator.py
[2025-01-24T05:40:34.395+0000] {processor.py:839} INFO - DAG(s) dict_keys(['example_task_group_decorator']) retrieved from /home/airflow/.local/lib/python3.8/site-packages/airflow/example_dags/example_task_group_decorator.py
[2025-01-24T05:40:34.411+0000] {logging_mixin.py:151} INFO - [2025-01-24T05:40:34.411+0000] {dag.py:2915} INFO - Sync 1 DAGs
[2025-01-24T05:40:34.425+0000] {logging_mixin.py:151} INFO - [2025-01-24T05:40:34.425+0000] {dag.py:3696} INFO - Setting next_dagrun for example_task_group_decorator to 2025-01-23T05:40:34.425110+00:00, run_after=2025-01-24T05:40:34.425110+00:00
[2025-01-24T05:40:34.437+0000] {processor.py:179} INFO - Processing /home/airflow/.local/lib/python3.8/site-packages/airflow/example_dags/example_task_group_decorator.py took 0.056 seconds
[2025-01-24T05:41:05.124+0000] {processor.py:157} INFO - Started process (PID=444) to work on /home/airflow/.local/lib/python3.8/site-packages/airflow/example_dags/example_task_group_decorator.py
[2025-01-24T05:41:05.125+0000] {processor.py:829} INFO - Processing file /home/airflow/.local/lib/python3.8/site-packages/airflow/example_dags/example_task_group_decorator.py for tasks to queue
[2025-01-24T05:41:05.127+0000] {logging_mixin.py:151} INFO - [2025-01-24T05:41:05.126+0000] {dagbag.py:539} INFO - Filling up the DagBag from /home/airflow/.local/lib/python3.8/site-packages/airflow/example_dags/example_task_group_decorator.py
[2025-01-24T05:41:05.134+0000] {processor.py:839} INFO - DAG(s) dict_keys(['example_task_group_decorator']) retrieved from /home/airflow/.local/lib/python3.8/site-packages/airflow/example_dags/example_task_group_decorator.py
[2025-01-24T05:41:05.146+0000] {logging_mixin.py:151} INFO - [2025-01-24T05:41:05.146+0000] {dag.py:2915} INFO - Sync 1 DAGs
[2025-01-24T05:41:05.157+0000] {logging_mixin.py:151} INFO - [2025-01-24T05:41:05.157+0000] {dag.py:3696} INFO - Setting next_dagrun for example_task_group_decorator to 2025-01-23T05:41:05.157659+00:00, run_after=2025-01-24T05:41:05.157659+00:00
[2025-01-24T05:41:05.168+0000] {processor.py:179} INFO - Processing /home/airflow/.local/lib/python3.8/site-packages/airflow/example_dags/example_task_group_decorator.py took 0.045 seconds
[2025-01-24T05:41:35.876+0000] {processor.py:157} INFO - Started process (PID=498) to work on /home/airflow/.local/lib/python3.8/site-packages/airflow/example_dags/example_task_group_decorator.py
[2025-01-24T05:41:35.877+0000] {processor.py:829} INFO - Processing file /home/airflow/.local/lib/python3.8/site-packages/airflow/example_dags/example_task_group_decorator.py for tasks to queue
[2025-01-24T05:41:35.879+0000] {logging_mixin.py:151} INFO - [2025-01-24T05:41:35.879+0000] {dagbag.py:539} INFO - Filling up the DagBag from /home/airflow/.local/lib/python3.8/site-packages/airflow/example_dags/example_task_group_decorator.py
[2025-01-24T05:41:35.885+0000] {processor.py:839} INFO - DAG(s) dict_keys(['example_task_group_decorator']) retrieved from /home/airflow/.local/lib/python3.8/site-packages/airflow/example_dags/example_task_group_decorator.py
[2025-01-24T05:41:35.900+0000] {logging_mixin.py:151} INFO - [2025-01-24T05:41:35.900+0000] {dag.py:2915} INFO - Sync 1 DAGs
[2025-01-24T05:41:35.911+0000] {logging_mixin.py:151} INFO - [2025-01-24T05:41:35.911+0000] {dag.py:3696} INFO - Setting next_dagrun for example_task_group_decorator to 2025-01-23T05:41:35.911318+00:00, run_after=2025-01-24T05:41:35.911318+00:00
[2025-01-24T05:41:35.924+0000] {processor.py:179} INFO - Processing /home/airflow/.local/lib/python3.8/site-packages/airflow/example_dags/example_task_group_decorator.py took 0.049 seconds
[2025-01-24T05:42:06.536+0000] {processor.py:157} INFO - Started process (PID=551) to work on /home/airflow/.local/lib/python3.8/site-packages/airflow/example_dags/example_task_group_decorator.py
[2025-01-24T05:42:06.537+0000] {processor.py:829} INFO - Processing file /home/airflow/.local/lib/python3.8/site-packages/airflow/example_dags/example_task_group_decorator.py for tasks to queue
[2025-01-24T05:42:06.538+0000] {logging_mixin.py:151} INFO - [2025-01-24T05:42:06.538+0000] {dagbag.py:539} INFO - Filling up the DagBag from /home/airflow/.local/lib/python3.8/site-packages/airflow/example_dags/example_task_group_decorator.py
[2025-01-24T05:42:06.545+0000] {processor.py:839} INFO - DAG(s) dict_keys(['example_task_group_decorator']) retrieved from /home/airflow/.local/lib/python3.8/site-packages/airflow/example_dags/example_task_group_decorator.py
[2025-01-24T05:42:06.560+0000] {logging_mixin.py:151} INFO - [2025-01-24T05:42:06.560+0000] {dag.py:2915} INFO - Sync 1 DAGs
[2025-01-24T05:42:06.571+0000] {logging_mixin.py:151} INFO - [2025-01-24T05:42:06.571+0000] {dag.py:3696} INFO - Setting next_dagrun for example_task_group_decorator to 2025-01-23T05:42:06.570991+00:00, run_after=2025-01-24T05:42:06.570991+00:00
[2025-01-24T05:42:06.579+0000] {processor.py:179} INFO - Processing /home/airflow/.local/lib/python3.8/site-packages/airflow/example_dags/example_task_group_decorator.py took 0.045 seconds
[2025-01-24T05:42:37.298+0000] {processor.py:157} INFO - Started process (PID=605) to work on /home/airflow/.local/lib/python3.8/site-packages/airflow/example_dags/example_task_group_decorator.py
[2025-01-24T05:42:37.299+0000] {processor.py:829} INFO - Processing file /home/airflow/.local/lib/python3.8/site-packages/airflow/example_dags/example_task_group_decorator.py for tasks to queue
[2025-01-24T05:42:37.301+0000] {logging_mixin.py:151} INFO - [2025-01-24T05:42:37.300+0000] {dagbag.py:539} INFO - Filling up the DagBag from /home/airflow/.local/lib/python3.8/site-packages/airflow/example_dags/example_task_group_decorator.py
[2025-01-24T05:42:37.308+0000] {processor.py:839} INFO - DAG(s) dict_keys(['example_task_group_decorator']) retrieved from /home/airflow/.local/lib/python3.8/site-packages/airflow/example_dags/example_task_group_decorator.py
[2025-01-24T05:42:37.321+0000] {logging_mixin.py:151} INFO - [2025-01-24T05:42:37.321+0000] {dag.py:2915} INFO - Sync 1 DAGs
[2025-01-24T05:42:37.332+0000] {logging_mixin.py:151} INFO - [2025-01-24T05:42:37.332+0000] {dag.py:3696} INFO - Setting next_dagrun for example_task_group_decorator to 2025-01-23T05:42:37.332470+00:00, run_after=2025-01-24T05:42:37.332470+00:00
[2025-01-24T05:42:37.345+0000] {processor.py:179} INFO - Processing /home/airflow/.local/lib/python3.8/site-packages/airflow/example_dags/example_task_group_decorator.py took 0.048 seconds
[2025-01-24T05:43:07.990+0000] {processor.py:157} INFO - Started process (PID=659) to work on /home/airflow/.local/lib/python3.8/site-packages/airflow/example_dags/example_task_group_decorator.py
[2025-01-24T05:43:07.990+0000] {processor.py:829} INFO - Processing file /home/airflow/.local/lib/python3.8/site-packages/airflow/example_dags/example_task_group_decorator.py for tasks to queue
[2025-01-24T05:43:07.991+0000] {logging_mixin.py:151} INFO - [2025-01-24T05:43:07.991+0000] {dagbag.py:539} INFO - Filling up the DagBag from /home/airflow/.local/lib/python3.8/site-packages/airflow/example_dags/example_task_group_decorator.py
[2025-01-24T05:43:07.998+0000] {processor.py:839} INFO - DAG(s) dict_keys(['example_task_group_decorator']) retrieved from /home/airflow/.local/lib/python3.8/site-packages/airflow/example_dags/example_task_group_decorator.py
[2025-01-24T05:43:08.013+0000] {logging_mixin.py:151} INFO - [2025-01-24T05:43:08.013+0000] {dag.py:2915} INFO - Sync 1 DAGs
[2025-01-24T05:43:08.024+0000] {logging_mixin.py:151} INFO - [2025-01-24T05:43:08.024+0000] {dag.py:3696} INFO - Setting next_dagrun for example_task_group_decorator to 2025-01-23T05:43:08.024089+00:00, run_after=2025-01-24T05:43:08.024089+00:00
[2025-01-24T05:43:08.034+0000] {processor.py:179} INFO - Processing /home/airflow/.local/lib/python3.8/site-packages/airflow/example_dags/example_task_group_decorator.py took 0.046 seconds
[2025-01-24T05:43:38.770+0000] {processor.py:157} INFO - Started process (PID=712) to work on /home/airflow/.local/lib/python3.8/site-packages/airflow/example_dags/example_task_group_decorator.py
[2025-01-24T05:43:38.773+0000] {processor.py:829} INFO - Processing file /home/airflow/.local/lib/python3.8/site-packages/airflow/example_dags/example_task_group_decorator.py for tasks to queue
[2025-01-24T05:43:38.775+0000] {logging_mixin.py:151} INFO - [2025-01-24T05:43:38.775+0000] {dagbag.py:539} INFO - Filling up the DagBag from /home/airflow/.local/lib/python3.8/site-packages/airflow/example_dags/example_task_group_decorator.py
[2025-01-24T05:43:38.782+0000] {processor.py:839} INFO - DAG(s) dict_keys(['example_task_group_decorator']) retrieved from /home/airflow/.local/lib/python3.8/site-packages/airflow/example_dags/example_task_group_decorator.py
[2025-01-24T05:43:38.795+0000] {logging_mixin.py:151} INFO - [2025-01-24T05:43:38.795+0000] {dag.py:2915} INFO - Sync 1 DAGs
[2025-01-24T05:43:38.806+0000] {logging_mixin.py:151} INFO - [2025-01-24T05:43:38.806+0000] {dag.py:3696} INFO - Setting next_dagrun for example_task_group_decorator to 2025-01-23T05:43:38.806009+00:00, run_after=2025-01-24T05:43:38.806009+00:00
[2025-01-24T05:43:38.819+0000] {processor.py:179} INFO - Processing /home/airflow/.local/lib/python3.8/site-packages/airflow/example_dags/example_task_group_decorator.py took 0.051 seconds
[2025-01-24T05:44:09.452+0000] {processor.py:157} INFO - Started process (PID=766) to work on /home/airflow/.local/lib/python3.8/site-packages/airflow/example_dags/example_task_group_decorator.py
[2025-01-24T05:44:09.454+0000] {processor.py:829} INFO - Processing file /home/airflow/.local/lib/python3.8/site-packages/airflow/example_dags/example_task_group_decorator.py for tasks to queue
[2025-01-24T05:44:09.455+0000] {logging_mixin.py:151} INFO - [2025-01-24T05:44:09.455+0000] {dagbag.py:539} INFO - Filling up the DagBag from /home/airflow/.local/lib/python3.8/site-packages/airflow/example_dags/example_task_group_decorator.py
[2025-01-24T05:44:09.462+0000] {processor.py:839} INFO - DAG(s) dict_keys(['example_task_group_decorator']) retrieved from /home/airflow/.local/lib/python3.8/site-packages/airflow/example_dags/example_task_group_decorator.py
[2025-01-24T05:44:09.475+0000] {logging_mixin.py:151} INFO - [2025-01-24T05:44:09.475+0000] {dag.py:2915} INFO - Sync 1 DAGs
[2025-01-24T05:44:09.486+0000] {logging_mixin.py:151} INFO - [2025-01-24T05:44:09.486+0000] {dag.py:3696} INFO - Setting next_dagrun for example_task_group_decorator to 2025-01-23T05:44:09.486340+00:00, run_after=2025-01-24T05:44:09.486340+00:00
[2025-01-24T05:44:09.499+0000] {processor.py:179} INFO - Processing /home/airflow/.local/lib/python3.8/site-packages/airflow/example_dags/example_task_group_decorator.py took 0.048 seconds
[2025-01-24T05:44:39.639+0000] {processor.py:157} INFO - Started process (PID=820) to work on /home/airflow/.local/lib/python3.8/site-packages/airflow/example_dags/example_task_group_decorator.py
[2025-01-24T05:44:39.639+0000] {processor.py:829} INFO - Processing file /home/airflow/.local/lib/python3.8/site-packages/airflow/example_dags/example_task_group_decorator.py for tasks to queue
[2025-01-24T05:44:39.640+0000] {logging_mixin.py:151} INFO - [2025-01-24T05:44:39.640+0000] {dagbag.py:539} INFO - Filling up the DagBag from /home/airflow/.local/lib/python3.8/site-packages/airflow/example_dags/example_task_group_decorator.py
[2025-01-24T05:44:39.647+0000] {processor.py:839} INFO - DAG(s) dict_keys(['example_task_group_decorator']) retrieved from /home/airflow/.local/lib/python3.8/site-packages/airflow/example_dags/example_task_group_decorator.py
[2025-01-24T05:44:39.659+0000] {logging_mixin.py:151} INFO - [2025-01-24T05:44:39.659+0000] {dag.py:2915} INFO - Sync 1 DAGs
[2025-01-24T05:44:39.670+0000] {logging_mixin.py:151} INFO - [2025-01-24T05:44:39.669+0000] {dag.py:3696} INFO - Setting next_dagrun for example_task_group_decorator to 2025-01-23T05:44:39.669868+00:00, run_after=2025-01-24T05:44:39.669868+00:00
[2025-01-24T05:44:39.683+0000] {processor.py:179} INFO - Processing /home/airflow/.local/lib/python3.8/site-packages/airflow/example_dags/example_task_group_decorator.py took 0.046 seconds
[2025-01-24T05:45:10.410+0000] {processor.py:157} INFO - Started process (PID=874) to work on /home/airflow/.local/lib/python3.8/site-packages/airflow/example_dags/example_task_group_decorator.py
[2025-01-24T05:45:10.412+0000] {processor.py:829} INFO - Processing file /home/airflow/.local/lib/python3.8/site-packages/airflow/example_dags/example_task_group_decorator.py for tasks to queue
[2025-01-24T05:45:10.414+0000] {logging_mixin.py:151} INFO - [2025-01-24T05:45:10.414+0000] {dagbag.py:539} INFO - Filling up the DagBag from /home/airflow/.local/lib/python3.8/site-packages/airflow/example_dags/example_task_group_decorator.py
[2025-01-24T05:45:10.420+0000] {processor.py:839} INFO - DAG(s) dict_keys(['example_task_group_decorator']) retrieved from /home/airflow/.local/lib/python3.8/site-packages/airflow/example_dags/example_task_group_decorator.py
[2025-01-24T05:45:10.436+0000] {logging_mixin.py:151} INFO - [2025-01-24T05:45:10.436+0000] {dag.py:2915} INFO - Sync 1 DAGs
[2025-01-24T05:45:10.446+0000] {logging_mixin.py:151} INFO - [2025-01-24T05:45:10.446+0000] {dag.py:3696} INFO - Setting next_dagrun for example_task_group_decorator to 2025-01-23T05:45:10.446451+00:00, run_after=2025-01-24T05:45:10.446451+00:00
[2025-01-24T05:45:10.457+0000] {processor.py:179} INFO - Processing /home/airflow/.local/lib/python3.8/site-packages/airflow/example_dags/example_task_group_decorator.py took 0.049 seconds
[2025-01-24T05:45:51.713+0000] {processor.py:157} INFO - Started process (PID=58) to work on /home/airflow/.local/lib/python3.8/site-packages/airflow/example_dags/example_task_group_decorator.py
[2025-01-24T05:45:51.715+0000] {processor.py:829} INFO - Processing file /home/airflow/.local/lib/python3.8/site-packages/airflow/example_dags/example_task_group_decorator.py for tasks to queue
[2025-01-24T05:45:51.716+0000] {logging_mixin.py:151} INFO - [2025-01-24T05:45:51.716+0000] {dagbag.py:539} INFO - Filling up the DagBag from /home/airflow/.local/lib/python3.8/site-packages/airflow/example_dags/example_task_group_decorator.py
[2025-01-24T05:45:51.723+0000] {processor.py:839} INFO - DAG(s) dict_keys(['example_task_group_decorator']) retrieved from /home/airflow/.local/lib/python3.8/site-packages/airflow/example_dags/example_task_group_decorator.py
[2025-01-24T05:45:51.732+0000] {logging_mixin.py:151} INFO - [2025-01-24T05:45:51.731+0000] {dag.py:2915} INFO - Sync 1 DAGs
[2025-01-24T05:45:51.743+0000] {logging_mixin.py:151} INFO - [2025-01-24T05:45:51.743+0000] {dag.py:3696} INFO - Setting next_dagrun for example_task_group_decorator to 2025-01-23T05:45:51.743408+00:00, run_after=2025-01-24T05:45:51.743408+00:00
[2025-01-24T05:45:51.752+0000] {processor.py:179} INFO - Processing /home/airflow/.local/lib/python3.8/site-packages/airflow/example_dags/example_task_group_decorator.py took 0.042 seconds
[2025-01-24T05:46:22.342+0000] {processor.py:157} INFO - Started process (PID=112) to work on /home/airflow/.local/lib/python3.8/site-packages/airflow/example_dags/example_task_group_decorator.py
[2025-01-24T05:46:22.342+0000] {processor.py:829} INFO - Processing file /home/airflow/.local/lib/python3.8/site-packages/airflow/example_dags/example_task_group_decorator.py for tasks to queue
[2025-01-24T05:46:22.344+0000] {logging_mixin.py:151} INFO - [2025-01-24T05:46:22.344+0000] {dagbag.py:539} INFO - Filling up the DagBag from /home/airflow/.local/lib/python3.8/site-packages/airflow/example_dags/example_task_group_decorator.py
[2025-01-24T05:46:22.353+0000] {processor.py:839} INFO - DAG(s) dict_keys(['example_task_group_decorator']) retrieved from /home/airflow/.local/lib/python3.8/site-packages/airflow/example_dags/example_task_group_decorator.py
[2025-01-24T05:46:22.368+0000] {logging_mixin.py:151} INFO - [2025-01-24T05:46:22.368+0000] {dag.py:2915} INFO - Sync 1 DAGs
[2025-01-24T05:46:22.380+0000] {logging_mixin.py:151} INFO - [2025-01-24T05:46:22.380+0000] {dag.py:3696} INFO - Setting next_dagrun for example_task_group_decorator to 2025-01-23T05:46:22.380466+00:00, run_after=2025-01-24T05:46:22.380466+00:00
[2025-01-24T05:46:22.391+0000] {processor.py:179} INFO - Processing /home/airflow/.local/lib/python3.8/site-packages/airflow/example_dags/example_task_group_decorator.py took 0.051 seconds
[2025-01-24T05:46:52.987+0000] {processor.py:157} INFO - Started process (PID=166) to work on /home/airflow/.local/lib/python3.8/site-packages/airflow/example_dags/example_task_group_decorator.py
[2025-01-24T05:46:52.991+0000] {processor.py:829} INFO - Processing file /home/airflow/.local/lib/python3.8/site-packages/airflow/example_dags/example_task_group_decorator.py for tasks to queue
[2025-01-24T05:46:52.992+0000] {logging_mixin.py:151} INFO - [2025-01-24T05:46:52.992+0000] {dagbag.py:539} INFO - Filling up the DagBag from /home/airflow/.local/lib/python3.8/site-packages/airflow/example_dags/example_task_group_decorator.py
[2025-01-24T05:46:53.003+0000] {processor.py:839} INFO - DAG(s) dict_keys(['example_task_group_decorator']) retrieved from /home/airflow/.local/lib/python3.8/site-packages/airflow/example_dags/example_task_group_decorator.py
[2025-01-24T05:46:53.017+0000] {logging_mixin.py:151} INFO - [2025-01-24T05:46:53.017+0000] {dag.py:2915} INFO - Sync 1 DAGs
[2025-01-24T05:46:53.031+0000] {logging_mixin.py:151} INFO - [2025-01-24T05:46:53.031+0000] {dag.py:3696} INFO - Setting next_dagrun for example_task_group_decorator to 2025-01-23T05:46:53.031132+00:00, run_after=2025-01-24T05:46:53.031132+00:00
[2025-01-24T05:46:53.040+0000] {processor.py:179} INFO - Processing /home/airflow/.local/lib/python3.8/site-packages/airflow/example_dags/example_task_group_decorator.py took 0.055 seconds
[2025-01-24T05:47:23.685+0000] {processor.py:157} INFO - Started process (PID=220) to work on /home/airflow/.local/lib/python3.8/site-packages/airflow/example_dags/example_task_group_decorator.py
[2025-01-24T05:47:23.686+0000] {processor.py:829} INFO - Processing file /home/airflow/.local/lib/python3.8/site-packages/airflow/example_dags/example_task_group_decorator.py for tasks to queue
[2025-01-24T05:47:23.687+0000] {logging_mixin.py:151} INFO - [2025-01-24T05:47:23.687+0000] {dagbag.py:539} INFO - Filling up the DagBag from /home/airflow/.local/lib/python3.8/site-packages/airflow/example_dags/example_task_group_decorator.py
[2025-01-24T05:47:23.694+0000] {processor.py:839} INFO - DAG(s) dict_keys(['example_task_group_decorator']) retrieved from /home/airflow/.local/lib/python3.8/site-packages/airflow/example_dags/example_task_group_decorator.py
[2025-01-24T05:47:23.708+0000] {logging_mixin.py:151} INFO - [2025-01-24T05:47:23.708+0000] {dag.py:2915} INFO - Sync 1 DAGs
[2025-01-24T05:47:23.719+0000] {logging_mixin.py:151} INFO - [2025-01-24T05:47:23.719+0000] {dag.py:3696} INFO - Setting next_dagrun for example_task_group_decorator to 2025-01-23T05:47:23.719031+00:00, run_after=2025-01-24T05:47:23.719031+00:00
[2025-01-24T05:47:23.728+0000] {processor.py:179} INFO - Processing /home/airflow/.local/lib/python3.8/site-packages/airflow/example_dags/example_task_group_decorator.py took 0.044 seconds
[2025-01-24T05:47:54.412+0000] {processor.py:157} INFO - Started process (PID=274) to work on /home/airflow/.local/lib/python3.8/site-packages/airflow/example_dags/example_task_group_decorator.py
[2025-01-24T05:47:54.413+0000] {processor.py:829} INFO - Processing file /home/airflow/.local/lib/python3.8/site-packages/airflow/example_dags/example_task_group_decorator.py for tasks to queue
[2025-01-24T05:47:54.415+0000] {logging_mixin.py:151} INFO - [2025-01-24T05:47:54.414+0000] {dagbag.py:539} INFO - Filling up the DagBag from /home/airflow/.local/lib/python3.8/site-packages/airflow/example_dags/example_task_group_decorator.py
[2025-01-24T05:47:54.421+0000] {processor.py:839} INFO - DAG(s) dict_keys(['example_task_group_decorator']) retrieved from /home/airflow/.local/lib/python3.8/site-packages/airflow/example_dags/example_task_group_decorator.py
[2025-01-24T05:47:54.433+0000] {logging_mixin.py:151} INFO - [2025-01-24T05:47:54.433+0000] {dag.py:2915} INFO - Sync 1 DAGs
[2025-01-24T05:47:54.443+0000] {logging_mixin.py:151} INFO - [2025-01-24T05:47:54.443+0000] {dag.py:3696} INFO - Setting next_dagrun for example_task_group_decorator to 2025-01-23T05:47:54.443607+00:00, run_after=2025-01-24T05:47:54.443607+00:00
[2025-01-24T05:47:54.452+0000] {processor.py:179} INFO - Processing /home/airflow/.local/lib/python3.8/site-packages/airflow/example_dags/example_task_group_decorator.py took 0.042 seconds
