[2025-01-24T05:37:30.166+0000] {processor.py:157} INFO - Started process (PID=50) to work on /home/airflow/.local/lib/python3.8/site-packages/airflow/example_dags/example_xcomargs.py
[2025-01-24T05:37:30.167+0000] {processor.py:829} INFO - Processing file /home/airflow/.local/lib/python3.8/site-packages/airflow/example_dags/example_xcomargs.py for tasks to queue
[2025-01-24T05:37:30.169+0000] {logging_mixin.py:151} INFO - [2025-01-24T05:37:30.169+0000] {dagbag.py:539} INFO - Filling up the DagBag from /home/airflow/.local/lib/python3.8/site-packages/airflow/example_dags/example_xcomargs.py
[2025-01-24T05:37:30.173+0000] {processor.py:839} INFO - DAG(s) dict_keys(['example_xcom_args', 'example_xcom_args_with_operators']) retrieved from /home/airflow/.local/lib/python3.8/site-packages/airflow/example_dags/example_xcomargs.py
[2025-01-24T05:37:30.190+0000] {logging_mixin.py:151} INFO - [2025-01-24T05:37:30.189+0000] {dag.py:2915} INFO - Sync 2 DAGs
[2025-01-24T05:37:30.196+0000] {logging_mixin.py:151} INFO - [2025-01-24T05:37:30.196+0000] {dag.py:3696} INFO - Setting next_dagrun for example_xcom_args to None, run_after=None
[2025-01-24T05:37:30.198+0000] {logging_mixin.py:151} INFO - [2025-01-24T05:37:30.198+0000] {dag.py:3696} INFO - Setting next_dagrun for example_xcom_args_with_operators to None, run_after=None
[2025-01-24T05:37:30.211+0000] {processor.py:179} INFO - Processing /home/airflow/.local/lib/python3.8/site-packages/airflow/example_dags/example_xcomargs.py took 0.048 seconds
[2025-01-24T05:38:00.466+0000] {processor.py:157} INFO - Started process (PID=104) to work on /home/airflow/.local/lib/python3.8/site-packages/airflow/example_dags/example_xcomargs.py
[2025-01-24T05:38:00.470+0000] {processor.py:829} INFO - Processing file /home/airflow/.local/lib/python3.8/site-packages/airflow/example_dags/example_xcomargs.py for tasks to queue
[2025-01-24T05:38:00.472+0000] {logging_mixin.py:151} INFO - [2025-01-24T05:38:00.472+0000] {dagbag.py:539} INFO - Filling up the DagBag from /home/airflow/.local/lib/python3.8/site-packages/airflow/example_dags/example_xcomargs.py
[2025-01-24T05:38:00.478+0000] {processor.py:839} INFO - DAG(s) dict_keys(['example_xcom_args_with_operators', 'example_xcom_args']) retrieved from /home/airflow/.local/lib/python3.8/site-packages/airflow/example_dags/example_xcomargs.py
[2025-01-24T05:38:00.492+0000] {logging_mixin.py:151} INFO - [2025-01-24T05:38:00.492+0000] {dag.py:2915} INFO - Sync 2 DAGs
[2025-01-24T05:38:00.499+0000] {logging_mixin.py:151} INFO - [2025-01-24T05:38:00.499+0000] {dag.py:3696} INFO - Setting next_dagrun for example_xcom_args to None, run_after=None
[2025-01-24T05:38:00.501+0000] {logging_mixin.py:151} INFO - [2025-01-24T05:38:00.501+0000] {dag.py:3696} INFO - Setting next_dagrun for example_xcom_args_with_operators to None, run_after=None
[2025-01-24T05:38:00.510+0000] {processor.py:179} INFO - Processing /home/airflow/.local/lib/python3.8/site-packages/airflow/example_dags/example_xcomargs.py took 0.047 seconds
[2025-01-24T05:38:31.282+0000] {processor.py:157} INFO - Started process (PID=158) to work on /home/airflow/.local/lib/python3.8/site-packages/airflow/example_dags/example_xcomargs.py
[2025-01-24T05:38:31.282+0000] {processor.py:829} INFO - Processing file /home/airflow/.local/lib/python3.8/site-packages/airflow/example_dags/example_xcomargs.py for tasks to queue
[2025-01-24T05:38:31.284+0000] {logging_mixin.py:151} INFO - [2025-01-24T05:38:31.283+0000] {dagbag.py:539} INFO - Filling up the DagBag from /home/airflow/.local/lib/python3.8/site-packages/airflow/example_dags/example_xcomargs.py
[2025-01-24T05:38:31.288+0000] {processor.py:839} INFO - DAG(s) dict_keys(['example_xcom_args_with_operators', 'example_xcom_args']) retrieved from /home/airflow/.local/lib/python3.8/site-packages/airflow/example_dags/example_xcomargs.py
[2025-01-24T05:38:31.300+0000] {logging_mixin.py:151} INFO - [2025-01-24T05:38:31.300+0000] {dag.py:2915} INFO - Sync 2 DAGs
[2025-01-24T05:38:31.307+0000] {logging_mixin.py:151} INFO - [2025-01-24T05:38:31.307+0000] {dag.py:3696} INFO - Setting next_dagrun for example_xcom_args to None, run_after=None
[2025-01-24T05:38:31.309+0000] {logging_mixin.py:151} INFO - [2025-01-24T05:38:31.309+0000] {dag.py:3696} INFO - Setting next_dagrun for example_xcom_args_with_operators to None, run_after=None
[2025-01-24T05:38:31.317+0000] {processor.py:179} INFO - Processing /home/airflow/.local/lib/python3.8/site-packages/airflow/example_dags/example_xcomargs.py took 0.037 seconds
[2025-01-24T05:39:02.108+0000] {processor.py:157} INFO - Started process (PID=211) to work on /home/airflow/.local/lib/python3.8/site-packages/airflow/example_dags/example_xcomargs.py
[2025-01-24T05:39:02.108+0000] {processor.py:829} INFO - Processing file /home/airflow/.local/lib/python3.8/site-packages/airflow/example_dags/example_xcomargs.py for tasks to queue
[2025-01-24T05:39:02.109+0000] {logging_mixin.py:151} INFO - [2025-01-24T05:39:02.109+0000] {dagbag.py:539} INFO - Filling up the DagBag from /home/airflow/.local/lib/python3.8/site-packages/airflow/example_dags/example_xcomargs.py
[2025-01-24T05:39:02.114+0000] {processor.py:839} INFO - DAG(s) dict_keys(['example_xcom_args', 'example_xcom_args_with_operators']) retrieved from /home/airflow/.local/lib/python3.8/site-packages/airflow/example_dags/example_xcomargs.py
[2025-01-24T05:39:02.128+0000] {logging_mixin.py:151} INFO - [2025-01-24T05:39:02.128+0000] {dag.py:2915} INFO - Sync 2 DAGs
[2025-01-24T05:39:02.134+0000] {logging_mixin.py:151} INFO - [2025-01-24T05:39:02.134+0000] {dag.py:3696} INFO - Setting next_dagrun for example_xcom_args to None, run_after=None
[2025-01-24T05:39:02.136+0000] {logging_mixin.py:151} INFO - [2025-01-24T05:39:02.136+0000] {dag.py:3696} INFO - Setting next_dagrun for example_xcom_args_with_operators to None, run_after=None
[2025-01-24T05:39:02.145+0000] {processor.py:179} INFO - Processing /home/airflow/.local/lib/python3.8/site-packages/airflow/example_dags/example_xcomargs.py took 0.040 seconds
[2025-01-24T05:39:32.271+0000] {processor.py:157} INFO - Started process (PID=265) to work on /home/airflow/.local/lib/python3.8/site-packages/airflow/example_dags/example_xcomargs.py
[2025-01-24T05:39:32.271+0000] {processor.py:829} INFO - Processing file /home/airflow/.local/lib/python3.8/site-packages/airflow/example_dags/example_xcomargs.py for tasks to queue
[2025-01-24T05:39:32.273+0000] {logging_mixin.py:151} INFO - [2025-01-24T05:39:32.272+0000] {dagbag.py:539} INFO - Filling up the DagBag from /home/airflow/.local/lib/python3.8/site-packages/airflow/example_dags/example_xcomargs.py
[2025-01-24T05:39:32.276+0000] {processor.py:839} INFO - DAG(s) dict_keys(['example_xcom_args', 'example_xcom_args_with_operators']) retrieved from /home/airflow/.local/lib/python3.8/site-packages/airflow/example_dags/example_xcomargs.py
[2025-01-24T05:39:32.289+0000] {logging_mixin.py:151} INFO - [2025-01-24T05:39:32.289+0000] {dag.py:2915} INFO - Sync 2 DAGs
[2025-01-24T05:39:32.295+0000] {logging_mixin.py:151} INFO - [2025-01-24T05:39:32.295+0000] {dag.py:3696} INFO - Setting next_dagrun for example_xcom_args to None, run_after=None
[2025-01-24T05:39:32.296+0000] {logging_mixin.py:151} INFO - [2025-01-24T05:39:32.296+0000] {dag.py:3696} INFO - Setting next_dagrun for example_xcom_args_with_operators to None, run_after=None
[2025-01-24T05:39:32.303+0000] {processor.py:179} INFO - Processing /home/airflow/.local/lib/python3.8/site-packages/airflow/example_dags/example_xcomargs.py took 0.034 seconds
[2025-01-24T05:40:03.329+0000] {processor.py:157} INFO - Started process (PID=319) to work on /home/airflow/.local/lib/python3.8/site-packages/airflow/example_dags/example_xcomargs.py
[2025-01-24T05:40:03.329+0000] {processor.py:829} INFO - Processing file /home/airflow/.local/lib/python3.8/site-packages/airflow/example_dags/example_xcomargs.py for tasks to queue
[2025-01-24T05:40:03.331+0000] {logging_mixin.py:151} INFO - [2025-01-24T05:40:03.330+0000] {dagbag.py:539} INFO - Filling up the DagBag from /home/airflow/.local/lib/python3.8/site-packages/airflow/example_dags/example_xcomargs.py
[2025-01-24T05:40:03.335+0000] {processor.py:839} INFO - DAG(s) dict_keys(['example_xcom_args_with_operators', 'example_xcom_args']) retrieved from /home/airflow/.local/lib/python3.8/site-packages/airflow/example_dags/example_xcomargs.py
[2025-01-24T05:40:03.347+0000] {logging_mixin.py:151} INFO - [2025-01-24T05:40:03.347+0000] {dag.py:2915} INFO - Sync 2 DAGs
[2025-01-24T05:40:03.353+0000] {logging_mixin.py:151} INFO - [2025-01-24T05:40:03.353+0000] {dag.py:3696} INFO - Setting next_dagrun for example_xcom_args to None, run_after=None
[2025-01-24T05:40:03.355+0000] {logging_mixin.py:151} INFO - [2025-01-24T05:40:03.354+0000] {dag.py:3696} INFO - Setting next_dagrun for example_xcom_args_with_operators to None, run_after=None
[2025-01-24T05:40:03.362+0000] {processor.py:179} INFO - Processing /home/airflow/.local/lib/python3.8/site-packages/airflow/example_dags/example_xcomargs.py took 0.035 seconds
[2025-01-24T05:40:34.089+0000] {processor.py:157} INFO - Started process (PID=380) to work on /home/airflow/.local/lib/python3.8/site-packages/airflow/example_dags/example_xcomargs.py
[2025-01-24T05:40:34.090+0000] {processor.py:829} INFO - Processing file /home/airflow/.local/lib/python3.8/site-packages/airflow/example_dags/example_xcomargs.py for tasks to queue
[2025-01-24T05:40:34.091+0000] {logging_mixin.py:151} INFO - [2025-01-24T05:40:34.091+0000] {dagbag.py:539} INFO - Filling up the DagBag from /home/airflow/.local/lib/python3.8/site-packages/airflow/example_dags/example_xcomargs.py
[2025-01-24T05:40:34.096+0000] {processor.py:839} INFO - DAG(s) dict_keys(['example_xcom_args', 'example_xcom_args_with_operators']) retrieved from /home/airflow/.local/lib/python3.8/site-packages/airflow/example_dags/example_xcomargs.py
[2025-01-24T05:40:34.118+0000] {logging_mixin.py:151} INFO - [2025-01-24T05:40:34.118+0000] {dag.py:2915} INFO - Sync 2 DAGs
[2025-01-24T05:40:34.125+0000] {logging_mixin.py:151} INFO - [2025-01-24T05:40:34.125+0000] {dag.py:3696} INFO - Setting next_dagrun for example_xcom_args to None, run_after=None
[2025-01-24T05:40:34.127+0000] {logging_mixin.py:151} INFO - [2025-01-24T05:40:34.127+0000] {dag.py:3696} INFO - Setting next_dagrun for example_xcom_args_with_operators to None, run_after=None
[2025-01-24T05:40:34.137+0000] {processor.py:179} INFO - Processing /home/airflow/.local/lib/python3.8/site-packages/airflow/example_dags/example_xcomargs.py took 0.049 seconds
[2025-01-24T05:41:04.811+0000] {processor.py:157} INFO - Started process (PID=434) to work on /home/airflow/.local/lib/python3.8/site-packages/airflow/example_dags/example_xcomargs.py
[2025-01-24T05:41:04.812+0000] {processor.py:829} INFO - Processing file /home/airflow/.local/lib/python3.8/site-packages/airflow/example_dags/example_xcomargs.py for tasks to queue
[2025-01-24T05:41:04.813+0000] {logging_mixin.py:151} INFO - [2025-01-24T05:41:04.813+0000] {dagbag.py:539} INFO - Filling up the DagBag from /home/airflow/.local/lib/python3.8/site-packages/airflow/example_dags/example_xcomargs.py
[2025-01-24T05:41:04.818+0000] {processor.py:839} INFO - DAG(s) dict_keys(['example_xcom_args_with_operators', 'example_xcom_args']) retrieved from /home/airflow/.local/lib/python3.8/site-packages/airflow/example_dags/example_xcomargs.py
[2025-01-24T05:41:04.831+0000] {logging_mixin.py:151} INFO - [2025-01-24T05:41:04.831+0000] {dag.py:2915} INFO - Sync 2 DAGs
[2025-01-24T05:41:04.844+0000] {logging_mixin.py:151} INFO - [2025-01-24T05:41:04.844+0000] {dag.py:3696} INFO - Setting next_dagrun for example_xcom_args to None, run_after=None
[2025-01-24T05:41:04.846+0000] {logging_mixin.py:151} INFO - [2025-01-24T05:41:04.846+0000] {dag.py:3696} INFO - Setting next_dagrun for example_xcom_args_with_operators to None, run_after=None
[2025-01-24T05:41:04.853+0000] {processor.py:179} INFO - Processing /home/airflow/.local/lib/python3.8/site-packages/airflow/example_dags/example_xcomargs.py took 0.044 seconds
[2025-01-24T05:41:35.601+0000] {processor.py:157} INFO - Started process (PID=488) to work on /home/airflow/.local/lib/python3.8/site-packages/airflow/example_dags/example_xcomargs.py
[2025-01-24T05:41:35.602+0000] {processor.py:829} INFO - Processing file /home/airflow/.local/lib/python3.8/site-packages/airflow/example_dags/example_xcomargs.py for tasks to queue
[2025-01-24T05:41:35.603+0000] {logging_mixin.py:151} INFO - [2025-01-24T05:41:35.603+0000] {dagbag.py:539} INFO - Filling up the DagBag from /home/airflow/.local/lib/python3.8/site-packages/airflow/example_dags/example_xcomargs.py
[2025-01-24T05:41:35.607+0000] {processor.py:839} INFO - DAG(s) dict_keys(['example_xcom_args', 'example_xcom_args_with_operators']) retrieved from /home/airflow/.local/lib/python3.8/site-packages/airflow/example_dags/example_xcomargs.py
[2025-01-24T05:41:35.621+0000] {logging_mixin.py:151} INFO - [2025-01-24T05:41:35.621+0000] {dag.py:2915} INFO - Sync 2 DAGs
[2025-01-24T05:41:35.628+0000] {logging_mixin.py:151} INFO - [2025-01-24T05:41:35.628+0000] {dag.py:3696} INFO - Setting next_dagrun for example_xcom_args to None, run_after=None
[2025-01-24T05:41:35.629+0000] {logging_mixin.py:151} INFO - [2025-01-24T05:41:35.629+0000] {dag.py:3696} INFO - Setting next_dagrun for example_xcom_args_with_operators to None, run_after=None
[2025-01-24T05:41:35.639+0000] {processor.py:179} INFO - Processing /home/airflow/.local/lib/python3.8/site-packages/airflow/example_dags/example_xcomargs.py took 0.040 seconds
[2025-01-24T05:42:06.261+0000] {processor.py:157} INFO - Started process (PID=541) to work on /home/airflow/.local/lib/python3.8/site-packages/airflow/example_dags/example_xcomargs.py
[2025-01-24T05:42:06.262+0000] {processor.py:829} INFO - Processing file /home/airflow/.local/lib/python3.8/site-packages/airflow/example_dags/example_xcomargs.py for tasks to queue
[2025-01-24T05:42:06.263+0000] {logging_mixin.py:151} INFO - [2025-01-24T05:42:06.263+0000] {dagbag.py:539} INFO - Filling up the DagBag from /home/airflow/.local/lib/python3.8/site-packages/airflow/example_dags/example_xcomargs.py
[2025-01-24T05:42:06.267+0000] {processor.py:839} INFO - DAG(s) dict_keys(['example_xcom_args_with_operators', 'example_xcom_args']) retrieved from /home/airflow/.local/lib/python3.8/site-packages/airflow/example_dags/example_xcomargs.py
[2025-01-24T05:42:06.281+0000] {logging_mixin.py:151} INFO - [2025-01-24T05:42:06.281+0000] {dag.py:2915} INFO - Sync 2 DAGs
[2025-01-24T05:42:06.288+0000] {logging_mixin.py:151} INFO - [2025-01-24T05:42:06.287+0000] {dag.py:3696} INFO - Setting next_dagrun for example_xcom_args to None, run_after=None
[2025-01-24T05:42:06.289+0000] {logging_mixin.py:151} INFO - [2025-01-24T05:42:06.289+0000] {dag.py:3696} INFO - Setting next_dagrun for example_xcom_args_with_operators to None, run_after=None
[2025-01-24T05:42:06.300+0000] {processor.py:179} INFO - Processing /home/airflow/.local/lib/python3.8/site-packages/airflow/example_dags/example_xcomargs.py took 0.039 seconds
[2025-01-24T05:42:37.028+0000] {processor.py:157} INFO - Started process (PID=595) to work on /home/airflow/.local/lib/python3.8/site-packages/airflow/example_dags/example_xcomargs.py
[2025-01-24T05:42:37.028+0000] {processor.py:829} INFO - Processing file /home/airflow/.local/lib/python3.8/site-packages/airflow/example_dags/example_xcomargs.py for tasks to queue
[2025-01-24T05:42:37.029+0000] {logging_mixin.py:151} INFO - [2025-01-24T05:42:37.029+0000] {dagbag.py:539} INFO - Filling up the DagBag from /home/airflow/.local/lib/python3.8/site-packages/airflow/example_dags/example_xcomargs.py
[2025-01-24T05:42:37.033+0000] {processor.py:839} INFO - DAG(s) dict_keys(['example_xcom_args_with_operators', 'example_xcom_args']) retrieved from /home/airflow/.local/lib/python3.8/site-packages/airflow/example_dags/example_xcomargs.py
[2025-01-24T05:42:37.047+0000] {logging_mixin.py:151} INFO - [2025-01-24T05:42:37.047+0000] {dag.py:2915} INFO - Sync 2 DAGs
[2025-01-24T05:42:37.053+0000] {logging_mixin.py:151} INFO - [2025-01-24T05:42:37.053+0000] {dag.py:3696} INFO - Setting next_dagrun for example_xcom_args to None, run_after=None
[2025-01-24T05:42:37.056+0000] {logging_mixin.py:151} INFO - [2025-01-24T05:42:37.056+0000] {dag.py:3696} INFO - Setting next_dagrun for example_xcom_args_with_operators to None, run_after=None
[2025-01-24T05:42:37.066+0000] {processor.py:179} INFO - Processing /home/airflow/.local/lib/python3.8/site-packages/airflow/example_dags/example_xcomargs.py took 0.041 seconds
[2025-01-24T05:43:07.649+0000] {processor.py:157} INFO - Started process (PID=649) to work on /home/airflow/.local/lib/python3.8/site-packages/airflow/example_dags/example_xcomargs.py
[2025-01-24T05:43:07.651+0000] {processor.py:829} INFO - Processing file /home/airflow/.local/lib/python3.8/site-packages/airflow/example_dags/example_xcomargs.py for tasks to queue
[2025-01-24T05:43:07.652+0000] {logging_mixin.py:151} INFO - [2025-01-24T05:43:07.652+0000] {dagbag.py:539} INFO - Filling up the DagBag from /home/airflow/.local/lib/python3.8/site-packages/airflow/example_dags/example_xcomargs.py
[2025-01-24T05:43:07.657+0000] {processor.py:839} INFO - DAG(s) dict_keys(['example_xcom_args_with_operators', 'example_xcom_args']) retrieved from /home/airflow/.local/lib/python3.8/site-packages/airflow/example_dags/example_xcomargs.py
[2025-01-24T05:43:07.670+0000] {logging_mixin.py:151} INFO - [2025-01-24T05:43:07.670+0000] {dag.py:2915} INFO - Sync 2 DAGs
[2025-01-24T05:43:07.678+0000] {logging_mixin.py:151} INFO - [2025-01-24T05:43:07.677+0000] {dag.py:3696} INFO - Setting next_dagrun for example_xcom_args to None, run_after=None
[2025-01-24T05:43:07.680+0000] {logging_mixin.py:151} INFO - [2025-01-24T05:43:07.680+0000] {dag.py:3696} INFO - Setting next_dagrun for example_xcom_args_with_operators to None, run_after=None
[2025-01-24T05:43:07.691+0000] {processor.py:179} INFO - Processing /home/airflow/.local/lib/python3.8/site-packages/airflow/example_dags/example_xcomargs.py took 0.045 seconds
[2025-01-24T05:43:38.483+0000] {processor.py:157} INFO - Started process (PID=702) to work on /home/airflow/.local/lib/python3.8/site-packages/airflow/example_dags/example_xcomargs.py
[2025-01-24T05:43:38.484+0000] {processor.py:829} INFO - Processing file /home/airflow/.local/lib/python3.8/site-packages/airflow/example_dags/example_xcomargs.py for tasks to queue
[2025-01-24T05:43:38.485+0000] {logging_mixin.py:151} INFO - [2025-01-24T05:43:38.485+0000] {dagbag.py:539} INFO - Filling up the DagBag from /home/airflow/.local/lib/python3.8/site-packages/airflow/example_dags/example_xcomargs.py
[2025-01-24T05:43:38.490+0000] {processor.py:839} INFO - DAG(s) dict_keys(['example_xcom_args', 'example_xcom_args_with_operators']) retrieved from /home/airflow/.local/lib/python3.8/site-packages/airflow/example_dags/example_xcomargs.py
[2025-01-24T05:43:38.504+0000] {logging_mixin.py:151} INFO - [2025-01-24T05:43:38.503+0000] {dag.py:2915} INFO - Sync 2 DAGs
[2025-01-24T05:43:38.511+0000] {logging_mixin.py:151} INFO - [2025-01-24T05:43:38.511+0000] {dag.py:3696} INFO - Setting next_dagrun for example_xcom_args to None, run_after=None
[2025-01-24T05:43:38.513+0000] {logging_mixin.py:151} INFO - [2025-01-24T05:43:38.513+0000] {dag.py:3696} INFO - Setting next_dagrun for example_xcom_args_with_operators to None, run_after=None
[2025-01-24T05:43:38.521+0000] {processor.py:179} INFO - Processing /home/airflow/.local/lib/python3.8/site-packages/airflow/example_dags/example_xcomargs.py took 0.040 seconds
[2025-01-24T05:44:09.166+0000] {processor.py:157} INFO - Started process (PID=756) to work on /home/airflow/.local/lib/python3.8/site-packages/airflow/example_dags/example_xcomargs.py
[2025-01-24T05:44:09.166+0000] {processor.py:829} INFO - Processing file /home/airflow/.local/lib/python3.8/site-packages/airflow/example_dags/example_xcomargs.py for tasks to queue
[2025-01-24T05:44:09.167+0000] {logging_mixin.py:151} INFO - [2025-01-24T05:44:09.167+0000] {dagbag.py:539} INFO - Filling up the DagBag from /home/airflow/.local/lib/python3.8/site-packages/airflow/example_dags/example_xcomargs.py
[2025-01-24T05:44:09.172+0000] {processor.py:839} INFO - DAG(s) dict_keys(['example_xcom_args', 'example_xcom_args_with_operators']) retrieved from /home/airflow/.local/lib/python3.8/site-packages/airflow/example_dags/example_xcomargs.py
[2025-01-24T05:44:09.186+0000] {logging_mixin.py:151} INFO - [2025-01-24T05:44:09.186+0000] {dag.py:2915} INFO - Sync 2 DAGs
[2025-01-24T05:44:09.194+0000] {logging_mixin.py:151} INFO - [2025-01-24T05:44:09.194+0000] {dag.py:3696} INFO - Setting next_dagrun for example_xcom_args to None, run_after=None
[2025-01-24T05:44:09.197+0000] {logging_mixin.py:151} INFO - [2025-01-24T05:44:09.197+0000] {dag.py:3696} INFO - Setting next_dagrun for example_xcom_args_with_operators to None, run_after=None
[2025-01-24T05:44:09.208+0000] {processor.py:179} INFO - Processing /home/airflow/.local/lib/python3.8/site-packages/airflow/example_dags/example_xcomargs.py took 0.044 seconds
[2025-01-24T05:44:39.314+0000] {processor.py:157} INFO - Started process (PID=810) to work on /home/airflow/.local/lib/python3.8/site-packages/airflow/example_dags/example_xcomargs.py
[2025-01-24T05:44:39.314+0000] {processor.py:829} INFO - Processing file /home/airflow/.local/lib/python3.8/site-packages/airflow/example_dags/example_xcomargs.py for tasks to queue
[2025-01-24T05:44:39.315+0000] {logging_mixin.py:151} INFO - [2025-01-24T05:44:39.315+0000] {dagbag.py:539} INFO - Filling up the DagBag from /home/airflow/.local/lib/python3.8/site-packages/airflow/example_dags/example_xcomargs.py
[2025-01-24T05:44:39.320+0000] {processor.py:839} INFO - DAG(s) dict_keys(['example_xcom_args', 'example_xcom_args_with_operators']) retrieved from /home/airflow/.local/lib/python3.8/site-packages/airflow/example_dags/example_xcomargs.py
[2025-01-24T05:44:39.333+0000] {logging_mixin.py:151} INFO - [2025-01-24T05:44:39.333+0000] {dag.py:2915} INFO - Sync 2 DAGs
[2025-01-24T05:44:39.341+0000] {logging_mixin.py:151} INFO - [2025-01-24T05:44:39.341+0000] {dag.py:3696} INFO - Setting next_dagrun for example_xcom_args to None, run_after=None
[2025-01-24T05:44:39.346+0000] {logging_mixin.py:151} INFO - [2025-01-24T05:44:39.346+0000] {dag.py:3696} INFO - Setting next_dagrun for example_xcom_args_with_operators to None, run_after=None
[2025-01-24T05:44:39.360+0000] {processor.py:179} INFO - Processing /home/airflow/.local/lib/python3.8/site-packages/airflow/example_dags/example_xcomargs.py took 0.048 seconds
[2025-01-24T05:45:10.071+0000] {processor.py:157} INFO - Started process (PID=864) to work on /home/airflow/.local/lib/python3.8/site-packages/airflow/example_dags/example_xcomargs.py
[2025-01-24T05:45:10.071+0000] {processor.py:829} INFO - Processing file /home/airflow/.local/lib/python3.8/site-packages/airflow/example_dags/example_xcomargs.py for tasks to queue
[2025-01-24T05:45:10.072+0000] {logging_mixin.py:151} INFO - [2025-01-24T05:45:10.072+0000] {dagbag.py:539} INFO - Filling up the DagBag from /home/airflow/.local/lib/python3.8/site-packages/airflow/example_dags/example_xcomargs.py
[2025-01-24T05:45:10.077+0000] {processor.py:839} INFO - DAG(s) dict_keys(['example_xcom_args_with_operators', 'example_xcom_args']) retrieved from /home/airflow/.local/lib/python3.8/site-packages/airflow/example_dags/example_xcomargs.py
[2025-01-24T05:45:10.091+0000] {logging_mixin.py:151} INFO - [2025-01-24T05:45:10.091+0000] {dag.py:2915} INFO - Sync 2 DAGs
[2025-01-24T05:45:10.098+0000] {logging_mixin.py:151} INFO - [2025-01-24T05:45:10.097+0000] {dag.py:3696} INFO - Setting next_dagrun for example_xcom_args to None, run_after=None
[2025-01-24T05:45:10.101+0000] {logging_mixin.py:151} INFO - [2025-01-24T05:45:10.101+0000] {dag.py:3696} INFO - Setting next_dagrun for example_xcom_args_with_operators to None, run_after=None
[2025-01-24T05:45:10.114+0000] {processor.py:179} INFO - Processing /home/airflow/.local/lib/python3.8/site-packages/airflow/example_dags/example_xcomargs.py took 0.046 seconds
[2025-01-24T05:45:51.461+0000] {processor.py:157} INFO - Started process (PID=48) to work on /home/airflow/.local/lib/python3.8/site-packages/airflow/example_dags/example_xcomargs.py
[2025-01-24T05:45:51.462+0000] {processor.py:829} INFO - Processing file /home/airflow/.local/lib/python3.8/site-packages/airflow/example_dags/example_xcomargs.py for tasks to queue
[2025-01-24T05:45:51.463+0000] {logging_mixin.py:151} INFO - [2025-01-24T05:45:51.463+0000] {dagbag.py:539} INFO - Filling up the DagBag from /home/airflow/.local/lib/python3.8/site-packages/airflow/example_dags/example_xcomargs.py
[2025-01-24T05:45:51.469+0000] {processor.py:839} INFO - DAG(s) dict_keys(['example_xcom_args_with_operators', 'example_xcom_args']) retrieved from /home/airflow/.local/lib/python3.8/site-packages/airflow/example_dags/example_xcomargs.py
[2025-01-24T05:45:51.478+0000] {logging_mixin.py:151} INFO - [2025-01-24T05:45:51.478+0000] {dag.py:2915} INFO - Sync 2 DAGs
[2025-01-24T05:45:51.486+0000] {logging_mixin.py:151} INFO - [2025-01-24T05:45:51.486+0000] {dag.py:3696} INFO - Setting next_dagrun for example_xcom_args to None, run_after=None
[2025-01-24T05:45:51.488+0000] {logging_mixin.py:151} INFO - [2025-01-24T05:45:51.488+0000] {dag.py:3696} INFO - Setting next_dagrun for example_xcom_args_with_operators to None, run_after=None
[2025-01-24T05:45:51.499+0000] {processor.py:179} INFO - Processing /home/airflow/.local/lib/python3.8/site-packages/airflow/example_dags/example_xcomargs.py took 0.039 seconds
[2025-01-24T05:46:21.994+0000] {processor.py:157} INFO - Started process (PID=102) to work on /home/airflow/.local/lib/python3.8/site-packages/airflow/example_dags/example_xcomargs.py
[2025-01-24T05:46:21.997+0000] {processor.py:829} INFO - Processing file /home/airflow/.local/lib/python3.8/site-packages/airflow/example_dags/example_xcomargs.py for tasks to queue
[2025-01-24T05:46:21.999+0000] {logging_mixin.py:151} INFO - [2025-01-24T05:46:21.998+0000] {dagbag.py:539} INFO - Filling up the DagBag from /home/airflow/.local/lib/python3.8/site-packages/airflow/example_dags/example_xcomargs.py
[2025-01-24T05:46:22.003+0000] {processor.py:839} INFO - DAG(s) dict_keys(['example_xcom_args', 'example_xcom_args_with_operators']) retrieved from /home/airflow/.local/lib/python3.8/site-packages/airflow/example_dags/example_xcomargs.py
[2025-01-24T05:46:22.016+0000] {logging_mixin.py:151} INFO - [2025-01-24T05:46:22.016+0000] {dag.py:2915} INFO - Sync 2 DAGs
[2025-01-24T05:46:22.022+0000] {logging_mixin.py:151} INFO - [2025-01-24T05:46:22.022+0000] {dag.py:3696} INFO - Setting next_dagrun for example_xcom_args to None, run_after=None
[2025-01-24T05:46:22.025+0000] {logging_mixin.py:151} INFO - [2025-01-24T05:46:22.025+0000] {dag.py:3696} INFO - Setting next_dagrun for example_xcom_args_with_operators to None, run_after=None
[2025-01-24T05:46:22.038+0000] {processor.py:179} INFO - Processing /home/airflow/.local/lib/python3.8/site-packages/airflow/example_dags/example_xcomargs.py took 0.045 seconds
[2025-01-24T05:46:52.694+0000] {processor.py:157} INFO - Started process (PID=156) to work on /home/airflow/.local/lib/python3.8/site-packages/airflow/example_dags/example_xcomargs.py
[2025-01-24T05:46:52.694+0000] {processor.py:829} INFO - Processing file /home/airflow/.local/lib/python3.8/site-packages/airflow/example_dags/example_xcomargs.py for tasks to queue
[2025-01-24T05:46:52.696+0000] {logging_mixin.py:151} INFO - [2025-01-24T05:46:52.696+0000] {dagbag.py:539} INFO - Filling up the DagBag from /home/airflow/.local/lib/python3.8/site-packages/airflow/example_dags/example_xcomargs.py
[2025-01-24T05:46:52.701+0000] {processor.py:839} INFO - DAG(s) dict_keys(['example_xcom_args', 'example_xcom_args_with_operators']) retrieved from /home/airflow/.local/lib/python3.8/site-packages/airflow/example_dags/example_xcomargs.py
[2025-01-24T05:46:52.713+0000] {logging_mixin.py:151} INFO - [2025-01-24T05:46:52.713+0000] {dag.py:2915} INFO - Sync 2 DAGs
[2025-01-24T05:46:52.719+0000] {logging_mixin.py:151} INFO - [2025-01-24T05:46:52.719+0000] {dag.py:3696} INFO - Setting next_dagrun for example_xcom_args to None, run_after=None
[2025-01-24T05:46:52.721+0000] {logging_mixin.py:151} INFO - [2025-01-24T05:46:52.721+0000] {dag.py:3696} INFO - Setting next_dagrun for example_xcom_args_with_operators to None, run_after=None
[2025-01-24T05:46:52.734+0000] {processor.py:179} INFO - Processing /home/airflow/.local/lib/python3.8/site-packages/airflow/example_dags/example_xcomargs.py took 0.042 seconds
[2025-01-24T05:47:23.372+0000] {processor.py:157} INFO - Started process (PID=210) to work on /home/airflow/.local/lib/python3.8/site-packages/airflow/example_dags/example_xcomargs.py
[2025-01-24T05:47:23.372+0000] {processor.py:829} INFO - Processing file /home/airflow/.local/lib/python3.8/site-packages/airflow/example_dags/example_xcomargs.py for tasks to queue
[2025-01-24T05:47:23.376+0000] {logging_mixin.py:151} INFO - [2025-01-24T05:47:23.376+0000] {dagbag.py:539} INFO - Filling up the DagBag from /home/airflow/.local/lib/python3.8/site-packages/airflow/example_dags/example_xcomargs.py
[2025-01-24T05:47:23.380+0000] {processor.py:839} INFO - DAG(s) dict_keys(['example_xcom_args_with_operators', 'example_xcom_args']) retrieved from /home/airflow/.local/lib/python3.8/site-packages/airflow/example_dags/example_xcomargs.py
[2025-01-24T05:47:23.394+0000] {logging_mixin.py:151} INFO - [2025-01-24T05:47:23.394+0000] {dag.py:2915} INFO - Sync 2 DAGs
[2025-01-24T05:47:23.400+0000] {logging_mixin.py:151} INFO - [2025-01-24T05:47:23.400+0000] {dag.py:3696} INFO - Setting next_dagrun for example_xcom_args to None, run_after=None
[2025-01-24T05:47:23.402+0000] {logging_mixin.py:151} INFO - [2025-01-24T05:47:23.402+0000] {dag.py:3696} INFO - Setting next_dagrun for example_xcom_args_with_operators to None, run_after=None
[2025-01-24T05:47:23.410+0000] {processor.py:179} INFO - Processing /home/airflow/.local/lib/python3.8/site-packages/airflow/example_dags/example_xcomargs.py took 0.040 seconds
[2025-01-24T05:47:54.123+0000] {processor.py:157} INFO - Started process (PID=264) to work on /home/airflow/.local/lib/python3.8/site-packages/airflow/example_dags/example_xcomargs.py
[2025-01-24T05:47:54.126+0000] {processor.py:829} INFO - Processing file /home/airflow/.local/lib/python3.8/site-packages/airflow/example_dags/example_xcomargs.py for tasks to queue
[2025-01-24T05:47:54.127+0000] {logging_mixin.py:151} INFO - [2025-01-24T05:47:54.127+0000] {dagbag.py:539} INFO - Filling up the DagBag from /home/airflow/.local/lib/python3.8/site-packages/airflow/example_dags/example_xcomargs.py
[2025-01-24T05:47:54.131+0000] {processor.py:839} INFO - DAG(s) dict_keys(['example_xcom_args', 'example_xcom_args_with_operators']) retrieved from /home/airflow/.local/lib/python3.8/site-packages/airflow/example_dags/example_xcomargs.py
[2025-01-24T05:47:54.143+0000] {logging_mixin.py:151} INFO - [2025-01-24T05:47:54.143+0000] {dag.py:2915} INFO - Sync 2 DAGs
[2025-01-24T05:47:54.149+0000] {logging_mixin.py:151} INFO - [2025-01-24T05:47:54.149+0000] {dag.py:3696} INFO - Setting next_dagrun for example_xcom_args to None, run_after=None
[2025-01-24T05:47:54.151+0000] {logging_mixin.py:151} INFO - [2025-01-24T05:47:54.151+0000] {dag.py:3696} INFO - Setting next_dagrun for example_xcom_args_with_operators to None, run_after=None
[2025-01-24T05:47:54.161+0000] {processor.py:179} INFO - Processing /home/airflow/.local/lib/python3.8/site-packages/airflow/example_dags/example_xcomargs.py took 0.039 seconds
