[2025-01-24T05:37:31.686+0000] {processor.py:157} INFO - Started process (PID=82) to work on /home/airflow/.local/lib/python3.8/site-packages/airflow/example_dags/example_external_task_marker_dag.py
[2025-01-24T05:37:31.687+0000] {processor.py:829} INFO - Processing file /home/airflow/.local/lib/python3.8/site-packages/airflow/example_dags/example_external_task_marker_dag.py for tasks to queue
[2025-01-24T05:37:31.689+0000] {logging_mixin.py:151} INFO - [2025-01-24T05:37:31.689+0000] {dagbag.py:539} INFO - Filling up the DagBag from /home/airflow/.local/lib/python3.8/site-packages/airflow/example_dags/example_external_task_marker_dag.py
[2025-01-24T05:37:31.693+0000] {processor.py:839} INFO - DAG(s) dict_keys(['example_external_task_marker_child', 'example_external_task_marker_parent']) retrieved from /home/airflow/.local/lib/python3.8/site-packages/airflow/example_dags/example_external_task_marker_dag.py
[2025-01-24T05:37:31.701+0000] {logging_mixin.py:151} INFO - [2025-01-24T05:37:31.701+0000] {dag.py:2915} INFO - Sync 2 DAGs
[2025-01-24T05:37:31.711+0000] {logging_mixin.py:151} INFO - [2025-01-24T05:37:31.711+0000] {dag.py:3696} INFO - Setting next_dagrun for example_external_task_marker_child to None, run_after=None
[2025-01-24T05:37:31.714+0000] {logging_mixin.py:151} INFO - [2025-01-24T05:37:31.713+0000] {dag.py:3696} INFO - Setting next_dagrun for example_external_task_marker_parent to None, run_after=None
[2025-01-24T05:37:31.729+0000] {processor.py:179} INFO - Processing /home/airflow/.local/lib/python3.8/site-packages/airflow/example_dags/example_external_task_marker_dag.py took 0.046 seconds
[2025-01-24T05:38:02.549+0000] {processor.py:157} INFO - Started process (PID=136) to work on /home/airflow/.local/lib/python3.8/site-packages/airflow/example_dags/example_external_task_marker_dag.py
[2025-01-24T05:38:02.550+0000] {processor.py:829} INFO - Processing file /home/airflow/.local/lib/python3.8/site-packages/airflow/example_dags/example_external_task_marker_dag.py for tasks to queue
[2025-01-24T05:38:02.551+0000] {logging_mixin.py:151} INFO - [2025-01-24T05:38:02.551+0000] {dagbag.py:539} INFO - Filling up the DagBag from /home/airflow/.local/lib/python3.8/site-packages/airflow/example_dags/example_external_task_marker_dag.py
[2025-01-24T05:38:02.555+0000] {processor.py:839} INFO - DAG(s) dict_keys(['example_external_task_marker_child', 'example_external_task_marker_parent']) retrieved from /home/airflow/.local/lib/python3.8/site-packages/airflow/example_dags/example_external_task_marker_dag.py
[2025-01-24T05:38:02.568+0000] {logging_mixin.py:151} INFO - [2025-01-24T05:38:02.568+0000] {dag.py:2915} INFO - Sync 2 DAGs
[2025-01-24T05:38:02.575+0000] {logging_mixin.py:151} INFO - [2025-01-24T05:38:02.575+0000] {dag.py:3696} INFO - Setting next_dagrun for example_external_task_marker_child to None, run_after=None
[2025-01-24T05:38:02.579+0000] {logging_mixin.py:151} INFO - [2025-01-24T05:38:02.579+0000] {dag.py:3696} INFO - Setting next_dagrun for example_external_task_marker_parent to None, run_after=None
[2025-01-24T05:38:02.588+0000] {processor.py:179} INFO - Processing /home/airflow/.local/lib/python3.8/site-packages/airflow/example_dags/example_external_task_marker_dag.py took 0.041 seconds
[2025-01-24T05:38:33.330+0000] {processor.py:157} INFO - Started process (PID=190) to work on /home/airflow/.local/lib/python3.8/site-packages/airflow/example_dags/example_external_task_marker_dag.py
[2025-01-24T05:38:33.331+0000] {processor.py:829} INFO - Processing file /home/airflow/.local/lib/python3.8/site-packages/airflow/example_dags/example_external_task_marker_dag.py for tasks to queue
[2025-01-24T05:38:33.332+0000] {logging_mixin.py:151} INFO - [2025-01-24T05:38:33.332+0000] {dagbag.py:539} INFO - Filling up the DagBag from /home/airflow/.local/lib/python3.8/site-packages/airflow/example_dags/example_external_task_marker_dag.py
[2025-01-24T05:38:33.335+0000] {processor.py:839} INFO - DAG(s) dict_keys(['example_external_task_marker_child', 'example_external_task_marker_parent']) retrieved from /home/airflow/.local/lib/python3.8/site-packages/airflow/example_dags/example_external_task_marker_dag.py
[2025-01-24T05:38:33.349+0000] {logging_mixin.py:151} INFO - [2025-01-24T05:38:33.348+0000] {dag.py:2915} INFO - Sync 2 DAGs
[2025-01-24T05:38:33.355+0000] {logging_mixin.py:151} INFO - [2025-01-24T05:38:33.355+0000] {dag.py:3696} INFO - Setting next_dagrun for example_external_task_marker_child to None, run_after=None
[2025-01-24T05:38:33.356+0000] {logging_mixin.py:151} INFO - [2025-01-24T05:38:33.356+0000] {dag.py:3696} INFO - Setting next_dagrun for example_external_task_marker_parent to None, run_after=None
[2025-01-24T05:38:33.364+0000] {processor.py:179} INFO - Processing /home/airflow/.local/lib/python3.8/site-packages/airflow/example_dags/example_external_task_marker_dag.py took 0.036 seconds
[2025-01-24T05:39:04.301+0000] {processor.py:157} INFO - Started process (PID=250) to work on /home/airflow/.local/lib/python3.8/site-packages/airflow/example_dags/example_external_task_marker_dag.py
[2025-01-24T05:39:04.304+0000] {processor.py:829} INFO - Processing file /home/airflow/.local/lib/python3.8/site-packages/airflow/example_dags/example_external_task_marker_dag.py for tasks to queue
[2025-01-24T05:39:04.306+0000] {logging_mixin.py:151} INFO - [2025-01-24T05:39:04.305+0000] {dagbag.py:539} INFO - Filling up the DagBag from /home/airflow/.local/lib/python3.8/site-packages/airflow/example_dags/example_external_task_marker_dag.py
[2025-01-24T05:39:04.309+0000] {processor.py:839} INFO - DAG(s) dict_keys(['example_external_task_marker_child', 'example_external_task_marker_parent']) retrieved from /home/airflow/.local/lib/python3.8/site-packages/airflow/example_dags/example_external_task_marker_dag.py
[2025-01-24T05:39:04.323+0000] {logging_mixin.py:151} INFO - [2025-01-24T05:39:04.323+0000] {dag.py:2915} INFO - Sync 2 DAGs
[2025-01-24T05:39:04.331+0000] {logging_mixin.py:151} INFO - [2025-01-24T05:39:04.331+0000] {dag.py:3696} INFO - Setting next_dagrun for example_external_task_marker_child to None, run_after=None
[2025-01-24T05:39:04.334+0000] {logging_mixin.py:151} INFO - [2025-01-24T05:39:04.334+0000] {dag.py:3696} INFO - Setting next_dagrun for example_external_task_marker_parent to None, run_after=None
[2025-01-24T05:39:04.347+0000] {processor.py:179} INFO - Processing /home/airflow/.local/lib/python3.8/site-packages/airflow/example_dags/example_external_task_marker_dag.py took 0.048 seconds
[2025-01-24T05:39:34.448+0000] {processor.py:157} INFO - Started process (PID=304) to work on /home/airflow/.local/lib/python3.8/site-packages/airflow/example_dags/example_external_task_marker_dag.py
[2025-01-24T05:39:34.451+0000] {processor.py:829} INFO - Processing file /home/airflow/.local/lib/python3.8/site-packages/airflow/example_dags/example_external_task_marker_dag.py for tasks to queue
[2025-01-24T05:39:34.453+0000] {logging_mixin.py:151} INFO - [2025-01-24T05:39:34.453+0000] {dagbag.py:539} INFO - Filling up the DagBag from /home/airflow/.local/lib/python3.8/site-packages/airflow/example_dags/example_external_task_marker_dag.py
[2025-01-24T05:39:34.457+0000] {processor.py:839} INFO - DAG(s) dict_keys(['example_external_task_marker_parent', 'example_external_task_marker_child']) retrieved from /home/airflow/.local/lib/python3.8/site-packages/airflow/example_dags/example_external_task_marker_dag.py
[2025-01-24T05:39:34.471+0000] {logging_mixin.py:151} INFO - [2025-01-24T05:39:34.471+0000] {dag.py:2915} INFO - Sync 2 DAGs
[2025-01-24T05:39:34.477+0000] {logging_mixin.py:151} INFO - [2025-01-24T05:39:34.477+0000] {dag.py:3696} INFO - Setting next_dagrun for example_external_task_marker_child to None, run_after=None
[2025-01-24T05:39:34.479+0000] {logging_mixin.py:151} INFO - [2025-01-24T05:39:34.479+0000] {dag.py:3696} INFO - Setting next_dagrun for example_external_task_marker_parent to None, run_after=None
[2025-01-24T05:39:34.491+0000] {processor.py:179} INFO - Processing /home/airflow/.local/lib/python3.8/site-packages/airflow/example_dags/example_external_task_marker_dag.py took 0.045 seconds
[2025-01-24T05:40:05.387+0000] {processor.py:157} INFO - Started process (PID=358) to work on /home/airflow/.local/lib/python3.8/site-packages/airflow/example_dags/example_external_task_marker_dag.py
[2025-01-24T05:40:05.387+0000] {processor.py:829} INFO - Processing file /home/airflow/.local/lib/python3.8/site-packages/airflow/example_dags/example_external_task_marker_dag.py for tasks to queue
[2025-01-24T05:40:05.388+0000] {logging_mixin.py:151} INFO - [2025-01-24T05:40:05.388+0000] {dagbag.py:539} INFO - Filling up the DagBag from /home/airflow/.local/lib/python3.8/site-packages/airflow/example_dags/example_external_task_marker_dag.py
[2025-01-24T05:40:05.392+0000] {processor.py:839} INFO - DAG(s) dict_keys(['example_external_task_marker_parent', 'example_external_task_marker_child']) retrieved from /home/airflow/.local/lib/python3.8/site-packages/airflow/example_dags/example_external_task_marker_dag.py
[2025-01-24T05:40:05.404+0000] {logging_mixin.py:151} INFO - [2025-01-24T05:40:05.404+0000] {dag.py:2915} INFO - Sync 2 DAGs
[2025-01-24T05:40:05.413+0000] {logging_mixin.py:151} INFO - [2025-01-24T05:40:05.412+0000] {dag.py:3696} INFO - Setting next_dagrun for example_external_task_marker_child to None, run_after=None
[2025-01-24T05:40:05.415+0000] {logging_mixin.py:151} INFO - [2025-01-24T05:40:05.415+0000] {dag.py:3696} INFO - Setting next_dagrun for example_external_task_marker_parent to None, run_after=None
[2025-01-24T05:40:05.423+0000] {processor.py:179} INFO - Processing /home/airflow/.local/lib/python3.8/site-packages/airflow/example_dags/example_external_task_marker_dag.py took 0.038 seconds
[2025-01-24T05:40:36.112+0000] {processor.py:157} INFO - Started process (PID=412) to work on /home/airflow/.local/lib/python3.8/site-packages/airflow/example_dags/example_external_task_marker_dag.py
[2025-01-24T05:40:36.113+0000] {processor.py:829} INFO - Processing file /home/airflow/.local/lib/python3.8/site-packages/airflow/example_dags/example_external_task_marker_dag.py for tasks to queue
[2025-01-24T05:40:36.114+0000] {logging_mixin.py:151} INFO - [2025-01-24T05:40:36.113+0000] {dagbag.py:539} INFO - Filling up the DagBag from /home/airflow/.local/lib/python3.8/site-packages/airflow/example_dags/example_external_task_marker_dag.py
[2025-01-24T05:40:36.117+0000] {processor.py:839} INFO - DAG(s) dict_keys(['example_external_task_marker_parent', 'example_external_task_marker_child']) retrieved from /home/airflow/.local/lib/python3.8/site-packages/airflow/example_dags/example_external_task_marker_dag.py
[2025-01-24T05:40:36.128+0000] {logging_mixin.py:151} INFO - [2025-01-24T05:40:36.128+0000] {dag.py:2915} INFO - Sync 2 DAGs
[2025-01-24T05:40:36.134+0000] {logging_mixin.py:151} INFO - [2025-01-24T05:40:36.134+0000] {dag.py:3696} INFO - Setting next_dagrun for example_external_task_marker_child to None, run_after=None
[2025-01-24T05:40:36.137+0000] {logging_mixin.py:151} INFO - [2025-01-24T05:40:36.136+0000] {dag.py:3696} INFO - Setting next_dagrun for example_external_task_marker_parent to None, run_after=None
[2025-01-24T05:40:36.148+0000] {processor.py:179} INFO - Processing /home/airflow/.local/lib/python3.8/site-packages/airflow/example_dags/example_external_task_marker_dag.py took 0.038 seconds
[2025-01-24T05:41:06.791+0000] {processor.py:157} INFO - Started process (PID=466) to work on /home/airflow/.local/lib/python3.8/site-packages/airflow/example_dags/example_external_task_marker_dag.py
[2025-01-24T05:41:06.792+0000] {processor.py:829} INFO - Processing file /home/airflow/.local/lib/python3.8/site-packages/airflow/example_dags/example_external_task_marker_dag.py for tasks to queue
[2025-01-24T05:41:06.793+0000] {logging_mixin.py:151} INFO - [2025-01-24T05:41:06.793+0000] {dagbag.py:539} INFO - Filling up the DagBag from /home/airflow/.local/lib/python3.8/site-packages/airflow/example_dags/example_external_task_marker_dag.py
[2025-01-24T05:41:06.796+0000] {processor.py:839} INFO - DAG(s) dict_keys(['example_external_task_marker_parent', 'example_external_task_marker_child']) retrieved from /home/airflow/.local/lib/python3.8/site-packages/airflow/example_dags/example_external_task_marker_dag.py
[2025-01-24T05:41:06.809+0000] {logging_mixin.py:151} INFO - [2025-01-24T05:41:06.809+0000] {dag.py:2915} INFO - Sync 2 DAGs
[2025-01-24T05:41:06.816+0000] {logging_mixin.py:151} INFO - [2025-01-24T05:41:06.815+0000] {dag.py:3696} INFO - Setting next_dagrun for example_external_task_marker_child to None, run_after=None
[2025-01-24T05:41:06.818+0000] {logging_mixin.py:151} INFO - [2025-01-24T05:41:06.818+0000] {dag.py:3696} INFO - Setting next_dagrun for example_external_task_marker_parent to None, run_after=None
[2025-01-24T05:41:06.828+0000] {processor.py:179} INFO - Processing /home/airflow/.local/lib/python3.8/site-packages/airflow/example_dags/example_external_task_marker_dag.py took 0.038 seconds
[2025-01-24T05:41:37.555+0000] {processor.py:157} INFO - Started process (PID=520) to work on /home/airflow/.local/lib/python3.8/site-packages/airflow/example_dags/example_external_task_marker_dag.py
[2025-01-24T05:41:37.556+0000] {processor.py:829} INFO - Processing file /home/airflow/.local/lib/python3.8/site-packages/airflow/example_dags/example_external_task_marker_dag.py for tasks to queue
[2025-01-24T05:41:37.558+0000] {logging_mixin.py:151} INFO - [2025-01-24T05:41:37.558+0000] {dagbag.py:539} INFO - Filling up the DagBag from /home/airflow/.local/lib/python3.8/site-packages/airflow/example_dags/example_external_task_marker_dag.py
[2025-01-24T05:41:37.561+0000] {processor.py:839} INFO - DAG(s) dict_keys(['example_external_task_marker_parent', 'example_external_task_marker_child']) retrieved from /home/airflow/.local/lib/python3.8/site-packages/airflow/example_dags/example_external_task_marker_dag.py
[2025-01-24T05:41:37.576+0000] {logging_mixin.py:151} INFO - [2025-01-24T05:41:37.576+0000] {dag.py:2915} INFO - Sync 2 DAGs
[2025-01-24T05:41:37.584+0000] {logging_mixin.py:151} INFO - [2025-01-24T05:41:37.584+0000] {dag.py:3696} INFO - Setting next_dagrun for example_external_task_marker_child to None, run_after=None
[2025-01-24T05:41:37.587+0000] {logging_mixin.py:151} INFO - [2025-01-24T05:41:37.586+0000] {dag.py:3696} INFO - Setting next_dagrun for example_external_task_marker_parent to None, run_after=None
[2025-01-24T05:41:37.595+0000] {processor.py:179} INFO - Processing /home/airflow/.local/lib/python3.8/site-packages/airflow/example_dags/example_external_task_marker_dag.py took 0.043 seconds
[2025-01-24T05:42:08.317+0000] {processor.py:157} INFO - Started process (PID=573) to work on /home/airflow/.local/lib/python3.8/site-packages/airflow/example_dags/example_external_task_marker_dag.py
[2025-01-24T05:42:08.317+0000] {processor.py:829} INFO - Processing file /home/airflow/.local/lib/python3.8/site-packages/airflow/example_dags/example_external_task_marker_dag.py for tasks to queue
[2025-01-24T05:42:08.319+0000] {logging_mixin.py:151} INFO - [2025-01-24T05:42:08.319+0000] {dagbag.py:539} INFO - Filling up the DagBag from /home/airflow/.local/lib/python3.8/site-packages/airflow/example_dags/example_external_task_marker_dag.py
[2025-01-24T05:42:08.322+0000] {processor.py:839} INFO - DAG(s) dict_keys(['example_external_task_marker_parent', 'example_external_task_marker_child']) retrieved from /home/airflow/.local/lib/python3.8/site-packages/airflow/example_dags/example_external_task_marker_dag.py
[2025-01-24T05:42:08.337+0000] {logging_mixin.py:151} INFO - [2025-01-24T05:42:08.337+0000] {dag.py:2915} INFO - Sync 2 DAGs
[2025-01-24T05:42:08.344+0000] {logging_mixin.py:151} INFO - [2025-01-24T05:42:08.344+0000] {dag.py:3696} INFO - Setting next_dagrun for example_external_task_marker_child to None, run_after=None
[2025-01-24T05:42:08.347+0000] {logging_mixin.py:151} INFO - [2025-01-24T05:42:08.347+0000] {dag.py:3696} INFO - Setting next_dagrun for example_external_task_marker_parent to None, run_after=None
[2025-01-24T05:42:08.355+0000] {processor.py:179} INFO - Processing /home/airflow/.local/lib/python3.8/site-packages/airflow/example_dags/example_external_task_marker_dag.py took 0.040 seconds
[2025-01-24T05:42:38.934+0000] {processor.py:157} INFO - Started process (PID=627) to work on /home/airflow/.local/lib/python3.8/site-packages/airflow/example_dags/example_external_task_marker_dag.py
[2025-01-24T05:42:38.935+0000] {processor.py:829} INFO - Processing file /home/airflow/.local/lib/python3.8/site-packages/airflow/example_dags/example_external_task_marker_dag.py for tasks to queue
[2025-01-24T05:42:38.936+0000] {logging_mixin.py:151} INFO - [2025-01-24T05:42:38.936+0000] {dagbag.py:539} INFO - Filling up the DagBag from /home/airflow/.local/lib/python3.8/site-packages/airflow/example_dags/example_external_task_marker_dag.py
[2025-01-24T05:42:38.940+0000] {processor.py:839} INFO - DAG(s) dict_keys(['example_external_task_marker_child', 'example_external_task_marker_parent']) retrieved from /home/airflow/.local/lib/python3.8/site-packages/airflow/example_dags/example_external_task_marker_dag.py
[2025-01-24T05:42:38.952+0000] {logging_mixin.py:151} INFO - [2025-01-24T05:42:38.952+0000] {dag.py:2915} INFO - Sync 2 DAGs
[2025-01-24T05:42:38.958+0000] {logging_mixin.py:151} INFO - [2025-01-24T05:42:38.958+0000] {dag.py:3696} INFO - Setting next_dagrun for example_external_task_marker_child to None, run_after=None
[2025-01-24T05:42:38.962+0000] {logging_mixin.py:151} INFO - [2025-01-24T05:42:38.962+0000] {dag.py:3696} INFO - Setting next_dagrun for example_external_task_marker_parent to None, run_after=None
[2025-01-24T05:42:38.970+0000] {processor.py:179} INFO - Processing /home/airflow/.local/lib/python3.8/site-packages/airflow/example_dags/example_external_task_marker_dag.py took 0.037 seconds
[2025-01-24T05:43:09.714+0000] {processor.py:157} INFO - Started process (PID=681) to work on /home/airflow/.local/lib/python3.8/site-packages/airflow/example_dags/example_external_task_marker_dag.py
[2025-01-24T05:43:09.715+0000] {processor.py:829} INFO - Processing file /home/airflow/.local/lib/python3.8/site-packages/airflow/example_dags/example_external_task_marker_dag.py for tasks to queue
[2025-01-24T05:43:09.716+0000] {logging_mixin.py:151} INFO - [2025-01-24T05:43:09.715+0000] {dagbag.py:539} INFO - Filling up the DagBag from /home/airflow/.local/lib/python3.8/site-packages/airflow/example_dags/example_external_task_marker_dag.py
[2025-01-24T05:43:09.719+0000] {processor.py:839} INFO - DAG(s) dict_keys(['example_external_task_marker_child', 'example_external_task_marker_parent']) retrieved from /home/airflow/.local/lib/python3.8/site-packages/airflow/example_dags/example_external_task_marker_dag.py
[2025-01-24T05:43:09.734+0000] {logging_mixin.py:151} INFO - [2025-01-24T05:43:09.733+0000] {dag.py:2915} INFO - Sync 2 DAGs
[2025-01-24T05:43:09.741+0000] {logging_mixin.py:151} INFO - [2025-01-24T05:43:09.740+0000] {dag.py:3696} INFO - Setting next_dagrun for example_external_task_marker_child to None, run_after=None
[2025-01-24T05:43:09.742+0000] {logging_mixin.py:151} INFO - [2025-01-24T05:43:09.742+0000] {dag.py:3696} INFO - Setting next_dagrun for example_external_task_marker_parent to None, run_after=None
[2025-01-24T05:43:09.751+0000] {processor.py:179} INFO - Processing /home/airflow/.local/lib/python3.8/site-packages/airflow/example_dags/example_external_task_marker_dag.py took 0.039 seconds
[2025-01-24T05:43:40.449+0000] {processor.py:157} INFO - Started process (PID=734) to work on /home/airflow/.local/lib/python3.8/site-packages/airflow/example_dags/example_external_task_marker_dag.py
[2025-01-24T05:43:40.450+0000] {processor.py:829} INFO - Processing file /home/airflow/.local/lib/python3.8/site-packages/airflow/example_dags/example_external_task_marker_dag.py for tasks to queue
[2025-01-24T05:43:40.451+0000] {logging_mixin.py:151} INFO - [2025-01-24T05:43:40.451+0000] {dagbag.py:539} INFO - Filling up the DagBag from /home/airflow/.local/lib/python3.8/site-packages/airflow/example_dags/example_external_task_marker_dag.py
[2025-01-24T05:43:40.455+0000] {processor.py:839} INFO - DAG(s) dict_keys(['example_external_task_marker_parent', 'example_external_task_marker_child']) retrieved from /home/airflow/.local/lib/python3.8/site-packages/airflow/example_dags/example_external_task_marker_dag.py
[2025-01-24T05:43:40.467+0000] {logging_mixin.py:151} INFO - [2025-01-24T05:43:40.467+0000] {dag.py:2915} INFO - Sync 2 DAGs
[2025-01-24T05:43:40.476+0000] {logging_mixin.py:151} INFO - [2025-01-24T05:43:40.476+0000] {dag.py:3696} INFO - Setting next_dagrun for example_external_task_marker_child to None, run_after=None
[2025-01-24T05:43:40.479+0000] {logging_mixin.py:151} INFO - [2025-01-24T05:43:40.479+0000] {dag.py:3696} INFO - Setting next_dagrun for example_external_task_marker_parent to None, run_after=None
[2025-01-24T05:43:40.488+0000] {processor.py:179} INFO - Processing /home/airflow/.local/lib/python3.8/site-packages/airflow/example_dags/example_external_task_marker_dag.py took 0.041 seconds
[2025-01-24T05:44:11.397+0000] {processor.py:157} INFO - Started process (PID=788) to work on /home/airflow/.local/lib/python3.8/site-packages/airflow/example_dags/example_external_task_marker_dag.py
[2025-01-24T05:44:11.397+0000] {processor.py:829} INFO - Processing file /home/airflow/.local/lib/python3.8/site-packages/airflow/example_dags/example_external_task_marker_dag.py for tasks to queue
[2025-01-24T05:44:11.398+0000] {logging_mixin.py:151} INFO - [2025-01-24T05:44:11.398+0000] {dagbag.py:539} INFO - Filling up the DagBag from /home/airflow/.local/lib/python3.8/site-packages/airflow/example_dags/example_external_task_marker_dag.py
[2025-01-24T05:44:11.402+0000] {processor.py:839} INFO - DAG(s) dict_keys(['example_external_task_marker_parent', 'example_external_task_marker_child']) retrieved from /home/airflow/.local/lib/python3.8/site-packages/airflow/example_dags/example_external_task_marker_dag.py
[2025-01-24T05:44:11.440+0000] {logging_mixin.py:151} INFO - [2025-01-24T05:44:11.439+0000] {dag.py:2915} INFO - Sync 2 DAGs
[2025-01-24T05:44:11.446+0000] {logging_mixin.py:151} INFO - [2025-01-24T05:44:11.446+0000] {dag.py:3696} INFO - Setting next_dagrun for example_external_task_marker_child to None, run_after=None
[2025-01-24T05:44:11.448+0000] {logging_mixin.py:151} INFO - [2025-01-24T05:44:11.448+0000] {dag.py:3696} INFO - Setting next_dagrun for example_external_task_marker_parent to None, run_after=None
[2025-01-24T05:44:11.456+0000] {processor.py:179} INFO - Processing /home/airflow/.local/lib/python3.8/site-packages/airflow/example_dags/example_external_task_marker_dag.py took 0.061 seconds
[2025-01-24T05:44:42.341+0000] {processor.py:157} INFO - Started process (PID=842) to work on /home/airflow/.local/lib/python3.8/site-packages/airflow/example_dags/example_external_task_marker_dag.py
[2025-01-24T05:44:42.342+0000] {processor.py:829} INFO - Processing file /home/airflow/.local/lib/python3.8/site-packages/airflow/example_dags/example_external_task_marker_dag.py for tasks to queue
[2025-01-24T05:44:42.344+0000] {logging_mixin.py:151} INFO - [2025-01-24T05:44:42.343+0000] {dagbag.py:539} INFO - Filling up the DagBag from /home/airflow/.local/lib/python3.8/site-packages/airflow/example_dags/example_external_task_marker_dag.py
[2025-01-24T05:44:42.347+0000] {processor.py:839} INFO - DAG(s) dict_keys(['example_external_task_marker_parent', 'example_external_task_marker_child']) retrieved from /home/airflow/.local/lib/python3.8/site-packages/airflow/example_dags/example_external_task_marker_dag.py
[2025-01-24T05:44:42.359+0000] {logging_mixin.py:151} INFO - [2025-01-24T05:44:42.359+0000] {dag.py:2915} INFO - Sync 2 DAGs
[2025-01-24T05:44:42.371+0000] {logging_mixin.py:151} INFO - [2025-01-24T05:44:42.371+0000] {dag.py:3696} INFO - Setting next_dagrun for example_external_task_marker_child to None, run_after=None
[2025-01-24T05:44:42.374+0000] {logging_mixin.py:151} INFO - [2025-01-24T05:44:42.373+0000] {dag.py:3696} INFO - Setting next_dagrun for example_external_task_marker_parent to None, run_after=None
[2025-01-24T05:44:42.382+0000] {processor.py:179} INFO - Processing /home/airflow/.local/lib/python3.8/site-packages/airflow/example_dags/example_external_task_marker_dag.py took 0.043 seconds
[2025-01-24T05:45:52.689+0000] {processor.py:157} INFO - Started process (PID=80) to work on /home/airflow/.local/lib/python3.8/site-packages/airflow/example_dags/example_external_task_marker_dag.py
[2025-01-24T05:45:52.690+0000] {processor.py:829} INFO - Processing file /home/airflow/.local/lib/python3.8/site-packages/airflow/example_dags/example_external_task_marker_dag.py for tasks to queue
[2025-01-24T05:45:52.692+0000] {logging_mixin.py:151} INFO - [2025-01-24T05:45:52.692+0000] {dagbag.py:539} INFO - Filling up the DagBag from /home/airflow/.local/lib/python3.8/site-packages/airflow/example_dags/example_external_task_marker_dag.py
[2025-01-24T05:45:52.695+0000] {processor.py:839} INFO - DAG(s) dict_keys(['example_external_task_marker_parent', 'example_external_task_marker_child']) retrieved from /home/airflow/.local/lib/python3.8/site-packages/airflow/example_dags/example_external_task_marker_dag.py
[2025-01-24T05:45:52.707+0000] {logging_mixin.py:151} INFO - [2025-01-24T05:45:52.707+0000] {dag.py:2915} INFO - Sync 2 DAGs
[2025-01-24T05:45:52.715+0000] {logging_mixin.py:151} INFO - [2025-01-24T05:45:52.715+0000] {dag.py:3696} INFO - Setting next_dagrun for example_external_task_marker_child to None, run_after=None
[2025-01-24T05:45:52.717+0000] {logging_mixin.py:151} INFO - [2025-01-24T05:45:52.717+0000] {dag.py:3696} INFO - Setting next_dagrun for example_external_task_marker_parent to None, run_after=None
[2025-01-24T05:45:52.727+0000] {processor.py:179} INFO - Processing /home/airflow/.local/lib/python3.8/site-packages/airflow/example_dags/example_external_task_marker_dag.py took 0.040 seconds
[2025-01-24T05:46:22.985+0000] {processor.py:157} INFO - Started process (PID=134) to work on /home/airflow/.local/lib/python3.8/site-packages/airflow/example_dags/example_external_task_marker_dag.py
[2025-01-24T05:46:22.985+0000] {processor.py:829} INFO - Processing file /home/airflow/.local/lib/python3.8/site-packages/airflow/example_dags/example_external_task_marker_dag.py for tasks to queue
[2025-01-24T05:46:22.987+0000] {logging_mixin.py:151} INFO - [2025-01-24T05:46:22.987+0000] {dagbag.py:539} INFO - Filling up the DagBag from /home/airflow/.local/lib/python3.8/site-packages/airflow/example_dags/example_external_task_marker_dag.py
[2025-01-24T05:46:22.990+0000] {processor.py:839} INFO - DAG(s) dict_keys(['example_external_task_marker_child', 'example_external_task_marker_parent']) retrieved from /home/airflow/.local/lib/python3.8/site-packages/airflow/example_dags/example_external_task_marker_dag.py
[2025-01-24T05:46:23.002+0000] {logging_mixin.py:151} INFO - [2025-01-24T05:46:23.002+0000] {dag.py:2915} INFO - Sync 2 DAGs
[2025-01-24T05:46:23.009+0000] {logging_mixin.py:151} INFO - [2025-01-24T05:46:23.009+0000] {dag.py:3696} INFO - Setting next_dagrun for example_external_task_marker_child to None, run_after=None
[2025-01-24T05:46:23.011+0000] {logging_mixin.py:151} INFO - [2025-01-24T05:46:23.011+0000] {dag.py:3696} INFO - Setting next_dagrun for example_external_task_marker_parent to None, run_after=None
[2025-01-24T05:46:23.018+0000] {processor.py:179} INFO - Processing /home/airflow/.local/lib/python3.8/site-packages/airflow/example_dags/example_external_task_marker_dag.py took 0.035 seconds
[2025-01-24T05:46:53.673+0000] {processor.py:157} INFO - Started process (PID=188) to work on /home/airflow/.local/lib/python3.8/site-packages/airflow/example_dags/example_external_task_marker_dag.py
[2025-01-24T05:46:53.674+0000] {processor.py:829} INFO - Processing file /home/airflow/.local/lib/python3.8/site-packages/airflow/example_dags/example_external_task_marker_dag.py for tasks to queue
[2025-01-24T05:46:53.675+0000] {logging_mixin.py:151} INFO - [2025-01-24T05:46:53.675+0000] {dagbag.py:539} INFO - Filling up the DagBag from /home/airflow/.local/lib/python3.8/site-packages/airflow/example_dags/example_external_task_marker_dag.py
[2025-01-24T05:46:53.679+0000] {processor.py:839} INFO - DAG(s) dict_keys(['example_external_task_marker_child', 'example_external_task_marker_parent']) retrieved from /home/airflow/.local/lib/python3.8/site-packages/airflow/example_dags/example_external_task_marker_dag.py
[2025-01-24T05:46:53.693+0000] {logging_mixin.py:151} INFO - [2025-01-24T05:46:53.693+0000] {dag.py:2915} INFO - Sync 2 DAGs
[2025-01-24T05:46:53.699+0000] {logging_mixin.py:151} INFO - [2025-01-24T05:46:53.699+0000] {dag.py:3696} INFO - Setting next_dagrun for example_external_task_marker_child to None, run_after=None
[2025-01-24T05:46:53.701+0000] {logging_mixin.py:151} INFO - [2025-01-24T05:46:53.701+0000] {dag.py:3696} INFO - Setting next_dagrun for example_external_task_marker_parent to None, run_after=None
[2025-01-24T05:46:53.709+0000] {processor.py:179} INFO - Processing /home/airflow/.local/lib/python3.8/site-packages/airflow/example_dags/example_external_task_marker_dag.py took 0.038 seconds
[2025-01-24T05:47:24.334+0000] {processor.py:157} INFO - Started process (PID=242) to work on /home/airflow/.local/lib/python3.8/site-packages/airflow/example_dags/example_external_task_marker_dag.py
[2025-01-24T05:47:24.335+0000] {processor.py:829} INFO - Processing file /home/airflow/.local/lib/python3.8/site-packages/airflow/example_dags/example_external_task_marker_dag.py for tasks to queue
[2025-01-24T05:47:24.336+0000] {logging_mixin.py:151} INFO - [2025-01-24T05:47:24.336+0000] {dagbag.py:539} INFO - Filling up the DagBag from /home/airflow/.local/lib/python3.8/site-packages/airflow/example_dags/example_external_task_marker_dag.py
[2025-01-24T05:47:24.339+0000] {processor.py:839} INFO - DAG(s) dict_keys(['example_external_task_marker_parent', 'example_external_task_marker_child']) retrieved from /home/airflow/.local/lib/python3.8/site-packages/airflow/example_dags/example_external_task_marker_dag.py
[2025-01-24T05:47:24.353+0000] {logging_mixin.py:151} INFO - [2025-01-24T05:47:24.353+0000] {dag.py:2915} INFO - Sync 2 DAGs
[2025-01-24T05:47:24.361+0000] {logging_mixin.py:151} INFO - [2025-01-24T05:47:24.361+0000] {dag.py:3696} INFO - Setting next_dagrun for example_external_task_marker_child to None, run_after=None
[2025-01-24T05:47:24.366+0000] {logging_mixin.py:151} INFO - [2025-01-24T05:47:24.365+0000] {dag.py:3696} INFO - Setting next_dagrun for example_external_task_marker_parent to None, run_after=None
[2025-01-24T05:47:24.374+0000] {processor.py:179} INFO - Processing /home/airflow/.local/lib/python3.8/site-packages/airflow/example_dags/example_external_task_marker_dag.py took 0.041 seconds
[2025-01-24T05:47:55.085+0000] {processor.py:157} INFO - Started process (PID=296) to work on /home/airflow/.local/lib/python3.8/site-packages/airflow/example_dags/example_external_task_marker_dag.py
[2025-01-24T05:47:55.087+0000] {processor.py:829} INFO - Processing file /home/airflow/.local/lib/python3.8/site-packages/airflow/example_dags/example_external_task_marker_dag.py for tasks to queue
[2025-01-24T05:47:55.089+0000] {logging_mixin.py:151} INFO - [2025-01-24T05:47:55.089+0000] {dagbag.py:539} INFO - Filling up the DagBag from /home/airflow/.local/lib/python3.8/site-packages/airflow/example_dags/example_external_task_marker_dag.py
[2025-01-24T05:47:55.093+0000] {processor.py:839} INFO - DAG(s) dict_keys(['example_external_task_marker_parent', 'example_external_task_marker_child']) retrieved from /home/airflow/.local/lib/python3.8/site-packages/airflow/example_dags/example_external_task_marker_dag.py
[2025-01-24T05:47:55.106+0000] {logging_mixin.py:151} INFO - [2025-01-24T05:47:55.106+0000] {dag.py:2915} INFO - Sync 2 DAGs
[2025-01-24T05:47:55.115+0000] {logging_mixin.py:151} INFO - [2025-01-24T05:47:55.115+0000] {dag.py:3696} INFO - Setting next_dagrun for example_external_task_marker_child to None, run_after=None
[2025-01-24T05:47:55.117+0000] {logging_mixin.py:151} INFO - [2025-01-24T05:47:55.117+0000] {dag.py:3696} INFO - Setting next_dagrun for example_external_task_marker_parent to None, run_after=None
[2025-01-24T05:47:55.125+0000] {processor.py:179} INFO - Processing /home/airflow/.local/lib/python3.8/site-packages/airflow/example_dags/example_external_task_marker_dag.py took 0.042 seconds
