[2025-01-24T05:37:30.036+0000] {processor.py:157} INFO - Started process (PID=46) to work on /home/airflow/.local/lib/python3.8/site-packages/airflow/example_dags/example_branch_operator_decorator.py
[2025-01-24T05:37:30.036+0000] {processor.py:829} INFO - Processing file /home/airflow/.local/lib/python3.8/site-packages/airflow/example_dags/example_branch_operator_decorator.py for tasks to queue
[2025-01-24T05:37:30.037+0000] {logging_mixin.py:151} INFO - [2025-01-24T05:37:30.037+0000] {dagbag.py:539} INFO - Filling up the DagBag from /home/airflow/.local/lib/python3.8/site-packages/airflow/example_dags/example_branch_operator_decorator.py
[2025-01-24T05:37:30.044+0000] {processor.py:839} INFO - DAG(s) dict_keys(['example_branch_python_operator_decorator']) retrieved from /home/airflow/.local/lib/python3.8/site-packages/airflow/example_dags/example_branch_operator_decorator.py
[2025-01-24T05:37:30.050+0000] {logging_mixin.py:151} INFO - [2025-01-24T05:37:30.050+0000] {dag.py:2915} INFO - Sync 1 DAGs
[2025-01-24T05:37:30.061+0000] {logging_mixin.py:151} INFO - [2025-01-24T05:37:30.061+0000] {dag.py:3696} INFO - Setting next_dagrun for example_branch_python_operator_decorator to 2025-01-23T00:00:00+00:00, run_after=2025-01-24T00:00:00+00:00
[2025-01-24T05:37:30.071+0000] {processor.py:179} INFO - Processing /home/airflow/.local/lib/python3.8/site-packages/airflow/example_dags/example_branch_operator_decorator.py took 0.037 seconds
[2025-01-24T05:38:00.329+0000] {processor.py:157} INFO - Started process (PID=100) to work on /home/airflow/.local/lib/python3.8/site-packages/airflow/example_dags/example_branch_operator_decorator.py
[2025-01-24T05:38:00.330+0000] {processor.py:829} INFO - Processing file /home/airflow/.local/lib/python3.8/site-packages/airflow/example_dags/example_branch_operator_decorator.py for tasks to queue
[2025-01-24T05:38:00.331+0000] {logging_mixin.py:151} INFO - [2025-01-24T05:38:00.331+0000] {dagbag.py:539} INFO - Filling up the DagBag from /home/airflow/.local/lib/python3.8/site-packages/airflow/example_dags/example_branch_operator_decorator.py
[2025-01-24T05:38:00.337+0000] {processor.py:839} INFO - DAG(s) dict_keys(['example_branch_python_operator_decorator']) retrieved from /home/airflow/.local/lib/python3.8/site-packages/airflow/example_dags/example_branch_operator_decorator.py
[2025-01-24T05:38:00.349+0000] {logging_mixin.py:151} INFO - [2025-01-24T05:38:00.348+0000] {dag.py:2915} INFO - Sync 1 DAGs
[2025-01-24T05:38:00.360+0000] {logging_mixin.py:151} INFO - [2025-01-24T05:38:00.360+0000] {dag.py:3696} INFO - Setting next_dagrun for example_branch_python_operator_decorator to 2025-01-23T00:00:00+00:00, run_after=2025-01-24T00:00:00+00:00
[2025-01-24T05:38:00.369+0000] {processor.py:179} INFO - Processing /home/airflow/.local/lib/python3.8/site-packages/airflow/example_dags/example_branch_operator_decorator.py took 0.042 seconds
[2025-01-24T05:38:31.136+0000] {processor.py:157} INFO - Started process (PID=154) to work on /home/airflow/.local/lib/python3.8/site-packages/airflow/example_dags/example_branch_operator_decorator.py
[2025-01-24T05:38:31.136+0000] {processor.py:829} INFO - Processing file /home/airflow/.local/lib/python3.8/site-packages/airflow/example_dags/example_branch_operator_decorator.py for tasks to queue
[2025-01-24T05:38:31.138+0000] {logging_mixin.py:151} INFO - [2025-01-24T05:38:31.137+0000] {dagbag.py:539} INFO - Filling up the DagBag from /home/airflow/.local/lib/python3.8/site-packages/airflow/example_dags/example_branch_operator_decorator.py
[2025-01-24T05:38:31.143+0000] {processor.py:839} INFO - DAG(s) dict_keys(['example_branch_python_operator_decorator']) retrieved from /home/airflow/.local/lib/python3.8/site-packages/airflow/example_dags/example_branch_operator_decorator.py
[2025-01-24T05:38:31.158+0000] {logging_mixin.py:151} INFO - [2025-01-24T05:38:31.158+0000] {dag.py:2915} INFO - Sync 1 DAGs
[2025-01-24T05:38:31.174+0000] {logging_mixin.py:151} INFO - [2025-01-24T05:38:31.174+0000] {dag.py:3696} INFO - Setting next_dagrun for example_branch_python_operator_decorator to 2025-01-23T00:00:00+00:00, run_after=2025-01-24T00:00:00+00:00
[2025-01-24T05:38:31.187+0000] {processor.py:179} INFO - Processing /home/airflow/.local/lib/python3.8/site-packages/airflow/example_dags/example_branch_operator_decorator.py took 0.053 seconds
[2025-01-24T05:39:01.947+0000] {processor.py:157} INFO - Started process (PID=207) to work on /home/airflow/.local/lib/python3.8/site-packages/airflow/example_dags/example_branch_operator_decorator.py
[2025-01-24T05:39:01.948+0000] {processor.py:829} INFO - Processing file /home/airflow/.local/lib/python3.8/site-packages/airflow/example_dags/example_branch_operator_decorator.py for tasks to queue
[2025-01-24T05:39:01.950+0000] {logging_mixin.py:151} INFO - [2025-01-24T05:39:01.949+0000] {dagbag.py:539} INFO - Filling up the DagBag from /home/airflow/.local/lib/python3.8/site-packages/airflow/example_dags/example_branch_operator_decorator.py
[2025-01-24T05:39:01.955+0000] {processor.py:839} INFO - DAG(s) dict_keys(['example_branch_python_operator_decorator']) retrieved from /home/airflow/.local/lib/python3.8/site-packages/airflow/example_dags/example_branch_operator_decorator.py
[2025-01-24T05:39:01.969+0000] {logging_mixin.py:151} INFO - [2025-01-24T05:39:01.969+0000] {dag.py:2915} INFO - Sync 1 DAGs
[2025-01-24T05:39:01.984+0000] {logging_mixin.py:151} INFO - [2025-01-24T05:39:01.984+0000] {dag.py:3696} INFO - Setting next_dagrun for example_branch_python_operator_decorator to 2025-01-23T00:00:00+00:00, run_after=2025-01-24T00:00:00+00:00
[2025-01-24T05:39:01.999+0000] {processor.py:179} INFO - Processing /home/airflow/.local/lib/python3.8/site-packages/airflow/example_dags/example_branch_operator_decorator.py took 0.053 seconds
[2025-01-24T05:39:32.067+0000] {processor.py:157} INFO - Started process (PID=261) to work on /home/airflow/.local/lib/python3.8/site-packages/airflow/example_dags/example_branch_operator_decorator.py
[2025-01-24T05:39:32.068+0000] {processor.py:829} INFO - Processing file /home/airflow/.local/lib/python3.8/site-packages/airflow/example_dags/example_branch_operator_decorator.py for tasks to queue
[2025-01-24T05:39:32.069+0000] {logging_mixin.py:151} INFO - [2025-01-24T05:39:32.069+0000] {dagbag.py:539} INFO - Filling up the DagBag from /home/airflow/.local/lib/python3.8/site-packages/airflow/example_dags/example_branch_operator_decorator.py
[2025-01-24T05:39:32.074+0000] {processor.py:839} INFO - DAG(s) dict_keys(['example_branch_python_operator_decorator']) retrieved from /home/airflow/.local/lib/python3.8/site-packages/airflow/example_dags/example_branch_operator_decorator.py
[2025-01-24T05:39:32.087+0000] {logging_mixin.py:151} INFO - [2025-01-24T05:39:32.087+0000] {dag.py:2915} INFO - Sync 1 DAGs
[2025-01-24T05:39:32.100+0000] {logging_mixin.py:151} INFO - [2025-01-24T05:39:32.100+0000] {dag.py:3696} INFO - Setting next_dagrun for example_branch_python_operator_decorator to 2025-01-23T00:00:00+00:00, run_after=2025-01-24T00:00:00+00:00
[2025-01-24T05:39:32.109+0000] {processor.py:179} INFO - Processing /home/airflow/.local/lib/python3.8/site-packages/airflow/example_dags/example_branch_operator_decorator.py took 0.043 seconds
[2025-01-24T05:40:02.163+0000] {processor.py:157} INFO - Started process (PID=315) to work on /home/airflow/.local/lib/python3.8/site-packages/airflow/example_dags/example_branch_operator_decorator.py
[2025-01-24T05:40:02.164+0000] {processor.py:829} INFO - Processing file /home/airflow/.local/lib/python3.8/site-packages/airflow/example_dags/example_branch_operator_decorator.py for tasks to queue
[2025-01-24T05:40:02.165+0000] {logging_mixin.py:151} INFO - [2025-01-24T05:40:02.165+0000] {dagbag.py:539} INFO - Filling up the DagBag from /home/airflow/.local/lib/python3.8/site-packages/airflow/example_dags/example_branch_operator_decorator.py
[2025-01-24T05:40:02.171+0000] {processor.py:839} INFO - DAG(s) dict_keys(['example_branch_python_operator_decorator']) retrieved from /home/airflow/.local/lib/python3.8/site-packages/airflow/example_dags/example_branch_operator_decorator.py
[2025-01-24T05:40:02.184+0000] {logging_mixin.py:151} INFO - [2025-01-24T05:40:02.184+0000] {dag.py:2915} INFO - Sync 1 DAGs
[2025-01-24T05:40:02.198+0000] {logging_mixin.py:151} INFO - [2025-01-24T05:40:02.198+0000] {dag.py:3696} INFO - Setting next_dagrun for example_branch_python_operator_decorator to 2025-01-23T00:00:00+00:00, run_after=2025-01-24T00:00:00+00:00
[2025-01-24T05:40:02.209+0000] {processor.py:179} INFO - Processing /home/airflow/.local/lib/python3.8/site-packages/airflow/example_dags/example_branch_operator_decorator.py took 0.048 seconds
[2025-01-24T05:40:32.929+0000] {processor.py:157} INFO - Started process (PID=369) to work on /home/airflow/.local/lib/python3.8/site-packages/airflow/example_dags/example_branch_operator_decorator.py
[2025-01-24T05:40:32.930+0000] {processor.py:829} INFO - Processing file /home/airflow/.local/lib/python3.8/site-packages/airflow/example_dags/example_branch_operator_decorator.py for tasks to queue
[2025-01-24T05:40:32.931+0000] {logging_mixin.py:151} INFO - [2025-01-24T05:40:32.931+0000] {dagbag.py:539} INFO - Filling up the DagBag from /home/airflow/.local/lib/python3.8/site-packages/airflow/example_dags/example_branch_operator_decorator.py
[2025-01-24T05:40:32.936+0000] {processor.py:839} INFO - DAG(s) dict_keys(['example_branch_python_operator_decorator']) retrieved from /home/airflow/.local/lib/python3.8/site-packages/airflow/example_dags/example_branch_operator_decorator.py
[2025-01-24T05:40:32.949+0000] {logging_mixin.py:151} INFO - [2025-01-24T05:40:32.949+0000] {dag.py:2915} INFO - Sync 1 DAGs
[2025-01-24T05:40:32.959+0000] {logging_mixin.py:151} INFO - [2025-01-24T05:40:32.959+0000] {dag.py:3696} INFO - Setting next_dagrun for example_branch_python_operator_decorator to 2025-01-23T00:00:00+00:00, run_after=2025-01-24T00:00:00+00:00
[2025-01-24T05:40:32.972+0000] {processor.py:179} INFO - Processing /home/airflow/.local/lib/python3.8/site-packages/airflow/example_dags/example_branch_operator_decorator.py took 0.045 seconds
[2025-01-24T05:41:03.660+0000] {processor.py:157} INFO - Started process (PID=423) to work on /home/airflow/.local/lib/python3.8/site-packages/airflow/example_dags/example_branch_operator_decorator.py
[2025-01-24T05:41:03.660+0000] {processor.py:829} INFO - Processing file /home/airflow/.local/lib/python3.8/site-packages/airflow/example_dags/example_branch_operator_decorator.py for tasks to queue
[2025-01-24T05:41:03.661+0000] {logging_mixin.py:151} INFO - [2025-01-24T05:41:03.661+0000] {dagbag.py:539} INFO - Filling up the DagBag from /home/airflow/.local/lib/python3.8/site-packages/airflow/example_dags/example_branch_operator_decorator.py
[2025-01-24T05:41:03.666+0000] {processor.py:839} INFO - DAG(s) dict_keys(['example_branch_python_operator_decorator']) retrieved from /home/airflow/.local/lib/python3.8/site-packages/airflow/example_dags/example_branch_operator_decorator.py
[2025-01-24T05:41:03.679+0000] {logging_mixin.py:151} INFO - [2025-01-24T05:41:03.679+0000] {dag.py:2915} INFO - Sync 1 DAGs
[2025-01-24T05:41:03.690+0000] {logging_mixin.py:151} INFO - [2025-01-24T05:41:03.690+0000] {dag.py:3696} INFO - Setting next_dagrun for example_branch_python_operator_decorator to 2025-01-23T00:00:00+00:00, run_after=2025-01-24T00:00:00+00:00
[2025-01-24T05:41:03.702+0000] {processor.py:179} INFO - Processing /home/airflow/.local/lib/python3.8/site-packages/airflow/example_dags/example_branch_operator_decorator.py took 0.044 seconds
[2025-01-24T05:41:34.444+0000] {processor.py:157} INFO - Started process (PID=484) to work on /home/airflow/.local/lib/python3.8/site-packages/airflow/example_dags/example_branch_operator_decorator.py
[2025-01-24T05:41:34.445+0000] {processor.py:829} INFO - Processing file /home/airflow/.local/lib/python3.8/site-packages/airflow/example_dags/example_branch_operator_decorator.py for tasks to queue
[2025-01-24T05:41:34.446+0000] {logging_mixin.py:151} INFO - [2025-01-24T05:41:34.446+0000] {dagbag.py:539} INFO - Filling up the DagBag from /home/airflow/.local/lib/python3.8/site-packages/airflow/example_dags/example_branch_operator_decorator.py
[2025-01-24T05:41:34.450+0000] {processor.py:839} INFO - DAG(s) dict_keys(['example_branch_python_operator_decorator']) retrieved from /home/airflow/.local/lib/python3.8/site-packages/airflow/example_dags/example_branch_operator_decorator.py
[2025-01-24T05:41:34.461+0000] {logging_mixin.py:151} INFO - [2025-01-24T05:41:34.461+0000] {dag.py:2915} INFO - Sync 1 DAGs
[2025-01-24T05:41:34.470+0000] {logging_mixin.py:151} INFO - [2025-01-24T05:41:34.470+0000] {dag.py:3696} INFO - Setting next_dagrun for example_branch_python_operator_decorator to 2025-01-23T00:00:00+00:00, run_after=2025-01-24T00:00:00+00:00
[2025-01-24T05:41:34.478+0000] {processor.py:179} INFO - Processing /home/airflow/.local/lib/python3.8/site-packages/airflow/example_dags/example_branch_operator_decorator.py took 0.035 seconds
[2025-01-24T05:42:05.122+0000] {processor.py:157} INFO - Started process (PID=537) to work on /home/airflow/.local/lib/python3.8/site-packages/airflow/example_dags/example_branch_operator_decorator.py
[2025-01-24T05:42:05.122+0000] {processor.py:829} INFO - Processing file /home/airflow/.local/lib/python3.8/site-packages/airflow/example_dags/example_branch_operator_decorator.py for tasks to queue
[2025-01-24T05:42:05.123+0000] {logging_mixin.py:151} INFO - [2025-01-24T05:42:05.123+0000] {dagbag.py:539} INFO - Filling up the DagBag from /home/airflow/.local/lib/python3.8/site-packages/airflow/example_dags/example_branch_operator_decorator.py
[2025-01-24T05:42:05.128+0000] {processor.py:839} INFO - DAG(s) dict_keys(['example_branch_python_operator_decorator']) retrieved from /home/airflow/.local/lib/python3.8/site-packages/airflow/example_dags/example_branch_operator_decorator.py
[2025-01-24T05:42:05.139+0000] {logging_mixin.py:151} INFO - [2025-01-24T05:42:05.139+0000] {dag.py:2915} INFO - Sync 1 DAGs
[2025-01-24T05:42:05.149+0000] {logging_mixin.py:151} INFO - [2025-01-24T05:42:05.149+0000] {dag.py:3696} INFO - Setting next_dagrun for example_branch_python_operator_decorator to 2025-01-23T00:00:00+00:00, run_after=2025-01-24T00:00:00+00:00
[2025-01-24T05:42:05.157+0000] {processor.py:179} INFO - Processing /home/airflow/.local/lib/python3.8/site-packages/airflow/example_dags/example_branch_operator_decorator.py took 0.037 seconds
[2025-01-24T05:42:35.874+0000] {processor.py:157} INFO - Started process (PID=591) to work on /home/airflow/.local/lib/python3.8/site-packages/airflow/example_dags/example_branch_operator_decorator.py
[2025-01-24T05:42:35.876+0000] {processor.py:829} INFO - Processing file /home/airflow/.local/lib/python3.8/site-packages/airflow/example_dags/example_branch_operator_decorator.py for tasks to queue
[2025-01-24T05:42:35.877+0000] {logging_mixin.py:151} INFO - [2025-01-24T05:42:35.877+0000] {dagbag.py:539} INFO - Filling up the DagBag from /home/airflow/.local/lib/python3.8/site-packages/airflow/example_dags/example_branch_operator_decorator.py
[2025-01-24T05:42:35.882+0000] {processor.py:839} INFO - DAG(s) dict_keys(['example_branch_python_operator_decorator']) retrieved from /home/airflow/.local/lib/python3.8/site-packages/airflow/example_dags/example_branch_operator_decorator.py
[2025-01-24T05:42:35.894+0000] {logging_mixin.py:151} INFO - [2025-01-24T05:42:35.893+0000] {dag.py:2915} INFO - Sync 1 DAGs
[2025-01-24T05:42:35.903+0000] {logging_mixin.py:151} INFO - [2025-01-24T05:42:35.903+0000] {dag.py:3696} INFO - Setting next_dagrun for example_branch_python_operator_decorator to 2025-01-23T00:00:00+00:00, run_after=2025-01-24T00:00:00+00:00
[2025-01-24T05:42:35.911+0000] {processor.py:179} INFO - Processing /home/airflow/.local/lib/python3.8/site-packages/airflow/example_dags/example_branch_operator_decorator.py took 0.039 seconds
[2025-01-24T05:43:06.500+0000] {processor.py:157} INFO - Started process (PID=645) to work on /home/airflow/.local/lib/python3.8/site-packages/airflow/example_dags/example_branch_operator_decorator.py
[2025-01-24T05:43:06.500+0000] {processor.py:829} INFO - Processing file /home/airflow/.local/lib/python3.8/site-packages/airflow/example_dags/example_branch_operator_decorator.py for tasks to queue
[2025-01-24T05:43:06.502+0000] {logging_mixin.py:151} INFO - [2025-01-24T05:43:06.501+0000] {dagbag.py:539} INFO - Filling up the DagBag from /home/airflow/.local/lib/python3.8/site-packages/airflow/example_dags/example_branch_operator_decorator.py
[2025-01-24T05:43:06.507+0000] {processor.py:839} INFO - DAG(s) dict_keys(['example_branch_python_operator_decorator']) retrieved from /home/airflow/.local/lib/python3.8/site-packages/airflow/example_dags/example_branch_operator_decorator.py
[2025-01-24T05:43:06.518+0000] {logging_mixin.py:151} INFO - [2025-01-24T05:43:06.518+0000] {dag.py:2915} INFO - Sync 1 DAGs
[2025-01-24T05:43:06.527+0000] {logging_mixin.py:151} INFO - [2025-01-24T05:43:06.527+0000] {dag.py:3696} INFO - Setting next_dagrun for example_branch_python_operator_decorator to 2025-01-23T00:00:00+00:00, run_after=2025-01-24T00:00:00+00:00
[2025-01-24T05:43:06.535+0000] {processor.py:179} INFO - Processing /home/airflow/.local/lib/python3.8/site-packages/airflow/example_dags/example_branch_operator_decorator.py took 0.037 seconds
[2025-01-24T05:43:37.327+0000] {processor.py:157} INFO - Started process (PID=698) to work on /home/airflow/.local/lib/python3.8/site-packages/airflow/example_dags/example_branch_operator_decorator.py
[2025-01-24T05:43:37.327+0000] {processor.py:829} INFO - Processing file /home/airflow/.local/lib/python3.8/site-packages/airflow/example_dags/example_branch_operator_decorator.py for tasks to queue
[2025-01-24T05:43:37.329+0000] {logging_mixin.py:151} INFO - [2025-01-24T05:43:37.329+0000] {dagbag.py:539} INFO - Filling up the DagBag from /home/airflow/.local/lib/python3.8/site-packages/airflow/example_dags/example_branch_operator_decorator.py
[2025-01-24T05:43:37.334+0000] {processor.py:839} INFO - DAG(s) dict_keys(['example_branch_python_operator_decorator']) retrieved from /home/airflow/.local/lib/python3.8/site-packages/airflow/example_dags/example_branch_operator_decorator.py
[2025-01-24T05:43:37.347+0000] {logging_mixin.py:151} INFO - [2025-01-24T05:43:37.347+0000] {dag.py:2915} INFO - Sync 1 DAGs
[2025-01-24T05:43:37.359+0000] {logging_mixin.py:151} INFO - [2025-01-24T05:43:37.359+0000] {dag.py:3696} INFO - Setting next_dagrun for example_branch_python_operator_decorator to 2025-01-23T00:00:00+00:00, run_after=2025-01-24T00:00:00+00:00
[2025-01-24T05:43:37.371+0000] {processor.py:179} INFO - Processing /home/airflow/.local/lib/python3.8/site-packages/airflow/example_dags/example_branch_operator_decorator.py took 0.046 seconds
[2025-01-24T05:44:08.034+0000] {processor.py:157} INFO - Started process (PID=752) to work on /home/airflow/.local/lib/python3.8/site-packages/airflow/example_dags/example_branch_operator_decorator.py
[2025-01-24T05:44:08.034+0000] {processor.py:829} INFO - Processing file /home/airflow/.local/lib/python3.8/site-packages/airflow/example_dags/example_branch_operator_decorator.py for tasks to queue
[2025-01-24T05:44:08.035+0000] {logging_mixin.py:151} INFO - [2025-01-24T05:44:08.035+0000] {dagbag.py:539} INFO - Filling up the DagBag from /home/airflow/.local/lib/python3.8/site-packages/airflow/example_dags/example_branch_operator_decorator.py
[2025-01-24T05:44:08.041+0000] {processor.py:839} INFO - DAG(s) dict_keys(['example_branch_python_operator_decorator']) retrieved from /home/airflow/.local/lib/python3.8/site-packages/airflow/example_dags/example_branch_operator_decorator.py
[2025-01-24T05:44:08.054+0000] {logging_mixin.py:151} INFO - [2025-01-24T05:44:08.054+0000] {dag.py:2915} INFO - Sync 1 DAGs
[2025-01-24T05:44:08.065+0000] {logging_mixin.py:151} INFO - [2025-01-24T05:44:08.065+0000] {dag.py:3696} INFO - Setting next_dagrun for example_branch_python_operator_decorator to 2025-01-23T00:00:00+00:00, run_after=2025-01-24T00:00:00+00:00
[2025-01-24T05:44:08.074+0000] {processor.py:179} INFO - Processing /home/airflow/.local/lib/python3.8/site-packages/airflow/example_dags/example_branch_operator_decorator.py took 0.042 seconds
[2025-01-24T05:44:38.167+0000] {processor.py:157} INFO - Started process (PID=806) to work on /home/airflow/.local/lib/python3.8/site-packages/airflow/example_dags/example_branch_operator_decorator.py
[2025-01-24T05:44:38.167+0000] {processor.py:829} INFO - Processing file /home/airflow/.local/lib/python3.8/site-packages/airflow/example_dags/example_branch_operator_decorator.py for tasks to queue
[2025-01-24T05:44:38.169+0000] {logging_mixin.py:151} INFO - [2025-01-24T05:44:38.168+0000] {dagbag.py:539} INFO - Filling up the DagBag from /home/airflow/.local/lib/python3.8/site-packages/airflow/example_dags/example_branch_operator_decorator.py
[2025-01-24T05:44:38.174+0000] {processor.py:839} INFO - DAG(s) dict_keys(['example_branch_python_operator_decorator']) retrieved from /home/airflow/.local/lib/python3.8/site-packages/airflow/example_dags/example_branch_operator_decorator.py
[2025-01-24T05:44:38.186+0000] {logging_mixin.py:151} INFO - [2025-01-24T05:44:38.186+0000] {dag.py:2915} INFO - Sync 1 DAGs
[2025-01-24T05:44:38.197+0000] {logging_mixin.py:151} INFO - [2025-01-24T05:44:38.197+0000] {dag.py:3696} INFO - Setting next_dagrun for example_branch_python_operator_decorator to 2025-01-23T00:00:00+00:00, run_after=2025-01-24T00:00:00+00:00
[2025-01-24T05:44:38.206+0000] {processor.py:179} INFO - Processing /home/airflow/.local/lib/python3.8/site-packages/airflow/example_dags/example_branch_operator_decorator.py took 0.041 seconds
[2025-01-24T05:45:08.902+0000] {processor.py:157} INFO - Started process (PID=860) to work on /home/airflow/.local/lib/python3.8/site-packages/airflow/example_dags/example_branch_operator_decorator.py
[2025-01-24T05:45:08.902+0000] {processor.py:829} INFO - Processing file /home/airflow/.local/lib/python3.8/site-packages/airflow/example_dags/example_branch_operator_decorator.py for tasks to queue
[2025-01-24T05:45:08.903+0000] {logging_mixin.py:151} INFO - [2025-01-24T05:45:08.903+0000] {dagbag.py:539} INFO - Filling up the DagBag from /home/airflow/.local/lib/python3.8/site-packages/airflow/example_dags/example_branch_operator_decorator.py
[2025-01-24T05:45:08.908+0000] {processor.py:839} INFO - DAG(s) dict_keys(['example_branch_python_operator_decorator']) retrieved from /home/airflow/.local/lib/python3.8/site-packages/airflow/example_dags/example_branch_operator_decorator.py
[2025-01-24T05:45:08.919+0000] {logging_mixin.py:151} INFO - [2025-01-24T05:45:08.919+0000] {dag.py:2915} INFO - Sync 1 DAGs
[2025-01-24T05:45:08.929+0000] {logging_mixin.py:151} INFO - [2025-01-24T05:45:08.928+0000] {dag.py:3696} INFO - Setting next_dagrun for example_branch_python_operator_decorator to 2025-01-23T00:00:00+00:00, run_after=2025-01-24T00:00:00+00:00
[2025-01-24T05:45:08.936+0000] {processor.py:179} INFO - Processing /home/airflow/.local/lib/python3.8/site-packages/airflow/example_dags/example_branch_operator_decorator.py took 0.036 seconds
[2025-01-24T05:45:51.274+0000] {processor.py:157} INFO - Started process (PID=44) to work on /home/airflow/.local/lib/python3.8/site-packages/airflow/example_dags/example_branch_operator_decorator.py
[2025-01-24T05:45:51.275+0000] {processor.py:829} INFO - Processing file /home/airflow/.local/lib/python3.8/site-packages/airflow/example_dags/example_branch_operator_decorator.py for tasks to queue
[2025-01-24T05:45:51.276+0000] {logging_mixin.py:151} INFO - [2025-01-24T05:45:51.276+0000] {dagbag.py:539} INFO - Filling up the DagBag from /home/airflow/.local/lib/python3.8/site-packages/airflow/example_dags/example_branch_operator_decorator.py
[2025-01-24T05:45:51.283+0000] {processor.py:839} INFO - DAG(s) dict_keys(['example_branch_python_operator_decorator']) retrieved from /home/airflow/.local/lib/python3.8/site-packages/airflow/example_dags/example_branch_operator_decorator.py
[2025-01-24T05:45:51.293+0000] {logging_mixin.py:151} INFO - [2025-01-24T05:45:51.293+0000] {dag.py:2915} INFO - Sync 1 DAGs
[2025-01-24T05:45:51.307+0000] {logging_mixin.py:151} INFO - [2025-01-24T05:45:51.306+0000] {dag.py:3696} INFO - Setting next_dagrun for example_branch_python_operator_decorator to 2025-01-23T00:00:00+00:00, run_after=2025-01-24T00:00:00+00:00
[2025-01-24T05:45:51.324+0000] {processor.py:179} INFO - Processing /home/airflow/.local/lib/python3.8/site-packages/airflow/example_dags/example_branch_operator_decorator.py took 0.052 seconds
[2025-01-24T05:46:21.869+0000] {processor.py:157} INFO - Started process (PID=98) to work on /home/airflow/.local/lib/python3.8/site-packages/airflow/example_dags/example_branch_operator_decorator.py
[2025-01-24T05:46:21.870+0000] {processor.py:829} INFO - Processing file /home/airflow/.local/lib/python3.8/site-packages/airflow/example_dags/example_branch_operator_decorator.py for tasks to queue
[2025-01-24T05:46:21.871+0000] {logging_mixin.py:151} INFO - [2025-01-24T05:46:21.871+0000] {dagbag.py:539} INFO - Filling up the DagBag from /home/airflow/.local/lib/python3.8/site-packages/airflow/example_dags/example_branch_operator_decorator.py
[2025-01-24T05:46:21.876+0000] {processor.py:839} INFO - DAG(s) dict_keys(['example_branch_python_operator_decorator']) retrieved from /home/airflow/.local/lib/python3.8/site-packages/airflow/example_dags/example_branch_operator_decorator.py
[2025-01-24T05:46:21.888+0000] {logging_mixin.py:151} INFO - [2025-01-24T05:46:21.888+0000] {dag.py:2915} INFO - Sync 1 DAGs
[2025-01-24T05:46:21.899+0000] {logging_mixin.py:151} INFO - [2025-01-24T05:46:21.899+0000] {dag.py:3696} INFO - Setting next_dagrun for example_branch_python_operator_decorator to 2025-01-23T00:00:00+00:00, run_after=2025-01-24T00:00:00+00:00
[2025-01-24T05:46:21.908+0000] {processor.py:179} INFO - Processing /home/airflow/.local/lib/python3.8/site-packages/airflow/example_dags/example_branch_operator_decorator.py took 0.040 seconds
[2025-01-24T05:46:52.564+0000] {processor.py:157} INFO - Started process (PID=152) to work on /home/airflow/.local/lib/python3.8/site-packages/airflow/example_dags/example_branch_operator_decorator.py
[2025-01-24T05:46:52.564+0000] {processor.py:829} INFO - Processing file /home/airflow/.local/lib/python3.8/site-packages/airflow/example_dags/example_branch_operator_decorator.py for tasks to queue
[2025-01-24T05:46:52.565+0000] {logging_mixin.py:151} INFO - [2025-01-24T05:46:52.565+0000] {dagbag.py:539} INFO - Filling up the DagBag from /home/airflow/.local/lib/python3.8/site-packages/airflow/example_dags/example_branch_operator_decorator.py
[2025-01-24T05:46:52.570+0000] {processor.py:839} INFO - DAG(s) dict_keys(['example_branch_python_operator_decorator']) retrieved from /home/airflow/.local/lib/python3.8/site-packages/airflow/example_dags/example_branch_operator_decorator.py
[2025-01-24T05:46:52.582+0000] {logging_mixin.py:151} INFO - [2025-01-24T05:46:52.581+0000] {dag.py:2915} INFO - Sync 1 DAGs
[2025-01-24T05:46:52.593+0000] {logging_mixin.py:151} INFO - [2025-01-24T05:46:52.593+0000] {dag.py:3696} INFO - Setting next_dagrun for example_branch_python_operator_decorator to 2025-01-23T00:00:00+00:00, run_after=2025-01-24T00:00:00+00:00
[2025-01-24T05:46:52.602+0000] {processor.py:179} INFO - Processing /home/airflow/.local/lib/python3.8/site-packages/airflow/example_dags/example_branch_operator_decorator.py took 0.040 seconds
[2025-01-24T05:47:23.251+0000] {processor.py:157} INFO - Started process (PID=206) to work on /home/airflow/.local/lib/python3.8/site-packages/airflow/example_dags/example_branch_operator_decorator.py
[2025-01-24T05:47:23.252+0000] {processor.py:829} INFO - Processing file /home/airflow/.local/lib/python3.8/site-packages/airflow/example_dags/example_branch_operator_decorator.py for tasks to queue
[2025-01-24T05:47:23.253+0000] {logging_mixin.py:151} INFO - [2025-01-24T05:47:23.253+0000] {dagbag.py:539} INFO - Filling up the DagBag from /home/airflow/.local/lib/python3.8/site-packages/airflow/example_dags/example_branch_operator_decorator.py
[2025-01-24T05:47:23.258+0000] {processor.py:839} INFO - DAG(s) dict_keys(['example_branch_python_operator_decorator']) retrieved from /home/airflow/.local/lib/python3.8/site-packages/airflow/example_dags/example_branch_operator_decorator.py
[2025-01-24T05:47:23.270+0000] {logging_mixin.py:151} INFO - [2025-01-24T05:47:23.270+0000] {dag.py:2915} INFO - Sync 1 DAGs
[2025-01-24T05:47:23.282+0000] {logging_mixin.py:151} INFO - [2025-01-24T05:47:23.282+0000] {dag.py:3696} INFO - Setting next_dagrun for example_branch_python_operator_decorator to 2025-01-23T00:00:00+00:00, run_after=2025-01-24T00:00:00+00:00
[2025-01-24T05:47:23.291+0000] {processor.py:179} INFO - Processing /home/airflow/.local/lib/python3.8/site-packages/airflow/example_dags/example_branch_operator_decorator.py took 0.042 seconds
[2025-01-24T05:47:54.005+0000] {processor.py:157} INFO - Started process (PID=260) to work on /home/airflow/.local/lib/python3.8/site-packages/airflow/example_dags/example_branch_operator_decorator.py
[2025-01-24T05:47:54.005+0000] {processor.py:829} INFO - Processing file /home/airflow/.local/lib/python3.8/site-packages/airflow/example_dags/example_branch_operator_decorator.py for tasks to queue
[2025-01-24T05:47:54.006+0000] {logging_mixin.py:151} INFO - [2025-01-24T05:47:54.006+0000] {dagbag.py:539} INFO - Filling up the DagBag from /home/airflow/.local/lib/python3.8/site-packages/airflow/example_dags/example_branch_operator_decorator.py
[2025-01-24T05:47:54.011+0000] {processor.py:839} INFO - DAG(s) dict_keys(['example_branch_python_operator_decorator']) retrieved from /home/airflow/.local/lib/python3.8/site-packages/airflow/example_dags/example_branch_operator_decorator.py
[2025-01-24T05:47:54.022+0000] {logging_mixin.py:151} INFO - [2025-01-24T05:47:54.022+0000] {dag.py:2915} INFO - Sync 1 DAGs
[2025-01-24T05:47:54.031+0000] {logging_mixin.py:151} INFO - [2025-01-24T05:47:54.031+0000] {dag.py:3696} INFO - Setting next_dagrun for example_branch_python_operator_decorator to 2025-01-23T00:00:00+00:00, run_after=2025-01-24T00:00:00+00:00
[2025-01-24T05:47:54.039+0000] {processor.py:179} INFO - Processing /home/airflow/.local/lib/python3.8/site-packages/airflow/example_dags/example_branch_operator_decorator.py took 0.036 seconds
