[2025-01-24T05:37:30.673+0000] {processor.py:157} INFO - Started process (PID=65) to work on /home/airflow/.local/lib/python3.8/site-packages/airflow/example_dags/tutorial_taskflow_api.py
[2025-01-24T05:37:30.675+0000] {processor.py:829} INFO - Processing file /home/airflow/.local/lib/python3.8/site-packages/airflow/example_dags/tutorial_taskflow_api.py for tasks to queue
[2025-01-24T05:37:30.678+0000] {logging_mixin.py:151} INFO - [2025-01-24T05:37:30.678+0000] {dagbag.py:539} INFO - Filling up the DagBag from /home/airflow/.local/lib/python3.8/site-packages/airflow/example_dags/tutorial_taskflow_api.py
[2025-01-24T05:37:30.682+0000] {processor.py:839} INFO - DAG(s) dict_keys(['tutorial_taskflow_api']) retrieved from /home/airflow/.local/lib/python3.8/site-packages/airflow/example_dags/tutorial_taskflow_api.py
[2025-01-24T05:37:30.689+0000] {logging_mixin.py:151} INFO - [2025-01-24T05:37:30.688+0000] {dag.py:2915} INFO - Sync 1 DAGs
[2025-01-24T05:37:30.700+0000] {logging_mixin.py:151} INFO - [2025-01-24T05:37:30.700+0000] {dag.py:3696} INFO - Setting next_dagrun for tutorial_taskflow_api to None, run_after=None
[2025-01-24T05:37:30.720+0000] {processor.py:179} INFO - Processing /home/airflow/.local/lib/python3.8/site-packages/airflow/example_dags/tutorial_taskflow_api.py took 0.049 seconds
[2025-01-24T05:38:00.956+0000] {processor.py:157} INFO - Started process (PID=118) to work on /home/airflow/.local/lib/python3.8/site-packages/airflow/example_dags/tutorial_taskflow_api.py
[2025-01-24T05:38:00.957+0000] {processor.py:829} INFO - Processing file /home/airflow/.local/lib/python3.8/site-packages/airflow/example_dags/tutorial_taskflow_api.py for tasks to queue
[2025-01-24T05:38:00.958+0000] {logging_mixin.py:151} INFO - [2025-01-24T05:38:00.958+0000] {dagbag.py:539} INFO - Filling up the DagBag from /home/airflow/.local/lib/python3.8/site-packages/airflow/example_dags/tutorial_taskflow_api.py
[2025-01-24T05:38:00.962+0000] {processor.py:839} INFO - DAG(s) dict_keys(['tutorial_taskflow_api']) retrieved from /home/airflow/.local/lib/python3.8/site-packages/airflow/example_dags/tutorial_taskflow_api.py
[2025-01-24T05:38:00.978+0000] {logging_mixin.py:151} INFO - [2025-01-24T05:38:00.978+0000] {dag.py:2915} INFO - Sync 1 DAGs
[2025-01-24T05:38:00.985+0000] {logging_mixin.py:151} INFO - [2025-01-24T05:38:00.985+0000] {dag.py:3696} INFO - Setting next_dagrun for tutorial_taskflow_api to None, run_after=None
[2025-01-24T05:38:00.996+0000] {processor.py:179} INFO - Processing /home/airflow/.local/lib/python3.8/site-packages/airflow/example_dags/tutorial_taskflow_api.py took 0.042 seconds
[2025-01-24T05:38:31.709+0000] {processor.py:157} INFO - Started process (PID=172) to work on /home/airflow/.local/lib/python3.8/site-packages/airflow/example_dags/tutorial_taskflow_api.py
[2025-01-24T05:38:31.710+0000] {processor.py:829} INFO - Processing file /home/airflow/.local/lib/python3.8/site-packages/airflow/example_dags/tutorial_taskflow_api.py for tasks to queue
[2025-01-24T05:38:31.713+0000] {logging_mixin.py:151} INFO - [2025-01-24T05:38:31.713+0000] {dagbag.py:539} INFO - Filling up the DagBag from /home/airflow/.local/lib/python3.8/site-packages/airflow/example_dags/tutorial_taskflow_api.py
[2025-01-24T05:38:31.717+0000] {processor.py:839} INFO - DAG(s) dict_keys(['tutorial_taskflow_api']) retrieved from /home/airflow/.local/lib/python3.8/site-packages/airflow/example_dags/tutorial_taskflow_api.py
[2025-01-24T05:38:31.730+0000] {logging_mixin.py:151} INFO - [2025-01-24T05:38:31.730+0000] {dag.py:2915} INFO - Sync 1 DAGs
[2025-01-24T05:38:31.736+0000] {logging_mixin.py:151} INFO - [2025-01-24T05:38:31.736+0000] {dag.py:3696} INFO - Setting next_dagrun for tutorial_taskflow_api to None, run_after=None
[2025-01-24T05:38:31.746+0000] {processor.py:179} INFO - Processing /home/airflow/.local/lib/python3.8/site-packages/airflow/example_dags/tutorial_taskflow_api.py took 0.039 seconds
[2025-01-24T05:39:02.619+0000] {processor.py:157} INFO - Started process (PID=225) to work on /home/airflow/.local/lib/python3.8/site-packages/airflow/example_dags/tutorial_taskflow_api.py
[2025-01-24T05:39:02.620+0000] {processor.py:829} INFO - Processing file /home/airflow/.local/lib/python3.8/site-packages/airflow/example_dags/tutorial_taskflow_api.py for tasks to queue
[2025-01-24T05:39:02.621+0000] {logging_mixin.py:151} INFO - [2025-01-24T05:39:02.621+0000] {dagbag.py:539} INFO - Filling up the DagBag from /home/airflow/.local/lib/python3.8/site-packages/airflow/example_dags/tutorial_taskflow_api.py
[2025-01-24T05:39:02.625+0000] {processor.py:839} INFO - DAG(s) dict_keys(['tutorial_taskflow_api']) retrieved from /home/airflow/.local/lib/python3.8/site-packages/airflow/example_dags/tutorial_taskflow_api.py
[2025-01-24T05:39:02.640+0000] {logging_mixin.py:151} INFO - [2025-01-24T05:39:02.639+0000] {dag.py:2915} INFO - Sync 1 DAGs
[2025-01-24T05:39:02.646+0000] {logging_mixin.py:151} INFO - [2025-01-24T05:39:02.646+0000] {dag.py:3696} INFO - Setting next_dagrun for tutorial_taskflow_api to None, run_after=None
[2025-01-24T05:39:02.663+0000] {processor.py:179} INFO - Processing /home/airflow/.local/lib/python3.8/site-packages/airflow/example_dags/tutorial_taskflow_api.py took 0.046 seconds
[2025-01-24T05:39:32.743+0000] {processor.py:157} INFO - Started process (PID=279) to work on /home/airflow/.local/lib/python3.8/site-packages/airflow/example_dags/tutorial_taskflow_api.py
[2025-01-24T05:39:32.743+0000] {processor.py:829} INFO - Processing file /home/airflow/.local/lib/python3.8/site-packages/airflow/example_dags/tutorial_taskflow_api.py for tasks to queue
[2025-01-24T05:39:32.744+0000] {logging_mixin.py:151} INFO - [2025-01-24T05:39:32.744+0000] {dagbag.py:539} INFO - Filling up the DagBag from /home/airflow/.local/lib/python3.8/site-packages/airflow/example_dags/tutorial_taskflow_api.py
[2025-01-24T05:39:32.748+0000] {processor.py:839} INFO - DAG(s) dict_keys(['tutorial_taskflow_api']) retrieved from /home/airflow/.local/lib/python3.8/site-packages/airflow/example_dags/tutorial_taskflow_api.py
[2025-01-24T05:39:32.762+0000] {logging_mixin.py:151} INFO - [2025-01-24T05:39:32.761+0000] {dag.py:2915} INFO - Sync 1 DAGs
[2025-01-24T05:39:32.768+0000] {logging_mixin.py:151} INFO - [2025-01-24T05:39:32.768+0000] {dag.py:3696} INFO - Setting next_dagrun for tutorial_taskflow_api to None, run_after=None
[2025-01-24T05:39:32.779+0000] {processor.py:179} INFO - Processing /home/airflow/.local/lib/python3.8/site-packages/airflow/example_dags/tutorial_taskflow_api.py took 0.038 seconds
[2025-01-24T05:40:03.750+0000] {processor.py:157} INFO - Started process (PID=333) to work on /home/airflow/.local/lib/python3.8/site-packages/airflow/example_dags/tutorial_taskflow_api.py
[2025-01-24T05:40:03.751+0000] {processor.py:829} INFO - Processing file /home/airflow/.local/lib/python3.8/site-packages/airflow/example_dags/tutorial_taskflow_api.py for tasks to queue
[2025-01-24T05:40:03.753+0000] {logging_mixin.py:151} INFO - [2025-01-24T05:40:03.753+0000] {dagbag.py:539} INFO - Filling up the DagBag from /home/airflow/.local/lib/python3.8/site-packages/airflow/example_dags/tutorial_taskflow_api.py
[2025-01-24T05:40:03.756+0000] {processor.py:839} INFO - DAG(s) dict_keys(['tutorial_taskflow_api']) retrieved from /home/airflow/.local/lib/python3.8/site-packages/airflow/example_dags/tutorial_taskflow_api.py
[2025-01-24T05:40:03.766+0000] {logging_mixin.py:151} INFO - [2025-01-24T05:40:03.766+0000] {dag.py:2915} INFO - Sync 1 DAGs
[2025-01-24T05:40:03.772+0000] {logging_mixin.py:151} INFO - [2025-01-24T05:40:03.772+0000] {dag.py:3696} INFO - Setting next_dagrun for tutorial_taskflow_api to None, run_after=None
[2025-01-24T05:40:03.782+0000] {processor.py:179} INFO - Processing /home/airflow/.local/lib/python3.8/site-packages/airflow/example_dags/tutorial_taskflow_api.py took 0.033 seconds
[2025-01-24T05:40:34.506+0000] {processor.py:157} INFO - Started process (PID=394) to work on /home/airflow/.local/lib/python3.8/site-packages/airflow/example_dags/tutorial_taskflow_api.py
[2025-01-24T05:40:34.508+0000] {processor.py:829} INFO - Processing file /home/airflow/.local/lib/python3.8/site-packages/airflow/example_dags/tutorial_taskflow_api.py for tasks to queue
[2025-01-24T05:40:34.510+0000] {logging_mixin.py:151} INFO - [2025-01-24T05:40:34.510+0000] {dagbag.py:539} INFO - Filling up the DagBag from /home/airflow/.local/lib/python3.8/site-packages/airflow/example_dags/tutorial_taskflow_api.py
[2025-01-24T05:40:34.513+0000] {processor.py:839} INFO - DAG(s) dict_keys(['tutorial_taskflow_api']) retrieved from /home/airflow/.local/lib/python3.8/site-packages/airflow/example_dags/tutorial_taskflow_api.py
[2025-01-24T05:40:34.525+0000] {logging_mixin.py:151} INFO - [2025-01-24T05:40:34.525+0000] {dag.py:2915} INFO - Sync 1 DAGs
[2025-01-24T05:40:34.532+0000] {logging_mixin.py:151} INFO - [2025-01-24T05:40:34.532+0000] {dag.py:3696} INFO - Setting next_dagrun for tutorial_taskflow_api to None, run_after=None
[2025-01-24T05:40:34.542+0000] {processor.py:179} INFO - Processing /home/airflow/.local/lib/python3.8/site-packages/airflow/example_dags/tutorial_taskflow_api.py took 0.039 seconds
[2025-01-24T05:41:05.226+0000] {processor.py:157} INFO - Started process (PID=448) to work on /home/airflow/.local/lib/python3.8/site-packages/airflow/example_dags/tutorial_taskflow_api.py
[2025-01-24T05:41:05.227+0000] {processor.py:829} INFO - Processing file /home/airflow/.local/lib/python3.8/site-packages/airflow/example_dags/tutorial_taskflow_api.py for tasks to queue
[2025-01-24T05:41:05.231+0000] {logging_mixin.py:151} INFO - [2025-01-24T05:41:05.230+0000] {dagbag.py:539} INFO - Filling up the DagBag from /home/airflow/.local/lib/python3.8/site-packages/airflow/example_dags/tutorial_taskflow_api.py
[2025-01-24T05:41:05.234+0000] {processor.py:839} INFO - DAG(s) dict_keys(['tutorial_taskflow_api']) retrieved from /home/airflow/.local/lib/python3.8/site-packages/airflow/example_dags/tutorial_taskflow_api.py
[2025-01-24T05:41:05.244+0000] {logging_mixin.py:151} INFO - [2025-01-24T05:41:05.244+0000] {dag.py:2915} INFO - Sync 1 DAGs
[2025-01-24T05:41:05.252+0000] {logging_mixin.py:151} INFO - [2025-01-24T05:41:05.252+0000] {dag.py:3696} INFO - Setting next_dagrun for tutorial_taskflow_api to None, run_after=None
[2025-01-24T05:41:05.260+0000] {processor.py:179} INFO - Processing /home/airflow/.local/lib/python3.8/site-packages/airflow/example_dags/tutorial_taskflow_api.py took 0.036 seconds
[2025-01-24T05:41:35.988+0000] {processor.py:157} INFO - Started process (PID=502) to work on /home/airflow/.local/lib/python3.8/site-packages/airflow/example_dags/tutorial_taskflow_api.py
[2025-01-24T05:41:35.989+0000] {processor.py:829} INFO - Processing file /home/airflow/.local/lib/python3.8/site-packages/airflow/example_dags/tutorial_taskflow_api.py for tasks to queue
[2025-01-24T05:41:35.992+0000] {logging_mixin.py:151} INFO - [2025-01-24T05:41:35.991+0000] {dagbag.py:539} INFO - Filling up the DagBag from /home/airflow/.local/lib/python3.8/site-packages/airflow/example_dags/tutorial_taskflow_api.py
[2025-01-24T05:41:35.995+0000] {processor.py:839} INFO - DAG(s) dict_keys(['tutorial_taskflow_api']) retrieved from /home/airflow/.local/lib/python3.8/site-packages/airflow/example_dags/tutorial_taskflow_api.py
[2025-01-24T05:41:36.006+0000] {logging_mixin.py:151} INFO - [2025-01-24T05:41:36.006+0000] {dag.py:2915} INFO - Sync 1 DAGs
[2025-01-24T05:41:36.013+0000] {logging_mixin.py:151} INFO - [2025-01-24T05:41:36.012+0000] {dag.py:3696} INFO - Setting next_dagrun for tutorial_taskflow_api to None, run_after=None
[2025-01-24T05:41:36.021+0000] {processor.py:179} INFO - Processing /home/airflow/.local/lib/python3.8/site-packages/airflow/example_dags/tutorial_taskflow_api.py took 0.035 seconds
[2025-01-24T05:42:06.695+0000] {processor.py:157} INFO - Started process (PID=555) to work on /home/airflow/.local/lib/python3.8/site-packages/airflow/example_dags/tutorial_taskflow_api.py
[2025-01-24T05:42:06.697+0000] {processor.py:829} INFO - Processing file /home/airflow/.local/lib/python3.8/site-packages/airflow/example_dags/tutorial_taskflow_api.py for tasks to queue
[2025-01-24T05:42:06.699+0000] {logging_mixin.py:151} INFO - [2025-01-24T05:42:06.699+0000] {dagbag.py:539} INFO - Filling up the DagBag from /home/airflow/.local/lib/python3.8/site-packages/airflow/example_dags/tutorial_taskflow_api.py
[2025-01-24T05:42:06.704+0000] {processor.py:839} INFO - DAG(s) dict_keys(['tutorial_taskflow_api']) retrieved from /home/airflow/.local/lib/python3.8/site-packages/airflow/example_dags/tutorial_taskflow_api.py
[2025-01-24T05:42:06.717+0000] {logging_mixin.py:151} INFO - [2025-01-24T05:42:06.717+0000] {dag.py:2915} INFO - Sync 1 DAGs
[2025-01-24T05:42:06.726+0000] {logging_mixin.py:151} INFO - [2025-01-24T05:42:06.726+0000] {dag.py:3696} INFO - Setting next_dagrun for tutorial_taskflow_api to None, run_after=None
[2025-01-24T05:42:06.737+0000] {processor.py:179} INFO - Processing /home/airflow/.local/lib/python3.8/site-packages/airflow/example_dags/tutorial_taskflow_api.py took 0.045 seconds
[2025-01-24T05:42:37.406+0000] {processor.py:157} INFO - Started process (PID=609) to work on /home/airflow/.local/lib/python3.8/site-packages/airflow/example_dags/tutorial_taskflow_api.py
[2025-01-24T05:42:37.407+0000] {processor.py:829} INFO - Processing file /home/airflow/.local/lib/python3.8/site-packages/airflow/example_dags/tutorial_taskflow_api.py for tasks to queue
[2025-01-24T05:42:37.408+0000] {logging_mixin.py:151} INFO - [2025-01-24T05:42:37.408+0000] {dagbag.py:539} INFO - Filling up the DagBag from /home/airflow/.local/lib/python3.8/site-packages/airflow/example_dags/tutorial_taskflow_api.py
[2025-01-24T05:42:37.411+0000] {processor.py:839} INFO - DAG(s) dict_keys(['tutorial_taskflow_api']) retrieved from /home/airflow/.local/lib/python3.8/site-packages/airflow/example_dags/tutorial_taskflow_api.py
[2025-01-24T05:42:37.422+0000] {logging_mixin.py:151} INFO - [2025-01-24T05:42:37.422+0000] {dag.py:2915} INFO - Sync 1 DAGs
[2025-01-24T05:42:37.429+0000] {logging_mixin.py:151} INFO - [2025-01-24T05:42:37.429+0000] {dag.py:3696} INFO - Setting next_dagrun for tutorial_taskflow_api to None, run_after=None
[2025-01-24T05:42:37.440+0000] {processor.py:179} INFO - Processing /home/airflow/.local/lib/python3.8/site-packages/airflow/example_dags/tutorial_taskflow_api.py took 0.035 seconds
[2025-01-24T05:43:08.096+0000] {processor.py:157} INFO - Started process (PID=663) to work on /home/airflow/.local/lib/python3.8/site-packages/airflow/example_dags/tutorial_taskflow_api.py
[2025-01-24T05:43:08.097+0000] {processor.py:829} INFO - Processing file /home/airflow/.local/lib/python3.8/site-packages/airflow/example_dags/tutorial_taskflow_api.py for tasks to queue
[2025-01-24T05:43:08.098+0000] {logging_mixin.py:151} INFO - [2025-01-24T05:43:08.098+0000] {dagbag.py:539} INFO - Filling up the DagBag from /home/airflow/.local/lib/python3.8/site-packages/airflow/example_dags/tutorial_taskflow_api.py
[2025-01-24T05:43:08.102+0000] {processor.py:839} INFO - DAG(s) dict_keys(['tutorial_taskflow_api']) retrieved from /home/airflow/.local/lib/python3.8/site-packages/airflow/example_dags/tutorial_taskflow_api.py
[2025-01-24T05:43:08.113+0000] {logging_mixin.py:151} INFO - [2025-01-24T05:43:08.113+0000] {dag.py:2915} INFO - Sync 1 DAGs
[2025-01-24T05:43:08.120+0000] {logging_mixin.py:151} INFO - [2025-01-24T05:43:08.120+0000] {dag.py:3696} INFO - Setting next_dagrun for tutorial_taskflow_api to None, run_after=None
[2025-01-24T05:43:08.132+0000] {processor.py:179} INFO - Processing /home/airflow/.local/lib/python3.8/site-packages/airflow/example_dags/tutorial_taskflow_api.py took 0.038 seconds
[2025-01-24T05:43:38.879+0000] {processor.py:157} INFO - Started process (PID=716) to work on /home/airflow/.local/lib/python3.8/site-packages/airflow/example_dags/tutorial_taskflow_api.py
[2025-01-24T05:43:38.881+0000] {processor.py:829} INFO - Processing file /home/airflow/.local/lib/python3.8/site-packages/airflow/example_dags/tutorial_taskflow_api.py for tasks to queue
[2025-01-24T05:43:38.882+0000] {logging_mixin.py:151} INFO - [2025-01-24T05:43:38.882+0000] {dagbag.py:539} INFO - Filling up the DagBag from /home/airflow/.local/lib/python3.8/site-packages/airflow/example_dags/tutorial_taskflow_api.py
[2025-01-24T05:43:38.885+0000] {processor.py:839} INFO - DAG(s) dict_keys(['tutorial_taskflow_api']) retrieved from /home/airflow/.local/lib/python3.8/site-packages/airflow/example_dags/tutorial_taskflow_api.py
[2025-01-24T05:43:38.898+0000] {logging_mixin.py:151} INFO - [2025-01-24T05:43:38.898+0000] {dag.py:2915} INFO - Sync 1 DAGs
[2025-01-24T05:43:38.905+0000] {logging_mixin.py:151} INFO - [2025-01-24T05:43:38.905+0000] {dag.py:3696} INFO - Setting next_dagrun for tutorial_taskflow_api to None, run_after=None
[2025-01-24T05:43:38.914+0000] {processor.py:179} INFO - Processing /home/airflow/.local/lib/python3.8/site-packages/airflow/example_dags/tutorial_taskflow_api.py took 0.037 seconds
[2025-01-24T05:44:09.557+0000] {processor.py:157} INFO - Started process (PID=770) to work on /home/airflow/.local/lib/python3.8/site-packages/airflow/example_dags/tutorial_taskflow_api.py
[2025-01-24T05:44:09.560+0000] {processor.py:829} INFO - Processing file /home/airflow/.local/lib/python3.8/site-packages/airflow/example_dags/tutorial_taskflow_api.py for tasks to queue
[2025-01-24T05:44:09.562+0000] {logging_mixin.py:151} INFO - [2025-01-24T05:44:09.561+0000] {dagbag.py:539} INFO - Filling up the DagBag from /home/airflow/.local/lib/python3.8/site-packages/airflow/example_dags/tutorial_taskflow_api.py
[2025-01-24T05:44:09.565+0000] {processor.py:839} INFO - DAG(s) dict_keys(['tutorial_taskflow_api']) retrieved from /home/airflow/.local/lib/python3.8/site-packages/airflow/example_dags/tutorial_taskflow_api.py
[2025-01-24T05:44:09.576+0000] {logging_mixin.py:151} INFO - [2025-01-24T05:44:09.575+0000] {dag.py:2915} INFO - Sync 1 DAGs
[2025-01-24T05:44:09.583+0000] {logging_mixin.py:151} INFO - [2025-01-24T05:44:09.582+0000] {dag.py:3696} INFO - Setting next_dagrun for tutorial_taskflow_api to None, run_after=None
[2025-01-24T05:44:09.592+0000] {processor.py:179} INFO - Processing /home/airflow/.local/lib/python3.8/site-packages/airflow/example_dags/tutorial_taskflow_api.py took 0.036 seconds
[2025-01-24T05:44:39.746+0000] {processor.py:157} INFO - Started process (PID=824) to work on /home/airflow/.local/lib/python3.8/site-packages/airflow/example_dags/tutorial_taskflow_api.py
[2025-01-24T05:44:39.747+0000] {processor.py:829} INFO - Processing file /home/airflow/.local/lib/python3.8/site-packages/airflow/example_dags/tutorial_taskflow_api.py for tasks to queue
[2025-01-24T05:44:39.748+0000] {logging_mixin.py:151} INFO - [2025-01-24T05:44:39.748+0000] {dagbag.py:539} INFO - Filling up the DagBag from /home/airflow/.local/lib/python3.8/site-packages/airflow/example_dags/tutorial_taskflow_api.py
[2025-01-24T05:44:39.752+0000] {processor.py:839} INFO - DAG(s) dict_keys(['tutorial_taskflow_api']) retrieved from /home/airflow/.local/lib/python3.8/site-packages/airflow/example_dags/tutorial_taskflow_api.py
[2025-01-24T05:44:39.765+0000] {logging_mixin.py:151} INFO - [2025-01-24T05:44:39.765+0000] {dag.py:2915} INFO - Sync 1 DAGs
[2025-01-24T05:44:39.771+0000] {logging_mixin.py:151} INFO - [2025-01-24T05:44:39.771+0000] {dag.py:3696} INFO - Setting next_dagrun for tutorial_taskflow_api to None, run_after=None
[2025-01-24T05:44:39.785+0000] {processor.py:179} INFO - Processing /home/airflow/.local/lib/python3.8/site-packages/airflow/example_dags/tutorial_taskflow_api.py took 0.040 seconds
[2025-01-24T05:45:10.515+0000] {processor.py:157} INFO - Started process (PID=878) to work on /home/airflow/.local/lib/python3.8/site-packages/airflow/example_dags/tutorial_taskflow_api.py
[2025-01-24T05:45:10.517+0000] {processor.py:829} INFO - Processing file /home/airflow/.local/lib/python3.8/site-packages/airflow/example_dags/tutorial_taskflow_api.py for tasks to queue
[2025-01-24T05:45:10.518+0000] {logging_mixin.py:151} INFO - [2025-01-24T05:45:10.518+0000] {dagbag.py:539} INFO - Filling up the DagBag from /home/airflow/.local/lib/python3.8/site-packages/airflow/example_dags/tutorial_taskflow_api.py
[2025-01-24T05:45:10.521+0000] {processor.py:839} INFO - DAG(s) dict_keys(['tutorial_taskflow_api']) retrieved from /home/airflow/.local/lib/python3.8/site-packages/airflow/example_dags/tutorial_taskflow_api.py
[2025-01-24T05:45:10.532+0000] {logging_mixin.py:151} INFO - [2025-01-24T05:45:10.532+0000] {dag.py:2915} INFO - Sync 1 DAGs
[2025-01-24T05:45:10.539+0000] {logging_mixin.py:151} INFO - [2025-01-24T05:45:10.539+0000] {dag.py:3696} INFO - Setting next_dagrun for tutorial_taskflow_api to None, run_after=None
[2025-01-24T05:45:10.547+0000] {processor.py:179} INFO - Processing /home/airflow/.local/lib/python3.8/site-packages/airflow/example_dags/tutorial_taskflow_api.py took 0.034 seconds
[2025-01-24T05:45:51.893+0000] {processor.py:157} INFO - Started process (PID=63) to work on /home/airflow/.local/lib/python3.8/site-packages/airflow/example_dags/tutorial_taskflow_api.py
[2025-01-24T05:45:51.894+0000] {processor.py:829} INFO - Processing file /home/airflow/.local/lib/python3.8/site-packages/airflow/example_dags/tutorial_taskflow_api.py for tasks to queue
[2025-01-24T05:45:51.895+0000] {logging_mixin.py:151} INFO - [2025-01-24T05:45:51.895+0000] {dagbag.py:539} INFO - Filling up the DagBag from /home/airflow/.local/lib/python3.8/site-packages/airflow/example_dags/tutorial_taskflow_api.py
[2025-01-24T05:45:51.899+0000] {processor.py:839} INFO - DAG(s) dict_keys(['tutorial_taskflow_api']) retrieved from /home/airflow/.local/lib/python3.8/site-packages/airflow/example_dags/tutorial_taskflow_api.py
[2025-01-24T05:45:51.907+0000] {logging_mixin.py:151} INFO - [2025-01-24T05:45:51.907+0000] {dag.py:2915} INFO - Sync 1 DAGs
[2025-01-24T05:45:51.915+0000] {logging_mixin.py:151} INFO - [2025-01-24T05:45:51.915+0000] {dag.py:3696} INFO - Setting next_dagrun for tutorial_taskflow_api to None, run_after=None
[2025-01-24T05:45:51.924+0000] {processor.py:179} INFO - Processing /home/airflow/.local/lib/python3.8/site-packages/airflow/example_dags/tutorial_taskflow_api.py took 0.033 seconds
[2025-01-24T05:46:22.457+0000] {processor.py:157} INFO - Started process (PID=116) to work on /home/airflow/.local/lib/python3.8/site-packages/airflow/example_dags/tutorial_taskflow_api.py
[2025-01-24T05:46:22.457+0000] {processor.py:829} INFO - Processing file /home/airflow/.local/lib/python3.8/site-packages/airflow/example_dags/tutorial_taskflow_api.py for tasks to queue
[2025-01-24T05:46:22.458+0000] {logging_mixin.py:151} INFO - [2025-01-24T05:46:22.458+0000] {dagbag.py:539} INFO - Filling up the DagBag from /home/airflow/.local/lib/python3.8/site-packages/airflow/example_dags/tutorial_taskflow_api.py
[2025-01-24T05:46:22.462+0000] {processor.py:839} INFO - DAG(s) dict_keys(['tutorial_taskflow_api']) retrieved from /home/airflow/.local/lib/python3.8/site-packages/airflow/example_dags/tutorial_taskflow_api.py
[2025-01-24T05:46:22.475+0000] {logging_mixin.py:151} INFO - [2025-01-24T05:46:22.475+0000] {dag.py:2915} INFO - Sync 1 DAGs
[2025-01-24T05:46:22.481+0000] {logging_mixin.py:151} INFO - [2025-01-24T05:46:22.481+0000] {dag.py:3696} INFO - Setting next_dagrun for tutorial_taskflow_api to None, run_after=None
[2025-01-24T05:46:22.491+0000] {processor.py:179} INFO - Processing /home/airflow/.local/lib/python3.8/site-packages/airflow/example_dags/tutorial_taskflow_api.py took 0.036 seconds
[2025-01-24T05:46:53.108+0000] {processor.py:157} INFO - Started process (PID=170) to work on /home/airflow/.local/lib/python3.8/site-packages/airflow/example_dags/tutorial_taskflow_api.py
[2025-01-24T05:46:53.109+0000] {processor.py:829} INFO - Processing file /home/airflow/.local/lib/python3.8/site-packages/airflow/example_dags/tutorial_taskflow_api.py for tasks to queue
[2025-01-24T05:46:53.111+0000] {logging_mixin.py:151} INFO - [2025-01-24T05:46:53.111+0000] {dagbag.py:539} INFO - Filling up the DagBag from /home/airflow/.local/lib/python3.8/site-packages/airflow/example_dags/tutorial_taskflow_api.py
[2025-01-24T05:46:53.115+0000] {processor.py:839} INFO - DAG(s) dict_keys(['tutorial_taskflow_api']) retrieved from /home/airflow/.local/lib/python3.8/site-packages/airflow/example_dags/tutorial_taskflow_api.py
[2025-01-24T05:46:53.125+0000] {logging_mixin.py:151} INFO - [2025-01-24T05:46:53.125+0000] {dag.py:2915} INFO - Sync 1 DAGs
[2025-01-24T05:46:53.135+0000] {logging_mixin.py:151} INFO - [2025-01-24T05:46:53.135+0000] {dag.py:3696} INFO - Setting next_dagrun for tutorial_taskflow_api to None, run_after=None
[2025-01-24T05:46:53.145+0000] {processor.py:179} INFO - Processing /home/airflow/.local/lib/python3.8/site-packages/airflow/example_dags/tutorial_taskflow_api.py took 0.038 seconds
[2025-01-24T05:47:23.792+0000] {processor.py:157} INFO - Started process (PID=224) to work on /home/airflow/.local/lib/python3.8/site-packages/airflow/example_dags/tutorial_taskflow_api.py
[2025-01-24T05:47:23.792+0000] {processor.py:829} INFO - Processing file /home/airflow/.local/lib/python3.8/site-packages/airflow/example_dags/tutorial_taskflow_api.py for tasks to queue
[2025-01-24T05:47:23.795+0000] {logging_mixin.py:151} INFO - [2025-01-24T05:47:23.794+0000] {dagbag.py:539} INFO - Filling up the DagBag from /home/airflow/.local/lib/python3.8/site-packages/airflow/example_dags/tutorial_taskflow_api.py
[2025-01-24T05:47:23.802+0000] {processor.py:839} INFO - DAG(s) dict_keys(['tutorial_taskflow_api']) retrieved from /home/airflow/.local/lib/python3.8/site-packages/airflow/example_dags/tutorial_taskflow_api.py
[2025-01-24T05:47:23.812+0000] {logging_mixin.py:151} INFO - [2025-01-24T05:47:23.812+0000] {dag.py:2915} INFO - Sync 1 DAGs
[2025-01-24T05:47:23.818+0000] {logging_mixin.py:151} INFO - [2025-01-24T05:47:23.818+0000] {dag.py:3696} INFO - Setting next_dagrun for tutorial_taskflow_api to None, run_after=None
[2025-01-24T05:47:23.828+0000] {processor.py:179} INFO - Processing /home/airflow/.local/lib/python3.8/site-packages/airflow/example_dags/tutorial_taskflow_api.py took 0.038 seconds
[2025-01-24T05:47:54.512+0000] {processor.py:157} INFO - Started process (PID=278) to work on /home/airflow/.local/lib/python3.8/site-packages/airflow/example_dags/tutorial_taskflow_api.py
[2025-01-24T05:47:54.513+0000] {processor.py:829} INFO - Processing file /home/airflow/.local/lib/python3.8/site-packages/airflow/example_dags/tutorial_taskflow_api.py for tasks to queue
[2025-01-24T05:47:54.517+0000] {logging_mixin.py:151} INFO - [2025-01-24T05:47:54.517+0000] {dagbag.py:539} INFO - Filling up the DagBag from /home/airflow/.local/lib/python3.8/site-packages/airflow/example_dags/tutorial_taskflow_api.py
[2025-01-24T05:47:54.521+0000] {processor.py:839} INFO - DAG(s) dict_keys(['tutorial_taskflow_api']) retrieved from /home/airflow/.local/lib/python3.8/site-packages/airflow/example_dags/tutorial_taskflow_api.py
[2025-01-24T05:47:54.533+0000] {logging_mixin.py:151} INFO - [2025-01-24T05:47:54.533+0000] {dag.py:2915} INFO - Sync 1 DAGs
[2025-01-24T05:47:54.540+0000] {logging_mixin.py:151} INFO - [2025-01-24T05:47:54.540+0000] {dag.py:3696} INFO - Setting next_dagrun for tutorial_taskflow_api to None, run_after=None
[2025-01-24T05:47:54.551+0000] {processor.py:179} INFO - Processing /home/airflow/.local/lib/python3.8/site-packages/airflow/example_dags/tutorial_taskflow_api.py took 0.041 seconds
