[2025-01-24T05:37:30.898+0000] {processor.py:157} INFO - Started process (PID=69) to work on /home/airflow/.local/lib/python3.8/site-packages/airflow/example_dags/tutorial.py
[2025-01-24T05:37:30.899+0000] {processor.py:829} INFO - Processing file /home/airflow/.local/lib/python3.8/site-packages/airflow/example_dags/tutorial.py for tasks to queue
[2025-01-24T05:37:30.900+0000] {logging_mixin.py:151} INFO - [2025-01-24T05:37:30.900+0000] {dagbag.py:539} INFO - Filling up the DagBag from /home/airflow/.local/lib/python3.8/site-packages/airflow/example_dags/tutorial.py
[2025-01-24T05:37:30.905+0000] {processor.py:839} INFO - DAG(s) dict_keys(['tutorial']) retrieved from /home/airflow/.local/lib/python3.8/site-packages/airflow/example_dags/tutorial.py
[2025-01-24T05:37:30.927+0000] {logging_mixin.py:151} INFO - [2025-01-24T05:37:30.926+0000] {dag.py:2915} INFO - Sync 1 DAGs
[2025-01-24T05:37:30.949+0000] {logging_mixin.py:151} INFO - [2025-01-24T05:37:30.948+0000] {dag.py:3696} INFO - Setting next_dagrun for tutorial to 2025-01-23T05:37:30.948702+00:00, run_after=2025-01-24T05:37:30.948702+00:00
[2025-01-24T05:37:30.965+0000] {processor.py:179} INFO - Processing /home/airflow/.local/lib/python3.8/site-packages/airflow/example_dags/tutorial.py took 0.070 seconds
[2025-01-24T05:38:01.064+0000] {processor.py:157} INFO - Started process (PID=122) to work on /home/airflow/.local/lib/python3.8/site-packages/airflow/example_dags/tutorial.py
[2025-01-24T05:38:01.067+0000] {processor.py:829} INFO - Processing file /home/airflow/.local/lib/python3.8/site-packages/airflow/example_dags/tutorial.py for tasks to queue
[2025-01-24T05:38:01.068+0000] {logging_mixin.py:151} INFO - [2025-01-24T05:38:01.068+0000] {dagbag.py:539} INFO - Filling up the DagBag from /home/airflow/.local/lib/python3.8/site-packages/airflow/example_dags/tutorial.py
[2025-01-24T05:38:01.071+0000] {processor.py:839} INFO - DAG(s) dict_keys(['tutorial']) retrieved from /home/airflow/.local/lib/python3.8/site-packages/airflow/example_dags/tutorial.py
[2025-01-24T05:38:01.084+0000] {logging_mixin.py:151} INFO - [2025-01-24T05:38:01.084+0000] {dag.py:2915} INFO - Sync 1 DAGs
[2025-01-24T05:38:01.095+0000] {logging_mixin.py:151} INFO - [2025-01-24T05:38:01.095+0000] {dag.py:3696} INFO - Setting next_dagrun for tutorial to 2025-01-23T05:38:01.095464+00:00, run_after=2025-01-24T05:38:01.095464+00:00
[2025-01-24T05:38:01.106+0000] {processor.py:179} INFO - Processing /home/airflow/.local/lib/python3.8/site-packages/airflow/example_dags/tutorial.py took 0.044 seconds
[2025-01-24T05:38:31.816+0000] {processor.py:157} INFO - Started process (PID=176) to work on /home/airflow/.local/lib/python3.8/site-packages/airflow/example_dags/tutorial.py
[2025-01-24T05:38:31.817+0000] {processor.py:829} INFO - Processing file /home/airflow/.local/lib/python3.8/site-packages/airflow/example_dags/tutorial.py for tasks to queue
[2025-01-24T05:38:31.818+0000] {logging_mixin.py:151} INFO - [2025-01-24T05:38:31.818+0000] {dagbag.py:539} INFO - Filling up the DagBag from /home/airflow/.local/lib/python3.8/site-packages/airflow/example_dags/tutorial.py
[2025-01-24T05:38:31.821+0000] {processor.py:839} INFO - DAG(s) dict_keys(['tutorial']) retrieved from /home/airflow/.local/lib/python3.8/site-packages/airflow/example_dags/tutorial.py
[2025-01-24T05:38:31.832+0000] {logging_mixin.py:151} INFO - [2025-01-24T05:38:31.832+0000] {dag.py:2915} INFO - Sync 1 DAGs
[2025-01-24T05:38:31.844+0000] {logging_mixin.py:151} INFO - [2025-01-24T05:38:31.844+0000] {dag.py:3696} INFO - Setting next_dagrun for tutorial to 2025-01-23T05:38:31.844374+00:00, run_after=2025-01-24T05:38:31.844374+00:00
[2025-01-24T05:38:31.854+0000] {processor.py:179} INFO - Processing /home/airflow/.local/lib/python3.8/site-packages/airflow/example_dags/tutorial.py took 0.039 seconds
[2025-01-24T05:39:02.735+0000] {processor.py:157} INFO - Started process (PID=229) to work on /home/airflow/.local/lib/python3.8/site-packages/airflow/example_dags/tutorial.py
[2025-01-24T05:39:02.738+0000] {processor.py:829} INFO - Processing file /home/airflow/.local/lib/python3.8/site-packages/airflow/example_dags/tutorial.py for tasks to queue
[2025-01-24T05:39:02.740+0000] {logging_mixin.py:151} INFO - [2025-01-24T05:39:02.740+0000] {dagbag.py:539} INFO - Filling up the DagBag from /home/airflow/.local/lib/python3.8/site-packages/airflow/example_dags/tutorial.py
[2025-01-24T05:39:02.744+0000] {processor.py:839} INFO - DAG(s) dict_keys(['tutorial']) retrieved from /home/airflow/.local/lib/python3.8/site-packages/airflow/example_dags/tutorial.py
[2025-01-24T05:39:02.758+0000] {logging_mixin.py:151} INFO - [2025-01-24T05:39:02.758+0000] {dag.py:2915} INFO - Sync 1 DAGs
[2025-01-24T05:39:02.771+0000] {logging_mixin.py:151} INFO - [2025-01-24T05:39:02.770+0000] {dag.py:3696} INFO - Setting next_dagrun for tutorial to 2025-01-23T05:39:02.770710+00:00, run_after=2025-01-24T05:39:02.770710+00:00
[2025-01-24T05:39:02.783+0000] {processor.py:179} INFO - Processing /home/airflow/.local/lib/python3.8/site-packages/airflow/example_dags/tutorial.py took 0.051 seconds
[2025-01-24T05:39:32.841+0000] {processor.py:157} INFO - Started process (PID=283) to work on /home/airflow/.local/lib/python3.8/site-packages/airflow/example_dags/tutorial.py
[2025-01-24T05:39:32.844+0000] {processor.py:829} INFO - Processing file /home/airflow/.local/lib/python3.8/site-packages/airflow/example_dags/tutorial.py for tasks to queue
[2025-01-24T05:39:32.846+0000] {logging_mixin.py:151} INFO - [2025-01-24T05:39:32.846+0000] {dagbag.py:539} INFO - Filling up the DagBag from /home/airflow/.local/lib/python3.8/site-packages/airflow/example_dags/tutorial.py
[2025-01-24T05:39:32.850+0000] {processor.py:839} INFO - DAG(s) dict_keys(['tutorial']) retrieved from /home/airflow/.local/lib/python3.8/site-packages/airflow/example_dags/tutorial.py
[2025-01-24T05:39:32.861+0000] {logging_mixin.py:151} INFO - [2025-01-24T05:39:32.861+0000] {dag.py:2915} INFO - Sync 1 DAGs
[2025-01-24T05:39:32.871+0000] {logging_mixin.py:151} INFO - [2025-01-24T05:39:32.871+0000] {dag.py:3696} INFO - Setting next_dagrun for tutorial to 2025-01-23T05:39:32.871531+00:00, run_after=2025-01-24T05:39:32.871531+00:00
[2025-01-24T05:39:32.881+0000] {processor.py:179} INFO - Processing /home/airflow/.local/lib/python3.8/site-packages/airflow/example_dags/tutorial.py took 0.042 seconds
[2025-01-24T05:40:03.874+0000] {processor.py:157} INFO - Started process (PID=337) to work on /home/airflow/.local/lib/python3.8/site-packages/airflow/example_dags/tutorial.py
[2025-01-24T05:40:03.875+0000] {processor.py:829} INFO - Processing file /home/airflow/.local/lib/python3.8/site-packages/airflow/example_dags/tutorial.py for tasks to queue
[2025-01-24T05:40:03.876+0000] {logging_mixin.py:151} INFO - [2025-01-24T05:40:03.876+0000] {dagbag.py:539} INFO - Filling up the DagBag from /home/airflow/.local/lib/python3.8/site-packages/airflow/example_dags/tutorial.py
[2025-01-24T05:40:03.879+0000] {processor.py:839} INFO - DAG(s) dict_keys(['tutorial']) retrieved from /home/airflow/.local/lib/python3.8/site-packages/airflow/example_dags/tutorial.py
[2025-01-24T05:40:03.889+0000] {logging_mixin.py:151} INFO - [2025-01-24T05:40:03.889+0000] {dag.py:2915} INFO - Sync 1 DAGs
[2025-01-24T05:40:03.898+0000] {logging_mixin.py:151} INFO - [2025-01-24T05:40:03.898+0000] {dag.py:3696} INFO - Setting next_dagrun for tutorial to 2025-01-23T05:40:03.898748+00:00, run_after=2025-01-24T05:40:03.898748+00:00
[2025-01-24T05:40:03.906+0000] {processor.py:179} INFO - Processing /home/airflow/.local/lib/python3.8/site-packages/airflow/example_dags/tutorial.py took 0.034 seconds
[2025-01-24T05:40:34.621+0000] {processor.py:157} INFO - Started process (PID=398) to work on /home/airflow/.local/lib/python3.8/site-packages/airflow/example_dags/tutorial.py
[2025-01-24T05:40:34.623+0000] {processor.py:829} INFO - Processing file /home/airflow/.local/lib/python3.8/site-packages/airflow/example_dags/tutorial.py for tasks to queue
[2025-01-24T05:40:34.624+0000] {logging_mixin.py:151} INFO - [2025-01-24T05:40:34.624+0000] {dagbag.py:539} INFO - Filling up the DagBag from /home/airflow/.local/lib/python3.8/site-packages/airflow/example_dags/tutorial.py
[2025-01-24T05:40:34.628+0000] {processor.py:839} INFO - DAG(s) dict_keys(['tutorial']) retrieved from /home/airflow/.local/lib/python3.8/site-packages/airflow/example_dags/tutorial.py
[2025-01-24T05:40:34.642+0000] {logging_mixin.py:151} INFO - [2025-01-24T05:40:34.642+0000] {dag.py:2915} INFO - Sync 1 DAGs
[2025-01-24T05:40:34.655+0000] {logging_mixin.py:151} INFO - [2025-01-24T05:40:34.654+0000] {dag.py:3696} INFO - Setting next_dagrun for tutorial to 2025-01-23T05:40:34.654699+00:00, run_after=2025-01-24T05:40:34.654699+00:00
[2025-01-24T05:40:34.665+0000] {processor.py:179} INFO - Processing /home/airflow/.local/lib/python3.8/site-packages/airflow/example_dags/tutorial.py took 0.046 seconds
[2025-01-24T05:41:05.333+0000] {processor.py:157} INFO - Started process (PID=452) to work on /home/airflow/.local/lib/python3.8/site-packages/airflow/example_dags/tutorial.py
[2025-01-24T05:41:05.334+0000] {processor.py:829} INFO - Processing file /home/airflow/.local/lib/python3.8/site-packages/airflow/example_dags/tutorial.py for tasks to queue
[2025-01-24T05:41:05.335+0000] {logging_mixin.py:151} INFO - [2025-01-24T05:41:05.335+0000] {dagbag.py:539} INFO - Filling up the DagBag from /home/airflow/.local/lib/python3.8/site-packages/airflow/example_dags/tutorial.py
[2025-01-24T05:41:05.338+0000] {processor.py:839} INFO - DAG(s) dict_keys(['tutorial']) retrieved from /home/airflow/.local/lib/python3.8/site-packages/airflow/example_dags/tutorial.py
[2025-01-24T05:41:05.348+0000] {logging_mixin.py:151} INFO - [2025-01-24T05:41:05.348+0000] {dag.py:2915} INFO - Sync 1 DAGs
[2025-01-24T05:41:05.360+0000] {logging_mixin.py:151} INFO - [2025-01-24T05:41:05.360+0000] {dag.py:3696} INFO - Setting next_dagrun for tutorial to 2025-01-23T05:41:05.360752+00:00, run_after=2025-01-24T05:41:05.360752+00:00
[2025-01-24T05:41:05.374+0000] {processor.py:179} INFO - Processing /home/airflow/.local/lib/python3.8/site-packages/airflow/example_dags/tutorial.py took 0.042 seconds
[2025-01-24T05:41:36.090+0000] {processor.py:157} INFO - Started process (PID=506) to work on /home/airflow/.local/lib/python3.8/site-packages/airflow/example_dags/tutorial.py
[2025-01-24T05:41:36.091+0000] {processor.py:829} INFO - Processing file /home/airflow/.local/lib/python3.8/site-packages/airflow/example_dags/tutorial.py for tasks to queue
[2025-01-24T05:41:36.092+0000] {logging_mixin.py:151} INFO - [2025-01-24T05:41:36.092+0000] {dagbag.py:539} INFO - Filling up the DagBag from /home/airflow/.local/lib/python3.8/site-packages/airflow/example_dags/tutorial.py
[2025-01-24T05:41:36.095+0000] {processor.py:839} INFO - DAG(s) dict_keys(['tutorial']) retrieved from /home/airflow/.local/lib/python3.8/site-packages/airflow/example_dags/tutorial.py
[2025-01-24T05:41:36.107+0000] {logging_mixin.py:151} INFO - [2025-01-24T05:41:36.107+0000] {dag.py:2915} INFO - Sync 1 DAGs
[2025-01-24T05:41:36.117+0000] {logging_mixin.py:151} INFO - [2025-01-24T05:41:36.117+0000] {dag.py:3696} INFO - Setting next_dagrun for tutorial to 2025-01-23T05:41:36.117234+00:00, run_after=2025-01-24T05:41:36.117234+00:00
[2025-01-24T05:41:36.129+0000] {processor.py:179} INFO - Processing /home/airflow/.local/lib/python3.8/site-packages/airflow/example_dags/tutorial.py took 0.041 seconds
[2025-01-24T05:42:06.806+0000] {processor.py:157} INFO - Started process (PID=559) to work on /home/airflow/.local/lib/python3.8/site-packages/airflow/example_dags/tutorial.py
[2025-01-24T05:42:06.807+0000] {processor.py:829} INFO - Processing file /home/airflow/.local/lib/python3.8/site-packages/airflow/example_dags/tutorial.py for tasks to queue
[2025-01-24T05:42:06.809+0000] {logging_mixin.py:151} INFO - [2025-01-24T05:42:06.809+0000] {dagbag.py:539} INFO - Filling up the DagBag from /home/airflow/.local/lib/python3.8/site-packages/airflow/example_dags/tutorial.py
[2025-01-24T05:42:06.813+0000] {processor.py:839} INFO - DAG(s) dict_keys(['tutorial']) retrieved from /home/airflow/.local/lib/python3.8/site-packages/airflow/example_dags/tutorial.py
[2025-01-24T05:42:06.827+0000] {logging_mixin.py:151} INFO - [2025-01-24T05:42:06.827+0000] {dag.py:2915} INFO - Sync 1 DAGs
[2025-01-24T05:42:06.841+0000] {logging_mixin.py:151} INFO - [2025-01-24T05:42:06.841+0000] {dag.py:3696} INFO - Setting next_dagrun for tutorial to 2025-01-23T05:42:06.841311+00:00, run_after=2025-01-24T05:42:06.841311+00:00
[2025-01-24T05:42:06.852+0000] {processor.py:179} INFO - Processing /home/airflow/.local/lib/python3.8/site-packages/airflow/example_dags/tutorial.py took 0.048 seconds
[2025-01-24T05:42:37.508+0000] {processor.py:157} INFO - Started process (PID=613) to work on /home/airflow/.local/lib/python3.8/site-packages/airflow/example_dags/tutorial.py
[2025-01-24T05:42:37.509+0000] {processor.py:829} INFO - Processing file /home/airflow/.local/lib/python3.8/site-packages/airflow/example_dags/tutorial.py for tasks to queue
[2025-01-24T05:42:37.510+0000] {logging_mixin.py:151} INFO - [2025-01-24T05:42:37.510+0000] {dagbag.py:539} INFO - Filling up the DagBag from /home/airflow/.local/lib/python3.8/site-packages/airflow/example_dags/tutorial.py
[2025-01-24T05:42:37.513+0000] {processor.py:839} INFO - DAG(s) dict_keys(['tutorial']) retrieved from /home/airflow/.local/lib/python3.8/site-packages/airflow/example_dags/tutorial.py
[2025-01-24T05:42:37.524+0000] {logging_mixin.py:151} INFO - [2025-01-24T05:42:37.524+0000] {dag.py:2915} INFO - Sync 1 DAGs
[2025-01-24T05:42:37.535+0000] {logging_mixin.py:151} INFO - [2025-01-24T05:42:37.535+0000] {dag.py:3696} INFO - Setting next_dagrun for tutorial to 2025-01-23T05:42:37.535039+00:00, run_after=2025-01-24T05:42:37.535039+00:00
[2025-01-24T05:42:37.544+0000] {processor.py:179} INFO - Processing /home/airflow/.local/lib/python3.8/site-packages/airflow/example_dags/tutorial.py took 0.038 seconds
[2025-01-24T05:43:08.202+0000] {processor.py:157} INFO - Started process (PID=667) to work on /home/airflow/.local/lib/python3.8/site-packages/airflow/example_dags/tutorial.py
[2025-01-24T05:43:08.203+0000] {processor.py:829} INFO - Processing file /home/airflow/.local/lib/python3.8/site-packages/airflow/example_dags/tutorial.py for tasks to queue
[2025-01-24T05:43:08.206+0000] {logging_mixin.py:151} INFO - [2025-01-24T05:43:08.205+0000] {dagbag.py:539} INFO - Filling up the DagBag from /home/airflow/.local/lib/python3.8/site-packages/airflow/example_dags/tutorial.py
[2025-01-24T05:43:08.209+0000] {processor.py:839} INFO - DAG(s) dict_keys(['tutorial']) retrieved from /home/airflow/.local/lib/python3.8/site-packages/airflow/example_dags/tutorial.py
[2025-01-24T05:43:08.220+0000] {logging_mixin.py:151} INFO - [2025-01-24T05:43:08.219+0000] {dag.py:2915} INFO - Sync 1 DAGs
[2025-01-24T05:43:08.231+0000] {logging_mixin.py:151} INFO - [2025-01-24T05:43:08.231+0000] {dag.py:3696} INFO - Setting next_dagrun for tutorial to 2025-01-23T05:43:08.231289+00:00, run_after=2025-01-24T05:43:08.231289+00:00
[2025-01-24T05:43:08.246+0000] {processor.py:179} INFO - Processing /home/airflow/.local/lib/python3.8/site-packages/airflow/example_dags/tutorial.py took 0.046 seconds
[2025-01-24T05:43:38.989+0000] {processor.py:157} INFO - Started process (PID=720) to work on /home/airflow/.local/lib/python3.8/site-packages/airflow/example_dags/tutorial.py
[2025-01-24T05:43:38.990+0000] {processor.py:829} INFO - Processing file /home/airflow/.local/lib/python3.8/site-packages/airflow/example_dags/tutorial.py for tasks to queue
[2025-01-24T05:43:38.991+0000] {logging_mixin.py:151} INFO - [2025-01-24T05:43:38.991+0000] {dagbag.py:539} INFO - Filling up the DagBag from /home/airflow/.local/lib/python3.8/site-packages/airflow/example_dags/tutorial.py
[2025-01-24T05:43:38.995+0000] {processor.py:839} INFO - DAG(s) dict_keys(['tutorial']) retrieved from /home/airflow/.local/lib/python3.8/site-packages/airflow/example_dags/tutorial.py
[2025-01-24T05:43:39.009+0000] {logging_mixin.py:151} INFO - [2025-01-24T05:43:39.009+0000] {dag.py:2915} INFO - Sync 1 DAGs
[2025-01-24T05:43:39.021+0000] {logging_mixin.py:151} INFO - [2025-01-24T05:43:39.021+0000] {dag.py:3696} INFO - Setting next_dagrun for tutorial to 2025-01-23T05:43:39.021278+00:00, run_after=2025-01-24T05:43:39.021278+00:00
[2025-01-24T05:43:39.034+0000] {processor.py:179} INFO - Processing /home/airflow/.local/lib/python3.8/site-packages/airflow/example_dags/tutorial.py took 0.047 seconds
[2025-01-24T05:44:09.658+0000] {processor.py:157} INFO - Started process (PID=774) to work on /home/airflow/.local/lib/python3.8/site-packages/airflow/example_dags/tutorial.py
[2025-01-24T05:44:09.658+0000] {processor.py:829} INFO - Processing file /home/airflow/.local/lib/python3.8/site-packages/airflow/example_dags/tutorial.py for tasks to queue
[2025-01-24T05:44:09.659+0000] {logging_mixin.py:151} INFO - [2025-01-24T05:44:09.659+0000] {dagbag.py:539} INFO - Filling up the DagBag from /home/airflow/.local/lib/python3.8/site-packages/airflow/example_dags/tutorial.py
[2025-01-24T05:44:09.662+0000] {processor.py:839} INFO - DAG(s) dict_keys(['tutorial']) retrieved from /home/airflow/.local/lib/python3.8/site-packages/airflow/example_dags/tutorial.py
[2025-01-24T05:44:09.672+0000] {logging_mixin.py:151} INFO - [2025-01-24T05:44:09.672+0000] {dag.py:2915} INFO - Sync 1 DAGs
[2025-01-24T05:44:09.682+0000] {logging_mixin.py:151} INFO - [2025-01-24T05:44:09.681+0000] {dag.py:3696} INFO - Setting next_dagrun for tutorial to 2025-01-23T05:44:09.681866+00:00, run_after=2025-01-24T05:44:09.681866+00:00
[2025-01-24T05:44:09.689+0000] {processor.py:179} INFO - Processing /home/airflow/.local/lib/python3.8/site-packages/airflow/example_dags/tutorial.py took 0.033 seconds
[2025-01-24T05:44:39.852+0000] {processor.py:157} INFO - Started process (PID=828) to work on /home/airflow/.local/lib/python3.8/site-packages/airflow/example_dags/tutorial.py
[2025-01-24T05:44:39.852+0000] {processor.py:829} INFO - Processing file /home/airflow/.local/lib/python3.8/site-packages/airflow/example_dags/tutorial.py for tasks to queue
[2025-01-24T05:44:39.853+0000] {logging_mixin.py:151} INFO - [2025-01-24T05:44:39.853+0000] {dagbag.py:539} INFO - Filling up the DagBag from /home/airflow/.local/lib/python3.8/site-packages/airflow/example_dags/tutorial.py
[2025-01-24T05:44:39.856+0000] {processor.py:839} INFO - DAG(s) dict_keys(['tutorial']) retrieved from /home/airflow/.local/lib/python3.8/site-packages/airflow/example_dags/tutorial.py
[2025-01-24T05:44:39.868+0000] {logging_mixin.py:151} INFO - [2025-01-24T05:44:39.868+0000] {dag.py:2915} INFO - Sync 1 DAGs
[2025-01-24T05:44:39.878+0000] {logging_mixin.py:151} INFO - [2025-01-24T05:44:39.878+0000] {dag.py:3696} INFO - Setting next_dagrun for tutorial to 2025-01-23T05:44:39.878432+00:00, run_after=2025-01-24T05:44:39.878432+00:00
[2025-01-24T05:44:39.892+0000] {processor.py:179} INFO - Processing /home/airflow/.local/lib/python3.8/site-packages/airflow/example_dags/tutorial.py took 0.042 seconds
[2025-01-24T05:45:10.613+0000] {processor.py:157} INFO - Started process (PID=882) to work on /home/airflow/.local/lib/python3.8/site-packages/airflow/example_dags/tutorial.py
[2025-01-24T05:45:10.614+0000] {processor.py:829} INFO - Processing file /home/airflow/.local/lib/python3.8/site-packages/airflow/example_dags/tutorial.py for tasks to queue
[2025-01-24T05:45:10.615+0000] {logging_mixin.py:151} INFO - [2025-01-24T05:45:10.615+0000] {dagbag.py:539} INFO - Filling up the DagBag from /home/airflow/.local/lib/python3.8/site-packages/airflow/example_dags/tutorial.py
[2025-01-24T05:45:10.618+0000] {processor.py:839} INFO - DAG(s) dict_keys(['tutorial']) retrieved from /home/airflow/.local/lib/python3.8/site-packages/airflow/example_dags/tutorial.py
[2025-01-24T05:45:10.628+0000] {logging_mixin.py:151} INFO - [2025-01-24T05:45:10.628+0000] {dag.py:2915} INFO - Sync 1 DAGs
[2025-01-24T05:45:10.637+0000] {logging_mixin.py:151} INFO - [2025-01-24T05:45:10.637+0000] {dag.py:3696} INFO - Setting next_dagrun for tutorial to 2025-01-23T05:45:10.637569+00:00, run_after=2025-01-24T05:45:10.637569+00:00
[2025-01-24T05:45:10.646+0000] {processor.py:179} INFO - Processing /home/airflow/.local/lib/python3.8/site-packages/airflow/example_dags/tutorial.py took 0.034 seconds
[2025-01-24T05:45:52.076+0000] {processor.py:157} INFO - Started process (PID=67) to work on /home/airflow/.local/lib/python3.8/site-packages/airflow/example_dags/tutorial.py
[2025-01-24T05:45:52.076+0000] {processor.py:829} INFO - Processing file /home/airflow/.local/lib/python3.8/site-packages/airflow/example_dags/tutorial.py for tasks to queue
[2025-01-24T05:45:52.078+0000] {logging_mixin.py:151} INFO - [2025-01-24T05:45:52.078+0000] {dagbag.py:539} INFO - Filling up the DagBag from /home/airflow/.local/lib/python3.8/site-packages/airflow/example_dags/tutorial.py
[2025-01-24T05:45:52.083+0000] {processor.py:839} INFO - DAG(s) dict_keys(['tutorial']) retrieved from /home/airflow/.local/lib/python3.8/site-packages/airflow/example_dags/tutorial.py
[2025-01-24T05:45:52.089+0000] {logging_mixin.py:151} INFO - [2025-01-24T05:45:52.089+0000] {dag.py:2915} INFO - Sync 1 DAGs
[2025-01-24T05:45:52.100+0000] {logging_mixin.py:151} INFO - [2025-01-24T05:45:52.100+0000] {dag.py:3696} INFO - Setting next_dagrun for tutorial to 2025-01-23T05:45:52.100244+00:00, run_after=2025-01-24T05:45:52.100244+00:00
[2025-01-24T05:45:52.109+0000] {processor.py:179} INFO - Processing /home/airflow/.local/lib/python3.8/site-packages/airflow/example_dags/tutorial.py took 0.035 seconds
[2025-01-24T05:46:22.554+0000] {processor.py:157} INFO - Started process (PID=120) to work on /home/airflow/.local/lib/python3.8/site-packages/airflow/example_dags/tutorial.py
[2025-01-24T05:46:22.555+0000] {processor.py:829} INFO - Processing file /home/airflow/.local/lib/python3.8/site-packages/airflow/example_dags/tutorial.py for tasks to queue
[2025-01-24T05:46:22.557+0000] {logging_mixin.py:151} INFO - [2025-01-24T05:46:22.557+0000] {dagbag.py:539} INFO - Filling up the DagBag from /home/airflow/.local/lib/python3.8/site-packages/airflow/example_dags/tutorial.py
[2025-01-24T05:46:22.561+0000] {processor.py:839} INFO - DAG(s) dict_keys(['tutorial']) retrieved from /home/airflow/.local/lib/python3.8/site-packages/airflow/example_dags/tutorial.py
[2025-01-24T05:46:22.571+0000] {logging_mixin.py:151} INFO - [2025-01-24T05:46:22.571+0000] {dag.py:2915} INFO - Sync 1 DAGs
[2025-01-24T05:46:22.581+0000] {logging_mixin.py:151} INFO - [2025-01-24T05:46:22.581+0000] {dag.py:3696} INFO - Setting next_dagrun for tutorial to 2025-01-23T05:46:22.581741+00:00, run_after=2025-01-24T05:46:22.581741+00:00
[2025-01-24T05:46:22.590+0000] {processor.py:179} INFO - Processing /home/airflow/.local/lib/python3.8/site-packages/airflow/example_dags/tutorial.py took 0.038 seconds
[2025-01-24T05:46:53.281+0000] {processor.py:157} INFO - Started process (PID=175) to work on /home/airflow/.local/lib/python3.8/site-packages/airflow/example_dags/tutorial.py
[2025-01-24T05:46:53.282+0000] {processor.py:829} INFO - Processing file /home/airflow/.local/lib/python3.8/site-packages/airflow/example_dags/tutorial.py for tasks to queue
[2025-01-24T05:46:53.283+0000] {logging_mixin.py:151} INFO - [2025-01-24T05:46:53.283+0000] {dagbag.py:539} INFO - Filling up the DagBag from /home/airflow/.local/lib/python3.8/site-packages/airflow/example_dags/tutorial.py
[2025-01-24T05:46:53.286+0000] {processor.py:839} INFO - DAG(s) dict_keys(['tutorial']) retrieved from /home/airflow/.local/lib/python3.8/site-packages/airflow/example_dags/tutorial.py
[2025-01-24T05:46:53.301+0000] {logging_mixin.py:151} INFO - [2025-01-24T05:46:53.300+0000] {dag.py:2915} INFO - Sync 1 DAGs
[2025-01-24T05:46:53.311+0000] {logging_mixin.py:151} INFO - [2025-01-24T05:46:53.311+0000] {dag.py:3696} INFO - Setting next_dagrun for tutorial to 2025-01-23T05:46:53.311424+00:00, run_after=2025-01-24T05:46:53.311424+00:00
[2025-01-24T05:46:53.320+0000] {processor.py:179} INFO - Processing /home/airflow/.local/lib/python3.8/site-packages/airflow/example_dags/tutorial.py took 0.041 seconds
[2025-01-24T05:47:23.955+0000] {processor.py:157} INFO - Started process (PID=229) to work on /home/airflow/.local/lib/python3.8/site-packages/airflow/example_dags/tutorial.py
[2025-01-24T05:47:23.956+0000] {processor.py:829} INFO - Processing file /home/airflow/.local/lib/python3.8/site-packages/airflow/example_dags/tutorial.py for tasks to queue
[2025-01-24T05:47:23.958+0000] {logging_mixin.py:151} INFO - [2025-01-24T05:47:23.957+0000] {dagbag.py:539} INFO - Filling up the DagBag from /home/airflow/.local/lib/python3.8/site-packages/airflow/example_dags/tutorial.py
[2025-01-24T05:47:23.961+0000] {processor.py:839} INFO - DAG(s) dict_keys(['tutorial']) retrieved from /home/airflow/.local/lib/python3.8/site-packages/airflow/example_dags/tutorial.py
[2025-01-24T05:47:23.972+0000] {logging_mixin.py:151} INFO - [2025-01-24T05:47:23.972+0000] {dag.py:2915} INFO - Sync 1 DAGs
[2025-01-24T05:47:23.984+0000] {logging_mixin.py:151} INFO - [2025-01-24T05:47:23.984+0000] {dag.py:3696} INFO - Setting next_dagrun for tutorial to 2025-01-23T05:47:23.983903+00:00, run_after=2025-01-24T05:47:23.983903+00:00
[2025-01-24T05:47:23.993+0000] {processor.py:179} INFO - Processing /home/airflow/.local/lib/python3.8/site-packages/airflow/example_dags/tutorial.py took 0.041 seconds
[2025-01-24T05:47:54.667+0000] {processor.py:157} INFO - Started process (PID=283) to work on /home/airflow/.local/lib/python3.8/site-packages/airflow/example_dags/tutorial.py
[2025-01-24T05:47:54.668+0000] {processor.py:829} INFO - Processing file /home/airflow/.local/lib/python3.8/site-packages/airflow/example_dags/tutorial.py for tasks to queue
[2025-01-24T05:47:54.669+0000] {logging_mixin.py:151} INFO - [2025-01-24T05:47:54.669+0000] {dagbag.py:539} INFO - Filling up the DagBag from /home/airflow/.local/lib/python3.8/site-packages/airflow/example_dags/tutorial.py
[2025-01-24T05:47:54.672+0000] {processor.py:839} INFO - DAG(s) dict_keys(['tutorial']) retrieved from /home/airflow/.local/lib/python3.8/site-packages/airflow/example_dags/tutorial.py
[2025-01-24T05:47:54.682+0000] {logging_mixin.py:151} INFO - [2025-01-24T05:47:54.682+0000] {dag.py:2915} INFO - Sync 1 DAGs
[2025-01-24T05:47:54.693+0000] {logging_mixin.py:151} INFO - [2025-01-24T05:47:54.693+0000] {dag.py:3696} INFO - Setting next_dagrun for tutorial to 2025-01-23T05:47:54.692916+00:00, run_after=2025-01-24T05:47:54.692916+00:00
[2025-01-24T05:47:54.703+0000] {processor.py:179} INFO - Processing /home/airflow/.local/lib/python3.8/site-packages/airflow/example_dags/tutorial.py took 0.038 seconds
